[0.577s] Invoking command in '/home/uav_team/ROS2_curso/src/pkg_treinamento': PYTHONPATH=/home/uav_team/ROS2_curso/src/build/pkg_treinamento/prefix_override:/home/uav_team/ROS2_curso/src/install/pkg_treinamento/lib/python3.10/site-packages:${PYTHONPATH} /usr/bin/python3 -W ignore:setup.py install is deprecated setup.py egg_info --egg-base ../build/pkg_treinamento build --build-base /home/uav_team/ROS2_curso/src/build/pkg_treinamento/build install --record /home/uav_team/ROS2_curso/src/build/pkg_treinamento/install.log --single-version-externally-managed install_data
[0.782s] running egg_info
[0.782s] creating ../build/pkg_treinamento/pkg_treinamento.egg-info
[0.783s] writing ../build/pkg_treinamento/pkg_treinamento.egg-info/PKG-INFO
[0.783s] writing dependency_links to ../build/pkg_treinamento/pkg_treinamento.egg-info/dependency_links.txt
[0.783s] writing entry points to ../build/pkg_treinamento/pkg_treinamento.egg-info/entry_points.txt
[0.783s] writing requirements to ../build/pkg_treinamento/pkg_treinamento.egg-info/requires.txt
[0.783s] writing top-level names to ../build/pkg_treinamento/pkg_treinamento.egg-info/top_level.txt
[0.783s] writing manifest file '../build/pkg_treinamento/pkg_treinamento.egg-info/SOURCES.txt'
[0.785s] reading manifest file '../build/pkg_treinamento/pkg_treinamento.egg-info/SOURCES.txt'
[0.786s] writing manifest file '../build/pkg_treinamento/pkg_treinamento.egg-info/SOURCES.txt'
[0.786s] running build
[0.786s] running build_py
[0.786s] creating /home/uav_team/ROS2_curso/src/build/pkg_treinamento/build
[0.786s] creating /home/uav_team/ROS2_curso/src/build/pkg_treinamento/build/lib
[0.786s] creating /home/uav_team/ROS2_curso/src/build/pkg_treinamento/build/lib/pkg_treinamento
[0.786s] copying pkg_treinamento/counter10.py -> /home/uav_team/ROS2_curso/src/build/pkg_treinamento/build/lib/pkg_treinamento
[0.787s] copying pkg_treinamento/calculatorserver.py -> /home/uav_team/ROS2_curso/src/build/pkg_treinamento/build/lib/pkg_treinamento
[0.787s] copying pkg_treinamento/velhochico.py -> /home/uav_team/ROS2_curso/src/build/pkg_treinamento/build/lib/pkg_treinamento
[0.787s] copying pkg_treinamento/oeste.py -> /home/uav_team/ROS2_curso/src/build/pkg_treinamento/build/lib/pkg_treinamento
[0.788s] copying pkg_treinamento/sub1.py -> /home/uav_team/ROS2_curso/src/build/pkg_treinamento/build/lib/pkg_treinamento
[0.788s] copying pkg_treinamento/radioreceiver.py -> /home/uav_team/ROS2_curso/src/build/pkg_treinamento/build/lib/pkg_treinamento
[0.788s] copying pkg_treinamento/pub.py -> /home/uav_team/ROS2_curso/src/build/pkg_treinamento/build/lib/pkg_treinamento
[0.788s] copying pkg_treinamento/educadora.py -> /home/uav_team/ROS2_curso/src/build/pkg_treinamento/build/lib/pkg_treinamento
[0.789s] copying pkg_treinamento/__init__.py -> /home/uav_team/ROS2_curso/src/build/pkg_treinamento/build/lib/pkg_treinamento
[0.789s] copying pkg_treinamento/radiostation.py -> /home/uav_team/ROS2_curso/src/build/pkg_treinamento/build/lib/pkg_treinamento
[0.789s] copying pkg_treinamento/calculatorclient.py -> /home/uav_team/ROS2_curso/src/build/pkg_treinamento/build/lib/pkg_treinamento
[0.789s] running install
[0.790s] running install_lib
[0.790s] creating /home/uav_team/ROS2_curso/src/install/pkg_treinamento/lib/python3.10/site-packages/pkg_treinamento
[0.791s] copying /home/uav_team/ROS2_curso/src/build/pkg_treinamento/build/lib/pkg_treinamento/counter10.py -> /home/uav_team/ROS2_curso/src/install/pkg_treinamento/lib/python3.10/site-packages/pkg_treinamento
[0.791s] copying /home/uav_team/ROS2_curso/src/build/pkg_treinamento/build/lib/pkg_treinamento/calculatorserver.py -> /home/uav_team/ROS2_curso/src/install/pkg_treinamento/lib/python3.10/site-packages/pkg_treinamento
[0.791s] copying /home/uav_team/ROS2_curso/src/build/pkg_treinamento/build/lib/pkg_treinamento/velhochico.py -> /home/uav_team/ROS2_curso/src/install/pkg_treinamento/lib/python3.10/site-packages/pkg_treinamento
[0.791s] copying /home/uav_team/ROS2_curso/src/build/pkg_treinamento/build/lib/pkg_treinamento/oeste.py -> /home/uav_team/ROS2_curso/src/install/pkg_treinamento/lib/python3.10/site-packages/pkg_treinamento
[0.791s] copying /home/uav_team/ROS2_curso/src/build/pkg_treinamento/build/lib/pkg_treinamento/sub1.py -> /home/uav_team/ROS2_curso/src/install/pkg_treinamento/lib/python3.10/site-packages/pkg_treinamento
[0.791s] copying /home/uav_team/ROS2_curso/src/build/pkg_treinamento/build/lib/pkg_treinamento/radioreceiver.py -> /home/uav_team/ROS2_curso/src/install/pkg_treinamento/lib/python3.10/site-packages/pkg_treinamento
[0.791s] copying /home/uav_team/ROS2_curso/src/build/pkg_treinamento/build/lib/pkg_treinamento/pub.py -> /home/uav_team/ROS2_curso/src/install/pkg_treinamento/lib/python3.10/site-packages/pkg_treinamento
[0.791s] copying /home/uav_team/ROS2_curso/src/build/pkg_treinamento/build/lib/pkg_treinamento/educadora.py -> /home/uav_team/ROS2_curso/src/install/pkg_treinamento/lib/python3.10/site-packages/pkg_treinamento
[0.792s] copying /home/uav_team/ROS2_curso/src/build/pkg_treinamento/build/lib/pkg_treinamento/__init__.py -> /home/uav_team/ROS2_curso/src/install/pkg_treinamento/lib/python3.10/site-packages/pkg_treinamento
[0.792s] copying /home/uav_team/ROS2_curso/src/build/pkg_treinamento/build/lib/pkg_treinamento/radiostation.py -> /home/uav_team/ROS2_curso/src/install/pkg_treinamento/lib/python3.10/site-packages/pkg_treinamento
[0.792s] copying /home/uav_team/ROS2_curso/src/build/pkg_treinamento/build/lib/pkg_treinamento/calculatorclient.py -> /home/uav_team/ROS2_curso/src/install/pkg_treinamento/lib/python3.10/site-packages/pkg_treinamento
[0.792s] byte-compiling /home/uav_team/ROS2_curso/src/install/pkg_treinamento/lib/python3.10/site-packages/pkg_treinamento/counter10.py to counter10.cpython-310.pyc
[0.793s] byte-compiling /home/uav_team/ROS2_curso/src/install/pkg_treinamento/lib/python3.10/site-packages/pkg_treinamento/calculatorserver.py to calculatorserver.cpython-310.pyc
[0.793s] byte-compiling /home/uav_team/ROS2_curso/src/install/pkg_treinamento/lib/python3.10/site-packages/pkg_treinamento/velhochico.py to velhochico.cpython-310.pyc
[0.793s] byte-compiling /home/uav_team/ROS2_curso/src/install/pkg_treinamento/lib/python3.10/site-packages/pkg_treinamento/oeste.py to oeste.cpython-310.pyc
[0.794s] byte-compiling /home/uav_team/ROS2_curso/src/install/pkg_treinamento/lib/python3.10/site-packages/pkg_treinamento/sub1.py to sub1.cpython-310.pyc
[0.794s] byte-compiling /home/uav_team/ROS2_curso/src/install/pkg_treinamento/lib/python3.10/site-packages/pkg_treinamento/radioreceiver.py to radioreceiver.cpython-310.pyc
[0.794s] byte-compiling /home/uav_team/ROS2_curso/src/install/pkg_treinamento/lib/python3.10/site-packages/pkg_treinamento/pub.py to pub.cpython-310.pyc
[0.795s] byte-compiling /home/uav_team/ROS2_curso/src/install/pkg_treinamento/lib/python3.10/site-packages/pkg_treinamento/educadora.py to educadora.cpython-310.pyc
[0.795s] byte-compiling /home/uav_team/ROS2_curso/src/install/pkg_treinamento/lib/python3.10/site-packages/pkg_treinamento/__init__.py to __init__.cpython-310.pyc
[0.795s] byte-compiling /home/uav_team/ROS2_curso/src/install/pkg_treinamento/lib/python3.10/site-packages/pkg_treinamento/radiostation.py to radiostation.cpython-310.pyc
[0.795s] byte-compiling /home/uav_team/ROS2_curso/src/install/pkg_treinamento/lib/python3.10/site-packages/pkg_treinamento/calculatorclient.py to calculatorclient.cpython-310.pyc
[0.796s] running install_data
[0.796s] creating /home/uav_team/ROS2_curso/src/install/pkg_treinamento/share/ament_index
[0.796s] creating /home/uav_team/ROS2_curso/src/install/pkg_treinamento/share/ament_index/resource_index
[0.796s] creating /home/uav_team/ROS2_curso/src/install/pkg_treinamento/share/ament_index/resource_index/packages
[0.796s] copying resource/pkg_treinamento -> /home/uav_team/ROS2_curso/src/install/pkg_treinamento/share/ament_index/resource_index/packages
[0.796s] copying package.xml -> /home/uav_team/ROS2_curso/src/install/pkg_treinamento/share/pkg_treinamento
[0.797s] running install_egg_info
[0.798s] Copying ../build/pkg_treinamento/pkg_treinamento.egg-info to /home/uav_team/ROS2_curso/src/install/pkg_treinamento/lib/python3.10/site-packages/pkg_treinamento-0.0.0-py3.10.egg-info
[0.799s] running install_scripts
[0.818s] Installing calculatorclient script to /home/uav_team/ROS2_curso/src/install/pkg_treinamento/lib/pkg_treinamento
[0.818s] Installing calculatorserver script to /home/uav_team/ROS2_curso/src/install/pkg_treinamento/lib/pkg_treinamento
[0.819s] Installing educadora script to /home/uav_team/ROS2_curso/src/install/pkg_treinamento/lib/pkg_treinamento
[0.819s] Installing oeste script to /home/uav_team/ROS2_curso/src/install/pkg_treinamento/lib/pkg_treinamento
[0.819s] Installing ouvinte1 script to /home/uav_team/ROS2_curso/src/install/pkg_treinamento/lib/pkg_treinamento
[0.819s] Installing palestrante script to /home/uav_team/ROS2_curso/src/install/pkg_treinamento/lib/pkg_treinamento
[0.819s] Installing radioreceiver script to /home/uav_team/ROS2_curso/src/install/pkg_treinamento/lib/pkg_treinamento
[0.819s] Installing radiostation script to /home/uav_team/ROS2_curso/src/install/pkg_treinamento/lib/pkg_treinamento
[0.819s] Installing velhochico script to /home/uav_team/ROS2_curso/src/install/pkg_treinamento/lib/pkg_treinamento
[0.820s] writing list of installed files to '/home/uav_team/ROS2_curso/src/build/pkg_treinamento/install.log'
[0.856s] Invoked command in '/home/uav_team/ROS2_curso/src/pkg_treinamento' returned '0': PYTHONPATH=/home/uav_team/ROS2_curso/src/build/pkg_treinamento/prefix_override:/home/uav_team/ROS2_curso/src/install/pkg_treinamento/lib/python3.10/site-packages:${PYTHONPATH} /usr/bin/python3 -W ignore:setup.py install is deprecated setup.py egg_info --egg-base ../build/pkg_treinamento build --build-base /home/uav_team/ROS2_curso/src/build/pkg_treinamento/build install --record /home/uav_team/ROS2_curso/src/build/pkg_treinamento/install.log --single-version-externally-managed install_data
