running egg_info
creating ../../build/pkg_treinamento/pkg_treinamento.egg-info
writing ../../build/pkg_treinamento/pkg_treinamento.egg-info/PKG-INFO
writing dependency_links to ../../build/pkg_treinamento/pkg_treinamento.egg-info/dependency_links.txt
writing entry points to ../../build/pkg_treinamento/pkg_treinamento.egg-info/entry_points.txt
writing requirements to ../../build/pkg_treinamento/pkg_treinamento.egg-info/requires.txt
writing top-level names to ../../build/pkg_treinamento/pkg_treinamento.egg-info/top_level.txt
writing manifest file '../../build/pkg_treinamento/pkg_treinamento.egg-info/SOURCES.txt'
reading manifest file '../../build/pkg_treinamento/pkg_treinamento.egg-info/SOURCES.txt'
writing manifest file '../../build/pkg_treinamento/pkg_treinamento.egg-info/SOURCES.txt'
running build
running build_py
creating /home/uav_team/ws_treinamento/build/pkg_treinamento/build
creating /home/uav_team/ws_treinamento/build/pkg_treinamento/build/lib
creating /home/uav_team/ws_treinamento/build/pkg_treinamento/build/lib/pkg_treinamento
copying pkg_treinamento/__init__.py -> /home/uav_team/ws_treinamento/build/pkg_treinamento/build/lib/pkg_treinamento
running install
running install_lib
creating /home/uav_team/ws_treinamento/install/pkg_treinamento/lib/python3.10/site-packages/pkg_treinamento
copying /home/uav_team/ws_treinamento/build/pkg_treinamento/build/lib/pkg_treinamento/__init__.py -> /home/uav_team/ws_treinamento/install/pkg_treinamento/lib/python3.10/site-packages/pkg_treinamento
byte-compiling /home/uav_team/ws_treinamento/install/pkg_treinamento/lib/python3.10/site-packages/pkg_treinamento/__init__.py to __init__.cpython-310.pyc
running install_data
creating /home/uav_team/ws_treinamento/install/pkg_treinamento/share/ament_index
creating /home/uav_team/ws_treinamento/install/pkg_treinamento/share/ament_index/resource_index
creating /home/uav_team/ws_treinamento/install/pkg_treinamento/share/ament_index/resource_index/packages
copying resource/pkg_treinamento -> /home/uav_team/ws_treinamento/install/pkg_treinamento/share/ament_index/resource_index/packages
copying package.xml -> /home/uav_team/ws_treinamento/install/pkg_treinamento/share/pkg_treinamento
running install_egg_info
Copying ../../build/pkg_treinamento/pkg_treinamento.egg-info to /home/uav_team/ws_treinamento/install/pkg_treinamento/lib/python3.10/site-packages/pkg_treinamento-0.0.0-py3.10.egg-info
running install_scripts
writing list of installed files to '/home/uav_team/ws_treinamento/build/pkg_treinamento/install.log'
