[0.578s] Invoking command in '/home/uav_team/ws_treinamento/src/pkg_treinamento': PYTHONPATH=/home/uav_team/ws_treinamento/build/pkg_treinamento/prefix_override:/home/uav_team/ws_treinamento/install/pkg_treinamento/lib/python3.10/site-packages:${PYTHONPATH} /usr/bin/python3 -W ignore:setup.py install is deprecated setup.py egg_info --egg-base ../../build/pkg_treinamento build --build-base /home/uav_team/ws_treinamento/build/pkg_treinamento/build install --record /home/uav_team/ws_treinamento/build/pkg_treinamento/install.log --single-version-externally-managed install_data
[0.774s] running egg_info
[0.774s] creating ../../build/pkg_treinamento/pkg_treinamento.egg-info
[0.774s] writing ../../build/pkg_treinamento/pkg_treinamento.egg-info/PKG-INFO
[0.775s] writing dependency_links to ../../build/pkg_treinamento/pkg_treinamento.egg-info/dependency_links.txt
[0.775s] writing entry points to ../../build/pkg_treinamento/pkg_treinamento.egg-info/entry_points.txt
[0.775s] writing requirements to ../../build/pkg_treinamento/pkg_treinamento.egg-info/requires.txt
[0.775s] writing top-level names to ../../build/pkg_treinamento/pkg_treinamento.egg-info/top_level.txt
[0.775s] writing manifest file '../../build/pkg_treinamento/pkg_treinamento.egg-info/SOURCES.txt'
[0.776s] reading manifest file '../../build/pkg_treinamento/pkg_treinamento.egg-info/SOURCES.txt'
[0.777s] writing manifest file '../../build/pkg_treinamento/pkg_treinamento.egg-info/SOURCES.txt'
[0.777s] running build
[0.777s] running build_py
[0.777s] creating /home/uav_team/ws_treinamento/build/pkg_treinamento/build
[0.777s] creating /home/uav_team/ws_treinamento/build/pkg_treinamento/build/lib
[0.777s] creating /home/uav_team/ws_treinamento/build/pkg_treinamento/build/lib/pkg_treinamento
[0.777s] copying pkg_treinamento/__init__.py -> /home/uav_team/ws_treinamento/build/pkg_treinamento/build/lib/pkg_treinamento
[0.777s] running install
[0.778s] running install_lib
[0.778s] creating /home/uav_team/ws_treinamento/install/pkg_treinamento/lib/python3.10/site-packages/pkg_treinamento
[0.779s] copying /home/uav_team/ws_treinamento/build/pkg_treinamento/build/lib/pkg_treinamento/__init__.py -> /home/uav_team/ws_treinamento/install/pkg_treinamento/lib/python3.10/site-packages/pkg_treinamento
[0.779s] byte-compiling /home/uav_team/ws_treinamento/install/pkg_treinamento/lib/python3.10/site-packages/pkg_treinamento/__init__.py to __init__.cpython-310.pyc
[0.779s] running install_data
[0.779s] creating /home/uav_team/ws_treinamento/install/pkg_treinamento/share/ament_index
[0.779s] creating /home/uav_team/ws_treinamento/install/pkg_treinamento/share/ament_index/resource_index
[0.779s] creating /home/uav_team/ws_treinamento/install/pkg_treinamento/share/ament_index/resource_index/packages
[0.779s] copying resource/pkg_treinamento -> /home/uav_team/ws_treinamento/install/pkg_treinamento/share/ament_index/resource_index/packages
[0.779s] copying package.xml -> /home/uav_team/ws_treinamento/install/pkg_treinamento/share/pkg_treinamento
[0.780s] running install_egg_info
[0.781s] Copying ../../build/pkg_treinamento/pkg_treinamento.egg-info to /home/uav_team/ws_treinamento/install/pkg_treinamento/lib/python3.10/site-packages/pkg_treinamento-0.0.0-py3.10.egg-info
[0.782s] running install_scripts
[0.799s] writing list of installed files to '/home/uav_team/ws_treinamento/build/pkg_treinamento/install.log'
[0.826s] Invoked command in '/home/uav_team/ws_treinamento/src/pkg_treinamento' returned '0': PYTHONPATH=/home/uav_team/ws_treinamento/build/pkg_treinamento/prefix_override:/home/uav_team/ws_treinamento/install/pkg_treinamento/lib/python3.10/site-packages:${PYTHONPATH} /usr/bin/python3 -W ignore:setup.py install is deprecated setup.py egg_info --egg-base ../../build/pkg_treinamento build --build-base /home/uav_team/ws_treinamento/build/pkg_treinamento/build install --record /home/uav_team/ws_treinamento/build/pkg_treinamento/install.log --single-version-externally-managed install_data
