[0.009s] Invoking command in '/home/uav_team/ROS2_curso/build/pkg_interfaces': CMAKE_PREFIX_PATH=${CMAKE_PREFIX_PATH}:/home/uav_team/ROS2_curso/install/pkg_treinamento:/home/uav_team/cbr_2024/ros2_drone_ws/install/drone_camera:/opt/ros/humble /usr/bin/cmake /home/uav_team/ROS2_curso/src/pkg_interfaces -DCMAKE_INSTALL_PREFIX=/home/uav_team/ROS2_curso/install/pkg_interfaces
[0.147s] -- The C compiler identification is GNU 11.4.0
[0.272s] -- The CXX compiler identification is GNU 11.4.0
[0.286s] -- Detecting C compiler ABI info
[0.371s] -- Detecting C compiler ABI info - done
[0.378s] -- Check for working C compiler: /usr/bin/cc - skipped
[0.379s] -- Detecting C compile features
[0.380s] -- Detecting C compile features - done
[0.385s] -- Detecting CXX compiler ABI info
[0.474s] -- Detecting CXX compiler ABI info - done
[0.481s] -- Check for working CXX compiler: /usr/bin/c++ - skipped
[0.481s] -- Detecting CXX compile features
[0.481s] -- Detecting CXX compile features - done
[0.489s] -- Found ament_cmake: 1.3.8 (/opt/ros/humble/share/ament_cmake/cmake)
[0.632s] -- Found Python3: /usr/bin/python3 (found version "3.10.12") found components: Interpreter 
[0.735s] -- Found rosidl_default_generators: 1.2.0 (/opt/ros/humble/share/rosidl_default_generators/cmake)
[0.741s] -- Using all available rosidl_typesupport_c: rosidl_typesupport_fastrtps_c;rosidl_typesupport_introspection_c
[0.752s] -- Found rosidl_adapter: 3.1.5 (/opt/ros/humble/share/rosidl_adapter/cmake)
[0.810s] -- Using all available rosidl_typesupport_cpp: rosidl_typesupport_fastrtps_cpp;rosidl_typesupport_introspection_cpp
[1.070s] -- Found ament_cmake_ros: 0.10.0 (/opt/ros/humble/share/ament_cmake_ros/cmake)
[1.236s] -- Using all available rosidl_typesupport_c: rosidl_typesupport_fastrtps_c;rosidl_typesupport_introspection_c
[1.452s] -- Using all available rosidl_typesupport_cpp: rosidl_typesupport_fastrtps_cpp;rosidl_typesupport_introspection_cpp
[1.474s] -- Found PythonInterp: /usr/bin/python3 (found suitable version "3.10.12", minimum required is "3.6") 
[1.477s] -- Found python_cmake_module: 0.10.0 (/opt/ros/humble/share/python_cmake_module/cmake)
[1.503s] -- Found PythonLibs: /usr/lib/x86_64-linux-gnu/libpython3.10.so (found suitable version "3.10.12", minimum required is "3.5") 
[1.503s] -- Using PYTHON_EXECUTABLE: /usr/bin/python3
[1.503s] -- Using PYTHON_INCLUDE_DIRS: /usr/include/python3.10
[1.503s] -- Using PYTHON_LIBRARIES: /usr/lib/x86_64-linux-gnu/libpython3.10.so
[1.522s] -- Found PythonExtra: .so  
[1.562s] -- Configuring done
[1.590s] -- Generating done
[1.592s] -- Build files have been written to: /home/uav_team/ROS2_curso/build/pkg_interfaces
[1.600s] Invoked command in '/home/uav_team/ROS2_curso/build/pkg_interfaces' returned '0': CMAKE_PREFIX_PATH=${CMAKE_PREFIX_PATH}:/home/uav_team/ROS2_curso/install/pkg_treinamento:/home/uav_team/cbr_2024/ros2_drone_ws/install/drone_camera:/opt/ros/humble /usr/bin/cmake /home/uav_team/ROS2_curso/src/pkg_interfaces -DCMAKE_INSTALL_PREFIX=/home/uav_team/ROS2_curso/install/pkg_interfaces
[1.602s] Invoking command in '/home/uav_team/ROS2_curso/build/pkg_interfaces': CMAKE_PREFIX_PATH=${CMAKE_PREFIX_PATH}:/home/uav_team/ROS2_curso/install/pkg_treinamento:/home/uav_team/cbr_2024/ros2_drone_ws/install/drone_camera:/opt/ros/humble /usr/bin/cmake --build /home/uav_team/ROS2_curso/build/pkg_interfaces -- -j8 -l8
[1.644s] [  3%] [34m[1mGenerating C code for ROS interfaces[0m
[1.654s] [  6%] [34m[1mGenerating C++ code for ROS interfaces[0m
[1.664s] [  6%] Built target ament_cmake_python_copy_pkg_interfaces
[1.890s] [  6%] Built target pkg_interfaces__cpp
[1.898s] running egg_info
[1.899s] creating pkg_interfaces.egg-info
[1.899s] writing pkg_interfaces.egg-info/PKG-INFO
[1.899s] writing dependency_links to pkg_interfaces.egg-info/dependency_links.txt
[1.899s] writing top-level names to pkg_interfaces.egg-info/top_level.txt
[1.900s] writing manifest file 'pkg_interfaces.egg-info/SOURCES.txt'
[1.902s] [ 16%] [32mBuilding C object CMakeFiles/pkg_interfaces__rosidl_generator_c.dir/rosidl_generator_c/pkg_interfaces/msg/detail/hardware_status__functions.c.o[0m
[1.902s] [ 16%] [34m[1mGenerating C++ introspection for ROS interfaces[0m
[1.902s] [ 16%] [34m[1mGenerating C++ type support dispatch for ROS interfaces[0m
[1.903s] [ 19%] [34m[1mGenerating C++ type support for eProsima Fast-RTPS[0m
[1.905s] reading manifest file 'pkg_interfaces.egg-info/SOURCES.txt'
[1.906s] writing manifest file 'pkg_interfaces.egg-info/SOURCES.txt'
[1.957s] [ 19%] Built target ament_cmake_python_build_pkg_interfaces_egg
[1.983s] [ 22%] [32m[1mLinking C shared library libpkg_interfaces__rosidl_generator_c.so[0m
[2.023s] [ 22%] Built target pkg_interfaces__rosidl_generator_c
[2.036s] [ 29%] [34m[1mGenerating C introspection for ROS interfaces[0m
[2.037s] [ 29%] [34m[1mGenerating C type support dispatch for ROS interfaces[0m
[2.039s] [ 32%] [34m[1mGenerating C type support for eProsima Fast-RTPS[0m
[2.140s] [ 35%] [32mBuilding CXX object CMakeFiles/pkg_interfaces__rosidl_typesupport_cpp.dir/rosidl_typesupport_cpp/pkg_interfaces/msg/hardware_status__type_support.cpp.o[0m
[2.182s] [ 38%] [32mBuilding CXX object CMakeFiles/pkg_interfaces__rosidl_typesupport_introspection_cpp.dir/rosidl_typesupport_introspection_cpp/pkg_interfaces/msg/detail/hardware_status__type_support.cpp.o[0m
[2.225s] [ 41%] [32mBuilding CXX object CMakeFiles/pkg_interfaces__rosidl_typesupport_fastrtps_cpp.dir/rosidl_typesupport_fastrtps_cpp/pkg_interfaces/msg/detail/dds_fastrtps/hardware_status__type_support.cpp.o[0m
[2.313s] [ 45%] [32mBuilding CXX object CMakeFiles/pkg_interfaces__rosidl_typesupport_c.dir/rosidl_typesupport_c/pkg_interfaces/msg/hardware_status__type_support.cpp.o[0m
[2.360s] [ 48%] [32m[1mLinking CXX shared library libpkg_interfaces__rosidl_typesupport_c.so[0m
[2.406s] [ 51%] [32mBuilding C object CMakeFiles/pkg_interfaces__rosidl_typesupport_introspection_c.dir/rosidl_typesupport_introspection_c/pkg_interfaces/msg/detail/hardware_status__type_support.c.o[0m
[2.423s] [ 51%] Built target pkg_interfaces__rosidl_typesupport_c
[2.430s] [ 54%] [32mBuilding CXX object CMakeFiles/pkg_interfaces__rosidl_typesupport_fastrtps_c.dir/rosidl_typesupport_fastrtps_c/pkg_interfaces/msg/detail/hardware_status__type_support_c.cpp.o[0m
[2.463s] [ 58%] [32m[1mLinking C shared library libpkg_interfaces__rosidl_typesupport_introspection_c.so[0m
[2.512s] [ 58%] Built target pkg_interfaces__rosidl_typesupport_introspection_c
[2.546s] [ 61%] [32m[1mLinking CXX shared library libpkg_interfaces__rosidl_typesupport_cpp.so[0m
[2.596s] [ 61%] Built target pkg_interfaces__rosidl_typesupport_cpp
[2.633s] [ 64%] [32m[1mLinking CXX shared library libpkg_interfaces__rosidl_typesupport_introspection_cpp.so[0m
[2.710s] [ 67%] [32m[1mLinking CXX shared library libpkg_interfaces__rosidl_typesupport_fastrtps_cpp.so[0m
[2.718s] [ 67%] Built target pkg_interfaces__rosidl_typesupport_introspection_cpp
[2.769s] [ 70%] [32m[1mLinking CXX shared library libpkg_interfaces__rosidl_typesupport_fastrtps_c.so[0m
[2.809s] [ 70%] Built target pkg_interfaces__rosidl_typesupport_fastrtps_cpp
[2.861s] [ 70%] Built target pkg_interfaces__rosidl_typesupport_fastrtps_c
[2.883s] [ 70%] Built target pkg_interfaces
[2.906s] [ 74%] [34m[1mGenerating Python code for ROS interfaces[0m
[3.149s] [ 74%] Built target pkg_interfaces__py
[3.171s] [ 77%] [32mBuilding C object CMakeFiles/pkg_interfaces__rosidl_generator_py.dir/rosidl_generator_py/pkg_interfaces/msg/_hardware_status_s.c.o[0m
[3.292s] [ 80%] [32m[1mLinking C shared library rosidl_generator_py/pkg_interfaces/libpkg_interfaces__rosidl_generator_py.so[0m
[3.334s] [ 80%] Built target pkg_interfaces__rosidl_generator_py
[3.356s] [ 90%] [32mBuilding C object CMakeFiles/pkg_interfaces__rosidl_typesupport_fastrtps_c__pyext.dir/rosidl_generator_py/pkg_interfaces/_pkg_interfaces_s.ep.rosidl_typesupport_fastrtps_c.c.o[0m
[3.356s] [ 90%] [32mBuilding C object CMakeFiles/pkg_interfaces__rosidl_typesupport_c__pyext.dir/rosidl_generator_py/pkg_interfaces/_pkg_interfaces_s.ep.rosidl_typesupport_c.c.o[0m
[3.356s] [ 90%] [32mBuilding C object CMakeFiles/pkg_interfaces__rosidl_typesupport_introspection_c__pyext.dir/rosidl_generator_py/pkg_interfaces/_pkg_interfaces_s.ep.rosidl_typesupport_introspection_c.c.o[0m
[3.443s] [ 93%] [32m[1mLinking C shared library rosidl_generator_py/pkg_interfaces/pkg_interfaces_s__rosidl_typesupport_c.cpython-310-x86_64-linux-gnu.so[0m
[3.445s] [ 96%] [32m[1mLinking C shared library rosidl_generator_py/pkg_interfaces/pkg_interfaces_s__rosidl_typesupport_introspection_c.cpython-310-x86_64-linux-gnu.so[0m
[3.448s] [100%] [32m[1mLinking C shared library rosidl_generator_py/pkg_interfaces/pkg_interfaces_s__rosidl_typesupport_fastrtps_c.cpython-310-x86_64-linux-gnu.so[0m
[3.479s] [100%] Built target pkg_interfaces__rosidl_typesupport_c__pyext
[3.481s] [100%] Built target pkg_interfaces__rosidl_typesupport_introspection_c__pyext
[3.486s] [100%] Built target pkg_interfaces__rosidl_typesupport_fastrtps_c__pyext
[3.499s] Invoked command in '/home/uav_team/ROS2_curso/build/pkg_interfaces' returned '0': CMAKE_PREFIX_PATH=${CMAKE_PREFIX_PATH}:/home/uav_team/ROS2_curso/install/pkg_treinamento:/home/uav_team/cbr_2024/ros2_drone_ws/install/drone_camera:/opt/ros/humble /usr/bin/cmake --build /home/uav_team/ROS2_curso/build/pkg_interfaces -- -j8 -l8
[3.583s] Invoking command in '/home/uav_team/ROS2_curso/build/pkg_interfaces': CMAKE_PREFIX_PATH=${CMAKE_PREFIX_PATH}:/home/uav_team/ROS2_curso/install/pkg_treinamento:/home/uav_team/cbr_2024/ros2_drone_ws/install/drone_camera:/opt/ros/humble /usr/bin/cmake --install /home/uav_team/ROS2_curso/build/pkg_interfaces
[3.591s] -- Install configuration: ""
[3.591s] -- Installing: /home/uav_team/ROS2_curso/install/pkg_interfaces/share/ament_index/resource_index/rosidl_interfaces/pkg_interfaces
[3.592s] -- Installing: /home/uav_team/ROS2_curso/install/pkg_interfaces/include/pkg_interfaces/pkg_interfaces
[3.592s] -- Installing: /home/uav_team/ROS2_curso/install/pkg_interfaces/include/pkg_interfaces/pkg_interfaces/msg
[3.592s] -- Installing: /home/uav_team/ROS2_curso/install/pkg_interfaces/include/pkg_interfaces/pkg_interfaces/msg/rosidl_generator_c__visibility_control.h
[3.592s] -- Installing: /home/uav_team/ROS2_curso/install/pkg_interfaces/include/pkg_interfaces/pkg_interfaces/msg/detail
[3.592s] -- Installing: /home/uav_team/ROS2_curso/install/pkg_interfaces/include/pkg_interfaces/pkg_interfaces/msg/detail/hardware_status__struct.h
[3.593s] -- Installing: /home/uav_team/ROS2_curso/install/pkg_interfaces/include/pkg_interfaces/pkg_interfaces/msg/detail/hardware_status__functions.c
[3.593s] -- Installing: /home/uav_team/ROS2_curso/install/pkg_interfaces/include/pkg_interfaces/pkg_interfaces/msg/detail/hardware_status__functions.h
[3.593s] -- Installing: /home/uav_team/ROS2_curso/install/pkg_interfaces/include/pkg_interfaces/pkg_interfaces/msg/detail/hardware_status__type_support.h
[3.593s] -- Installing: /home/uav_team/ROS2_curso/install/pkg_interfaces/include/pkg_interfaces/pkg_interfaces/msg/hardware_status.h
[3.593s] -- Installing: /home/uav_team/ROS2_curso/install/pkg_interfaces/share/pkg_interfaces/environment/library_path.sh
[3.594s] -- Installing: /home/uav_team/ROS2_curso/install/pkg_interfaces/share/pkg_interfaces/environment/library_path.dsv
[3.594s] -- Installing: /home/uav_team/ROS2_curso/install/pkg_interfaces/lib/libpkg_interfaces__rosidl_generator_c.so
[3.594s] -- Set runtime path of "/home/uav_team/ROS2_curso/install/pkg_interfaces/lib/libpkg_interfaces__rosidl_generator_c.so" to ""
[3.594s] -- Up-to-date: /home/uav_team/ROS2_curso/install/pkg_interfaces/include/pkg_interfaces/pkg_interfaces
[3.594s] -- Up-to-date: /home/uav_team/ROS2_curso/install/pkg_interfaces/include/pkg_interfaces/pkg_interfaces/msg
[3.595s] -- Installing: /home/uav_team/ROS2_curso/install/pkg_interfaces/include/pkg_interfaces/pkg_interfaces/msg/rosidl_typesupport_fastrtps_c__visibility_control.h
[3.595s] -- Up-to-date: /home/uav_team/ROS2_curso/install/pkg_interfaces/include/pkg_interfaces/pkg_interfaces/msg/detail
[3.595s] -- Installing: /home/uav_team/ROS2_curso/install/pkg_interfaces/include/pkg_interfaces/pkg_interfaces/msg/detail/hardware_status__rosidl_typesupport_fastrtps_c.h
[3.595s] -- Installing: /home/uav_team/ROS2_curso/install/pkg_interfaces/lib/libpkg_interfaces__rosidl_typesupport_fastrtps_c.so
[3.595s] -- Set runtime path of "/home/uav_team/ROS2_curso/install/pkg_interfaces/lib/libpkg_interfaces__rosidl_typesupport_fastrtps_c.so" to ""
[3.595s] -- Up-to-date: /home/uav_team/ROS2_curso/install/pkg_interfaces/include/pkg_interfaces/pkg_interfaces
[3.596s] -- Up-to-date: /home/uav_team/ROS2_curso/install/pkg_interfaces/include/pkg_interfaces/pkg_interfaces/msg
[3.596s] -- Up-to-date: /home/uav_team/ROS2_curso/install/pkg_interfaces/include/pkg_interfaces/pkg_interfaces/msg/detail
[3.596s] -- Installing: /home/uav_team/ROS2_curso/install/pkg_interfaces/include/pkg_interfaces/pkg_interfaces/msg/detail/hardware_status__type_support.c
[3.596s] -- Installing: /home/uav_team/ROS2_curso/install/pkg_interfaces/include/pkg_interfaces/pkg_interfaces/msg/detail/hardware_status__rosidl_typesupport_introspection_c.h
[3.596s] -- Installing: /home/uav_team/ROS2_curso/install/pkg_interfaces/include/pkg_interfaces/pkg_interfaces/msg/rosidl_typesupport_introspection_c__visibility_control.h
[3.596s] -- Installing: /home/uav_team/ROS2_curso/install/pkg_interfaces/lib/libpkg_interfaces__rosidl_typesupport_introspection_c.so
[3.597s] -- Set runtime path of "/home/uav_team/ROS2_curso/install/pkg_interfaces/lib/libpkg_interfaces__rosidl_typesupport_introspection_c.so" to ""
[3.597s] -- Installing: /home/uav_team/ROS2_curso/install/pkg_interfaces/lib/libpkg_interfaces__rosidl_typesupport_c.so
[3.597s] -- Set runtime path of "/home/uav_team/ROS2_curso/install/pkg_interfaces/lib/libpkg_interfaces__rosidl_typesupport_c.so" to ""
[3.597s] -- Up-to-date: /home/uav_team/ROS2_curso/install/pkg_interfaces/include/pkg_interfaces/pkg_interfaces
[3.597s] -- Up-to-date: /home/uav_team/ROS2_curso/install/pkg_interfaces/include/pkg_interfaces/pkg_interfaces/msg
[3.597s] -- Up-to-date: /home/uav_team/ROS2_curso/install/pkg_interfaces/include/pkg_interfaces/pkg_interfaces/msg/detail
[3.597s] -- Installing: /home/uav_team/ROS2_curso/install/pkg_interfaces/include/pkg_interfaces/pkg_interfaces/msg/detail/hardware_status__traits.hpp
[3.597s] -- Installing: /home/uav_team/ROS2_curso/install/pkg_interfaces/include/pkg_interfaces/pkg_interfaces/msg/detail/hardware_status__builder.hpp
[3.597s] -- Installing: /home/uav_team/ROS2_curso/install/pkg_interfaces/include/pkg_interfaces/pkg_interfaces/msg/detail/hardware_status__struct.hpp
[3.598s] -- Installing: /home/uav_team/ROS2_curso/install/pkg_interfaces/include/pkg_interfaces/pkg_interfaces/msg/hardware_status.hpp
[3.598s] -- Up-to-date: /home/uav_team/ROS2_curso/install/pkg_interfaces/include/pkg_interfaces/pkg_interfaces
[3.598s] -- Up-to-date: /home/uav_team/ROS2_curso/install/pkg_interfaces/include/pkg_interfaces/pkg_interfaces/msg
[3.598s] -- Installing: /home/uav_team/ROS2_curso/install/pkg_interfaces/include/pkg_interfaces/pkg_interfaces/msg/rosidl_typesupport_fastrtps_cpp__visibility_control.h
[3.598s] -- Up-to-date: /home/uav_team/ROS2_curso/install/pkg_interfaces/include/pkg_interfaces/pkg_interfaces/msg/detail
[3.598s] -- Installing: /home/uav_team/ROS2_curso/install/pkg_interfaces/include/pkg_interfaces/pkg_interfaces/msg/detail/hardware_status__rosidl_typesupport_fastrtps_cpp.hpp
[3.598s] -- Installing: /home/uav_team/ROS2_curso/install/pkg_interfaces/include/pkg_interfaces/pkg_interfaces/msg/detail/dds_fastrtps
[3.599s] -- Installing: /home/uav_team/ROS2_curso/install/pkg_interfaces/lib/libpkg_interfaces__rosidl_typesupport_fastrtps_cpp.so
[3.599s] -- Set runtime path of "/home/uav_team/ROS2_curso/install/pkg_interfaces/lib/libpkg_interfaces__rosidl_typesupport_fastrtps_cpp.so" to ""
[3.599s] -- Up-to-date: /home/uav_team/ROS2_curso/install/pkg_interfaces/include/pkg_interfaces/pkg_interfaces
[3.599s] -- Up-to-date: /home/uav_team/ROS2_curso/install/pkg_interfaces/include/pkg_interfaces/pkg_interfaces/msg
[3.599s] -- Up-to-date: /home/uav_team/ROS2_curso/install/pkg_interfaces/include/pkg_interfaces/pkg_interfaces/msg/detail
[3.599s] -- Installing: /home/uav_team/ROS2_curso/install/pkg_interfaces/include/pkg_interfaces/pkg_interfaces/msg/detail/hardware_status__rosidl_typesupport_introspection_cpp.hpp
[3.599s] -- Installing: /home/uav_team/ROS2_curso/install/pkg_interfaces/include/pkg_interfaces/pkg_interfaces/msg/detail/hardware_status__type_support.cpp
[3.600s] -- Installing: /home/uav_team/ROS2_curso/install/pkg_interfaces/lib/libpkg_interfaces__rosidl_typesupport_introspection_cpp.so
[3.600s] -- Set runtime path of "/home/uav_team/ROS2_curso/install/pkg_interfaces/lib/libpkg_interfaces__rosidl_typesupport_introspection_cpp.so" to ""
[3.600s] -- Installing: /home/uav_team/ROS2_curso/install/pkg_interfaces/lib/libpkg_interfaces__rosidl_typesupport_cpp.so
[3.601s] -- Set runtime path of "/home/uav_team/ROS2_curso/install/pkg_interfaces/lib/libpkg_interfaces__rosidl_typesupport_cpp.so" to ""
[3.601s] -- Installing: /home/uav_team/ROS2_curso/install/pkg_interfaces/share/pkg_interfaces/environment/pythonpath.sh
[3.601s] -- Installing: /home/uav_team/ROS2_curso/install/pkg_interfaces/share/pkg_interfaces/environment/pythonpath.dsv
[3.601s] -- Installing: /home/uav_team/ROS2_curso/install/pkg_interfaces/local/lib/python3.10/dist-packages/pkg_interfaces-0.0.0-py3.10.egg-info
[3.601s] -- Installing: /home/uav_team/ROS2_curso/install/pkg_interfaces/local/lib/python3.10/dist-packages/pkg_interfaces-0.0.0-py3.10.egg-info/SOURCES.txt
[3.602s] -- Installing: /home/uav_team/ROS2_curso/install/pkg_interfaces/local/lib/python3.10/dist-packages/pkg_interfaces-0.0.0-py3.10.egg-info/PKG-INFO
[3.602s] -- Installing: /home/uav_team/ROS2_curso/install/pkg_interfaces/local/lib/python3.10/dist-packages/pkg_interfaces-0.0.0-py3.10.egg-info/top_level.txt
[3.602s] -- Installing: /home/uav_team/ROS2_curso/install/pkg_interfaces/local/lib/python3.10/dist-packages/pkg_interfaces-0.0.0-py3.10.egg-info/dependency_links.txt
[3.602s] -- Installing: /home/uav_team/ROS2_curso/install/pkg_interfaces/local/lib/python3.10/dist-packages/pkg_interfaces
[3.602s] -- Installing: /home/uav_team/ROS2_curso/install/pkg_interfaces/local/lib/python3.10/dist-packages/pkg_interfaces/pkg_interfaces_s__rosidl_typesupport_c.cpython-310-x86_64-linux-gnu.so
[3.602s] -- Installing: /home/uav_team/ROS2_curso/install/pkg_interfaces/local/lib/python3.10/dist-packages/pkg_interfaces/pkg_interfaces_s__rosidl_typesupport_introspection_c.cpython-310-x86_64-linux-gnu.so
[3.603s] -- Installing: /home/uav_team/ROS2_curso/install/pkg_interfaces/local/lib/python3.10/dist-packages/pkg_interfaces/pkg_interfaces_s__rosidl_typesupport_fastrtps_c.cpython-310-x86_64-linux-gnu.so
[3.603s] -- Installing: /home/uav_team/ROS2_curso/install/pkg_interfaces/local/lib/python3.10/dist-packages/pkg_interfaces/_pkg_interfaces_s.ep.rosidl_typesupport_c.c
[3.603s] -- Installing: /home/uav_team/ROS2_curso/install/pkg_interfaces/local/lib/python3.10/dist-packages/pkg_interfaces/libpkg_interfaces__rosidl_generator_py.so
[3.603s] -- Installing: /home/uav_team/ROS2_curso/install/pkg_interfaces/local/lib/python3.10/dist-packages/pkg_interfaces/msg
[3.603s] -- Installing: /home/uav_team/ROS2_curso/install/pkg_interfaces/local/lib/python3.10/dist-packages/pkg_interfaces/msg/_hardware_status_s.c
[3.603s] -- Installing: /home/uav_team/ROS2_curso/install/pkg_interfaces/local/lib/python3.10/dist-packages/pkg_interfaces/msg/_hardware_status.py
[3.604s] -- Installing: /home/uav_team/ROS2_curso/install/pkg_interfaces/local/lib/python3.10/dist-packages/pkg_interfaces/msg/__init__.py
[3.604s] -- Installing: /home/uav_team/ROS2_curso/install/pkg_interfaces/local/lib/python3.10/dist-packages/pkg_interfaces/_pkg_interfaces_s.ep.rosidl_typesupport_fastrtps_c.c
[3.604s] -- Installing: /home/uav_team/ROS2_curso/install/pkg_interfaces/local/lib/python3.10/dist-packages/pkg_interfaces/__init__.py
[3.604s] -- Installing: /home/uav_team/ROS2_curso/install/pkg_interfaces/local/lib/python3.10/dist-packages/pkg_interfaces/_pkg_interfaces_s.ep.rosidl_typesupport_introspection_c.c
[3.634s] Listing '/home/uav_team/ROS2_curso/install/pkg_interfaces/local/lib/python3.10/dist-packages/pkg_interfaces'...
[3.634s] Compiling '/home/uav_team/ROS2_curso/install/pkg_interfaces/local/lib/python3.10/dist-packages/pkg_interfaces/__init__.py'...
[3.634s] Listing '/home/uav_team/ROS2_curso/install/pkg_interfaces/local/lib/python3.10/dist-packages/pkg_interfaces/msg'...
[3.634s] Compiling '/home/uav_team/ROS2_curso/install/pkg_interfaces/local/lib/python3.10/dist-packages/pkg_interfaces/msg/__init__.py'...
[3.634s] Compiling '/home/uav_team/ROS2_curso/install/pkg_interfaces/local/lib/python3.10/dist-packages/pkg_interfaces/msg/_hardware_status.py'...
[3.639s] -- Installing: /home/uav_team/ROS2_curso/install/pkg_interfaces/local/lib/python3.10/dist-packages/pkg_interfaces/pkg_interfaces_s__rosidl_typesupport_fastrtps_c.cpython-310-x86_64-linux-gnu.so
[3.639s] -- Set runtime path of "/home/uav_team/ROS2_curso/install/pkg_interfaces/local/lib/python3.10/dist-packages/pkg_interfaces/pkg_interfaces_s__rosidl_typesupport_fastrtps_c.cpython-310-x86_64-linux-gnu.so" to ""
[3.639s] -- Installing: /home/uav_team/ROS2_curso/install/pkg_interfaces/local/lib/python3.10/dist-packages/pkg_interfaces/pkg_interfaces_s__rosidl_typesupport_introspection_c.cpython-310-x86_64-linux-gnu.so
[3.640s] -- Set runtime path of "/home/uav_team/ROS2_curso/install/pkg_interfaces/local/lib/python3.10/dist-packages/pkg_interfaces/pkg_interfaces_s__rosidl_typesupport_introspection_c.cpython-310-x86_64-linux-gnu.so" to ""
[3.640s] -- Installing: /home/uav_team/ROS2_curso/install/pkg_interfaces/local/lib/python3.10/dist-packages/pkg_interfaces/pkg_interfaces_s__rosidl_typesupport_c.cpython-310-x86_64-linux-gnu.so
[3.640s] -- Set runtime path of "/home/uav_team/ROS2_curso/install/pkg_interfaces/local/lib/python3.10/dist-packages/pkg_interfaces/pkg_interfaces_s__rosidl_typesupport_c.cpython-310-x86_64-linux-gnu.so" to ""
[3.641s] -- Installing: /home/uav_team/ROS2_curso/install/pkg_interfaces/lib/libpkg_interfaces__rosidl_generator_py.so
[3.641s] -- Set runtime path of "/home/uav_team/ROS2_curso/install/pkg_interfaces/lib/libpkg_interfaces__rosidl_generator_py.so" to ""
[3.641s] -- Installing: /home/uav_team/ROS2_curso/install/pkg_interfaces/share/pkg_interfaces/msg/HardwareStatus.idl
[3.641s] -- Installing: /home/uav_team/ROS2_curso/install/pkg_interfaces/share/pkg_interfaces/msg/HardwareStatus.msg
[3.641s] -- Installing: /home/uav_team/ROS2_curso/install/pkg_interfaces/share/ament_index/resource_index/package_run_dependencies/pkg_interfaces
[3.642s] -- Installing: /home/uav_team/ROS2_curso/install/pkg_interfaces/share/ament_index/resource_index/parent_prefix_path/pkg_interfaces
[3.642s] -- Installing: /home/uav_team/ROS2_curso/install/pkg_interfaces/share/pkg_interfaces/environment/ament_prefix_path.sh
[3.642s] -- Installing: /home/uav_team/ROS2_curso/install/pkg_interfaces/share/pkg_interfaces/environment/ament_prefix_path.dsv
[3.642s] -- Installing: /home/uav_team/ROS2_curso/install/pkg_interfaces/share/pkg_interfaces/environment/path.sh
[3.642s] -- Installing: /home/uav_team/ROS2_curso/install/pkg_interfaces/share/pkg_interfaces/environment/path.dsv
[3.643s] -- Installing: /home/uav_team/ROS2_curso/install/pkg_interfaces/share/pkg_interfaces/local_setup.bash
[3.643s] -- Installing: /home/uav_team/ROS2_curso/install/pkg_interfaces/share/pkg_interfaces/local_setup.sh
[3.643s] -- Installing: /home/uav_team/ROS2_curso/install/pkg_interfaces/share/pkg_interfaces/local_setup.zsh
[3.643s] -- Installing: /home/uav_team/ROS2_curso/install/pkg_interfaces/share/pkg_interfaces/local_setup.dsv
[3.643s] -- Installing: /home/uav_team/ROS2_curso/install/pkg_interfaces/share/pkg_interfaces/package.dsv
[3.644s] -- Installing: /home/uav_team/ROS2_curso/install/pkg_interfaces/share/ament_index/resource_index/packages/pkg_interfaces
[3.644s] -- Installing: /home/uav_team/ROS2_curso/install/pkg_interfaces/share/pkg_interfaces/cmake/export_pkg_interfaces__rosidl_generator_cExport.cmake
[3.644s] -- Installing: /home/uav_team/ROS2_curso/install/pkg_interfaces/share/pkg_interfaces/cmake/export_pkg_interfaces__rosidl_generator_cExport-noconfig.cmake
[3.644s] -- Installing: /home/uav_team/ROS2_curso/install/pkg_interfaces/share/pkg_interfaces/cmake/export_pkg_interfaces__rosidl_typesupport_fastrtps_cExport.cmake
[3.644s] -- Installing: /home/uav_team/ROS2_curso/install/pkg_interfaces/share/pkg_interfaces/cmake/export_pkg_interfaces__rosidl_typesupport_fastrtps_cExport-noconfig.cmake
[3.645s] -- Installing: /home/uav_team/ROS2_curso/install/pkg_interfaces/share/pkg_interfaces/cmake/pkg_interfaces__rosidl_typesupport_introspection_cExport.cmake
[3.645s] -- Installing: /home/uav_team/ROS2_curso/install/pkg_interfaces/share/pkg_interfaces/cmake/pkg_interfaces__rosidl_typesupport_introspection_cExport-noconfig.cmake
[3.645s] -- Installing: /home/uav_team/ROS2_curso/install/pkg_interfaces/share/pkg_interfaces/cmake/pkg_interfaces__rosidl_typesupport_cExport.cmake
[3.645s] -- Installing: /home/uav_team/ROS2_curso/install/pkg_interfaces/share/pkg_interfaces/cmake/pkg_interfaces__rosidl_typesupport_cExport-noconfig.cmake
[3.645s] -- Installing: /home/uav_team/ROS2_curso/install/pkg_interfaces/share/pkg_interfaces/cmake/export_pkg_interfaces__rosidl_generator_cppExport.cmake
[3.645s] -- Installing: /home/uav_team/ROS2_curso/install/pkg_interfaces/share/pkg_interfaces/cmake/export_pkg_interfaces__rosidl_typesupport_fastrtps_cppExport.cmake
[3.646s] -- Installing: /home/uav_team/ROS2_curso/install/pkg_interfaces/share/pkg_interfaces/cmake/export_pkg_interfaces__rosidl_typesupport_fastrtps_cppExport-noconfig.cmake
[3.646s] -- Installing: /home/uav_team/ROS2_curso/install/pkg_interfaces/share/pkg_interfaces/cmake/pkg_interfaces__rosidl_typesupport_introspection_cppExport.cmake
[3.646s] -- Installing: /home/uav_team/ROS2_curso/install/pkg_interfaces/share/pkg_interfaces/cmake/pkg_interfaces__rosidl_typesupport_introspection_cppExport-noconfig.cmake
[3.646s] -- Installing: /home/uav_team/ROS2_curso/install/pkg_interfaces/share/pkg_interfaces/cmake/pkg_interfaces__rosidl_typesupport_cppExport.cmake
[3.646s] -- Installing: /home/uav_team/ROS2_curso/install/pkg_interfaces/share/pkg_interfaces/cmake/pkg_interfaces__rosidl_typesupport_cppExport-noconfig.cmake
[3.647s] -- Installing: /home/uav_team/ROS2_curso/install/pkg_interfaces/share/pkg_interfaces/cmake/export_pkg_interfaces__rosidl_generator_pyExport.cmake
[3.647s] -- Installing: /home/uav_team/ROS2_curso/install/pkg_interfaces/share/pkg_interfaces/cmake/export_pkg_interfaces__rosidl_generator_pyExport-noconfig.cmake
[3.647s] -- Installing: /home/uav_team/ROS2_curso/install/pkg_interfaces/share/pkg_interfaces/cmake/rosidl_cmake-extras.cmake
[3.647s] -- Installing: /home/uav_team/ROS2_curso/install/pkg_interfaces/share/pkg_interfaces/cmake/ament_cmake_export_include_directories-extras.cmake
[3.647s] -- Installing: /home/uav_team/ROS2_curso/install/pkg_interfaces/share/pkg_interfaces/cmake/ament_cmake_export_libraries-extras.cmake
[3.648s] -- Installing: /home/uav_team/ROS2_curso/install/pkg_interfaces/share/pkg_interfaces/cmake/ament_cmake_export_targets-extras.cmake
[3.648s] -- Installing: /home/uav_team/ROS2_curso/install/pkg_interfaces/share/pkg_interfaces/cmake/rosidl_cmake_export_typesupport_targets-extras.cmake
[3.648s] -- Installing: /home/uav_team/ROS2_curso/install/pkg_interfaces/share/pkg_interfaces/cmake/ament_cmake_export_dependencies-extras.cmake
[3.648s] -- Installing: /home/uav_team/ROS2_curso/install/pkg_interfaces/share/pkg_interfaces/cmake/rosidl_cmake_export_typesupport_libraries-extras.cmake
[3.648s] -- Installing: /home/uav_team/ROS2_curso/install/pkg_interfaces/share/pkg_interfaces/cmake/pkg_interfacesConfig.cmake
[3.648s] -- Installing: /home/uav_team/ROS2_curso/install/pkg_interfaces/share/pkg_interfaces/cmake/pkg_interfacesConfig-version.cmake
[3.649s] -- Installing: /home/uav_team/ROS2_curso/install/pkg_interfaces/share/pkg_interfaces/package.xml
[3.651s] Invoked command in '/home/uav_team/ROS2_curso/build/pkg_interfaces' returned '0': CMAKE_PREFIX_PATH=${CMAKE_PREFIX_PATH}:/home/uav_team/ROS2_curso/install/pkg_treinamento:/home/uav_team/cbr_2024/ros2_drone_ws/install/drone_camera:/opt/ros/humble /usr/bin/cmake --install /home/uav_team/ROS2_curso/build/pkg_interfaces
