[  2%] Built target pkg_interfaces__cpp
[ 12%] Built target pkg_interfaces__rosidl_generator_c
[ 12%] Built target ament_cmake_python_copy_pkg_interfaces
[ 23%] Built target pkg_interfaces__rosidl_typesupport_cpp
[ 34%] Built target pkg_interfaces__rosidl_typesupport_fastrtps_cpp
[ 44%] Built target pkg_interfaces__rosidl_typesupport_c
[ 63%] Built target pkg_interfaces__rosidl_typesupport_introspection_c
[ 65%] Built target pkg_interfaces__rosidl_typesupport_introspection_cpp
[ 76%] Built target pkg_interfaces__rosidl_typesupport_fastrtps_c
[ 76%] Built target pkg_interfaces
[ 78%] Built target pkg_interfaces__py
[ 87%] Built target pkg_interfaces__rosidl_generator_py
[ 91%] Built target pkg_interfaces__rosidl_typesupport_fastrtps_c__pyext
[ 97%] Built target pkg_interfaces__rosidl_typesupport_c__pyext
[100%] Built target pkg_interfaces__rosidl_typesupport_introspection_c__pyext
running egg_info
writing pkg_interfaces.egg-info/PKG-INFO
writing dependency_links to pkg_interfaces.egg-info/dependency_links.txt
writing top-level names to pkg_interfaces.egg-info/top_level.txt
reading manifest file 'pkg_interfaces.egg-info/SOURCES.txt'
writing manifest file 'pkg_interfaces.egg-info/SOURCES.txt'
[100%] Built target ament_cmake_python_build_pkg_interfaces_egg
-- Install configuration: ""
-- Installing: /home/isabel/Repositorios/ROS2_curso/install/pkg_interfaces/share/ament_index/resource_index/rosidl_interfaces/pkg_interfaces
-- Up-to-date: /home/isabel/Repositorios/ROS2_curso/install/pkg_interfaces/include/pkg_interfaces/pkg_interfaces
-- Up-to-date: /home/isabel/Repositorios/ROS2_curso/install/pkg_interfaces/include/pkg_interfaces/pkg_interfaces/msg
-- Installing: /home/isabel/Repositorios/ROS2_curso/install/pkg_interfaces/include/pkg_interfaces/pkg_interfaces/msg/rosidl_generator_c__visibility_control.h
-- Installing: /home/isabel/Repositorios/ROS2_curso/install/pkg_interfaces/include/pkg_interfaces/pkg_interfaces/msg/hardware_status.h
-- Up-to-date: /home/isabel/Repositorios/ROS2_curso/install/pkg_interfaces/include/pkg_interfaces/pkg_interfaces/msg/detail
-- Installing: /home/isabel/Repositorios/ROS2_curso/install/pkg_interfaces/include/pkg_interfaces/pkg_interfaces/msg/detail/hardware_status__type_support.h
-- Installing: /home/isabel/Repositorios/ROS2_curso/install/pkg_interfaces/include/pkg_interfaces/pkg_interfaces/msg/detail/hardware_status__struct.h
-- Installing: /home/isabel/Repositorios/ROS2_curso/install/pkg_interfaces/include/pkg_interfaces/pkg_interfaces/msg/detail/hardware_status__functions.c
-- Installing: /home/isabel/Repositorios/ROS2_curso/install/pkg_interfaces/include/pkg_interfaces/pkg_interfaces/msg/detail/hardware_status__functions.h
-- Up-to-date: /home/isabel/Repositorios/ROS2_curso/install/pkg_interfaces/include/pkg_interfaces/pkg_interfaces/srv
-- Installing: /home/isabel/Repositorios/ROS2_curso/install/pkg_interfaces/include/pkg_interfaces/pkg_interfaces/srv/compute_rectangle_area.h
-- Up-to-date: /home/isabel/Repositorios/ROS2_curso/install/pkg_interfaces/include/pkg_interfaces/pkg_interfaces/srv/detail
-- Installing: /home/isabel/Repositorios/ROS2_curso/install/pkg_interfaces/include/pkg_interfaces/pkg_interfaces/srv/detail/calculadora_srv__struct.h
-- Installing: /home/isabel/Repositorios/ROS2_curso/install/pkg_interfaces/include/pkg_interfaces/pkg_interfaces/srv/detail/compute_rectangle_area__functions.h
-- Installing: /home/isabel/Repositorios/ROS2_curso/install/pkg_interfaces/include/pkg_interfaces/pkg_interfaces/srv/detail/calculadora_srv__functions.h
-- Installing: /home/isabel/Repositorios/ROS2_curso/install/pkg_interfaces/include/pkg_interfaces/pkg_interfaces/srv/detail/compute_rectangle_area__functions.c
-- Installing: /home/isabel/Repositorios/ROS2_curso/install/pkg_interfaces/include/pkg_interfaces/pkg_interfaces/srv/detail/compute_rectangle_area__type_support.h
-- Installing: /home/isabel/Repositorios/ROS2_curso/install/pkg_interfaces/include/pkg_interfaces/pkg_interfaces/srv/detail/compute_rectangle_area__struct.h
-- Installing: /home/isabel/Repositorios/ROS2_curso/install/pkg_interfaces/include/pkg_interfaces/pkg_interfaces/srv/detail/calculadora_srv__type_support.h
-- Installing: /home/isabel/Repositorios/ROS2_curso/install/pkg_interfaces/include/pkg_interfaces/pkg_interfaces/srv/detail/calculadora_srv__functions.c
-- Installing: /home/isabel/Repositorios/ROS2_curso/install/pkg_interfaces/include/pkg_interfaces/pkg_interfaces/srv/calculadora_srv.h
-- Installing: /home/isabel/Repositorios/ROS2_curso/install/pkg_interfaces/share/pkg_interfaces/environment/library_path.sh
-- Installing: /home/isabel/Repositorios/ROS2_curso/install/pkg_interfaces/share/pkg_interfaces/environment/library_path.dsv
-- Installing: /home/isabel/Repositorios/ROS2_curso/install/pkg_interfaces/lib/libpkg_interfaces__rosidl_generator_c.so
-- Set runtime path of "/home/isabel/Repositorios/ROS2_curso/install/pkg_interfaces/lib/libpkg_interfaces__rosidl_generator_c.so" to ""
-- Up-to-date: /home/isabel/Repositorios/ROS2_curso/install/pkg_interfaces/include/pkg_interfaces/pkg_interfaces
-- Up-to-date: /home/isabel/Repositorios/ROS2_curso/install/pkg_interfaces/include/pkg_interfaces/pkg_interfaces/msg
-- Installing: /home/isabel/Repositorios/ROS2_curso/install/pkg_interfaces/include/pkg_interfaces/pkg_interfaces/msg/rosidl_typesupport_fastrtps_c__visibility_control.h
-- Up-to-date: /home/isabel/Repositorios/ROS2_curso/install/pkg_interfaces/include/pkg_interfaces/pkg_interfaces/msg/detail
-- Installing: /home/isabel/Repositorios/ROS2_curso/install/pkg_interfaces/include/pkg_interfaces/pkg_interfaces/msg/detail/hardware_status__rosidl_typesupport_fastrtps_c.h
-- Up-to-date: /home/isabel/Repositorios/ROS2_curso/install/pkg_interfaces/include/pkg_interfaces/pkg_interfaces/srv
-- Up-to-date: /home/isabel/Repositorios/ROS2_curso/install/pkg_interfaces/include/pkg_interfaces/pkg_interfaces/srv/detail
-- Installing: /home/isabel/Repositorios/ROS2_curso/install/pkg_interfaces/include/pkg_interfaces/pkg_interfaces/srv/detail/compute_rectangle_area__rosidl_typesupport_fastrtps_c.h
-- Installing: /home/isabel/Repositorios/ROS2_curso/install/pkg_interfaces/include/pkg_interfaces/pkg_interfaces/srv/detail/calculadora_srv__rosidl_typesupport_fastrtps_c.h
-- Installing: /home/isabel/Repositorios/ROS2_curso/install/pkg_interfaces/lib/libpkg_interfaces__rosidl_typesupport_fastrtps_c.so
-- Set runtime path of "/home/isabel/Repositorios/ROS2_curso/install/pkg_interfaces/lib/libpkg_interfaces__rosidl_typesupport_fastrtps_c.so" to ""
-- Up-to-date: /home/isabel/Repositorios/ROS2_curso/install/pkg_interfaces/include/pkg_interfaces/pkg_interfaces
-- Up-to-date: /home/isabel/Repositorios/ROS2_curso/install/pkg_interfaces/include/pkg_interfaces/pkg_interfaces/msg
-- Installing: /home/isabel/Repositorios/ROS2_curso/install/pkg_interfaces/include/pkg_interfaces/pkg_interfaces/msg/rosidl_typesupport_introspection_c__visibility_control.h
-- Up-to-date: /home/isabel/Repositorios/ROS2_curso/install/pkg_interfaces/include/pkg_interfaces/pkg_interfaces/msg/detail
-- Installing: /home/isabel/Repositorios/ROS2_curso/install/pkg_interfaces/include/pkg_interfaces/pkg_interfaces/msg/detail/hardware_status__rosidl_typesupport_introspection_c.h
-- Installing: /home/isabel/Repositorios/ROS2_curso/install/pkg_interfaces/include/pkg_interfaces/pkg_interfaces/msg/detail/hardware_status__type_support.c
-- Up-to-date: /home/isabel/Repositorios/ROS2_curso/install/pkg_interfaces/include/pkg_interfaces/pkg_interfaces/srv
-- Up-to-date: /home/isabel/Repositorios/ROS2_curso/install/pkg_interfaces/include/pkg_interfaces/pkg_interfaces/srv/detail
-- Installing: /home/isabel/Repositorios/ROS2_curso/install/pkg_interfaces/include/pkg_interfaces/pkg_interfaces/srv/detail/compute_rectangle_area__rosidl_typesupport_introspection_c.h
-- Installing: /home/isabel/Repositorios/ROS2_curso/install/pkg_interfaces/include/pkg_interfaces/pkg_interfaces/srv/detail/compute_rectangle_area__type_support.c
-- Installing: /home/isabel/Repositorios/ROS2_curso/install/pkg_interfaces/include/pkg_interfaces/pkg_interfaces/srv/detail/calculadora_srv__rosidl_typesupport_introspection_c.h
-- Installing: /home/isabel/Repositorios/ROS2_curso/install/pkg_interfaces/include/pkg_interfaces/pkg_interfaces/srv/detail/calculadora_srv__type_support.c
-- Installing: /home/isabel/Repositorios/ROS2_curso/install/pkg_interfaces/lib/libpkg_interfaces__rosidl_typesupport_introspection_c.so
-- Set runtime path of "/home/isabel/Repositorios/ROS2_curso/install/pkg_interfaces/lib/libpkg_interfaces__rosidl_typesupport_introspection_c.so" to ""
-- Installing: /home/isabel/Repositorios/ROS2_curso/install/pkg_interfaces/lib/libpkg_interfaces__rosidl_typesupport_c.so
-- Set runtime path of "/home/isabel/Repositorios/ROS2_curso/install/pkg_interfaces/lib/libpkg_interfaces__rosidl_typesupport_c.so" to ""
-- Up-to-date: /home/isabel/Repositorios/ROS2_curso/install/pkg_interfaces/include/pkg_interfaces/pkg_interfaces
-- Up-to-date: /home/isabel/Repositorios/ROS2_curso/install/pkg_interfaces/include/pkg_interfaces/pkg_interfaces/msg
-- Up-to-date: /home/isabel/Repositorios/ROS2_curso/install/pkg_interfaces/include/pkg_interfaces/pkg_interfaces/msg/detail
-- Installing: /home/isabel/Repositorios/ROS2_curso/install/pkg_interfaces/include/pkg_interfaces/pkg_interfaces/msg/detail/hardware_status__struct.hpp
-- Installing: /home/isabel/Repositorios/ROS2_curso/install/pkg_interfaces/include/pkg_interfaces/pkg_interfaces/msg/detail/hardware_status__traits.hpp
-- Installing: /home/isabel/Repositorios/ROS2_curso/install/pkg_interfaces/include/pkg_interfaces/pkg_interfaces/msg/detail/hardware_status__builder.hpp
-- Installing: /home/isabel/Repositorios/ROS2_curso/install/pkg_interfaces/include/pkg_interfaces/pkg_interfaces/msg/hardware_status.hpp
-- Up-to-date: /home/isabel/Repositorios/ROS2_curso/install/pkg_interfaces/include/pkg_interfaces/pkg_interfaces/srv
-- Installing: /home/isabel/Repositorios/ROS2_curso/install/pkg_interfaces/include/pkg_interfaces/pkg_interfaces/srv/compute_rectangle_area.hpp
-- Up-to-date: /home/isabel/Repositorios/ROS2_curso/install/pkg_interfaces/include/pkg_interfaces/pkg_interfaces/srv/detail
-- Installing: /home/isabel/Repositorios/ROS2_curso/install/pkg_interfaces/include/pkg_interfaces/pkg_interfaces/srv/detail/calculadora_srv__struct.hpp
-- Installing: /home/isabel/Repositorios/ROS2_curso/install/pkg_interfaces/include/pkg_interfaces/pkg_interfaces/srv/detail/calculadora_srv__traits.hpp
-- Installing: /home/isabel/Repositorios/ROS2_curso/install/pkg_interfaces/include/pkg_interfaces/pkg_interfaces/srv/detail/compute_rectangle_area__struct.hpp
-- Installing: /home/isabel/Repositorios/ROS2_curso/install/pkg_interfaces/include/pkg_interfaces/pkg_interfaces/srv/detail/compute_rectangle_area__builder.hpp
-- Installing: /home/isabel/Repositorios/ROS2_curso/install/pkg_interfaces/include/pkg_interfaces/pkg_interfaces/srv/detail/calculadora_srv__builder.hpp
-- Installing: /home/isabel/Repositorios/ROS2_curso/install/pkg_interfaces/include/pkg_interfaces/pkg_interfaces/srv/detail/compute_rectangle_area__traits.hpp
-- Installing: /home/isabel/Repositorios/ROS2_curso/install/pkg_interfaces/include/pkg_interfaces/pkg_interfaces/srv/calculadora_srv.hpp
-- Up-to-date: /home/isabel/Repositorios/ROS2_curso/install/pkg_interfaces/include/pkg_interfaces/pkg_interfaces
-- Up-to-date: /home/isabel/Repositorios/ROS2_curso/install/pkg_interfaces/include/pkg_interfaces/pkg_interfaces/msg
-- Installing: /home/isabel/Repositorios/ROS2_curso/install/pkg_interfaces/include/pkg_interfaces/pkg_interfaces/msg/rosidl_typesupport_fastrtps_cpp__visibility_control.h
-- Up-to-date: /home/isabel/Repositorios/ROS2_curso/install/pkg_interfaces/include/pkg_interfaces/pkg_interfaces/msg/detail
-- Up-to-date: /home/isabel/Repositorios/ROS2_curso/install/pkg_interfaces/include/pkg_interfaces/pkg_interfaces/msg/detail/dds_fastrtps
-- Installing: /home/isabel/Repositorios/ROS2_curso/install/pkg_interfaces/include/pkg_interfaces/pkg_interfaces/msg/detail/hardware_status__rosidl_typesupport_fastrtps_cpp.hpp
-- Up-to-date: /home/isabel/Repositorios/ROS2_curso/install/pkg_interfaces/include/pkg_interfaces/pkg_interfaces/srv
-- Up-to-date: /home/isabel/Repositorios/ROS2_curso/install/pkg_interfaces/include/pkg_interfaces/pkg_interfaces/srv/detail
-- Up-to-date: /home/isabel/Repositorios/ROS2_curso/install/pkg_interfaces/include/pkg_interfaces/pkg_interfaces/srv/detail/dds_fastrtps
-- Installing: /home/isabel/Repositorios/ROS2_curso/install/pkg_interfaces/include/pkg_interfaces/pkg_interfaces/srv/detail/compute_rectangle_area__rosidl_typesupport_fastrtps_cpp.hpp
-- Installing: /home/isabel/Repositorios/ROS2_curso/install/pkg_interfaces/include/pkg_interfaces/pkg_interfaces/srv/detail/calculadora_srv__rosidl_typesupport_fastrtps_cpp.hpp
-- Installing: /home/isabel/Repositorios/ROS2_curso/install/pkg_interfaces/lib/libpkg_interfaces__rosidl_typesupport_fastrtps_cpp.so
-- Set runtime path of "/home/isabel/Repositorios/ROS2_curso/install/pkg_interfaces/lib/libpkg_interfaces__rosidl_typesupport_fastrtps_cpp.so" to ""
-- Up-to-date: /home/isabel/Repositorios/ROS2_curso/install/pkg_interfaces/include/pkg_interfaces/pkg_interfaces
-- Up-to-date: /home/isabel/Repositorios/ROS2_curso/install/pkg_interfaces/include/pkg_interfaces/pkg_interfaces/msg
-- Up-to-date: /home/isabel/Repositorios/ROS2_curso/install/pkg_interfaces/include/pkg_interfaces/pkg_interfaces/msg/detail
-- Installing: /home/isabel/Repositorios/ROS2_curso/install/pkg_interfaces/include/pkg_interfaces/pkg_interfaces/msg/detail/hardware_status__type_support.cpp
-- Installing: /home/isabel/Repositorios/ROS2_curso/install/pkg_interfaces/include/pkg_interfaces/pkg_interfaces/msg/detail/hardware_status__rosidl_typesupport_introspection_cpp.hpp
-- Up-to-date: /home/isabel/Repositorios/ROS2_curso/install/pkg_interfaces/include/pkg_interfaces/pkg_interfaces/srv
-- Up-to-date: /home/isabel/Repositorios/ROS2_curso/install/pkg_interfaces/include/pkg_interfaces/pkg_interfaces/srv/detail
-- Installing: /home/isabel/Repositorios/ROS2_curso/install/pkg_interfaces/include/pkg_interfaces/pkg_interfaces/srv/detail/calculadora_srv__rosidl_typesupport_introspection_cpp.hpp
-- Installing: /home/isabel/Repositorios/ROS2_curso/install/pkg_interfaces/include/pkg_interfaces/pkg_interfaces/srv/detail/compute_rectangle_area__type_support.cpp
-- Installing: /home/isabel/Repositorios/ROS2_curso/install/pkg_interfaces/include/pkg_interfaces/pkg_interfaces/srv/detail/calculadora_srv__type_support.cpp
-- Installing: /home/isabel/Repositorios/ROS2_curso/install/pkg_interfaces/include/pkg_interfaces/pkg_interfaces/srv/detail/compute_rectangle_area__rosidl_typesupport_introspection_cpp.hpp
-- Installing: /home/isabel/Repositorios/ROS2_curso/install/pkg_interfaces/lib/libpkg_interfaces__rosidl_typesupport_introspection_cpp.so
-- Set runtime path of "/home/isabel/Repositorios/ROS2_curso/install/pkg_interfaces/lib/libpkg_interfaces__rosidl_typesupport_introspection_cpp.so" to ""
-- Installing: /home/isabel/Repositorios/ROS2_curso/install/pkg_interfaces/lib/libpkg_interfaces__rosidl_typesupport_cpp.so
-- Set runtime path of "/home/isabel/Repositorios/ROS2_curso/install/pkg_interfaces/lib/libpkg_interfaces__rosidl_typesupport_cpp.so" to ""
-- Installing: /home/isabel/Repositorios/ROS2_curso/install/pkg_interfaces/share/pkg_interfaces/environment/pythonpath.sh
-- Installing: /home/isabel/Repositorios/ROS2_curso/install/pkg_interfaces/share/pkg_interfaces/environment/pythonpath.dsv
-- Up-to-date: /home/isabel/Repositorios/ROS2_curso/install/pkg_interfaces/local/lib/python3.10/dist-packages/pkg_interfaces-0.0.0-py3.10.egg-info
-- Installing: /home/isabel/Repositorios/ROS2_curso/install/pkg_interfaces/local/lib/python3.10/dist-packages/pkg_interfaces-0.0.0-py3.10.egg-info/SOURCES.txt
-- Installing: /home/isabel/Repositorios/ROS2_curso/install/pkg_interfaces/local/lib/python3.10/dist-packages/pkg_interfaces-0.0.0-py3.10.egg-info/PKG-INFO
-- Installing: /home/isabel/Repositorios/ROS2_curso/install/pkg_interfaces/local/lib/python3.10/dist-packages/pkg_interfaces-0.0.0-py3.10.egg-info/dependency_links.txt
-- Installing: /home/isabel/Repositorios/ROS2_curso/install/pkg_interfaces/local/lib/python3.10/dist-packages/pkg_interfaces-0.0.0-py3.10.egg-info/top_level.txt
-- Up-to-date: /home/isabel/Repositorios/ROS2_curso/install/pkg_interfaces/local/lib/python3.10/dist-packages/pkg_interfaces
-- Up-to-date: /home/isabel/Repositorios/ROS2_curso/install/pkg_interfaces/local/lib/python3.10/dist-packages/pkg_interfaces/msg
-- Installing: /home/isabel/Repositorios/ROS2_curso/install/pkg_interfaces/local/lib/python3.10/dist-packages/pkg_interfaces/msg/_hardware_status.py
-- Installing: /home/isabel/Repositorios/ROS2_curso/install/pkg_interfaces/local/lib/python3.10/dist-packages/pkg_interfaces/msg/__init__.py
-- Installing: /home/isabel/Repositorios/ROS2_curso/install/pkg_interfaces/local/lib/python3.10/dist-packages/pkg_interfaces/msg/_hardware_status_s.c
-- Installing: /home/isabel/Repositorios/ROS2_curso/install/pkg_interfaces/local/lib/python3.10/dist-packages/pkg_interfaces/pkg_interfaces_s__rosidl_typesupport_introspection_c.cpython-310-x86_64-linux-gnu.so
-- Installing: /home/isabel/Repositorios/ROS2_curso/install/pkg_interfaces/local/lib/python3.10/dist-packages/pkg_interfaces/_pkg_interfaces_s.ep.rosidl_typesupport_c.c
-- Installing: /home/isabel/Repositorios/ROS2_curso/install/pkg_interfaces/local/lib/python3.10/dist-packages/pkg_interfaces/libpkg_interfaces__rosidl_generator_py.so
-- Installing: /home/isabel/Repositorios/ROS2_curso/install/pkg_interfaces/local/lib/python3.10/dist-packages/pkg_interfaces/pkg_interfaces_s__rosidl_typesupport_fastrtps_c.cpython-310-x86_64-linux-gnu.so
-- Installing: /home/isabel/Repositorios/ROS2_curso/install/pkg_interfaces/local/lib/python3.10/dist-packages/pkg_interfaces/_pkg_interfaces_s.ep.rosidl_typesupport_fastrtps_c.c
-- Installing: /home/isabel/Repositorios/ROS2_curso/install/pkg_interfaces/local/lib/python3.10/dist-packages/pkg_interfaces/__init__.py
-- Installing: /home/isabel/Repositorios/ROS2_curso/install/pkg_interfaces/local/lib/python3.10/dist-packages/pkg_interfaces/_pkg_interfaces_s.ep.rosidl_typesupport_introspection_c.c
-- Up-to-date: /home/isabel/Repositorios/ROS2_curso/install/pkg_interfaces/local/lib/python3.10/dist-packages/pkg_interfaces/srv
-- Installing: /home/isabel/Repositorios/ROS2_curso/install/pkg_interfaces/local/lib/python3.10/dist-packages/pkg_interfaces/srv/_compute_rectangle_area.py
-- Installing: /home/isabel/Repositorios/ROS2_curso/install/pkg_interfaces/local/lib/python3.10/dist-packages/pkg_interfaces/srv/_calculadora_srv_s.c
-- Installing: /home/isabel/Repositorios/ROS2_curso/install/pkg_interfaces/local/lib/python3.10/dist-packages/pkg_interfaces/srv/_calculadora_srv.py
-- Installing: /home/isabel/Repositorios/ROS2_curso/install/pkg_interfaces/local/lib/python3.10/dist-packages/pkg_interfaces/srv/__init__.py
-- Installing: /home/isabel/Repositorios/ROS2_curso/install/pkg_interfaces/local/lib/python3.10/dist-packages/pkg_interfaces/srv/_compute_rectangle_area_s.c
-- Installing: /home/isabel/Repositorios/ROS2_curso/install/pkg_interfaces/local/lib/python3.10/dist-packages/pkg_interfaces/pkg_interfaces_s__rosidl_typesupport_c.cpython-310-x86_64-linux-gnu.so
Listing '/home/isabel/Repositorios/ROS2_curso/install/pkg_interfaces/local/lib/python3.10/dist-packages/pkg_interfaces'...
Listing '/home/isabel/Repositorios/ROS2_curso/install/pkg_interfaces/local/lib/python3.10/dist-packages/pkg_interfaces/msg'...
Listing '/home/isabel/Repositorios/ROS2_curso/install/pkg_interfaces/local/lib/python3.10/dist-packages/pkg_interfaces/srv'...
-- Installing: /home/isabel/Repositorios/ROS2_curso/install/pkg_interfaces/local/lib/python3.10/dist-packages/pkg_interfaces/pkg_interfaces_s__rosidl_typesupport_fastrtps_c.cpython-310-x86_64-linux-gnu.so
-- Set runtime path of "/home/isabel/Repositorios/ROS2_curso/install/pkg_interfaces/local/lib/python3.10/dist-packages/pkg_interfaces/pkg_interfaces_s__rosidl_typesupport_fastrtps_c.cpython-310-x86_64-linux-gnu.so" to ""
-- Installing: /home/isabel/Repositorios/ROS2_curso/install/pkg_interfaces/local/lib/python3.10/dist-packages/pkg_interfaces/pkg_interfaces_s__rosidl_typesupport_introspection_c.cpython-310-x86_64-linux-gnu.so
-- Set runtime path of "/home/isabel/Repositorios/ROS2_curso/install/pkg_interfaces/local/lib/python3.10/dist-packages/pkg_interfaces/pkg_interfaces_s__rosidl_typesupport_introspection_c.cpython-310-x86_64-linux-gnu.so" to ""
-- Installing: /home/isabel/Repositorios/ROS2_curso/install/pkg_interfaces/local/lib/python3.10/dist-packages/pkg_interfaces/pkg_interfaces_s__rosidl_typesupport_c.cpython-310-x86_64-linux-gnu.so
-- Set runtime path of "/home/isabel/Repositorios/ROS2_curso/install/pkg_interfaces/local/lib/python3.10/dist-packages/pkg_interfaces/pkg_interfaces_s__rosidl_typesupport_c.cpython-310-x86_64-linux-gnu.so" to ""
-- Installing: /home/isabel/Repositorios/ROS2_curso/install/pkg_interfaces/lib/libpkg_interfaces__rosidl_generator_py.so
-- Set runtime path of "/home/isabel/Repositorios/ROS2_curso/install/pkg_interfaces/lib/libpkg_interfaces__rosidl_generator_py.so" to ""
-- Installing: /home/isabel/Repositorios/ROS2_curso/install/pkg_interfaces/share/pkg_interfaces/msg/HardwareStatus.idl
-- Installing: /home/isabel/Repositorios/ROS2_curso/install/pkg_interfaces/share/pkg_interfaces/srv/ComputeRectangleArea.idl
-- Installing: /home/isabel/Repositorios/ROS2_curso/install/pkg_interfaces/share/pkg_interfaces/srv/CalculadoraSrv.idl
-- Installing: /home/isabel/Repositorios/ROS2_curso/install/pkg_interfaces/share/pkg_interfaces/msg/HardwareStatus.msg
-- Installing: /home/isabel/Repositorios/ROS2_curso/install/pkg_interfaces/share/pkg_interfaces/srv/ComputeRectangleArea.srv
-- Installing: /home/isabel/Repositorios/ROS2_curso/install/pkg_interfaces/share/pkg_interfaces/srv/ComputeRectangleArea_Request.msg
-- Installing: /home/isabel/Repositorios/ROS2_curso/install/pkg_interfaces/share/pkg_interfaces/srv/ComputeRectangleArea_Response.msg
-- Installing: /home/isabel/Repositorios/ROS2_curso/install/pkg_interfaces/share/pkg_interfaces/srv/CalculadoraSrv.srv
-- Installing: /home/isabel/Repositorios/ROS2_curso/install/pkg_interfaces/share/pkg_interfaces/srv/CalculadoraSrv_Request.msg
-- Installing: /home/isabel/Repositorios/ROS2_curso/install/pkg_interfaces/share/pkg_interfaces/srv/CalculadoraSrv_Response.msg
-- Installing: /home/isabel/Repositorios/ROS2_curso/install/pkg_interfaces/share/ament_index/resource_index/package_run_dependencies/pkg_interfaces
-- Installing: /home/isabel/Repositorios/ROS2_curso/install/pkg_interfaces/share/ament_index/resource_index/parent_prefix_path/pkg_interfaces
-- Installing: /home/isabel/Repositorios/ROS2_curso/install/pkg_interfaces/share/pkg_interfaces/environment/ament_prefix_path.sh
-- Installing: /home/isabel/Repositorios/ROS2_curso/install/pkg_interfaces/share/pkg_interfaces/environment/ament_prefix_path.dsv
-- Installing: /home/isabel/Repositorios/ROS2_curso/install/pkg_interfaces/share/pkg_interfaces/environment/path.sh
-- Installing: /home/isabel/Repositorios/ROS2_curso/install/pkg_interfaces/share/pkg_interfaces/environment/path.dsv
-- Installing: /home/isabel/Repositorios/ROS2_curso/install/pkg_interfaces/share/pkg_interfaces/local_setup.bash
-- Installing: /home/isabel/Repositorios/ROS2_curso/install/pkg_interfaces/share/pkg_interfaces/local_setup.sh
-- Installing: /home/isabel/Repositorios/ROS2_curso/install/pkg_interfaces/share/pkg_interfaces/local_setup.zsh
-- Installing: /home/isabel/Repositorios/ROS2_curso/install/pkg_interfaces/share/pkg_interfaces/local_setup.dsv
-- Installing: /home/isabel/Repositorios/ROS2_curso/install/pkg_interfaces/share/pkg_interfaces/package.dsv
-- Installing: /home/isabel/Repositorios/ROS2_curso/install/pkg_interfaces/share/ament_index/resource_index/packages/pkg_interfaces
-- Installing: /home/isabel/Repositorios/ROS2_curso/install/pkg_interfaces/share/pkg_interfaces/cmake/export_pkg_interfaces__rosidl_generator_cExport.cmake
-- Installing: /home/isabel/Repositorios/ROS2_curso/install/pkg_interfaces/share/pkg_interfaces/cmake/export_pkg_interfaces__rosidl_generator_cExport-noconfig.cmake
-- Installing: /home/isabel/Repositorios/ROS2_curso/install/pkg_interfaces/share/pkg_interfaces/cmake/export_pkg_interfaces__rosidl_typesupport_fastrtps_cExport.cmake
-- Installing: /home/isabel/Repositorios/ROS2_curso/install/pkg_interfaces/share/pkg_interfaces/cmake/export_pkg_interfaces__rosidl_typesupport_fastrtps_cExport-noconfig.cmake
-- Installing: /home/isabel/Repositorios/ROS2_curso/install/pkg_interfaces/share/pkg_interfaces/cmake/pkg_interfaces__rosidl_typesupport_introspection_cExport.cmake
-- Installing: /home/isabel/Repositorios/ROS2_curso/install/pkg_interfaces/share/pkg_interfaces/cmake/pkg_interfaces__rosidl_typesupport_introspection_cExport-noconfig.cmake
-- Installing: /home/isabel/Repositorios/ROS2_curso/install/pkg_interfaces/share/pkg_interfaces/cmake/pkg_interfaces__rosidl_typesupport_cExport.cmake
-- Installing: /home/isabel/Repositorios/ROS2_curso/install/pkg_interfaces/share/pkg_interfaces/cmake/pkg_interfaces__rosidl_typesupport_cExport-noconfig.cmake
-- Installing: /home/isabel/Repositorios/ROS2_curso/install/pkg_interfaces/share/pkg_interfaces/cmake/export_pkg_interfaces__rosidl_generator_cppExport.cmake
-- Installing: /home/isabel/Repositorios/ROS2_curso/install/pkg_interfaces/share/pkg_interfaces/cmake/export_pkg_interfaces__rosidl_typesupport_fastrtps_cppExport.cmake
-- Installing: /home/isabel/Repositorios/ROS2_curso/install/pkg_interfaces/share/pkg_interfaces/cmake/export_pkg_interfaces__rosidl_typesupport_fastrtps_cppExport-noconfig.cmake
-- Installing: /home/isabel/Repositorios/ROS2_curso/install/pkg_interfaces/share/pkg_interfaces/cmake/pkg_interfaces__rosidl_typesupport_introspection_cppExport.cmake
-- Installing: /home/isabel/Repositorios/ROS2_curso/install/pkg_interfaces/share/pkg_interfaces/cmake/pkg_interfaces__rosidl_typesupport_introspection_cppExport-noconfig.cmake
-- Installing: /home/isabel/Repositorios/ROS2_curso/install/pkg_interfaces/share/pkg_interfaces/cmake/pkg_interfaces__rosidl_typesupport_cppExport.cmake
-- Installing: /home/isabel/Repositorios/ROS2_curso/install/pkg_interfaces/share/pkg_interfaces/cmake/pkg_interfaces__rosidl_typesupport_cppExport-noconfig.cmake
-- Installing: /home/isabel/Repositorios/ROS2_curso/install/pkg_interfaces/share/pkg_interfaces/cmake/export_pkg_interfaces__rosidl_generator_pyExport.cmake
-- Installing: /home/isabel/Repositorios/ROS2_curso/install/pkg_interfaces/share/pkg_interfaces/cmake/export_pkg_interfaces__rosidl_generator_pyExport-noconfig.cmake
-- Installing: /home/isabel/Repositorios/ROS2_curso/install/pkg_interfaces/share/pkg_interfaces/cmake/rosidl_cmake-extras.cmake
-- Installing: /home/isabel/Repositorios/ROS2_curso/install/pkg_interfaces/share/pkg_interfaces/cmake/ament_cmake_export_include_directories-extras.cmake
-- Installing: /home/isabel/Repositorios/ROS2_curso/install/pkg_interfaces/share/pkg_interfaces/cmake/ament_cmake_export_libraries-extras.cmake
-- Installing: /home/isabel/Repositorios/ROS2_curso/install/pkg_interfaces/share/pkg_interfaces/cmake/ament_cmake_export_targets-extras.cmake
-- Installing: /home/isabel/Repositorios/ROS2_curso/install/pkg_interfaces/share/pkg_interfaces/cmake/rosidl_cmake_export_typesupport_targets-extras.cmake
-- Installing: /home/isabel/Repositorios/ROS2_curso/install/pkg_interfaces/share/pkg_interfaces/cmake/ament_cmake_export_dependencies-extras.cmake
-- Installing: /home/isabel/Repositorios/ROS2_curso/install/pkg_interfaces/share/pkg_interfaces/cmake/rosidl_cmake_export_typesupport_libraries-extras.cmake
-- Installing: /home/isabel/Repositorios/ROS2_curso/install/pkg_interfaces/share/pkg_interfaces/cmake/pkg_interfacesConfig.cmake
-- Installing: /home/isabel/Repositorios/ROS2_curso/install/pkg_interfaces/share/pkg_interfaces/cmake/pkg_interfacesConfig-version.cmake
-- Installing: /home/isabel/Repositorios/ROS2_curso/install/pkg_interfaces/share/pkg_interfaces/package.xml
