[0.603s] Invoking command in '/home/uav_team/ROS2_curso/src/pkg_treinamento': PYTHONPATH=/home/uav_team/ROS2_curso/build/pkg_treinamento/prefix_override:/home/uav_team/ROS2_curso/install/pkg_treinamento/lib/python3.10/site-packages:${PYTHONPATH} /usr/bin/python3 -W ignore:setup.py install is deprecated setup.py egg_info --egg-base ../../build/pkg_treinamento build --build-base /home/uav_team/ROS2_curso/build/pkg_treinamento/build install --record /home/uav_team/ROS2_curso/build/pkg_treinamento/install.log --single-version-externally-managed install_data
[0.797s] running egg_info
[0.798s] writing ../../build/pkg_treinamento/pkg_treinamento.egg-info/PKG-INFO
[0.798s] writing dependency_links to ../../build/pkg_treinamento/pkg_treinamento.egg-info/dependency_links.txt
[0.798s] writing entry points to ../../build/pkg_treinamento/pkg_treinamento.egg-info/entry_points.txt
[0.798s] writing requirements to ../../build/pkg_treinamento/pkg_treinamento.egg-info/requires.txt
[0.798s] writing top-level names to ../../build/pkg_treinamento/pkg_treinamento.egg-info/top_level.txt
[0.800s] reading manifest file '../../build/pkg_treinamento/pkg_treinamento.egg-info/SOURCES.txt'
[0.801s] writing manifest file '../../build/pkg_treinamento/pkg_treinamento.egg-info/SOURCES.txt'
[0.801s] running build
[0.801s] running build_py
[0.801s] copying pkg_treinamento/calculatorserver.py -> /home/uav_team/ROS2_curso/build/pkg_treinamento/build/lib/pkg_treinamento
[0.801s] running install
[0.802s] running install_lib
[0.803s] copying /home/uav_team/ROS2_curso/build/pkg_treinamento/build/lib/pkg_treinamento/calculatorserver.py -> /home/uav_team/ROS2_curso/install/pkg_treinamento/lib/python3.10/site-packages/pkg_treinamento
[0.803s] byte-compiling /home/uav_team/ROS2_curso/install/pkg_treinamento/lib/python3.10/site-packages/pkg_treinamento/calculatorserver.py to calculatorserver.cpython-310.pyc
[0.803s]   File "/home/uav_team/ROS2_curso/install/pkg_treinamento/lib/python3.10/site-packages/pkg_treinamento/calculatorserver.py", line 3
[0.804s]     import rclpy.node import Node
[0.804s]                       ^^^^^^
[0.804s] SyntaxError: invalid syntax
[0.804s] 
[0.804s] running install_data
[0.804s] running install_egg_info
[0.805s] removing '/home/uav_team/ROS2_curso/install/pkg_treinamento/lib/python3.10/site-packages/pkg_treinamento-0.0.0-py3.10.egg-info' (and everything under it)
[0.806s] Copying ../../build/pkg_treinamento/pkg_treinamento.egg-info to /home/uav_team/ROS2_curso/install/pkg_treinamento/lib/python3.10/site-packages/pkg_treinamento-0.0.0-py3.10.egg-info
[0.807s] running install_scripts
[0.824s] Installing calculatorserver script to /home/uav_team/ROS2_curso/install/pkg_treinamento/lib/pkg_treinamento
[0.824s] Installing educadora script to /home/uav_team/ROS2_curso/install/pkg_treinamento/lib/pkg_treinamento
[0.824s] Installing oeste script to /home/uav_team/ROS2_curso/install/pkg_treinamento/lib/pkg_treinamento
[0.824s] Installing ouvinte1 script to /home/uav_team/ROS2_curso/install/pkg_treinamento/lib/pkg_treinamento
[0.824s] Installing palestrante script to /home/uav_team/ROS2_curso/install/pkg_treinamento/lib/pkg_treinamento
[0.824s] Installing radioreceiver script to /home/uav_team/ROS2_curso/install/pkg_treinamento/lib/pkg_treinamento
[0.824s] Installing radiostation script to /home/uav_team/ROS2_curso/install/pkg_treinamento/lib/pkg_treinamento
[0.825s] Installing velhochico script to /home/uav_team/ROS2_curso/install/pkg_treinamento/lib/pkg_treinamento
[0.825s] writing list of installed files to '/home/uav_team/ROS2_curso/build/pkg_treinamento/install.log'
[0.854s] Invoked command in '/home/uav_team/ROS2_curso/src/pkg_treinamento' returned '0': PYTHONPATH=/home/uav_team/ROS2_curso/build/pkg_treinamento/prefix_override:/home/uav_team/ROS2_curso/install/pkg_treinamento/lib/python3.10/site-packages:${PYTHONPATH} /usr/bin/python3 -W ignore:setup.py install is deprecated setup.py egg_info --egg-base ../../build/pkg_treinamento build --build-base /home/uav_team/ROS2_curso/build/pkg_treinamento/build install --record /home/uav_team/ROS2_curso/build/pkg_treinamento/install.log --single-version-externally-managed install_data
