[0.313s] Invoking command in '/home/isabel/Repositorios/ROS2_curso/src/pkg_treinamento': AMENT_PREFIX_PATH=/home/isabel/Repositorios/ROS2_curso/install/pkg_interfaces:${AMENT_PREFIX_PATH} CMAKE_PREFIX_PATH=/home/isabel/Repositorios/ROS2_curso/install/pkg_interfaces:${CMAKE_PREFIX_PATH} LD_LIBRARY_PATH=/home/isabel/Repositorios/ROS2_curso/install/pkg_interfaces/lib:${LD_LIBRARY_PATH} PYTHONPATH=/home/isabel/Repositorios/ROS2_curso/build/pkg_treinamento/prefix_override:/home/isabel/Repositorios/ROS2_curso/install/pkg_treinamento/lib/python3.10/site-packages:/home/isabel/Repositorios/ROS2_curso/install/pkg_interfaces/local/lib/python3.10/dist-packages:${PYTHONPATH} /usr/bin/python3 -W ignore:setup.py install is deprecated setup.py egg_info --egg-base ../../build/pkg_treinamento build --build-base /home/isabel/Repositorios/ROS2_curso/build/pkg_treinamento/build install --record /home/isabel/Repositorios/ROS2_curso/build/pkg_treinamento/install.log --single-version-externally-managed install_data
[0.431s] running egg_info
[0.431s] writing ../../build/pkg_treinamento/pkg_treinamento.egg-info/PKG-INFO
[0.431s] writing dependency_links to ../../build/pkg_treinamento/pkg_treinamento.egg-info/dependency_links.txt
[0.431s] writing entry points to ../../build/pkg_treinamento/pkg_treinamento.egg-info/entry_points.txt
[0.431s] writing requirements to ../../build/pkg_treinamento/pkg_treinamento.egg-info/requires.txt
[0.431s] writing top-level names to ../../build/pkg_treinamento/pkg_treinamento.egg-info/top_level.txt
[0.432s] reading manifest file '../../build/pkg_treinamento/pkg_treinamento.egg-info/SOURCES.txt'
[0.433s] writing manifest file '../../build/pkg_treinamento/pkg_treinamento.egg-info/SOURCES.txt'
[0.433s] running build
[0.433s] running build_py
[0.433s] running install
[0.433s] running install_lib
[0.434s] running install_data
[0.434s] running install_egg_info
[0.435s] removing '/home/isabel/Repositorios/ROS2_curso/install/pkg_treinamento/lib/python3.10/site-packages/pkg_treinamento-0.0.0-py3.10.egg-info' (and everything under it)
[0.435s] Copying ../../build/pkg_treinamento/pkg_treinamento.egg-info to /home/isabel/Repositorios/ROS2_curso/install/pkg_treinamento/lib/python3.10/site-packages/pkg_treinamento-0.0.0-py3.10.egg-info
[0.436s] running install_scripts
[0.447s] Installing calculadorabasica script to /home/isabel/Repositorios/ROS2_curso/install/pkg_treinamento/lib/pkg_treinamento
[0.447s] Installing calculatorclient script to /home/isabel/Repositorios/ROS2_curso/install/pkg_treinamento/lib/pkg_treinamento
[0.447s] Installing calculatorserver script to /home/isabel/Repositorios/ROS2_curso/install/pkg_treinamento/lib/pkg_treinamento
[0.447s] Installing educadora script to /home/isabel/Repositorios/ROS2_curso/install/pkg_treinamento/lib/pkg_treinamento
[0.447s] Installing geocalcserver script to /home/isabel/Repositorios/ROS2_curso/install/pkg_treinamento/lib/pkg_treinamento
[0.447s] Installing hardwarestatus script to /home/isabel/Repositorios/ROS2_curso/install/pkg_treinamento/lib/pkg_treinamento
[0.447s] Installing oeste script to /home/isabel/Repositorios/ROS2_curso/install/pkg_treinamento/lib/pkg_treinamento
[0.447s] Installing ouvinte1 script to /home/isabel/Repositorios/ROS2_curso/install/pkg_treinamento/lib/pkg_treinamento
[0.447s] Installing palestrante script to /home/isabel/Repositorios/ROS2_curso/install/pkg_treinamento/lib/pkg_treinamento
[0.447s] Installing radioreceiver script to /home/isabel/Repositorios/ROS2_curso/install/pkg_treinamento/lib/pkg_treinamento
[0.447s] Installing radiostation script to /home/isabel/Repositorios/ROS2_curso/install/pkg_treinamento/lib/pkg_treinamento
[0.447s] Installing velhochico script to /home/isabel/Repositorios/ROS2_curso/install/pkg_treinamento/lib/pkg_treinamento
[0.447s] writing list of installed files to '/home/isabel/Repositorios/ROS2_curso/build/pkg_treinamento/install.log'
[0.460s] Invoked command in '/home/isabel/Repositorios/ROS2_curso/src/pkg_treinamento' returned '0': AMENT_PREFIX_PATH=/home/isabel/Repositorios/ROS2_curso/install/pkg_interfaces:${AMENT_PREFIX_PATH} CMAKE_PREFIX_PATH=/home/isabel/Repositorios/ROS2_curso/install/pkg_interfaces:${CMAKE_PREFIX_PATH} LD_LIBRARY_PATH=/home/isabel/Repositorios/ROS2_curso/install/pkg_interfaces/lib:${LD_LIBRARY_PATH} PYTHONPATH=/home/isabel/Repositorios/ROS2_curso/build/pkg_treinamento/prefix_override:/home/isabel/Repositorios/ROS2_curso/install/pkg_treinamento/lib/python3.10/site-packages:/home/isabel/Repositorios/ROS2_curso/install/pkg_interfaces/local/lib/python3.10/dist-packages:${PYTHONPATH} /usr/bin/python3 -W ignore:setup.py install is deprecated setup.py egg_info --egg-base ../../build/pkg_treinamento build --build-base /home/isabel/Repositorios/ROS2_curso/build/pkg_treinamento/build install --record /home/isabel/Repositorios/ROS2_curso/build/pkg_treinamento/install.log --single-version-externally-managed install_data
