[0.549s] Invoking command in '/home/uav_team/ROS2_curso/src/pkg_treinamento': PYTHONPATH=/home/uav_team/ROS2_curso/build/pkg_treinamento/prefix_override:/home/uav_team/ROS2_curso/install/pkg_treinamento/lib/python3.10/site-packages:${PYTHONPATH} /usr/bin/python3 -W ignore:setup.py install is deprecated setup.py egg_info --egg-base ../../build/pkg_treinamento build --build-base /home/uav_team/ROS2_curso/build/pkg_treinamento/build install --record /home/uav_team/ROS2_curso/build/pkg_treinamento/install.log --single-version-externally-managed install_data
[0.743s] running egg_info
[0.743s] writing ../../build/pkg_treinamento/pkg_treinamento.egg-info/PKG-INFO
[0.744s] writing dependency_links to ../../build/pkg_treinamento/pkg_treinamento.egg-info/dependency_links.txt
[0.744s] writing entry points to ../../build/pkg_treinamento/pkg_treinamento.egg-info/entry_points.txt
[0.744s] writing requirements to ../../build/pkg_treinamento/pkg_treinamento.egg-info/requires.txt
[0.744s] writing top-level names to ../../build/pkg_treinamento/pkg_treinamento.egg-info/top_level.txt
[0.746s] reading manifest file '../../build/pkg_treinamento/pkg_treinamento.egg-info/SOURCES.txt'
[0.746s] writing manifest file '../../build/pkg_treinamento/pkg_treinamento.egg-info/SOURCES.txt'
[0.746s] running build
[0.746s] running build_py
[0.747s] running install
[0.747s] running install_lib
[0.748s] running install_data
[0.748s] running install_egg_info
[0.750s] removing '/home/uav_team/ROS2_curso/install/pkg_treinamento/lib/python3.10/site-packages/pkg_treinamento-0.0.0-py3.10.egg-info' (and everything under it)
[0.750s] Copying ../../build/pkg_treinamento/pkg_treinamento.egg-info to /home/uav_team/ROS2_curso/install/pkg_treinamento/lib/python3.10/site-packages/pkg_treinamento-0.0.0-py3.10.egg-info
[0.751s] running install_scripts
[0.768s] Installing listener1 script to /home/uav_team/ROS2_curso/install/pkg_treinamento/lib/pkg_treinamento
[0.768s] Installing talker script to /home/uav_team/ROS2_curso/install/pkg_treinamento/lib/pkg_treinamento
[0.768s] writing list of installed files to '/home/uav_team/ROS2_curso/build/pkg_treinamento/install.log'
[0.795s] Invoked command in '/home/uav_team/ROS2_curso/src/pkg_treinamento' returned '0': PYTHONPATH=/home/uav_team/ROS2_curso/build/pkg_treinamento/prefix_override:/home/uav_team/ROS2_curso/install/pkg_treinamento/lib/python3.10/site-packages:${PYTHONPATH} /usr/bin/python3 -W ignore:setup.py install is deprecated setup.py egg_info --egg-base ../../build/pkg_treinamento build --build-base /home/uav_team/ROS2_curso/build/pkg_treinamento/build install --record /home/uav_team/ROS2_curso/build/pkg_treinamento/install.log --single-version-externally-managed install_data
