[0.085s] DEBUG:colcon:Command line arguments: ['/usr/bin/colcon', 'build']
[0.085s] DEBUG:colcon:Parsed command line arguments: Namespace(log_base=None, log_level=None, verb_name='build', build_base='build', install_base='install', merge_install=False, symlink_install=False, test_result_base=None, continue_on_error=False, executor='parallel', parallel_workers=8, event_handlers=None, ignore_user_meta=False, metas=['./colcon.meta'], base_paths=['.'], packages_ignore=None, packages_ignore_regex=None, paths=None, packages_up_to=None, packages_up_to_regex=None, packages_above=None, packages_above_and_dependencies=None, packages_above_depth=None, packages_select_by_dep=None, packages_skip_by_dep=None, packages_skip_up_to=None, packages_select_build_failed=False, packages_skip_build_finished=False, packages_select_test_failures=False, packages_skip_test_passed=False, packages_select=None, packages_skip=None, packages_select_regex=None, packages_skip_regex=None, packages_start=None, packages_end=None, allow_overriding=[], cmake_args=None, cmake_target=None, cmake_target_skip_unavailable=False, cmake_clean_cache=False, cmake_clean_first=False, cmake_force_configure=False, ament_cmake_args=None, catkin_cmake_args=None, catkin_skip_building_tests=False, verb_parser=<colcon_defaults.argument_parser.defaults.DefaultArgumentsDecorator object at 0x7b02abb4dc60>, verb_extension=<colcon_core.verb.build.BuildVerb object at 0x7b02abb4d810>, main=<bound method BuildVerb.main of <colcon_core.verb.build.BuildVerb object at 0x7b02abb4d810>>)
[0.231s] Level 1:colcon.colcon_core.package_discovery:discover_packages(colcon_meta) check parameters
[0.231s] Level 1:colcon.colcon_core.package_discovery:discover_packages(recursive) check parameters
[0.231s] Level 1:colcon.colcon_core.package_discovery:discover_packages(ignore) check parameters
[0.231s] Level 1:colcon.colcon_core.package_discovery:discover_packages(path) check parameters
[0.231s] Level 1:colcon.colcon_core.package_discovery:discover_packages(colcon_meta) discover
[0.231s] Level 1:colcon.colcon_core.package_discovery:discover_packages(recursive) discover
[0.231s] INFO:colcon.colcon_core.package_discovery:Crawling recursively for packages in '/home/uav_team/ROS2_curso'
[0.231s] Level 1:colcon.colcon_core.package_identification:_identify(.) by extensions ['ignore', 'ignore_ament_install']
[0.231s] Level 1:colcon.colcon_core.package_identification:_identify(.) by extension 'ignore'
[0.231s] Level 1:colcon.colcon_core.package_identification:_identify(.) by extension 'ignore_ament_install'
[0.231s] Level 1:colcon.colcon_core.package_identification:_identify(.) by extensions ['colcon_pkg']
[0.231s] Level 1:colcon.colcon_core.package_identification:_identify(.) by extension 'colcon_pkg'
[0.231s] Level 1:colcon.colcon_core.package_identification:_identify(.) by extensions ['colcon_meta']
[0.231s] Level 1:colcon.colcon_core.package_identification:_identify(.) by extension 'colcon_meta'
[0.232s] Level 1:colcon.colcon_core.package_identification:_identify(.) by extensions ['ros']
[0.232s] Level 1:colcon.colcon_core.package_identification:_identify(.) by extension 'ros'
[0.241s] Level 1:colcon.colcon_core.package_identification:_identify(.) by extensions ['cmake', 'python']
[0.242s] Level 1:colcon.colcon_core.package_identification:_identify(.) by extension 'cmake'
[0.242s] Level 1:colcon.colcon_core.package_identification:_identify(.) by extension 'python'
[0.242s] Level 1:colcon.colcon_core.package_identification:_identify(.) by extensions ['python_setup_py']
[0.242s] Level 1:colcon.colcon_core.package_identification:_identify(.) by extension 'python_setup_py'
[0.242s] Level 1:colcon.colcon_core.package_identification:_identify(build) by extensions ['ignore', 'ignore_ament_install']
[0.242s] Level 1:colcon.colcon_core.package_identification:_identify(build) by extension 'ignore'
[0.242s] Level 1:colcon.colcon_core.package_identification:_identify(build) ignored
[0.242s] Level 1:colcon.colcon_core.package_identification:_identify(install) by extensions ['ignore', 'ignore_ament_install']
[0.242s] Level 1:colcon.colcon_core.package_identification:_identify(install) by extension 'ignore'
[0.242s] Level 1:colcon.colcon_core.package_identification:_identify(install) ignored
[0.242s] Level 1:colcon.colcon_core.package_identification:_identify(log) by extensions ['ignore', 'ignore_ament_install']
[0.242s] Level 1:colcon.colcon_core.package_identification:_identify(log) by extension 'ignore'
[0.242s] Level 1:colcon.colcon_core.package_identification:_identify(log) ignored
[0.243s] Level 1:colcon.colcon_core.package_identification:_identify(src) by extensions ['ignore', 'ignore_ament_install']
[0.243s] Level 1:colcon.colcon_core.package_identification:_identify(src) by extension 'ignore'
[0.243s] Level 1:colcon.colcon_core.package_identification:_identify(src) by extension 'ignore_ament_install'
[0.243s] Level 1:colcon.colcon_core.package_identification:_identify(src) by extensions ['colcon_pkg']
[0.243s] Level 1:colcon.colcon_core.package_identification:_identify(src) by extension 'colcon_pkg'
[0.243s] Level 1:colcon.colcon_core.package_identification:_identify(src) by extensions ['colcon_meta']
[0.243s] Level 1:colcon.colcon_core.package_identification:_identify(src) by extension 'colcon_meta'
[0.243s] Level 1:colcon.colcon_core.package_identification:_identify(src) by extensions ['ros']
[0.243s] Level 1:colcon.colcon_core.package_identification:_identify(src) by extension 'ros'
[0.243s] Level 1:colcon.colcon_core.package_identification:_identify(src) by extensions ['cmake', 'python']
[0.243s] Level 1:colcon.colcon_core.package_identification:_identify(src) by extension 'cmake'
[0.243s] Level 1:colcon.colcon_core.package_identification:_identify(src) by extension 'python'
[0.243s] Level 1:colcon.colcon_core.package_identification:_identify(src) by extensions ['python_setup_py']
[0.243s] Level 1:colcon.colcon_core.package_identification:_identify(src) by extension 'python_setup_py'
[0.243s] Level 1:colcon.colcon_core.package_identification:_identify(src/build) by extensions ['ignore', 'ignore_ament_install']
[0.243s] Level 1:colcon.colcon_core.package_identification:_identify(src/build) by extension 'ignore'
[0.243s] Level 1:colcon.colcon_core.package_identification:_identify(src/build) ignored
[0.243s] Level 1:colcon.colcon_core.package_identification:_identify(src/install) by extensions ['ignore', 'ignore_ament_install']
[0.243s] Level 1:colcon.colcon_core.package_identification:_identify(src/install) by extension 'ignore'
[0.243s] Level 1:colcon.colcon_core.package_identification:_identify(src/install) ignored
[0.244s] Level 1:colcon.colcon_core.package_identification:_identify(src/log) by extensions ['ignore', 'ignore_ament_install']
[0.244s] Level 1:colcon.colcon_core.package_identification:_identify(src/log) by extension 'ignore'
[0.244s] Level 1:colcon.colcon_core.package_identification:_identify(src/log) ignored
[0.244s] Level 1:colcon.colcon_core.package_identification:_identify(src/pkg_interfaces) by extensions ['ignore', 'ignore_ament_install']
[0.244s] Level 1:colcon.colcon_core.package_identification:_identify(src/pkg_interfaces) by extension 'ignore'
[0.244s] Level 1:colcon.colcon_core.package_identification:_identify(src/pkg_interfaces) by extension 'ignore_ament_install'
[0.244s] Level 1:colcon.colcon_core.package_identification:_identify(src/pkg_interfaces) by extensions ['colcon_pkg']
[0.244s] Level 1:colcon.colcon_core.package_identification:_identify(src/pkg_interfaces) by extension 'colcon_pkg'
[0.244s] Level 1:colcon.colcon_core.package_identification:_identify(src/pkg_interfaces) by extensions ['colcon_meta']
[0.244s] Level 1:colcon.colcon_core.package_identification:_identify(src/pkg_interfaces) by extension 'colcon_meta'
[0.244s] Level 1:colcon.colcon_core.package_identification:_identify(src/pkg_interfaces) by extensions ['ros']
[0.244s] Level 1:colcon.colcon_core.package_identification:_identify(src/pkg_interfaces) by extension 'ros'
[0.246s] DEBUG:colcon.colcon_core.package_identification:Package 'src/pkg_interfaces' with type 'ros.ament_cmake' and name 'pkg_interfaces'
[0.246s] Level 1:colcon.colcon_core.package_identification:_identify(src/pkg_treinamento) by extensions ['ignore', 'ignore_ament_install']
[0.246s] Level 1:colcon.colcon_core.package_identification:_identify(src/pkg_treinamento) by extension 'ignore'
[0.246s] Level 1:colcon.colcon_core.package_identification:_identify(src/pkg_treinamento) by extension 'ignore_ament_install'
[0.247s] Level 1:colcon.colcon_core.package_identification:_identify(src/pkg_treinamento) by extensions ['colcon_pkg']
[0.247s] Level 1:colcon.colcon_core.package_identification:_identify(src/pkg_treinamento) by extension 'colcon_pkg'
[0.247s] Level 1:colcon.colcon_core.package_identification:_identify(src/pkg_treinamento) by extensions ['colcon_meta']
[0.247s] Level 1:colcon.colcon_core.package_identification:_identify(src/pkg_treinamento) by extension 'colcon_meta'
[0.247s] Level 1:colcon.colcon_core.package_identification:_identify(src/pkg_treinamento) by extensions ['ros']
[0.247s] Level 1:colcon.colcon_core.package_identification:_identify(src/pkg_treinamento) by extension 'ros'
[0.247s] DEBUG:colcon.colcon_core.package_identification:Package 'src/pkg_treinamento' with type 'ros.ament_python' and name 'pkg_treinamento'
[0.247s] Level 1:colcon.colcon_core.package_discovery:discover_packages(recursive) using defaults
[0.247s] Level 1:colcon.colcon_core.package_discovery:discover_packages(ignore) discover
[0.247s] Level 1:colcon.colcon_core.package_discovery:discover_packages(ignore) using defaults
[0.247s] Level 1:colcon.colcon_core.package_discovery:discover_packages(path) discover
[0.247s] Level 1:colcon.colcon_core.package_discovery:discover_packages(path) using defaults
[0.265s] Level 1:colcon.colcon_core.package_discovery:discover_packages(prefix_path) check parameters
[0.266s] Level 1:colcon.colcon_core.package_discovery:discover_packages(prefix_path) discover
[0.267s] DEBUG:colcon.colcon_installed_package_information.package_discovery:Found 1 installed packages in /home/uav_team/ROS2_curso/install
[0.268s] DEBUG:colcon.colcon_installed_package_information.package_discovery:Found 5 installed packages in /home/uav_team/cbr_2024/ros2_drone_ws/install
[0.282s] DEBUG:colcon.colcon_installed_package_information.package_discovery:Found 295 installed packages in /opt/ros/humble
[0.283s] Level 1:colcon.colcon_core.package_discovery:discover_packages(prefix_path) using defaults
[0.316s] Level 5:colcon.colcon_core.verb:set package 'pkg_interfaces' build argument 'cmake_args' from command line to 'None'
[0.316s] Level 5:colcon.colcon_core.verb:set package 'pkg_interfaces' build argument 'cmake_target' from command line to 'None'
[0.316s] Level 5:colcon.colcon_core.verb:set package 'pkg_interfaces' build argument 'cmake_target_skip_unavailable' from command line to 'False'
[0.316s] Level 5:colcon.colcon_core.verb:set package 'pkg_interfaces' build argument 'cmake_clean_cache' from command line to 'False'
[0.316s] Level 5:colcon.colcon_core.verb:set package 'pkg_interfaces' build argument 'cmake_clean_first' from command line to 'False'
[0.316s] Level 5:colcon.colcon_core.verb:set package 'pkg_interfaces' build argument 'cmake_force_configure' from command line to 'False'
[0.316s] Level 5:colcon.colcon_core.verb:set package 'pkg_interfaces' build argument 'ament_cmake_args' from command line to 'None'
[0.316s] Level 5:colcon.colcon_core.verb:set package 'pkg_interfaces' build argument 'catkin_cmake_args' from command line to 'None'
[0.316s] Level 5:colcon.colcon_core.verb:set package 'pkg_interfaces' build argument 'catkin_skip_building_tests' from command line to 'False'
[0.316s] DEBUG:colcon.colcon_core.verb:Building package 'pkg_interfaces' with the following arguments: {'ament_cmake_args': None, 'build_base': '/home/uav_team/ROS2_curso/build/pkg_interfaces', 'catkin_cmake_args': None, 'catkin_skip_building_tests': False, 'cmake_args': None, 'cmake_clean_cache': False, 'cmake_clean_first': False, 'cmake_force_configure': False, 'cmake_target': None, 'cmake_target_skip_unavailable': False, 'install_base': '/home/uav_team/ROS2_curso/install/pkg_interfaces', 'merge_install': False, 'path': '/home/uav_team/ROS2_curso/src/pkg_interfaces', 'symlink_install': False, 'test_result_base': None}
[0.316s] Level 5:colcon.colcon_core.verb:set package 'pkg_treinamento' build argument 'cmake_args' from command line to 'None'
[0.316s] Level 5:colcon.colcon_core.verb:set package 'pkg_treinamento' build argument 'cmake_target' from command line to 'None'
[0.316s] Level 5:colcon.colcon_core.verb:set package 'pkg_treinamento' build argument 'cmake_target_skip_unavailable' from command line to 'False'
[0.316s] Level 5:colcon.colcon_core.verb:set package 'pkg_treinamento' build argument 'cmake_clean_cache' from command line to 'False'
[0.316s] Level 5:colcon.colcon_core.verb:set package 'pkg_treinamento' build argument 'cmake_clean_first' from command line to 'False'
[0.316s] Level 5:colcon.colcon_core.verb:set package 'pkg_treinamento' build argument 'cmake_force_configure' from command line to 'False'
[0.316s] Level 5:colcon.colcon_core.verb:set package 'pkg_treinamento' build argument 'ament_cmake_args' from command line to 'None'
[0.316s] Level 5:colcon.colcon_core.verb:set package 'pkg_treinamento' build argument 'catkin_cmake_args' from command line to 'None'
[0.316s] Level 5:colcon.colcon_core.verb:set package 'pkg_treinamento' build argument 'catkin_skip_building_tests' from command line to 'False'
[0.316s] DEBUG:colcon.colcon_core.verb:Building package 'pkg_treinamento' with the following arguments: {'ament_cmake_args': None, 'build_base': '/home/uav_team/ROS2_curso/build/pkg_treinamento', 'catkin_cmake_args': None, 'catkin_skip_building_tests': False, 'cmake_args': None, 'cmake_clean_cache': False, 'cmake_clean_first': False, 'cmake_force_configure': False, 'cmake_target': None, 'cmake_target_skip_unavailable': False, 'install_base': '/home/uav_team/ROS2_curso/install/pkg_treinamento', 'merge_install': False, 'path': '/home/uav_team/ROS2_curso/src/pkg_treinamento', 'symlink_install': False, 'test_result_base': None}
[0.317s] INFO:colcon.colcon_core.executor:Executing jobs using 'parallel' executor
[0.317s] DEBUG:colcon.colcon_parallel_executor.executor.parallel:run_until_complete
[0.318s] INFO:colcon.colcon_ros.task.ament_cmake.build:Building ROS package in '/home/uav_team/ROS2_curso/src/pkg_interfaces' with build type 'ament_cmake'
[0.318s] INFO:colcon.colcon_cmake.task.cmake.build:Building CMake package in '/home/uav_team/ROS2_curso/src/pkg_interfaces'
[0.320s] INFO:colcon.colcon_core.plugin_system:Skipping extension 'colcon_core.shell.bat': Not used on non-Windows systems
[0.320s] INFO:colcon.colcon_core.shell:Skip shell extension 'powershell' for command environment: Not usable outside of PowerShell
[0.320s] DEBUG:colcon.colcon_core.shell:Skip shell extension 'dsv' for command environment
[0.327s] DEBUG:colcon.colcon_core.event_handler.log_command:Invoking command in '/home/uav_team/ROS2_curso/build/pkg_interfaces': CMAKE_PREFIX_PATH=${CMAKE_PREFIX_PATH}:/home/uav_team/ROS2_curso/install/pkg_treinamento:/home/uav_team/cbr_2024/ros2_drone_ws/install/drone_camera:/opt/ros/humble /usr/bin/cmake /home/uav_team/ROS2_curso/src/pkg_interfaces -DCMAKE_INSTALL_PREFIX=/home/uav_team/ROS2_curso/install/pkg_interfaces
[1.919s] DEBUG:colcon.colcon_core.event_handler.log_command:Invoked command in '/home/uav_team/ROS2_curso/build/pkg_interfaces' returned '0': CMAKE_PREFIX_PATH=${CMAKE_PREFIX_PATH}:/home/uav_team/ROS2_curso/install/pkg_treinamento:/home/uav_team/cbr_2024/ros2_drone_ws/install/drone_camera:/opt/ros/humble /usr/bin/cmake /home/uav_team/ROS2_curso/src/pkg_interfaces -DCMAKE_INSTALL_PREFIX=/home/uav_team/ROS2_curso/install/pkg_interfaces
[1.921s] DEBUG:colcon.colcon_core.event_handler.log_command:Invoking command in '/home/uav_team/ROS2_curso/build/pkg_interfaces': CMAKE_PREFIX_PATH=${CMAKE_PREFIX_PATH}:/home/uav_team/ROS2_curso/install/pkg_treinamento:/home/uav_team/cbr_2024/ros2_drone_ws/install/drone_camera:/opt/ros/humble /usr/bin/cmake --build /home/uav_team/ROS2_curso/build/pkg_interfaces -- -j8 -l8
[3.817s] DEBUG:colcon.colcon_core.event_handler.log_command:Invoked command in '/home/uav_team/ROS2_curso/build/pkg_interfaces' returned '0': CMAKE_PREFIX_PATH=${CMAKE_PREFIX_PATH}:/home/uav_team/ROS2_curso/install/pkg_treinamento:/home/uav_team/cbr_2024/ros2_drone_ws/install/drone_camera:/opt/ros/humble /usr/bin/cmake --build /home/uav_team/ROS2_curso/build/pkg_interfaces -- -j8 -l8
[3.901s] DEBUG:colcon.colcon_core.event_handler.log_command:Invoking command in '/home/uav_team/ROS2_curso/build/pkg_interfaces': CMAKE_PREFIX_PATH=${CMAKE_PREFIX_PATH}:/home/uav_team/ROS2_curso/install/pkg_treinamento:/home/uav_team/cbr_2024/ros2_drone_ws/install/drone_camera:/opt/ros/humble /usr/bin/cmake --install /home/uav_team/ROS2_curso/build/pkg_interfaces
[3.969s] Level 1:colcon.colcon_core.environment:create_environment_scripts_only(pkg_interfaces)
[3.970s] DEBUG:colcon.colcon_core.event_handler.log_command:Invoked command in '/home/uav_team/ROS2_curso/build/pkg_interfaces' returned '0': CMAKE_PREFIX_PATH=${CMAKE_PREFIX_PATH}:/home/uav_team/ROS2_curso/install/pkg_treinamento:/home/uav_team/cbr_2024/ros2_drone_ws/install/drone_camera:/opt/ros/humble /usr/bin/cmake --install /home/uav_team/ROS2_curso/build/pkg_interfaces
[3.973s] Level 1:colcon.colcon_core.environment:checking '/home/uav_team/ROS2_curso/install/pkg_interfaces' for CMake module files
[3.974s] Level 1:colcon.colcon_core.environment:checking '/home/uav_team/ROS2_curso/install/pkg_interfaces' for CMake config files
[3.974s] Level 1:colcon.colcon_core.shell:create_environment_hook('pkg_interfaces', 'cmake_prefix_path')
[3.974s] INFO:colcon.colcon_core.shell:Creating environment hook '/home/uav_team/ROS2_curso/install/pkg_interfaces/share/pkg_interfaces/hook/cmake_prefix_path.ps1'
[3.975s] INFO:colcon.colcon_core.shell:Creating environment descriptor '/home/uav_team/ROS2_curso/install/pkg_interfaces/share/pkg_interfaces/hook/cmake_prefix_path.dsv'
[3.975s] INFO:colcon.colcon_core.shell:Creating environment hook '/home/uav_team/ROS2_curso/install/pkg_interfaces/share/pkg_interfaces/hook/cmake_prefix_path.sh'
[3.976s] Level 1:colcon.colcon_core.environment:checking '/home/uav_team/ROS2_curso/install/pkg_interfaces/lib'
[3.976s] Level 1:colcon.colcon_core.shell:create_environment_hook('pkg_interfaces', 'ld_library_path_lib')
[3.976s] INFO:colcon.colcon_core.shell:Creating environment hook '/home/uav_team/ROS2_curso/install/pkg_interfaces/share/pkg_interfaces/hook/ld_library_path_lib.ps1'
[3.976s] INFO:colcon.colcon_core.shell:Creating environment descriptor '/home/uav_team/ROS2_curso/install/pkg_interfaces/share/pkg_interfaces/hook/ld_library_path_lib.dsv'
[3.976s] INFO:colcon.colcon_core.shell:Creating environment hook '/home/uav_team/ROS2_curso/install/pkg_interfaces/share/pkg_interfaces/hook/ld_library_path_lib.sh'
[3.977s] Level 1:colcon.colcon_core.environment:checking '/home/uav_team/ROS2_curso/install/pkg_interfaces/bin'
[3.977s] Level 1:colcon.colcon_core.environment:checking '/home/uav_team/ROS2_curso/install/pkg_interfaces/lib/pkgconfig/pkg_interfaces.pc'
[3.977s] Level 1:colcon.colcon_core.environment:checking '/home/uav_team/ROS2_curso/install/pkg_interfaces/lib/python3.10/site-packages'
[3.977s] Level 1:colcon.colcon_core.environment:checking '/home/uav_team/ROS2_curso/install/pkg_interfaces/bin'
[3.977s] INFO:colcon.colcon_core.shell:Creating package script '/home/uav_team/ROS2_curso/install/pkg_interfaces/share/pkg_interfaces/package.ps1'
[3.978s] INFO:colcon.colcon_core.shell:Creating package descriptor '/home/uav_team/ROS2_curso/install/pkg_interfaces/share/pkg_interfaces/package.dsv'
[3.979s] INFO:colcon.colcon_core.shell:Creating package script '/home/uav_team/ROS2_curso/install/pkg_interfaces/share/pkg_interfaces/package.sh'
[3.979s] INFO:colcon.colcon_core.shell:Creating package script '/home/uav_team/ROS2_curso/install/pkg_interfaces/share/pkg_interfaces/package.bash'
[3.980s] INFO:colcon.colcon_core.shell:Creating package script '/home/uav_team/ROS2_curso/install/pkg_interfaces/share/pkg_interfaces/package.zsh'
[3.981s] Level 1:colcon.colcon_core.environment:create_file_with_runtime_dependencies(/home/uav_team/ROS2_curso/install/pkg_interfaces/share/colcon-core/packages/pkg_interfaces)
[4.053s] Level 1:colcon.colcon_core.environment:create_environment_scripts_only(pkg_interfaces)
[4.053s] Level 1:colcon.colcon_core.environment:checking '/home/uav_team/ROS2_curso/install/pkg_interfaces' for CMake module files
[4.054s] Level 1:colcon.colcon_core.environment:checking '/home/uav_team/ROS2_curso/install/pkg_interfaces' for CMake config files
[4.054s] Level 1:colcon.colcon_core.shell:create_environment_hook('pkg_interfaces', 'cmake_prefix_path')
[4.054s] INFO:colcon.colcon_core.shell:Creating environment hook '/home/uav_team/ROS2_curso/install/pkg_interfaces/share/pkg_interfaces/hook/cmake_prefix_path.ps1'
[4.055s] INFO:colcon.colcon_core.shell:Creating environment descriptor '/home/uav_team/ROS2_curso/install/pkg_interfaces/share/pkg_interfaces/hook/cmake_prefix_path.dsv'
[4.055s] INFO:colcon.colcon_core.shell:Creating environment hook '/home/uav_team/ROS2_curso/install/pkg_interfaces/share/pkg_interfaces/hook/cmake_prefix_path.sh'
[4.055s] Level 1:colcon.colcon_core.environment:checking '/home/uav_team/ROS2_curso/install/pkg_interfaces/lib'
[4.055s] Level 1:colcon.colcon_core.shell:create_environment_hook('pkg_interfaces', 'ld_library_path_lib')
[4.056s] INFO:colcon.colcon_core.shell:Creating environment hook '/home/uav_team/ROS2_curso/install/pkg_interfaces/share/pkg_interfaces/hook/ld_library_path_lib.ps1'
[4.056s] INFO:colcon.colcon_core.shell:Creating environment descriptor '/home/uav_team/ROS2_curso/install/pkg_interfaces/share/pkg_interfaces/hook/ld_library_path_lib.dsv'
[4.056s] INFO:colcon.colcon_core.shell:Creating environment hook '/home/uav_team/ROS2_curso/install/pkg_interfaces/share/pkg_interfaces/hook/ld_library_path_lib.sh'
[4.056s] Level 1:colcon.colcon_core.environment:checking '/home/uav_team/ROS2_curso/install/pkg_interfaces/bin'
[4.056s] Level 1:colcon.colcon_core.environment:checking '/home/uav_team/ROS2_curso/install/pkg_interfaces/lib/pkgconfig/pkg_interfaces.pc'
[4.057s] Level 1:colcon.colcon_core.environment:checking '/home/uav_team/ROS2_curso/install/pkg_interfaces/lib/python3.10/site-packages'
[4.057s] Level 1:colcon.colcon_core.environment:checking '/home/uav_team/ROS2_curso/install/pkg_interfaces/bin'
[4.057s] INFO:colcon.colcon_core.shell:Creating package script '/home/uav_team/ROS2_curso/install/pkg_interfaces/share/pkg_interfaces/package.ps1'
[4.057s] INFO:colcon.colcon_core.shell:Creating package descriptor '/home/uav_team/ROS2_curso/install/pkg_interfaces/share/pkg_interfaces/package.dsv'
[4.058s] INFO:colcon.colcon_core.shell:Creating package script '/home/uav_team/ROS2_curso/install/pkg_interfaces/share/pkg_interfaces/package.sh'
[4.058s] INFO:colcon.colcon_core.shell:Creating package script '/home/uav_team/ROS2_curso/install/pkg_interfaces/share/pkg_interfaces/package.bash'
[4.058s] INFO:colcon.colcon_core.shell:Creating package script '/home/uav_team/ROS2_curso/install/pkg_interfaces/share/pkg_interfaces/package.zsh'
[4.059s] Level 1:colcon.colcon_core.environment:create_file_with_runtime_dependencies(/home/uav_team/ROS2_curso/install/pkg_interfaces/share/colcon-core/packages/pkg_interfaces)
[4.059s] INFO:colcon.colcon_ros.task.ament_python.build:Building ROS package in '/home/uav_team/ROS2_curso/src/pkg_treinamento' with build type 'ament_python'
[4.059s] Level 1:colcon.colcon_core.shell:create_environment_hook('pkg_treinamento', 'ament_prefix_path')
[4.059s] INFO:colcon.colcon_core.shell:Creating environment hook '/home/uav_team/ROS2_curso/install/pkg_treinamento/share/pkg_treinamento/hook/ament_prefix_path.ps1'
[4.060s] INFO:colcon.colcon_core.shell:Creating environment descriptor '/home/uav_team/ROS2_curso/install/pkg_treinamento/share/pkg_treinamento/hook/ament_prefix_path.dsv'
[4.060s] INFO:colcon.colcon_core.shell:Creating environment hook '/home/uav_team/ROS2_curso/install/pkg_treinamento/share/pkg_treinamento/hook/ament_prefix_path.sh'
[4.061s] INFO:colcon.colcon_core.shell:Skip shell extension 'powershell' for command environment: Not usable outside of PowerShell
[4.061s] DEBUG:colcon.colcon_core.shell:Skip shell extension 'dsv' for command environment
[4.292s] INFO:colcon.colcon_core.task.python.build:Building Python package in '/home/uav_team/ROS2_curso/src/pkg_treinamento'
[4.292s] INFO:colcon.colcon_core.shell:Skip shell extension 'powershell' for command environment: Not usable outside of PowerShell
[4.292s] DEBUG:colcon.colcon_core.shell:Skip shell extension 'dsv' for command environment
[4.631s] DEBUG:colcon.colcon_core.event_handler.log_command:Invoking command in '/home/uav_team/ROS2_curso/src/pkg_treinamento': AMENT_PREFIX_PATH=/home/uav_team/ROS2_curso/install/pkg_interfaces:${AMENT_PREFIX_PATH} CMAKE_PREFIX_PATH=/home/uav_team/ROS2_curso/install/pkg_interfaces:${CMAKE_PREFIX_PATH} LD_LIBRARY_PATH=/home/uav_team/ROS2_curso/install/pkg_interfaces/lib:${LD_LIBRARY_PATH} PYTHONPATH=/home/uav_team/ROS2_curso/build/pkg_treinamento/prefix_override:/home/uav_team/ROS2_curso/install/pkg_treinamento/lib/python3.10/site-packages:/home/uav_team/ROS2_curso/install/pkg_interfaces/local/lib/python3.10/dist-packages:${PYTHONPATH} /usr/bin/python3 -W ignore:setup.py install is deprecated setup.py egg_info --egg-base ../../build/pkg_treinamento build --build-base /home/uav_team/ROS2_curso/build/pkg_treinamento/build install --record /home/uav_team/ROS2_curso/build/pkg_treinamento/install.log --single-version-externally-managed install_data
[4.900s] Level 1:colcon.colcon_core.environment:checking '/home/uav_team/ROS2_curso/install/pkg_treinamento' for CMake module files
[4.900s] DEBUG:colcon.colcon_core.event_handler.log_command:Invoked command in '/home/uav_team/ROS2_curso/src/pkg_treinamento' returned '0': AMENT_PREFIX_PATH=/home/uav_team/ROS2_curso/install/pkg_interfaces:${AMENT_PREFIX_PATH} CMAKE_PREFIX_PATH=/home/uav_team/ROS2_curso/install/pkg_interfaces:${CMAKE_PREFIX_PATH} LD_LIBRARY_PATH=/home/uav_team/ROS2_curso/install/pkg_interfaces/lib:${LD_LIBRARY_PATH} PYTHONPATH=/home/uav_team/ROS2_curso/build/pkg_treinamento/prefix_override:/home/uav_team/ROS2_curso/install/pkg_treinamento/lib/python3.10/site-packages:/home/uav_team/ROS2_curso/install/pkg_interfaces/local/lib/python3.10/dist-packages:${PYTHONPATH} /usr/bin/python3 -W ignore:setup.py install is deprecated setup.py egg_info --egg-base ../../build/pkg_treinamento build --build-base /home/uav_team/ROS2_curso/build/pkg_treinamento/build install --record /home/uav_team/ROS2_curso/build/pkg_treinamento/install.log --single-version-externally-managed install_data
[4.901s] Level 1:colcon.colcon_core.environment:checking '/home/uav_team/ROS2_curso/install/pkg_treinamento' for CMake config files
[4.901s] Level 1:colcon.colcon_core.environment:checking '/home/uav_team/ROS2_curso/install/pkg_treinamento/lib'
[4.901s] Level 1:colcon.colcon_core.environment:checking '/home/uav_team/ROS2_curso/install/pkg_treinamento/bin'
[4.901s] Level 1:colcon.colcon_core.environment:checking '/home/uav_team/ROS2_curso/install/pkg_treinamento/lib/pkgconfig/pkg_treinamento.pc'
[4.901s] Level 1:colcon.colcon_core.environment:checking '/home/uav_team/ROS2_curso/install/pkg_treinamento/lib/python3.10/site-packages'
[4.901s] Level 1:colcon.colcon_core.shell:create_environment_hook('pkg_treinamento', 'pythonpath')
[4.902s] INFO:colcon.colcon_core.shell:Creating environment hook '/home/uav_team/ROS2_curso/install/pkg_treinamento/share/pkg_treinamento/hook/pythonpath.ps1'
[4.902s] INFO:colcon.colcon_core.shell:Creating environment descriptor '/home/uav_team/ROS2_curso/install/pkg_treinamento/share/pkg_treinamento/hook/pythonpath.dsv'
[4.902s] INFO:colcon.colcon_core.shell:Creating environment hook '/home/uav_team/ROS2_curso/install/pkg_treinamento/share/pkg_treinamento/hook/pythonpath.sh'
[4.903s] Level 1:colcon.colcon_core.environment:checking '/home/uav_team/ROS2_curso/install/pkg_treinamento/bin'
[4.903s] Level 1:colcon.colcon_core.environment:create_environment_scripts_only(pkg_treinamento)
[4.903s] INFO:colcon.colcon_core.shell:Creating package script '/home/uav_team/ROS2_curso/install/pkg_treinamento/share/pkg_treinamento/package.ps1'
[4.904s] INFO:colcon.colcon_core.shell:Creating package descriptor '/home/uav_team/ROS2_curso/install/pkg_treinamento/share/pkg_treinamento/package.dsv'
[4.904s] INFO:colcon.colcon_core.shell:Creating package script '/home/uav_team/ROS2_curso/install/pkg_treinamento/share/pkg_treinamento/package.sh'
[4.905s] INFO:colcon.colcon_core.shell:Creating package script '/home/uav_team/ROS2_curso/install/pkg_treinamento/share/pkg_treinamento/package.bash'
[4.905s] INFO:colcon.colcon_core.shell:Creating package script '/home/uav_team/ROS2_curso/install/pkg_treinamento/share/pkg_treinamento/package.zsh'
[4.905s] Level 1:colcon.colcon_core.environment:create_file_with_runtime_dependencies(/home/uav_team/ROS2_curso/install/pkg_treinamento/share/colcon-core/packages/pkg_treinamento)
[4.905s] DEBUG:colcon.colcon_parallel_executor.executor.parallel:closing loop
[4.906s] DEBUG:colcon.colcon_parallel_executor.executor.parallel:loop closed
[4.906s] DEBUG:colcon.colcon_parallel_executor.executor.parallel:run_until_complete finished with '0'
[4.906s] DEBUG:colcon.colcon_core.event_reactor:joining thread
[4.911s] INFO:colcon.colcon_core.plugin_system:Skipping extension 'colcon_notification.desktop_notification.terminal_notifier': Not used on non-Darwin systems
[4.911s] INFO:colcon.colcon_core.plugin_system:Skipping extension 'colcon_notification.desktop_notification.win32': Not used on non-Windows systems
[4.911s] INFO:colcon.colcon_notification.desktop_notification:Sending desktop notification using 'notify2'
[4.922s] DEBUG:colcon.colcon_core.event_reactor:joined thread
[4.922s] INFO:colcon.colcon_core.shell:Creating prefix script '/home/uav_team/ROS2_curso/install/local_setup.ps1'
[4.923s] INFO:colcon.colcon_core.shell:Creating prefix util module '/home/uav_team/ROS2_curso/install/_local_setup_util_ps1.py'
[4.925s] INFO:colcon.colcon_core.shell:Creating prefix chain script '/home/uav_team/ROS2_curso/install/setup.ps1'
[4.926s] INFO:colcon.colcon_core.shell:Creating prefix script '/home/uav_team/ROS2_curso/install/local_setup.sh'
[4.927s] INFO:colcon.colcon_core.shell:Creating prefix util module '/home/uav_team/ROS2_curso/install/_local_setup_util_sh.py'
[4.927s] INFO:colcon.colcon_core.shell:Creating prefix chain script '/home/uav_team/ROS2_curso/install/setup.sh'
[4.929s] INFO:colcon.colcon_core.shell:Creating prefix script '/home/uav_team/ROS2_curso/install/local_setup.bash'
[4.929s] INFO:colcon.colcon_core.shell:Creating prefix chain script '/home/uav_team/ROS2_curso/install/setup.bash'
[4.931s] INFO:colcon.colcon_core.shell:Creating prefix script '/home/uav_team/ROS2_curso/install/local_setup.zsh'
[4.931s] INFO:colcon.colcon_core.shell:Creating prefix chain script '/home/uav_team/ROS2_curso/install/setup.zsh'
