[0.558s] Invoking command in '/home/uav_team/ROS2_curso/src/pkg_treinamento': AMENT_PREFIX_PATH=/home/uav_team/ROS2_curso/install/pkg_interfaces:${AMENT_PREFIX_PATH} CMAKE_PREFIX_PATH=/home/uav_team/ROS2_curso/install/pkg_interfaces:${CMAKE_PREFIX_PATH} LD_LIBRARY_PATH=/home/uav_team/ROS2_curso/install/pkg_interfaces/lib:${LD_LIBRARY_PATH} PYTHONPATH=/home/uav_team/ROS2_curso/build/pkg_treinamento/prefix_override:/home/uav_team/ROS2_curso/install/pkg_treinamento/lib/python3.10/site-packages:/home/uav_team/ROS2_curso/install/pkg_interfaces/local/lib/python3.10/dist-packages:${PYTHONPATH} /usr/bin/python3 -W ignore:setup.py install is deprecated setup.py egg_info --egg-base ../../build/pkg_treinamento build --build-base /home/uav_team/ROS2_curso/build/pkg_treinamento/build install --record /home/uav_team/ROS2_curso/build/pkg_treinamento/install.log --single-version-externally-managed install_data
[0.766s] running egg_info
[0.766s] writing ../../build/pkg_treinamento/pkg_treinamento.egg-info/PKG-INFO
[0.767s] writing dependency_links to ../../build/pkg_treinamento/pkg_treinamento.egg-info/dependency_links.txt
[0.767s] writing entry points to ../../build/pkg_treinamento/pkg_treinamento.egg-info/entry_points.txt
[0.767s] writing requirements to ../../build/pkg_treinamento/pkg_treinamento.egg-info/requires.txt
[0.767s] writing top-level names to ../../build/pkg_treinamento/pkg_treinamento.egg-info/top_level.txt
[0.769s] reading manifest file '../../build/pkg_treinamento/pkg_treinamento.egg-info/SOURCES.txt'
[0.769s] writing manifest file '../../build/pkg_treinamento/pkg_treinamento.egg-info/SOURCES.txt'
[0.770s] running build
[0.770s] running build_py
[0.770s] running install
[0.771s] running install_lib
[0.772s] running install_data
[0.772s] copying package.xml -> /home/uav_team/ROS2_curso/install/pkg_treinamento/share/pkg_treinamento
[0.772s] running install_egg_info
[0.774s] removing '/home/uav_team/ROS2_curso/install/pkg_treinamento/lib/python3.10/site-packages/pkg_treinamento-0.0.0-py3.10.egg-info' (and everything under it)
[0.774s] Copying ../../build/pkg_treinamento/pkg_treinamento.egg-info to /home/uav_team/ROS2_curso/install/pkg_treinamento/lib/python3.10/site-packages/pkg_treinamento-0.0.0-py3.10.egg-info
[0.775s] running install_scripts
[0.792s] Installing calculatorclient script to /home/uav_team/ROS2_curso/install/pkg_treinamento/lib/pkg_treinamento
[0.792s] Installing calculatorserver script to /home/uav_team/ROS2_curso/install/pkg_treinamento/lib/pkg_treinamento
[0.793s] Installing educadora script to /home/uav_team/ROS2_curso/install/pkg_treinamento/lib/pkg_treinamento
[0.793s] Installing hardwarestatus script to /home/uav_team/ROS2_curso/install/pkg_treinamento/lib/pkg_treinamento
[0.793s] Installing oeste script to /home/uav_team/ROS2_curso/install/pkg_treinamento/lib/pkg_treinamento
[0.793s] Installing ouvinte1 script to /home/uav_team/ROS2_curso/install/pkg_treinamento/lib/pkg_treinamento
[0.793s] Installing palestrante script to /home/uav_team/ROS2_curso/install/pkg_treinamento/lib/pkg_treinamento
[0.793s] Installing radioreceiver script to /home/uav_team/ROS2_curso/install/pkg_treinamento/lib/pkg_treinamento
[0.793s] Installing radiostation script to /home/uav_team/ROS2_curso/install/pkg_treinamento/lib/pkg_treinamento
[0.793s] Installing velhochico script to /home/uav_team/ROS2_curso/install/pkg_treinamento/lib/pkg_treinamento
[0.794s] writing list of installed files to '/home/uav_team/ROS2_curso/build/pkg_treinamento/install.log'
[0.821s] Invoked command in '/home/uav_team/ROS2_curso/src/pkg_treinamento' returned '0': AMENT_PREFIX_PATH=/home/uav_team/ROS2_curso/install/pkg_interfaces:${AMENT_PREFIX_PATH} CMAKE_PREFIX_PATH=/home/uav_team/ROS2_curso/install/pkg_interfaces:${CMAKE_PREFIX_PATH} LD_LIBRARY_PATH=/home/uav_team/ROS2_curso/install/pkg_interfaces/lib:${LD_LIBRARY_PATH} PYTHONPATH=/home/uav_team/ROS2_curso/build/pkg_treinamento/prefix_override:/home/uav_team/ROS2_curso/install/pkg_treinamento/lib/python3.10/site-packages:/home/uav_team/ROS2_curso/install/pkg_interfaces/local/lib/python3.10/dist-packages:${PYTHONPATH} /usr/bin/python3 -W ignore:setup.py install is deprecated setup.py egg_info --egg-base ../../build/pkg_treinamento build --build-base /home/uav_team/ROS2_curso/build/pkg_treinamento/build install --record /home/uav_team/ROS2_curso/build/pkg_treinamento/install.log --single-version-externally-managed install_data
