[0.086s] DEBUG:colcon:Command line arguments: ['/usr/bin/colcon', 'build', '--packages-select', 'pkg_launch', '--symlink-install']
[0.086s] DEBUG:colcon:Parsed command line arguments: Namespace(log_base=None, log_level=None, verb_name='build', build_base='build', install_base='install', merge_install=False, symlink_install=True, test_result_base=None, continue_on_error=False, executor='parallel', parallel_workers=8, event_handlers=None, ignore_user_meta=False, metas=['./colcon.meta'], base_paths=['.'], packages_ignore=None, packages_ignore_regex=None, paths=None, packages_up_to=None, packages_up_to_regex=None, packages_above=None, packages_above_and_dependencies=None, packages_above_depth=None, packages_select_by_dep=None, packages_skip_by_dep=None, packages_skip_up_to=None, packages_select_build_failed=False, packages_skip_build_finished=False, packages_select_test_failures=False, packages_skip_test_passed=False, packages_select=['pkg_launch'], packages_skip=None, packages_select_regex=None, packages_skip_regex=None, packages_start=None, packages_end=None, allow_overriding=[], cmake_args=None, cmake_target=None, cmake_target_skip_unavailable=False, cmake_clean_cache=False, cmake_clean_first=False, cmake_force_configure=False, ament_cmake_args=None, catkin_cmake_args=None, catkin_skip_building_tests=False, verb_parser=<colcon_defaults.argument_parser.defaults.DefaultArgumentsDecorator object at 0x75a2553d5cc0>, verb_extension=<colcon_core.verb.build.BuildVerb object at 0x75a2553d5870>, main=<bound method BuildVerb.main of <colcon_core.verb.build.BuildVerb object at 0x75a2553d5870>>)
[0.235s] Level 1:colcon.colcon_core.package_discovery:discover_packages(colcon_meta) check parameters
[0.235s] Level 1:colcon.colcon_core.package_discovery:discover_packages(recursive) check parameters
[0.235s] Level 1:colcon.colcon_core.package_discovery:discover_packages(ignore) check parameters
[0.235s] Level 1:colcon.colcon_core.package_discovery:discover_packages(path) check parameters
[0.235s] Level 1:colcon.colcon_core.package_discovery:discover_packages(colcon_meta) discover
[0.235s] Level 1:colcon.colcon_core.package_discovery:discover_packages(recursive) discover
[0.235s] INFO:colcon.colcon_core.package_discovery:Crawling recursively for packages in '/home/uav_team/ROS2_curso'
[0.236s] Level 1:colcon.colcon_core.package_identification:_identify(.) by extensions ['ignore', 'ignore_ament_install']
[0.236s] Level 1:colcon.colcon_core.package_identification:_identify(.) by extension 'ignore'
[0.236s] Level 1:colcon.colcon_core.package_identification:_identify(.) by extension 'ignore_ament_install'
[0.236s] Level 1:colcon.colcon_core.package_identification:_identify(.) by extensions ['colcon_pkg']
[0.236s] Level 1:colcon.colcon_core.package_identification:_identify(.) by extension 'colcon_pkg'
[0.236s] Level 1:colcon.colcon_core.package_identification:_identify(.) by extensions ['colcon_meta']
[0.236s] Level 1:colcon.colcon_core.package_identification:_identify(.) by extension 'colcon_meta'
[0.236s] Level 1:colcon.colcon_core.package_identification:_identify(.) by extensions ['ros']
[0.236s] Level 1:colcon.colcon_core.package_identification:_identify(.) by extension 'ros'
[0.252s] Level 1:colcon.colcon_core.package_identification:_identify(.) by extensions ['cmake', 'python']
[0.252s] Level 1:colcon.colcon_core.package_identification:_identify(.) by extension 'cmake'
[0.252s] Level 1:colcon.colcon_core.package_identification:_identify(.) by extension 'python'
[0.252s] Level 1:colcon.colcon_core.package_identification:_identify(.) by extensions ['python_setup_py']
[0.252s] Level 1:colcon.colcon_core.package_identification:_identify(.) by extension 'python_setup_py'
[0.252s] Level 1:colcon.colcon_core.package_identification:_identify(build) by extensions ['ignore', 'ignore_ament_install']
[0.252s] Level 1:colcon.colcon_core.package_identification:_identify(build) by extension 'ignore'
[0.252s] Level 1:colcon.colcon_core.package_identification:_identify(build) ignored
[0.252s] Level 1:colcon.colcon_core.package_identification:_identify(install) by extensions ['ignore', 'ignore_ament_install']
[0.252s] Level 1:colcon.colcon_core.package_identification:_identify(install) by extension 'ignore'
[0.253s] Level 1:colcon.colcon_core.package_identification:_identify(install) ignored
[0.253s] Level 1:colcon.colcon_core.package_identification:_identify(log) by extensions ['ignore', 'ignore_ament_install']
[0.253s] Level 1:colcon.colcon_core.package_identification:_identify(log) by extension 'ignore'
[0.253s] Level 1:colcon.colcon_core.package_identification:_identify(log) ignored
[0.253s] Level 1:colcon.colcon_core.package_identification:_identify(src) by extensions ['ignore', 'ignore_ament_install']
[0.253s] Level 1:colcon.colcon_core.package_identification:_identify(src) by extension 'ignore'
[0.253s] Level 1:colcon.colcon_core.package_identification:_identify(src) by extension 'ignore_ament_install'
[0.253s] Level 1:colcon.colcon_core.package_identification:_identify(src) by extensions ['colcon_pkg']
[0.253s] Level 1:colcon.colcon_core.package_identification:_identify(src) by extension 'colcon_pkg'
[0.253s] Level 1:colcon.colcon_core.package_identification:_identify(src) by extensions ['colcon_meta']
[0.253s] Level 1:colcon.colcon_core.package_identification:_identify(src) by extension 'colcon_meta'
[0.253s] Level 1:colcon.colcon_core.package_identification:_identify(src) by extensions ['ros']
[0.253s] Level 1:colcon.colcon_core.package_identification:_identify(src) by extension 'ros'
[0.253s] Level 1:colcon.colcon_core.package_identification:_identify(src) by extensions ['cmake', 'python']
[0.253s] Level 1:colcon.colcon_core.package_identification:_identify(src) by extension 'cmake'
[0.253s] Level 1:colcon.colcon_core.package_identification:_identify(src) by extension 'python'
[0.253s] Level 1:colcon.colcon_core.package_identification:_identify(src) by extensions ['python_setup_py']
[0.253s] Level 1:colcon.colcon_core.package_identification:_identify(src) by extension 'python_setup_py'
[0.254s] Level 1:colcon.colcon_core.package_identification:_identify(src/pkg_interfaces) by extensions ['ignore', 'ignore_ament_install']
[0.254s] Level 1:colcon.colcon_core.package_identification:_identify(src/pkg_interfaces) by extension 'ignore'
[0.254s] Level 1:colcon.colcon_core.package_identification:_identify(src/pkg_interfaces) by extension 'ignore_ament_install'
[0.254s] Level 1:colcon.colcon_core.package_identification:_identify(src/pkg_interfaces) by extensions ['colcon_pkg']
[0.254s] Level 1:colcon.colcon_core.package_identification:_identify(src/pkg_interfaces) by extension 'colcon_pkg'
[0.254s] Level 1:colcon.colcon_core.package_identification:_identify(src/pkg_interfaces) by extensions ['colcon_meta']
[0.254s] Level 1:colcon.colcon_core.package_identification:_identify(src/pkg_interfaces) by extension 'colcon_meta'
[0.254s] Level 1:colcon.colcon_core.package_identification:_identify(src/pkg_interfaces) by extensions ['ros']
[0.254s] Level 1:colcon.colcon_core.package_identification:_identify(src/pkg_interfaces) by extension 'ros'
[0.257s] DEBUG:colcon.colcon_core.package_identification:Package 'src/pkg_interfaces' with type 'ros.ament_cmake' and name 'pkg_interfaces'
[0.257s] Level 1:colcon.colcon_core.package_identification:_identify(src/pkg_launch) by extensions ['ignore', 'ignore_ament_install']
[0.257s] Level 1:colcon.colcon_core.package_identification:_identify(src/pkg_launch) by extension 'ignore'
[0.257s] Level 1:colcon.colcon_core.package_identification:_identify(src/pkg_launch) by extension 'ignore_ament_install'
[0.258s] Level 1:colcon.colcon_core.package_identification:_identify(src/pkg_launch) by extensions ['colcon_pkg']
[0.258s] Level 1:colcon.colcon_core.package_identification:_identify(src/pkg_launch) by extension 'colcon_pkg'
[0.258s] Level 1:colcon.colcon_core.package_identification:_identify(src/pkg_launch) by extensions ['colcon_meta']
[0.258s] Level 1:colcon.colcon_core.package_identification:_identify(src/pkg_launch) by extension 'colcon_meta'
[0.258s] Level 1:colcon.colcon_core.package_identification:_identify(src/pkg_launch) by extensions ['ros']
[0.258s] Level 1:colcon.colcon_core.package_identification:_identify(src/pkg_launch) by extension 'ros'
[0.258s] DEBUG:colcon.colcon_core.package_identification:Package 'src/pkg_launch' with type 'ros.ament_cmake' and name 'pkg_launch'
[0.258s] Level 1:colcon.colcon_core.package_identification:_identify(src/pkg_treinamento) by extensions ['ignore', 'ignore_ament_install']
[0.258s] Level 1:colcon.colcon_core.package_identification:_identify(src/pkg_treinamento) by extension 'ignore'
[0.259s] Level 1:colcon.colcon_core.package_identification:_identify(src/pkg_treinamento) by extension 'ignore_ament_install'
[0.259s] Level 1:colcon.colcon_core.package_identification:_identify(src/pkg_treinamento) by extensions ['colcon_pkg']
[0.259s] Level 1:colcon.colcon_core.package_identification:_identify(src/pkg_treinamento) by extension 'colcon_pkg'
[0.259s] Level 1:colcon.colcon_core.package_identification:_identify(src/pkg_treinamento) by extensions ['colcon_meta']
[0.259s] Level 1:colcon.colcon_core.package_identification:_identify(src/pkg_treinamento) by extension 'colcon_meta'
[0.259s] Level 1:colcon.colcon_core.package_identification:_identify(src/pkg_treinamento) by extensions ['ros']
[0.259s] Level 1:colcon.colcon_core.package_identification:_identify(src/pkg_treinamento) by extension 'ros'
[0.260s] DEBUG:colcon.colcon_core.package_identification:Package 'src/pkg_treinamento' with type 'ros.ament_python' and name 'pkg_treinamento'
[0.260s] Level 1:colcon.colcon_core.package_discovery:discover_packages(recursive) using defaults
[0.260s] Level 1:colcon.colcon_core.package_discovery:discover_packages(ignore) discover
[0.260s] Level 1:colcon.colcon_core.package_discovery:discover_packages(ignore) using defaults
[0.260s] Level 1:colcon.colcon_core.package_discovery:discover_packages(path) discover
[0.260s] Level 1:colcon.colcon_core.package_discovery:discover_packages(path) using defaults
[0.280s] INFO:colcon.colcon_core.package_selection:Skipping not selected package 'pkg_interfaces' in 'src/pkg_interfaces'
[0.280s] INFO:colcon.colcon_core.package_selection:Skipping not selected package 'pkg_treinamento' in 'src/pkg_treinamento'
[0.280s] Level 1:colcon.colcon_core.package_discovery:discover_packages(prefix_path) check parameters
[0.280s] Level 1:colcon.colcon_core.package_discovery:discover_packages(prefix_path) discover
[0.293s] DEBUG:colcon.colcon_installed_package_information.package_discovery:Found 2 installed packages in /home/uav_team/ROS2_curso/install
[0.294s] DEBUG:colcon.colcon_installed_package_information.package_discovery:Found 295 installed packages in /opt/ros/humble
[0.296s] Level 1:colcon.colcon_core.package_discovery:discover_packages(prefix_path) using defaults
[0.328s] Level 5:colcon.colcon_core.verb:set package 'pkg_launch' build argument 'cmake_args' from command line to 'None'
[0.328s] Level 5:colcon.colcon_core.verb:set package 'pkg_launch' build argument 'cmake_target' from command line to 'None'
[0.328s] Level 5:colcon.colcon_core.verb:set package 'pkg_launch' build argument 'cmake_target_skip_unavailable' from command line to 'False'
[0.328s] Level 5:colcon.colcon_core.verb:set package 'pkg_launch' build argument 'cmake_clean_cache' from command line to 'False'
[0.328s] Level 5:colcon.colcon_core.verb:set package 'pkg_launch' build argument 'cmake_clean_first' from command line to 'False'
[0.328s] Level 5:colcon.colcon_core.verb:set package 'pkg_launch' build argument 'cmake_force_configure' from command line to 'False'
[0.328s] Level 5:colcon.colcon_core.verb:set package 'pkg_launch' build argument 'ament_cmake_args' from command line to 'None'
[0.328s] Level 5:colcon.colcon_core.verb:set package 'pkg_launch' build argument 'catkin_cmake_args' from command line to 'None'
[0.328s] Level 5:colcon.colcon_core.verb:set package 'pkg_launch' build argument 'catkin_skip_building_tests' from command line to 'False'
[0.328s] DEBUG:colcon.colcon_core.verb:Building package 'pkg_launch' with the following arguments: {'ament_cmake_args': None, 'build_base': '/home/uav_team/ROS2_curso/build/pkg_launch', 'catkin_cmake_args': None, 'catkin_skip_building_tests': False, 'cmake_args': None, 'cmake_clean_cache': False, 'cmake_clean_first': False, 'cmake_force_configure': False, 'cmake_target': None, 'cmake_target_skip_unavailable': False, 'install_base': '/home/uav_team/ROS2_curso/install/pkg_launch', 'merge_install': False, 'path': '/home/uav_team/ROS2_curso/src/pkg_launch', 'symlink_install': True, 'test_result_base': None}
[0.328s] INFO:colcon.colcon_core.executor:Executing jobs using 'parallel' executor
[0.329s] DEBUG:colcon.colcon_parallel_executor.executor.parallel:run_until_complete
[0.329s] INFO:colcon.colcon_ros.task.ament_cmake.build:Building ROS package in '/home/uav_team/ROS2_curso/src/pkg_launch' with build type 'ament_cmake'
[0.329s] INFO:colcon.colcon_cmake.task.cmake.build:Building CMake package in '/home/uav_team/ROS2_curso/src/pkg_launch'
[0.331s] INFO:colcon.colcon_core.plugin_system:Skipping extension 'colcon_core.shell.bat': Not used on non-Windows systems
[0.331s] INFO:colcon.colcon_core.shell:Skip shell extension 'powershell' for command environment: Not usable outside of PowerShell
[0.331s] DEBUG:colcon.colcon_core.shell:Skip shell extension 'dsv' for command environment
[0.339s] DEBUG:colcon.colcon_core.event_handler.log_command:Invoking command in '/home/uav_team/ROS2_curso/build/pkg_launch': CMAKE_PREFIX_PATH=${CMAKE_PREFIX_PATH}:/home/uav_team/ROS2_curso/install/pkg_treinamento:/opt/ros/humble /usr/bin/cmake /home/uav_team/ROS2_curso/src/pkg_launch -DAMENT_CMAKE_SYMLINK_INSTALL=1 -DCMAKE_INSTALL_PREFIX=/home/uav_team/ROS2_curso/install/pkg_launch
[0.956s] DEBUG:colcon.colcon_core.event_handler.log_command:Invoked command in '/home/uav_team/ROS2_curso/build/pkg_launch' returned '0': CMAKE_PREFIX_PATH=${CMAKE_PREFIX_PATH}:/home/uav_team/ROS2_curso/install/pkg_treinamento:/opt/ros/humble /usr/bin/cmake /home/uav_team/ROS2_curso/src/pkg_launch -DAMENT_CMAKE_SYMLINK_INSTALL=1 -DCMAKE_INSTALL_PREFIX=/home/uav_team/ROS2_curso/install/pkg_launch
[0.959s] DEBUG:colcon.colcon_core.event_handler.log_command:Invoking command in '/home/uav_team/ROS2_curso/build/pkg_launch': CMAKE_PREFIX_PATH=${CMAKE_PREFIX_PATH}:/home/uav_team/ROS2_curso/install/pkg_treinamento:/opt/ros/humble /usr/bin/cmake --build /home/uav_team/ROS2_curso/build/pkg_launch -- -j8 -l8
[1.000s] DEBUG:colcon.colcon_core.event_handler.log_command:Invoked command in '/home/uav_team/ROS2_curso/build/pkg_launch' returned '0': CMAKE_PREFIX_PATH=${CMAKE_PREFIX_PATH}:/home/uav_team/ROS2_curso/install/pkg_treinamento:/opt/ros/humble /usr/bin/cmake --build /home/uav_team/ROS2_curso/build/pkg_launch -- -j8 -l8
[1.036s] DEBUG:colcon.colcon_core.event_handler.log_command:Invoking command in '/home/uav_team/ROS2_curso/build/pkg_launch': CMAKE_PREFIX_PATH=${CMAKE_PREFIX_PATH}:/home/uav_team/ROS2_curso/install/pkg_treinamento:/opt/ros/humble /usr/bin/cmake --install /home/uav_team/ROS2_curso/build/pkg_launch
[1.202s] Level 1:colcon.colcon_core.environment:create_environment_scripts_only(pkg_launch)
[1.203s] DEBUG:colcon.colcon_core.event_handler.log_command:Invoked command in '/home/uav_team/ROS2_curso/build/pkg_launch' returned '0': CMAKE_PREFIX_PATH=${CMAKE_PREFIX_PATH}:/home/uav_team/ROS2_curso/install/pkg_treinamento:/opt/ros/humble /usr/bin/cmake --install /home/uav_team/ROS2_curso/build/pkg_launch
[1.205s] Level 1:colcon.colcon_core.environment:checking '/home/uav_team/ROS2_curso/install/pkg_launch' for CMake module files
[1.205s] Level 1:colcon.colcon_core.environment:checking '/home/uav_team/ROS2_curso/install/pkg_launch' for CMake config files
[1.206s] Level 1:colcon.colcon_core.shell:create_environment_hook('pkg_launch', 'cmake_prefix_path')
[1.206s] INFO:colcon.colcon_core.shell:Creating environment hook '/home/uav_team/ROS2_curso/install/pkg_launch/share/pkg_launch/hook/cmake_prefix_path.ps1'
[1.206s] INFO:colcon.colcon_core.shell:Creating environment descriptor '/home/uav_team/ROS2_curso/install/pkg_launch/share/pkg_launch/hook/cmake_prefix_path.dsv'
[1.207s] INFO:colcon.colcon_core.shell:Creating environment hook '/home/uav_team/ROS2_curso/install/pkg_launch/share/pkg_launch/hook/cmake_prefix_path.sh'
[1.207s] Level 1:colcon.colcon_core.environment:checking '/home/uav_team/ROS2_curso/install/pkg_launch/bin'
[1.207s] Level 1:colcon.colcon_core.environment:checking '/home/uav_team/ROS2_curso/install/pkg_launch/lib/pkgconfig/pkg_launch.pc'
[1.208s] Level 1:colcon.colcon_core.environment:checking '/home/uav_team/ROS2_curso/install/pkg_launch/lib/python3.10/site-packages'
[1.208s] Level 1:colcon.colcon_core.environment:checking '/home/uav_team/ROS2_curso/install/pkg_launch/bin'
[1.208s] INFO:colcon.colcon_core.shell:Creating package script '/home/uav_team/ROS2_curso/install/pkg_launch/share/pkg_launch/package.ps1'
[1.209s] INFO:colcon.colcon_core.shell:Creating package descriptor '/home/uav_team/ROS2_curso/install/pkg_launch/share/pkg_launch/package.dsv'
[1.209s] INFO:colcon.colcon_core.shell:Creating package script '/home/uav_team/ROS2_curso/install/pkg_launch/share/pkg_launch/package.sh'
[1.209s] INFO:colcon.colcon_core.shell:Creating package script '/home/uav_team/ROS2_curso/install/pkg_launch/share/pkg_launch/package.bash'
[1.210s] INFO:colcon.colcon_core.shell:Creating package script '/home/uav_team/ROS2_curso/install/pkg_launch/share/pkg_launch/package.zsh'
[1.210s] Level 1:colcon.colcon_core.environment:create_file_with_runtime_dependencies(/home/uav_team/ROS2_curso/install/pkg_launch/share/colcon-core/packages/pkg_launch)
[1.236s] Level 1:colcon.colcon_core.environment:create_environment_scripts_only(pkg_launch)
[1.236s] Level 1:colcon.colcon_core.environment:checking '/home/uav_team/ROS2_curso/install/pkg_launch' for CMake module files
[1.237s] Level 1:colcon.colcon_core.environment:checking '/home/uav_team/ROS2_curso/install/pkg_launch' for CMake config files
[1.237s] Level 1:colcon.colcon_core.shell:create_environment_hook('pkg_launch', 'cmake_prefix_path')
[1.238s] INFO:colcon.colcon_core.shell:Creating environment hook '/home/uav_team/ROS2_curso/install/pkg_launch/share/pkg_launch/hook/cmake_prefix_path.ps1'
[1.238s] INFO:colcon.colcon_core.shell:Creating environment descriptor '/home/uav_team/ROS2_curso/install/pkg_launch/share/pkg_launch/hook/cmake_prefix_path.dsv'
[1.238s] INFO:colcon.colcon_core.shell:Creating environment hook '/home/uav_team/ROS2_curso/install/pkg_launch/share/pkg_launch/hook/cmake_prefix_path.sh'
[1.239s] Level 1:colcon.colcon_core.environment:checking '/home/uav_team/ROS2_curso/install/pkg_launch/bin'
[1.239s] Level 1:colcon.colcon_core.environment:checking '/home/uav_team/ROS2_curso/install/pkg_launch/lib/pkgconfig/pkg_launch.pc'
[1.239s] Level 1:colcon.colcon_core.environment:checking '/home/uav_team/ROS2_curso/install/pkg_launch/lib/python3.10/site-packages'
[1.239s] Level 1:colcon.colcon_core.environment:checking '/home/uav_team/ROS2_curso/install/pkg_launch/bin'
[1.239s] INFO:colcon.colcon_core.shell:Creating package script '/home/uav_team/ROS2_curso/install/pkg_launch/share/pkg_launch/package.ps1'
[1.240s] INFO:colcon.colcon_core.shell:Creating package descriptor '/home/uav_team/ROS2_curso/install/pkg_launch/share/pkg_launch/package.dsv'
[1.240s] INFO:colcon.colcon_core.shell:Creating package script '/home/uav_team/ROS2_curso/install/pkg_launch/share/pkg_launch/package.sh'
[1.241s] INFO:colcon.colcon_core.shell:Creating package script '/home/uav_team/ROS2_curso/install/pkg_launch/share/pkg_launch/package.bash'
[1.241s] INFO:colcon.colcon_core.shell:Creating package script '/home/uav_team/ROS2_curso/install/pkg_launch/share/pkg_launch/package.zsh'
[1.241s] Level 1:colcon.colcon_core.environment:create_file_with_runtime_dependencies(/home/uav_team/ROS2_curso/install/pkg_launch/share/colcon-core/packages/pkg_launch)
[1.242s] DEBUG:colcon.colcon_parallel_executor.executor.parallel:closing loop
[1.242s] DEBUG:colcon.colcon_parallel_executor.executor.parallel:loop closed
[1.242s] DEBUG:colcon.colcon_parallel_executor.executor.parallel:run_until_complete finished with '0'
[1.242s] DEBUG:colcon.colcon_core.event_reactor:joining thread
[1.246s] INFO:colcon.colcon_core.plugin_system:Skipping extension 'colcon_notification.desktop_notification.terminal_notifier': Not used on non-Darwin systems
[1.246s] INFO:colcon.colcon_core.plugin_system:Skipping extension 'colcon_notification.desktop_notification.win32': Not used on non-Windows systems
[1.246s] INFO:colcon.colcon_notification.desktop_notification:Sending desktop notification using 'notify2'
[1.256s] DEBUG:colcon.colcon_core.event_reactor:joined thread
[1.256s] INFO:colcon.colcon_core.shell:Creating prefix script '/home/uav_team/ROS2_curso/install/local_setup.ps1'
[1.257s] INFO:colcon.colcon_core.shell:Creating prefix util module '/home/uav_team/ROS2_curso/install/_local_setup_util_ps1.py'
[1.260s] INFO:colcon.colcon_core.shell:Creating prefix chain script '/home/uav_team/ROS2_curso/install/setup.ps1'
[1.261s] INFO:colcon.colcon_core.shell:Creating prefix script '/home/uav_team/ROS2_curso/install/local_setup.sh'
[1.262s] INFO:colcon.colcon_core.shell:Creating prefix util module '/home/uav_team/ROS2_curso/install/_local_setup_util_sh.py'
[1.262s] INFO:colcon.colcon_core.shell:Creating prefix chain script '/home/uav_team/ROS2_curso/install/setup.sh'
[1.264s] INFO:colcon.colcon_core.shell:Creating prefix script '/home/uav_team/ROS2_curso/install/local_setup.bash'
[1.264s] INFO:colcon.colcon_core.shell:Creating prefix chain script '/home/uav_team/ROS2_curso/install/setup.bash'
[1.265s] INFO:colcon.colcon_core.shell:Creating prefix script '/home/uav_team/ROS2_curso/install/local_setup.zsh'
[1.266s] INFO:colcon.colcon_core.shell:Creating prefix chain script '/home/uav_team/ROS2_curso/install/setup.zsh'
