[0.058s] DEBUG:colcon:Command line arguments: ['/usr/bin/colcon', 'build']
[0.058s] DEBUG:colcon:Parsed command line arguments: Namespace(log_base=None, log_level=None, verb_name='build', build_base='build', install_base='install', merge_install=False, symlink_install=False, test_result_base=None, continue_on_error=False, executor='parallel', parallel_workers=16, event_handlers=None, ignore_user_meta=False, metas=['./colcon.meta'], base_paths=['.'], packages_ignore=None, packages_ignore_regex=None, paths=None, packages_up_to=None, packages_up_to_regex=None, packages_above=None, packages_above_and_dependencies=None, packages_above_depth=None, packages_select_by_dep=None, packages_skip_by_dep=None, packages_skip_up_to=None, packages_select_build_failed=False, packages_skip_build_finished=False, packages_select_test_failures=False, packages_skip_test_passed=False, packages_select=None, packages_skip=None, packages_select_regex=None, packages_skip_regex=None, packages_start=None, packages_end=None, allow_overriding=[], cmake_args=None, cmake_target=None, cmake_target_skip_unavailable=False, cmake_clean_cache=False, cmake_clean_first=False, cmake_force_configure=False, ament_cmake_args=None, catkin_cmake_args=None, catkin_skip_building_tests=False, mixin_files=None, mixin=None, verb_parser=<colcon_mixin.mixin.mixin_argument.MixinArgumentDecorator object at 0x7a84daf2f0a0>, verb_extension=<colcon_core.verb.build.BuildVerb object at 0x7a84daf2eb60>, main=<bound method BuildVerb.main of <colcon_core.verb.build.BuildVerb object at 0x7a84daf2eb60>>, mixin_verb=('build',))
[0.141s] Level 1:colcon.colcon_core.package_discovery:discover_packages(colcon_meta) check parameters
[0.142s] Level 1:colcon.colcon_core.package_discovery:discover_packages(recursive) check parameters
[0.142s] Level 1:colcon.colcon_core.package_discovery:discover_packages(ignore) check parameters
[0.142s] Level 1:colcon.colcon_core.package_discovery:discover_packages(path) check parameters
[0.142s] Level 1:colcon.colcon_core.package_discovery:discover_packages(colcon_meta) discover
[0.142s] Level 1:colcon.colcon_core.package_discovery:discover_packages(recursive) discover
[0.142s] INFO:colcon.colcon_core.package_discovery:Crawling recursively for packages in '/home/isabel/Repositorios/ROS2_curso'
[0.142s] Level 1:colcon.colcon_core.package_identification:_identify(.) by extensions ['ignore', 'ignore_ament_install']
[0.142s] Level 1:colcon.colcon_core.package_identification:_identify(.) by extension 'ignore'
[0.142s] Level 1:colcon.colcon_core.package_identification:_identify(.) by extension 'ignore_ament_install'
[0.142s] Level 1:colcon.colcon_core.package_identification:_identify(.) by extensions ['colcon_pkg']
[0.142s] Level 1:colcon.colcon_core.package_identification:_identify(.) by extension 'colcon_pkg'
[0.142s] Level 1:colcon.colcon_core.package_identification:_identify(.) by extensions ['colcon_meta']
[0.142s] Level 1:colcon.colcon_core.package_identification:_identify(.) by extension 'colcon_meta'
[0.142s] Level 1:colcon.colcon_core.package_identification:_identify(.) by extensions ['ros']
[0.142s] Level 1:colcon.colcon_core.package_identification:_identify(.) by extension 'ros'
[0.148s] Level 1:colcon.colcon_core.package_identification:_identify(.) by extensions ['cmake', 'python']
[0.148s] Level 1:colcon.colcon_core.package_identification:_identify(.) by extension 'cmake'
[0.148s] Level 1:colcon.colcon_core.package_identification:_identify(.) by extension 'python'
[0.148s] Level 1:colcon.colcon_core.package_identification:_identify(.) by extensions ['python_setup_py']
[0.148s] Level 1:colcon.colcon_core.package_identification:_identify(.) by extension 'python_setup_py'
[0.148s] Level 1:colcon.colcon_core.package_identification:_identify(build) by extensions ['ignore', 'ignore_ament_install']
[0.149s] Level 1:colcon.colcon_core.package_identification:_identify(build) by extension 'ignore'
[0.149s] Level 1:colcon.colcon_core.package_identification:_identify(build) ignored
[0.149s] Level 1:colcon.colcon_core.package_identification:_identify(install) by extensions ['ignore', 'ignore_ament_install']
[0.149s] Level 1:colcon.colcon_core.package_identification:_identify(install) by extension 'ignore'
[0.149s] Level 1:colcon.colcon_core.package_identification:_identify(install) ignored
[0.149s] Level 1:colcon.colcon_core.package_identification:_identify(log) by extensions ['ignore', 'ignore_ament_install']
[0.149s] Level 1:colcon.colcon_core.package_identification:_identify(log) by extension 'ignore'
[0.149s] Level 1:colcon.colcon_core.package_identification:_identify(log) ignored
[0.149s] Level 1:colcon.colcon_core.package_identification:_identify(src) by extensions ['ignore', 'ignore_ament_install']
[0.149s] Level 1:colcon.colcon_core.package_identification:_identify(src) by extension 'ignore'
[0.149s] Level 1:colcon.colcon_core.package_identification:_identify(src) by extension 'ignore_ament_install'
[0.149s] Level 1:colcon.colcon_core.package_identification:_identify(src) by extensions ['colcon_pkg']
[0.149s] Level 1:colcon.colcon_core.package_identification:_identify(src) by extension 'colcon_pkg'
[0.149s] Level 1:colcon.colcon_core.package_identification:_identify(src) by extensions ['colcon_meta']
[0.149s] Level 1:colcon.colcon_core.package_identification:_identify(src) by extension 'colcon_meta'
[0.149s] Level 1:colcon.colcon_core.package_identification:_identify(src) by extensions ['ros']
[0.149s] Level 1:colcon.colcon_core.package_identification:_identify(src) by extension 'ros'
[0.149s] Level 1:colcon.colcon_core.package_identification:_identify(src) by extensions ['cmake', 'python']
[0.149s] Level 1:colcon.colcon_core.package_identification:_identify(src) by extension 'cmake'
[0.149s] Level 1:colcon.colcon_core.package_identification:_identify(src) by extension 'python'
[0.149s] Level 1:colcon.colcon_core.package_identification:_identify(src) by extensions ['python_setup_py']
[0.149s] Level 1:colcon.colcon_core.package_identification:_identify(src) by extension 'python_setup_py'
[0.149s] Level 1:colcon.colcon_core.package_identification:_identify(src/pkg_interfaces) by extensions ['ignore', 'ignore_ament_install']
[0.149s] Level 1:colcon.colcon_core.package_identification:_identify(src/pkg_interfaces) by extension 'ignore'
[0.149s] Level 1:colcon.colcon_core.package_identification:_identify(src/pkg_interfaces) by extension 'ignore_ament_install'
[0.149s] Level 1:colcon.colcon_core.package_identification:_identify(src/pkg_interfaces) by extensions ['colcon_pkg']
[0.149s] Level 1:colcon.colcon_core.package_identification:_identify(src/pkg_interfaces) by extension 'colcon_pkg'
[0.149s] Level 1:colcon.colcon_core.package_identification:_identify(src/pkg_interfaces) by extensions ['colcon_meta']
[0.149s] Level 1:colcon.colcon_core.package_identification:_identify(src/pkg_interfaces) by extension 'colcon_meta'
[0.149s] Level 1:colcon.colcon_core.package_identification:_identify(src/pkg_interfaces) by extensions ['ros']
[0.149s] Level 1:colcon.colcon_core.package_identification:_identify(src/pkg_interfaces) by extension 'ros'
[0.151s] DEBUG:colcon.colcon_core.package_identification:Package 'src/pkg_interfaces' with type 'ros.ament_cmake' and name 'pkg_interfaces'
[0.151s] Level 1:colcon.colcon_core.package_identification:_identify(src/pkg_treinamento) by extensions ['ignore', 'ignore_ament_install']
[0.151s] Level 1:colcon.colcon_core.package_identification:_identify(src/pkg_treinamento) by extension 'ignore'
[0.151s] Level 1:colcon.colcon_core.package_identification:_identify(src/pkg_treinamento) by extension 'ignore_ament_install'
[0.151s] Level 1:colcon.colcon_core.package_identification:_identify(src/pkg_treinamento) by extensions ['colcon_pkg']
[0.151s] Level 1:colcon.colcon_core.package_identification:_identify(src/pkg_treinamento) by extension 'colcon_pkg'
[0.151s] Level 1:colcon.colcon_core.package_identification:_identify(src/pkg_treinamento) by extensions ['colcon_meta']
[0.151s] Level 1:colcon.colcon_core.package_identification:_identify(src/pkg_treinamento) by extension 'colcon_meta'
[0.151s] Level 1:colcon.colcon_core.package_identification:_identify(src/pkg_treinamento) by extensions ['ros']
[0.151s] Level 1:colcon.colcon_core.package_identification:_identify(src/pkg_treinamento) by extension 'ros'
[0.151s] DEBUG:colcon.colcon_core.package_identification:Package 'src/pkg_treinamento' with type 'ros.ament_python' and name 'pkg_treinamento'
[0.151s] Level 1:colcon.colcon_core.package_discovery:discover_packages(recursive) using defaults
[0.151s] Level 1:colcon.colcon_core.package_discovery:discover_packages(ignore) discover
[0.151s] Level 1:colcon.colcon_core.package_discovery:discover_packages(ignore) using defaults
[0.151s] Level 1:colcon.colcon_core.package_discovery:discover_packages(path) discover
[0.151s] Level 1:colcon.colcon_core.package_discovery:discover_packages(path) using defaults
[0.163s] Level 1:colcon.colcon_core.package_discovery:discover_packages(prefix_path) check parameters
[0.163s] Level 1:colcon.colcon_core.package_discovery:discover_packages(prefix_path) discover
[0.163s] WARNING:colcon.colcon_core.prefix_path.colcon:The path '/home/isabel/Repositórios/ROS2_curso/install' in the environment variable COLCON_PREFIX_PATH doesn't exist
[0.163s] WARNING:colcon.colcon_ros.prefix_path.ament:The path '/home/isabel/Repositórios/ROS2_curso/install/pkg_treinamento' in the environment variable AMENT_PREFIX_PATH doesn't exist
[0.163s] WARNING:colcon.colcon_ros.prefix_path.ament:The path '/home/isabel/Repositórios/ROS2_curso/install/pkg_interfaces' in the environment variable AMENT_PREFIX_PATH doesn't exist
[0.163s] WARNING:colcon.colcon_ros.prefix_path.catkin:The path '/home/isabel/Repositórios/ROS2_curso/install/pkg_interfaces' in the environment variable CMAKE_PREFIX_PATH doesn't exist
[0.169s] DEBUG:colcon.colcon_installed_package_information.package_discovery:Found 2 installed packages in /home/isabel/Repositorios/ROS2_curso/install
[0.170s] DEBUG:colcon.colcon_installed_package_information.package_discovery:Found 270 installed packages in /opt/ros/humble
[0.170s] Level 1:colcon.colcon_core.package_discovery:discover_packages(prefix_path) using defaults
[0.189s] Level 5:colcon.colcon_core.verb:set package 'pkg_interfaces' build argument 'cmake_args' from command line to 'None'
[0.189s] Level 5:colcon.colcon_core.verb:set package 'pkg_interfaces' build argument 'cmake_target' from command line to 'None'
[0.189s] Level 5:colcon.colcon_core.verb:set package 'pkg_interfaces' build argument 'cmake_target_skip_unavailable' from command line to 'False'
[0.189s] Level 5:colcon.colcon_core.verb:set package 'pkg_interfaces' build argument 'cmake_clean_cache' from command line to 'False'
[0.189s] Level 5:colcon.colcon_core.verb:set package 'pkg_interfaces' build argument 'cmake_clean_first' from command line to 'False'
[0.189s] Level 5:colcon.colcon_core.verb:set package 'pkg_interfaces' build argument 'cmake_force_configure' from command line to 'False'
[0.189s] Level 5:colcon.colcon_core.verb:set package 'pkg_interfaces' build argument 'ament_cmake_args' from command line to 'None'
[0.189s] Level 5:colcon.colcon_core.verb:set package 'pkg_interfaces' build argument 'catkin_cmake_args' from command line to 'None'
[0.189s] Level 5:colcon.colcon_core.verb:set package 'pkg_interfaces' build argument 'catkin_skip_building_tests' from command line to 'False'
[0.189s] DEBUG:colcon.colcon_core.verb:Building package 'pkg_interfaces' with the following arguments: {'ament_cmake_args': None, 'build_base': '/home/isabel/Repositorios/ROS2_curso/build/pkg_interfaces', 'catkin_cmake_args': None, 'catkin_skip_building_tests': False, 'cmake_args': None, 'cmake_clean_cache': False, 'cmake_clean_first': False, 'cmake_force_configure': False, 'cmake_target': None, 'cmake_target_skip_unavailable': False, 'install_base': '/home/isabel/Repositorios/ROS2_curso/install/pkg_interfaces', 'merge_install': False, 'path': '/home/isabel/Repositorios/ROS2_curso/src/pkg_interfaces', 'symlink_install': False, 'test_result_base': None}
[0.189s] Level 5:colcon.colcon_core.verb:set package 'pkg_treinamento' build argument 'cmake_args' from command line to 'None'
[0.189s] Level 5:colcon.colcon_core.verb:set package 'pkg_treinamento' build argument 'cmake_target' from command line to 'None'
[0.189s] Level 5:colcon.colcon_core.verb:set package 'pkg_treinamento' build argument 'cmake_target_skip_unavailable' from command line to 'False'
[0.189s] Level 5:colcon.colcon_core.verb:set package 'pkg_treinamento' build argument 'cmake_clean_cache' from command line to 'False'
[0.189s] Level 5:colcon.colcon_core.verb:set package 'pkg_treinamento' build argument 'cmake_clean_first' from command line to 'False'
[0.189s] Level 5:colcon.colcon_core.verb:set package 'pkg_treinamento' build argument 'cmake_force_configure' from command line to 'False'
[0.189s] Level 5:colcon.colcon_core.verb:set package 'pkg_treinamento' build argument 'ament_cmake_args' from command line to 'None'
[0.189s] Level 5:colcon.colcon_core.verb:set package 'pkg_treinamento' build argument 'catkin_cmake_args' from command line to 'None'
[0.189s] Level 5:colcon.colcon_core.verb:set package 'pkg_treinamento' build argument 'catkin_skip_building_tests' from command line to 'False'
[0.189s] DEBUG:colcon.colcon_core.verb:Building package 'pkg_treinamento' with the following arguments: {'ament_cmake_args': None, 'build_base': '/home/isabel/Repositorios/ROS2_curso/build/pkg_treinamento', 'catkin_cmake_args': None, 'catkin_skip_building_tests': False, 'cmake_args': None, 'cmake_clean_cache': False, 'cmake_clean_first': False, 'cmake_force_configure': False, 'cmake_target': None, 'cmake_target_skip_unavailable': False, 'install_base': '/home/isabel/Repositorios/ROS2_curso/install/pkg_treinamento', 'merge_install': False, 'path': '/home/isabel/Repositorios/ROS2_curso/src/pkg_treinamento', 'symlink_install': False, 'test_result_base': None}
[0.189s] INFO:colcon.colcon_core.executor:Executing jobs using 'parallel' executor
[0.190s] DEBUG:colcon.colcon_parallel_executor.executor.parallel:run_until_complete
[0.190s] INFO:colcon.colcon_ros.task.ament_cmake.build:Building ROS package in '/home/isabel/Repositorios/ROS2_curso/src/pkg_interfaces' with build type 'ament_cmake'
[0.190s] INFO:colcon.colcon_cmake.task.cmake.build:Building CMake package in '/home/isabel/Repositorios/ROS2_curso/src/pkg_interfaces'
[0.191s] INFO:colcon.colcon_core.plugin_system:Skipping extension 'colcon_core.shell.bat': Not used on non-Windows systems
[0.192s] INFO:colcon.colcon_core.shell:Skip shell extension 'powershell' for command environment: Not usable outside of PowerShell
[0.192s] DEBUG:colcon.colcon_core.shell:Skip shell extension 'dsv' for command environment
[0.197s] DEBUG:colcon.colcon_core.event_handler.log_command:Invoking command in '/home/isabel/Repositorios/ROS2_curso/build/pkg_interfaces': CMAKE_PREFIX_PATH=${CMAKE_PREFIX_PATH}:/home/isabel/Repositorios/ROS2_curso/install/pkg_treinamento:/home/isabel/Repositórios/ROS2_curso/install/pkg_treinamento:/opt/ros/humble /usr/bin/cmake --build /home/isabel/Repositorios/ROS2_curso/build/pkg_interfaces -- -j16 -l16
[0.385s] DEBUG:colcon.colcon_core.event_handler.log_command:Invoked command in '/home/isabel/Repositorios/ROS2_curso/build/pkg_interfaces' returned '0': CMAKE_PREFIX_PATH=${CMAKE_PREFIX_PATH}:/home/isabel/Repositorios/ROS2_curso/install/pkg_treinamento:/home/isabel/Repositórios/ROS2_curso/install/pkg_treinamento:/opt/ros/humble /usr/bin/cmake --build /home/isabel/Repositorios/ROS2_curso/build/pkg_interfaces -- -j16 -l16
[0.442s] DEBUG:colcon.colcon_core.event_handler.log_command:Invoking command in '/home/isabel/Repositorios/ROS2_curso/build/pkg_interfaces': CMAKE_PREFIX_PATH=${CMAKE_PREFIX_PATH}:/home/isabel/Repositorios/ROS2_curso/install/pkg_treinamento:/home/isabel/Repositórios/ROS2_curso/install/pkg_treinamento:/opt/ros/humble /usr/bin/cmake --install /home/isabel/Repositorios/ROS2_curso/build/pkg_interfaces
[0.475s] Level 1:colcon.colcon_core.environment:create_environment_scripts_only(pkg_interfaces)
[0.476s] DEBUG:colcon.colcon_core.event_handler.log_command:Invoked command in '/home/isabel/Repositorios/ROS2_curso/build/pkg_interfaces' returned '0': CMAKE_PREFIX_PATH=${CMAKE_PREFIX_PATH}:/home/isabel/Repositorios/ROS2_curso/install/pkg_treinamento:/home/isabel/Repositórios/ROS2_curso/install/pkg_treinamento:/opt/ros/humble /usr/bin/cmake --install /home/isabel/Repositorios/ROS2_curso/build/pkg_interfaces
[0.477s] Level 1:colcon.colcon_core.environment:checking '/home/isabel/Repositorios/ROS2_curso/install/pkg_interfaces' for CMake module files
[0.477s] Level 1:colcon.colcon_core.environment:checking '/home/isabel/Repositorios/ROS2_curso/install/pkg_interfaces' for CMake config files
[0.477s] Level 1:colcon.colcon_core.shell:create_environment_hook('pkg_interfaces', 'cmake_prefix_path')
[0.478s] INFO:colcon.colcon_core.shell:Creating environment hook '/home/isabel/Repositorios/ROS2_curso/install/pkg_interfaces/share/pkg_interfaces/hook/cmake_prefix_path.ps1'
[0.478s] INFO:colcon.colcon_core.shell:Creating environment descriptor '/home/isabel/Repositorios/ROS2_curso/install/pkg_interfaces/share/pkg_interfaces/hook/cmake_prefix_path.dsv'
[0.478s] INFO:colcon.colcon_core.shell:Creating environment hook '/home/isabel/Repositorios/ROS2_curso/install/pkg_interfaces/share/pkg_interfaces/hook/cmake_prefix_path.sh'
[0.479s] Level 1:colcon.colcon_core.environment:checking '/home/isabel/Repositorios/ROS2_curso/install/pkg_interfaces/lib'
[0.479s] Level 1:colcon.colcon_core.shell:create_environment_hook('pkg_interfaces', 'ld_library_path_lib')
[0.479s] INFO:colcon.colcon_core.shell:Creating environment hook '/home/isabel/Repositorios/ROS2_curso/install/pkg_interfaces/share/pkg_interfaces/hook/ld_library_path_lib.ps1'
[0.479s] INFO:colcon.colcon_core.shell:Creating environment descriptor '/home/isabel/Repositorios/ROS2_curso/install/pkg_interfaces/share/pkg_interfaces/hook/ld_library_path_lib.dsv'
[0.479s] INFO:colcon.colcon_core.shell:Creating environment hook '/home/isabel/Repositorios/ROS2_curso/install/pkg_interfaces/share/pkg_interfaces/hook/ld_library_path_lib.sh'
[0.479s] Level 1:colcon.colcon_core.environment:checking '/home/isabel/Repositorios/ROS2_curso/install/pkg_interfaces/bin'
[0.479s] Level 1:colcon.colcon_core.environment:checking '/home/isabel/Repositorios/ROS2_curso/install/pkg_interfaces/lib/pkgconfig/pkg_interfaces.pc'
[0.479s] Level 1:colcon.colcon_core.environment:checking '/home/isabel/Repositorios/ROS2_curso/install/pkg_interfaces/lib/python3.10/site-packages'
[0.480s] Level 1:colcon.colcon_core.environment:checking '/home/isabel/Repositorios/ROS2_curso/install/pkg_interfaces/bin'
[0.480s] INFO:colcon.colcon_core.shell:Creating package script '/home/isabel/Repositorios/ROS2_curso/install/pkg_interfaces/share/pkg_interfaces/package.ps1'
[0.480s] INFO:colcon.colcon_core.shell:Creating package descriptor '/home/isabel/Repositorios/ROS2_curso/install/pkg_interfaces/share/pkg_interfaces/package.dsv'
[0.480s] INFO:colcon.colcon_core.shell:Creating package script '/home/isabel/Repositorios/ROS2_curso/install/pkg_interfaces/share/pkg_interfaces/package.sh'
[0.481s] INFO:colcon.colcon_core.shell:Creating package script '/home/isabel/Repositorios/ROS2_curso/install/pkg_interfaces/share/pkg_interfaces/package.bash'
[0.481s] INFO:colcon.colcon_core.shell:Creating package script '/home/isabel/Repositorios/ROS2_curso/install/pkg_interfaces/share/pkg_interfaces/package.zsh'
[0.482s] Level 1:colcon.colcon_core.environment:create_file_with_runtime_dependencies(/home/isabel/Repositorios/ROS2_curso/install/pkg_interfaces/share/colcon-core/packages/pkg_interfaces)
[0.530s] Level 1:colcon.colcon_core.environment:create_environment_scripts_only(pkg_interfaces)
[0.531s] Level 1:colcon.colcon_core.environment:checking '/home/isabel/Repositorios/ROS2_curso/install/pkg_interfaces' for CMake module files
[0.531s] Level 1:colcon.colcon_core.environment:checking '/home/isabel/Repositorios/ROS2_curso/install/pkg_interfaces' for CMake config files
[0.531s] Level 1:colcon.colcon_core.shell:create_environment_hook('pkg_interfaces', 'cmake_prefix_path')
[0.531s] INFO:colcon.colcon_core.shell:Creating environment hook '/home/isabel/Repositorios/ROS2_curso/install/pkg_interfaces/share/pkg_interfaces/hook/cmake_prefix_path.ps1'
[0.532s] INFO:colcon.colcon_core.shell:Creating environment descriptor '/home/isabel/Repositorios/ROS2_curso/install/pkg_interfaces/share/pkg_interfaces/hook/cmake_prefix_path.dsv'
[0.532s] INFO:colcon.colcon_core.shell:Creating environment hook '/home/isabel/Repositorios/ROS2_curso/install/pkg_interfaces/share/pkg_interfaces/hook/cmake_prefix_path.sh'
[0.532s] Level 1:colcon.colcon_core.environment:checking '/home/isabel/Repositorios/ROS2_curso/install/pkg_interfaces/lib'
[0.532s] Level 1:colcon.colcon_core.shell:create_environment_hook('pkg_interfaces', 'ld_library_path_lib')
[0.533s] INFO:colcon.colcon_core.shell:Creating environment hook '/home/isabel/Repositorios/ROS2_curso/install/pkg_interfaces/share/pkg_interfaces/hook/ld_library_path_lib.ps1'
[0.533s] INFO:colcon.colcon_core.shell:Creating environment descriptor '/home/isabel/Repositorios/ROS2_curso/install/pkg_interfaces/share/pkg_interfaces/hook/ld_library_path_lib.dsv'
[0.533s] INFO:colcon.colcon_core.shell:Creating environment hook '/home/isabel/Repositorios/ROS2_curso/install/pkg_interfaces/share/pkg_interfaces/hook/ld_library_path_lib.sh'
[0.533s] Level 1:colcon.colcon_core.environment:checking '/home/isabel/Repositorios/ROS2_curso/install/pkg_interfaces/bin'
[0.533s] Level 1:colcon.colcon_core.environment:checking '/home/isabel/Repositorios/ROS2_curso/install/pkg_interfaces/lib/pkgconfig/pkg_interfaces.pc'
[0.534s] Level 1:colcon.colcon_core.environment:checking '/home/isabel/Repositorios/ROS2_curso/install/pkg_interfaces/lib/python3.10/site-packages'
[0.534s] Level 1:colcon.colcon_core.environment:checking '/home/isabel/Repositorios/ROS2_curso/install/pkg_interfaces/bin'
[0.534s] INFO:colcon.colcon_core.shell:Creating package script '/home/isabel/Repositorios/ROS2_curso/install/pkg_interfaces/share/pkg_interfaces/package.ps1'
[0.534s] INFO:colcon.colcon_core.shell:Creating package descriptor '/home/isabel/Repositorios/ROS2_curso/install/pkg_interfaces/share/pkg_interfaces/package.dsv'
[0.534s] INFO:colcon.colcon_core.shell:Creating package script '/home/isabel/Repositorios/ROS2_curso/install/pkg_interfaces/share/pkg_interfaces/package.sh'
[0.535s] INFO:colcon.colcon_core.shell:Creating package script '/home/isabel/Repositorios/ROS2_curso/install/pkg_interfaces/share/pkg_interfaces/package.bash'
[0.535s] INFO:colcon.colcon_core.shell:Creating package script '/home/isabel/Repositorios/ROS2_curso/install/pkg_interfaces/share/pkg_interfaces/package.zsh'
[0.535s] Level 1:colcon.colcon_core.environment:create_file_with_runtime_dependencies(/home/isabel/Repositorios/ROS2_curso/install/pkg_interfaces/share/colcon-core/packages/pkg_interfaces)
[0.535s] INFO:colcon.colcon_ros.task.ament_python.build:Building ROS package in '/home/isabel/Repositorios/ROS2_curso/src/pkg_treinamento' with build type 'ament_python'
[0.535s] Level 1:colcon.colcon_core.shell:create_environment_hook('pkg_treinamento', 'ament_prefix_path')
[0.536s] INFO:colcon.colcon_core.shell:Creating environment hook '/home/isabel/Repositorios/ROS2_curso/install/pkg_treinamento/share/pkg_treinamento/hook/ament_prefix_path.ps1'
[0.536s] INFO:colcon.colcon_core.shell:Creating environment descriptor '/home/isabel/Repositorios/ROS2_curso/install/pkg_treinamento/share/pkg_treinamento/hook/ament_prefix_path.dsv'
[0.536s] INFO:colcon.colcon_core.shell:Creating environment hook '/home/isabel/Repositorios/ROS2_curso/install/pkg_treinamento/share/pkg_treinamento/hook/ament_prefix_path.sh'
[0.536s] INFO:colcon.colcon_core.shell:Skip shell extension 'powershell' for command environment: Not usable outside of PowerShell
[0.536s] DEBUG:colcon.colcon_core.shell:Skip shell extension 'dsv' for command environment
[0.672s] INFO:colcon.colcon_core.task.python.build:Building Python package in '/home/isabel/Repositorios/ROS2_curso/src/pkg_treinamento'
[0.672s] INFO:colcon.colcon_core.shell:Skip shell extension 'powershell' for command environment: Not usable outside of PowerShell
[0.672s] DEBUG:colcon.colcon_core.shell:Skip shell extension 'dsv' for command environment
[0.873s] DEBUG:colcon.colcon_core.event_handler.log_command:Invoking command in '/home/isabel/Repositorios/ROS2_curso/src/pkg_treinamento': PYTHONPATH=/home/isabel/Repositorios/ROS2_curso/build/pkg_treinamento/prefix_override:/home/isabel/Repositorios/ROS2_curso/install/pkg_treinamento/lib/python3.10/site-packages:${PYTHONPATH} /usr/bin/python3 -W ignore:setup.py install is deprecated setup.py egg_info --egg-base ../../build/pkg_treinamento build --build-base /home/isabel/Repositorios/ROS2_curso/build/pkg_treinamento/build install --record /home/isabel/Repositorios/ROS2_curso/build/pkg_treinamento/install.log --single-version-externally-managed install_data
[1.022s] Level 1:colcon.colcon_core.environment:checking '/home/isabel/Repositorios/ROS2_curso/install/pkg_treinamento' for CMake module files
[1.023s] DEBUG:colcon.colcon_core.event_handler.log_command:Invoked command in '/home/isabel/Repositorios/ROS2_curso/src/pkg_treinamento' returned '0': PYTHONPATH=/home/isabel/Repositorios/ROS2_curso/build/pkg_treinamento/prefix_override:/home/isabel/Repositorios/ROS2_curso/install/pkg_treinamento/lib/python3.10/site-packages:${PYTHONPATH} /usr/bin/python3 -W ignore:setup.py install is deprecated setup.py egg_info --egg-base ../../build/pkg_treinamento build --build-base /home/isabel/Repositorios/ROS2_curso/build/pkg_treinamento/build install --record /home/isabel/Repositorios/ROS2_curso/build/pkg_treinamento/install.log --single-version-externally-managed install_data
[1.023s] Level 1:colcon.colcon_core.environment:checking '/home/isabel/Repositorios/ROS2_curso/install/pkg_treinamento' for CMake config files
[1.023s] Level 1:colcon.colcon_core.environment:checking '/home/isabel/Repositorios/ROS2_curso/install/pkg_treinamento/lib'
[1.023s] Level 1:colcon.colcon_core.environment:checking '/home/isabel/Repositorios/ROS2_curso/install/pkg_treinamento/bin'
[1.023s] Level 1:colcon.colcon_core.environment:checking '/home/isabel/Repositorios/ROS2_curso/install/pkg_treinamento/lib/pkgconfig/pkg_treinamento.pc'
[1.023s] Level 1:colcon.colcon_core.environment:checking '/home/isabel/Repositorios/ROS2_curso/install/pkg_treinamento/lib/python3.10/site-packages'
[1.023s] Level 1:colcon.colcon_core.shell:create_environment_hook('pkg_treinamento', 'pythonpath')
[1.024s] INFO:colcon.colcon_core.shell:Creating environment hook '/home/isabel/Repositorios/ROS2_curso/install/pkg_treinamento/share/pkg_treinamento/hook/pythonpath.ps1'
[1.024s] INFO:colcon.colcon_core.shell:Creating environment descriptor '/home/isabel/Repositorios/ROS2_curso/install/pkg_treinamento/share/pkg_treinamento/hook/pythonpath.dsv'
[1.024s] INFO:colcon.colcon_core.shell:Creating environment hook '/home/isabel/Repositorios/ROS2_curso/install/pkg_treinamento/share/pkg_treinamento/hook/pythonpath.sh'
[1.024s] Level 1:colcon.colcon_core.environment:checking '/home/isabel/Repositorios/ROS2_curso/install/pkg_treinamento/bin'
[1.024s] Level 1:colcon.colcon_core.environment:create_environment_scripts_only(pkg_treinamento)
[1.024s] INFO:colcon.colcon_core.shell:Creating package script '/home/isabel/Repositorios/ROS2_curso/install/pkg_treinamento/share/pkg_treinamento/package.ps1'
[1.025s] INFO:colcon.colcon_core.shell:Creating package descriptor '/home/isabel/Repositorios/ROS2_curso/install/pkg_treinamento/share/pkg_treinamento/package.dsv'
[1.025s] INFO:colcon.colcon_core.shell:Creating package script '/home/isabel/Repositorios/ROS2_curso/install/pkg_treinamento/share/pkg_treinamento/package.sh'
[1.025s] INFO:colcon.colcon_core.shell:Creating package script '/home/isabel/Repositorios/ROS2_curso/install/pkg_treinamento/share/pkg_treinamento/package.bash'
[1.025s] INFO:colcon.colcon_core.shell:Creating package script '/home/isabel/Repositorios/ROS2_curso/install/pkg_treinamento/share/pkg_treinamento/package.zsh'
[1.025s] Level 1:colcon.colcon_core.environment:create_file_with_runtime_dependencies(/home/isabel/Repositorios/ROS2_curso/install/pkg_treinamento/share/colcon-core/packages/pkg_treinamento)
[1.025s] DEBUG:colcon.colcon_parallel_executor.executor.parallel:closing loop
[1.025s] DEBUG:colcon.colcon_parallel_executor.executor.parallel:loop closed
[1.025s] DEBUG:colcon.colcon_parallel_executor.executor.parallel:run_until_complete finished with '0'
[1.026s] DEBUG:colcon.colcon_core.event_reactor:joining thread
[1.030s] INFO:colcon.colcon_core.plugin_system:Skipping extension 'colcon_notification.desktop_notification.terminal_notifier': Not used on non-Darwin systems
[1.030s] INFO:colcon.colcon_core.plugin_system:Skipping extension 'colcon_notification.desktop_notification.win32': Not used on non-Windows systems
[1.030s] INFO:colcon.colcon_notification.desktop_notification:Sending desktop notification using 'notify2'
[1.037s] DEBUG:colcon.colcon_core.event_reactor:joined thread
[1.038s] INFO:colcon.colcon_core.shell:Creating prefix script '/home/isabel/Repositorios/ROS2_curso/install/local_setup.ps1'
[1.038s] INFO:colcon.colcon_core.shell:Creating prefix util module '/home/isabel/Repositorios/ROS2_curso/install/_local_setup_util_ps1.py'
[1.039s] INFO:colcon.colcon_core.shell:Creating prefix chain script '/home/isabel/Repositorios/ROS2_curso/install/setup.ps1'
[1.039s] INFO:colcon.colcon_core.shell:Creating prefix script '/home/isabel/Repositorios/ROS2_curso/install/local_setup.sh'
[1.040s] INFO:colcon.colcon_core.shell:Creating prefix util module '/home/isabel/Repositorios/ROS2_curso/install/_local_setup_util_sh.py'
[1.040s] INFO:colcon.colcon_core.shell:Creating prefix chain script '/home/isabel/Repositorios/ROS2_curso/install/setup.sh'
[1.040s] INFO:colcon.colcon_core.shell:Creating prefix script '/home/isabel/Repositorios/ROS2_curso/install/local_setup.bash'
[1.041s] INFO:colcon.colcon_core.shell:Creating prefix chain script '/home/isabel/Repositorios/ROS2_curso/install/setup.bash'
[1.041s] INFO:colcon.colcon_core.shell:Creating prefix script '/home/isabel/Repositorios/ROS2_curso/install/local_setup.zsh'
[1.041s] INFO:colcon.colcon_core.shell:Creating prefix chain script '/home/isabel/Repositorios/ROS2_curso/install/setup.zsh'
