[0.012s] Invoking command in '/home/uav_team/ROS2_curso/build/pkg_interfaces': CMAKE_PREFIX_PATH=${CMAKE_PREFIX_PATH}:/home/uav_team/ROS2_curso/install/pkg_treinamento:/home/uav_team/cbr_2024/ros2_drone_ws/install/drone_camera:/opt/ros/humble /usr/bin/cmake --build /home/uav_team/ROS2_curso/build/pkg_interfaces -- -j8 -l8
[0.036s] -- Found ament_cmake: 1.3.8 (/opt/ros/humble/share/ament_cmake/cmake)
[0.145s] -- Found rosidl_default_generators: 1.2.0 (/opt/ros/humble/share/rosidl_default_generators/cmake)
[0.147s] -- Using all available rosidl_typesupport_c: rosidl_typesupport_fastrtps_c;rosidl_typesupport_introspection_c
[0.150s] -- Found rosidl_adapter: 3.1.5 (/opt/ros/humble/share/rosidl_adapter/cmake)
[0.178s] -- Using all available rosidl_typesupport_cpp: rosidl_typesupport_fastrtps_cpp;rosidl_typesupport_introspection_cpp
[0.436s] -- Found ament_cmake_ros: 0.10.0 (/opt/ros/humble/share/ament_cmake_ros/cmake)
[0.609s] -- Using all available rosidl_typesupport_c: rosidl_typesupport_fastrtps_c;rosidl_typesupport_introspection_c
[0.826s] -- Using all available rosidl_typesupport_cpp: rosidl_typesupport_fastrtps_cpp;rosidl_typesupport_introspection_cpp
[0.848s] -- Found python_cmake_module: 0.10.0 (/opt/ros/humble/share/python_cmake_module/cmake)
[0.869s] -- Using PYTHON_EXECUTABLE: /usr/bin/python3
[0.869s] -- Using PYTHON_INCLUDE_DIRS: /usr/include/python3.10
[0.869s] -- Using PYTHON_LIBRARIES: /usr/lib/x86_64-linux-gnu/libpython3.10.so
[0.884s] -- Configuring done
[0.919s] -- Generating done
[0.923s] -- Build files have been written to: /home/uav_team/ROS2_curso/build/pkg_interfaces
[0.951s] [  2%] [34m[1mGenerating C code for ROS interfaces[0m
[0.963s] [  4%] [34m[1mGenerating C++ code for ROS interfaces[0m
[0.974s] [  4%] Built target ament_cmake_python_copy_pkg_interfaces
[1.205s] running egg_info
[1.206s] writing pkg_interfaces.egg-info/PKG-INFO
[1.214s] writing dependency_links to pkg_interfaces.egg-info/dependency_links.txt
[1.214s] writing top-level names to pkg_interfaces.egg-info/top_level.txt
[1.217s] reading manifest file 'pkg_interfaces.egg-info/SOURCES.txt'
[1.218s] writing manifest file 'pkg_interfaces.egg-info/SOURCES.txt'
[1.256s] [  4%] Built target ament_cmake_python_build_pkg_interfaces_egg
[1.325s] [  4%] Built target pkg_interfaces__cpp
[1.338s] [ 10%] [34m[1mGenerating C++ introspection for ROS interfaces[0m
[1.338s] [ 10%] [34m[1mGenerating C++ type support dispatch for ROS interfaces[0m
[1.338s] [ 10%] [34m[1mGenerating C++ type support for eProsima Fast-RTPS[0m
[1.388s] [35m[1mConsolidate compiler generated dependencies of target pkg_interfaces__rosidl_generator_c[0m
[1.406s] [ 17%] [32mBuilding C object CMakeFiles/pkg_interfaces__rosidl_generator_c.dir/rosidl_generator_c/pkg_interfaces/msg/detail/hardware_status__functions.c.o[0m
[1.406s] [ 17%] [32mBuilding C object CMakeFiles/pkg_interfaces__rosidl_generator_c.dir/rosidl_generator_c/pkg_interfaces/srv/detail/calculadora_srv__functions.c.o[0m
[1.407s] [ 17%] [32mBuilding C object CMakeFiles/pkg_interfaces__rosidl_generator_c.dir/rosidl_generator_c/pkg_interfaces/srv/detail/compute_rectangle_area__functions.c.o[0m
[1.479s] [ 19%] [32m[1mLinking C shared library libpkg_interfaces__rosidl_generator_c.so[0m
[1.525s] [ 19%] Built target pkg_interfaces__rosidl_generator_c
[1.540s] [ 25%] [34m[1mGenerating C introspection for ROS interfaces[0m
[1.541s] [ 25%] [34m[1mGenerating C type support for eProsima Fast-RTPS[0m
[1.541s] [ 25%] [34m[1mGenerating C type support dispatch for ROS interfaces[0m
[1.654s] [35m[1mConsolidate compiler generated dependencies of target pkg_interfaces__rosidl_typesupport_cpp[0m
[1.671s] [ 27%] [32mBuilding CXX object CMakeFiles/pkg_interfaces__rosidl_typesupport_cpp.dir/rosidl_typesupport_cpp/pkg_interfaces/msg/hardware_status__type_support.cpp.o[0m
[1.672s] [ 29%] [32mBuilding CXX object CMakeFiles/pkg_interfaces__rosidl_typesupport_cpp.dir/rosidl_typesupport_cpp/pkg_interfaces/srv/calculadora_srv__type_support.cpp.o[0m
[1.676s] [ 31%] [32mBuilding CXX object CMakeFiles/pkg_interfaces__rosidl_typesupport_cpp.dir/rosidl_typesupport_cpp/pkg_interfaces/srv/compute_rectangle_area__type_support.cpp.o[0m
[1.785s] [35m[1mConsolidate compiler generated dependencies of target pkg_interfaces__rosidl_typesupport_fastrtps_cpp[0m
[1.804s] [35m[1mConsolidate compiler generated dependencies of target pkg_interfaces__rosidl_typesupport_introspection_cpp[0m
[1.814s] [ 34%] [32mBuilding CXX object CMakeFiles/pkg_interfaces__rosidl_typesupport_fastrtps_cpp.dir/rosidl_typesupport_fastrtps_cpp/pkg_interfaces/msg/detail/dds_fastrtps/hardware_status__type_support.cpp.o[0m
[1.832s] [ 36%] [32mBuilding CXX object CMakeFiles/pkg_interfaces__rosidl_typesupport_introspection_cpp.dir/rosidl_typesupport_introspection_cpp/pkg_interfaces/msg/detail/hardware_status__type_support.cpp.o[0m
[1.991s] [35m[1mConsolidate compiler generated dependencies of target pkg_interfaces__rosidl_typesupport_c[0m
[2.043s] [ 38%] [32mBuilding CXX object CMakeFiles/pkg_interfaces__rosidl_typesupport_c.dir/rosidl_typesupport_c/pkg_interfaces/msg/hardware_status__type_support.cpp.o[0m
[2.059s] [ 40%] [32mBuilding CXX object CMakeFiles/pkg_interfaces__rosidl_typesupport_introspection_cpp.dir/rosidl_typesupport_introspection_cpp/pkg_interfaces/srv/detail/compute_rectangle_area__type_support.cpp.o[0m
[2.070s] [ 42%] [32mBuilding CXX object CMakeFiles/pkg_interfaces__rosidl_typesupport_introspection_cpp.dir/rosidl_typesupport_introspection_cpp/pkg_interfaces/srv/detail/calculadora_srv__type_support.cpp.o[0m
[2.088s] [ 44%] [32m[1mLinking CXX shared library libpkg_interfaces__rosidl_typesupport_cpp.so[0m
[2.097s] [ 46%] [32mBuilding CXX object CMakeFiles/pkg_interfaces__rosidl_typesupport_c.dir/rosidl_typesupport_c/pkg_interfaces/srv/compute_rectangle_area__type_support.cpp.o[0m
[2.130s] [35m[1mConsolidate compiler generated dependencies of target pkg_interfaces__rosidl_typesupport_fastrtps_c[0m
[2.148s] [ 48%] [32mBuilding CXX object CMakeFiles/pkg_interfaces__rosidl_typesupport_c.dir/rosidl_typesupport_c/pkg_interfaces/srv/calculadora_srv__type_support.cpp.o[0m
[2.157s] [ 48%] Built target pkg_interfaces__rosidl_typesupport_cpp
[2.158s] [ 51%] [32mBuilding CXX object CMakeFiles/pkg_interfaces__rosidl_typesupport_fastrtps_c.dir/rosidl_typesupport_fastrtps_c/pkg_interfaces/msg/detail/hardware_status__type_support_c.cpp.o[0m
[2.166s] [35m[1mConsolidate compiler generated dependencies of target pkg_interfaces__rosidl_typesupport_introspection_c[0m
[2.174s] [ 53%] [32mBuilding CXX object CMakeFiles/pkg_interfaces__rosidl_typesupport_fastrtps_c.dir/rosidl_typesupport_fastrtps_c/pkg_interfaces/srv/detail/compute_rectangle_area__type_support_c.cpp.o[0m
[2.194s] [ 55%] [32mBuilding C object CMakeFiles/pkg_interfaces__rosidl_typesupport_introspection_c.dir/rosidl_typesupport_introspection_c/pkg_interfaces/msg/detail/hardware_status__type_support.c.o[0m
[2.201s] [ 57%] [32m[1mLinking CXX shared library libpkg_interfaces__rosidl_typesupport_c.so[0m
[2.255s] [ 59%] [32mBuilding C object CMakeFiles/pkg_interfaces__rosidl_typesupport_introspection_c.dir/rosidl_typesupport_introspection_c/pkg_interfaces/srv/detail/compute_rectangle_area__type_support.c.o[0m
[2.279s] [ 59%] Built target pkg_interfaces__rosidl_typesupport_c
[2.297s] [ 61%] [32mBuilding CXX object CMakeFiles/pkg_interfaces__rosidl_typesupport_fastrtps_c.dir/rosidl_typesupport_fastrtps_c/pkg_interfaces/srv/detail/calculadora_srv__type_support_c.cpp.o[0m
[2.315s] [ 63%] [32mBuilding C object CMakeFiles/pkg_interfaces__rosidl_typesupport_introspection_c.dir/rosidl_typesupport_introspection_c/pkg_interfaces/srv/detail/calculadora_srv__type_support.c.o[0m
[2.372s] [ 65%] [32m[1mLinking C shared library libpkg_interfaces__rosidl_typesupport_introspection_c.so[0m
[2.374s] [ 68%] [32mBuilding CXX object CMakeFiles/pkg_interfaces__rosidl_typesupport_fastrtps_cpp.dir/rosidl_typesupport_fastrtps_cpp/pkg_interfaces/srv/detail/dds_fastrtps/compute_rectangle_area__type_support.cpp.o[0m
[2.378s] [ 70%] [32mBuilding CXX object CMakeFiles/pkg_interfaces__rosidl_typesupport_fastrtps_cpp.dir/rosidl_typesupport_fastrtps_cpp/pkg_interfaces/srv/detail/dds_fastrtps/calculadora_srv__type_support.cpp.o[0m
[2.449s] [ 70%] Built target pkg_interfaces__rosidl_typesupport_introspection_c
[2.632s] [ 72%] [32m[1mLinking CXX shared library libpkg_interfaces__rosidl_typesupport_introspection_cpp.so[0m
[2.725s] [ 72%] Built target pkg_interfaces__rosidl_typesupport_introspection_cpp
[2.739s] [ 74%] [32m[1mLinking CXX shared library libpkg_interfaces__rosidl_typesupport_fastrtps_c.so[0m
[2.841s] [ 76%] [32m[1mLinking CXX shared library libpkg_interfaces__rosidl_typesupport_fastrtps_cpp.so[0m
[2.841s] [ 76%] Built target pkg_interfaces__rosidl_typesupport_fastrtps_c
[2.931s] [ 76%] Built target pkg_interfaces__rosidl_typesupport_fastrtps_cpp
[2.954s] [ 76%] Built target pkg_interfaces
[2.978s] [ 78%] [34m[1mGenerating Python code for ROS interfaces[0m
[3.478s] [ 78%] Built target pkg_interfaces__py
[3.490s] [35m[1mConsolidate compiler generated dependencies of target pkg_interfaces__rosidl_generator_py[0m
[3.507s] [ 85%] [32mBuilding C object CMakeFiles/pkg_interfaces__rosidl_generator_py.dir/rosidl_generator_py/pkg_interfaces/srv/_compute_rectangle_area_s.c.o[0m
[3.507s] [ 85%] [32mBuilding C object CMakeFiles/pkg_interfaces__rosidl_generator_py.dir/rosidl_generator_py/pkg_interfaces/srv/_calculadora_srv_s.c.o[0m
[3.508s] [ 85%] [32mBuilding C object CMakeFiles/pkg_interfaces__rosidl_generator_py.dir/rosidl_generator_py/pkg_interfaces/msg/_hardware_status_s.c.o[0m
[3.605s] [ 87%] [32m[1mLinking C shared library rosidl_generator_py/pkg_interfaces/libpkg_interfaces__rosidl_generator_py.so[0m
[3.649s] [ 87%] Built target pkg_interfaces__rosidl_generator_py
[3.661s] [35m[1mConsolidate compiler generated dependencies of target pkg_interfaces__rosidl_typesupport_fastrtps_c__pyext[0m
[3.661s] [35m[1mConsolidate compiler generated dependencies of target pkg_interfaces__rosidl_typesupport_introspection_c__pyext[0m
[3.661s] [35m[1mConsolidate compiler generated dependencies of target pkg_interfaces__rosidl_typesupport_c__pyext[0m
[3.676s] [ 93%] [32mBuilding C object CMakeFiles/pkg_interfaces__rosidl_typesupport_introspection_c__pyext.dir/rosidl_generator_py/pkg_interfaces/_pkg_interfaces_s.ep.rosidl_typesupport_introspection_c.c.o[0m
[3.676s] [ 93%] [32mBuilding C object CMakeFiles/pkg_interfaces__rosidl_typesupport_c__pyext.dir/rosidl_generator_py/pkg_interfaces/_pkg_interfaces_s.ep.rosidl_typesupport_c.c.o[0m
[3.676s] [ 93%] [32mBuilding C object CMakeFiles/pkg_interfaces__rosidl_typesupport_fastrtps_c__pyext.dir/rosidl_generator_py/pkg_interfaces/_pkg_interfaces_s.ep.rosidl_typesupport_fastrtps_c.c.o[0m
[3.773s] [ 97%] [32m[1mLinking C shared library rosidl_generator_py/pkg_interfaces/pkg_interfaces_s__rosidl_typesupport_introspection_c.cpython-310-x86_64-linux-gnu.so[0m
[3.773s] [ 97%] [32m[1mLinking C shared library rosidl_generator_py/pkg_interfaces/pkg_interfaces_s__rosidl_typesupport_c.cpython-310-x86_64-linux-gnu.so[0m
[3.780s] [100%] [32m[1mLinking C shared library rosidl_generator_py/pkg_interfaces/pkg_interfaces_s__rosidl_typesupport_fastrtps_c.cpython-310-x86_64-linux-gnu.so[0m
[3.809s] [100%] Built target pkg_interfaces__rosidl_typesupport_introspection_c__pyext
[3.809s] [100%] Built target pkg_interfaces__rosidl_typesupport_c__pyext
[3.819s] [100%] Built target pkg_interfaces__rosidl_typesupport_fastrtps_c__pyext
[3.832s] Invoked command in '/home/uav_team/ROS2_curso/build/pkg_interfaces' returned '0': CMAKE_PREFIX_PATH=${CMAKE_PREFIX_PATH}:/home/uav_team/ROS2_curso/install/pkg_treinamento:/home/uav_team/cbr_2024/ros2_drone_ws/install/drone_camera:/opt/ros/humble /usr/bin/cmake --build /home/uav_team/ROS2_curso/build/pkg_interfaces -- -j8 -l8
[3.962s] Invoking command in '/home/uav_team/ROS2_curso/build/pkg_interfaces': CMAKE_PREFIX_PATH=${CMAKE_PREFIX_PATH}:/home/uav_team/ROS2_curso/install/pkg_treinamento:/home/uav_team/cbr_2024/ros2_drone_ws/install/drone_camera:/opt/ros/humble /usr/bin/cmake --install /home/uav_team/ROS2_curso/build/pkg_interfaces
[3.971s] -- Install configuration: ""
[3.971s] -- Up-to-date: /home/uav_team/ROS2_curso/install/pkg_interfaces/share/ament_index/resource_index/rosidl_interfaces/pkg_interfaces
[3.971s] -- Up-to-date: /home/uav_team/ROS2_curso/install/pkg_interfaces/include/pkg_interfaces/pkg_interfaces
[3.971s] -- Up-to-date: /home/uav_team/ROS2_curso/install/pkg_interfaces/include/pkg_interfaces/pkg_interfaces/msg
[3.972s] -- Up-to-date: /home/uav_team/ROS2_curso/install/pkg_interfaces/include/pkg_interfaces/pkg_interfaces/msg/rosidl_generator_c__visibility_control.h
[3.972s] -- Up-to-date: /home/uav_team/ROS2_curso/install/pkg_interfaces/include/pkg_interfaces/pkg_interfaces/msg/detail
[3.972s] -- Installing: /home/uav_team/ROS2_curso/install/pkg_interfaces/include/pkg_interfaces/pkg_interfaces/msg/detail/hardware_status__struct.h
[3.972s] -- Installing: /home/uav_team/ROS2_curso/install/pkg_interfaces/include/pkg_interfaces/pkg_interfaces/msg/detail/hardware_status__functions.c
[3.972s] -- Installing: /home/uav_team/ROS2_curso/install/pkg_interfaces/include/pkg_interfaces/pkg_interfaces/msg/detail/hardware_status__functions.h
[3.972s] -- Installing: /home/uav_team/ROS2_curso/install/pkg_interfaces/include/pkg_interfaces/pkg_interfaces/msg/detail/hardware_status__type_support.h
[3.972s] -- Installing: /home/uav_team/ROS2_curso/install/pkg_interfaces/include/pkg_interfaces/pkg_interfaces/msg/hardware_status.h
[3.972s] -- Up-to-date: /home/uav_team/ROS2_curso/install/pkg_interfaces/include/pkg_interfaces/pkg_interfaces/srv
[3.973s] -- Up-to-date: /home/uav_team/ROS2_curso/install/pkg_interfaces/include/pkg_interfaces/pkg_interfaces/srv/detail
[3.973s] -- Installing: /home/uav_team/ROS2_curso/install/pkg_interfaces/include/pkg_interfaces/pkg_interfaces/srv/detail/calculadora_srv__type_support.h
[3.973s] -- Installing: /home/uav_team/ROS2_curso/install/pkg_interfaces/include/pkg_interfaces/pkg_interfaces/srv/detail/compute_rectangle_area__functions.h
[3.973s] -- Installing: /home/uav_team/ROS2_curso/install/pkg_interfaces/include/pkg_interfaces/pkg_interfaces/srv/detail/compute_rectangle_area__struct.h
[3.973s] -- Installing: /home/uav_team/ROS2_curso/install/pkg_interfaces/include/pkg_interfaces/pkg_interfaces/srv/detail/calculadora_srv__functions.c
[3.973s] -- Installing: /home/uav_team/ROS2_curso/install/pkg_interfaces/include/pkg_interfaces/pkg_interfaces/srv/detail/compute_rectangle_area__functions.c
[3.973s] -- Installing: /home/uav_team/ROS2_curso/install/pkg_interfaces/include/pkg_interfaces/pkg_interfaces/srv/detail/calculadora_srv__functions.h
[3.973s] -- Installing: /home/uav_team/ROS2_curso/install/pkg_interfaces/include/pkg_interfaces/pkg_interfaces/srv/detail/compute_rectangle_area__type_support.h
[3.973s] -- Installing: /home/uav_team/ROS2_curso/install/pkg_interfaces/include/pkg_interfaces/pkg_interfaces/srv/detail/calculadora_srv__struct.h
[3.973s] -- Installing: /home/uav_team/ROS2_curso/install/pkg_interfaces/include/pkg_interfaces/pkg_interfaces/srv/calculadora_srv.h
[3.973s] -- Installing: /home/uav_team/ROS2_curso/install/pkg_interfaces/include/pkg_interfaces/pkg_interfaces/srv/compute_rectangle_area.h
[3.974s] -- Up-to-date: /home/uav_team/ROS2_curso/install/pkg_interfaces/share/pkg_interfaces/environment/library_path.sh
[3.974s] -- Installing: /home/uav_team/ROS2_curso/install/pkg_interfaces/share/pkg_interfaces/environment/library_path.dsv
[3.974s] -- Installing: /home/uav_team/ROS2_curso/install/pkg_interfaces/lib/libpkg_interfaces__rosidl_generator_c.so
[3.974s] -- Set runtime path of "/home/uav_team/ROS2_curso/install/pkg_interfaces/lib/libpkg_interfaces__rosidl_generator_c.so" to ""
[3.975s] -- Up-to-date: /home/uav_team/ROS2_curso/install/pkg_interfaces/include/pkg_interfaces/pkg_interfaces
[3.975s] -- Up-to-date: /home/uav_team/ROS2_curso/install/pkg_interfaces/include/pkg_interfaces/pkg_interfaces/msg
[3.975s] -- Up-to-date: /home/uav_team/ROS2_curso/install/pkg_interfaces/include/pkg_interfaces/pkg_interfaces/msg/rosidl_typesupport_fastrtps_c__visibility_control.h
[3.975s] -- Up-to-date: /home/uav_team/ROS2_curso/install/pkg_interfaces/include/pkg_interfaces/pkg_interfaces/msg/detail
[3.975s] -- Installing: /home/uav_team/ROS2_curso/install/pkg_interfaces/include/pkg_interfaces/pkg_interfaces/msg/detail/hardware_status__rosidl_typesupport_fastrtps_c.h
[3.975s] -- Up-to-date: /home/uav_team/ROS2_curso/install/pkg_interfaces/include/pkg_interfaces/pkg_interfaces/srv
[3.975s] -- Up-to-date: /home/uav_team/ROS2_curso/install/pkg_interfaces/include/pkg_interfaces/pkg_interfaces/srv/detail
[3.975s] -- Installing: /home/uav_team/ROS2_curso/install/pkg_interfaces/include/pkg_interfaces/pkg_interfaces/srv/detail/compute_rectangle_area__rosidl_typesupport_fastrtps_c.h
[3.975s] -- Installing: /home/uav_team/ROS2_curso/install/pkg_interfaces/include/pkg_interfaces/pkg_interfaces/srv/detail/calculadora_srv__rosidl_typesupport_fastrtps_c.h
[3.975s] -- Installing: /home/uav_team/ROS2_curso/install/pkg_interfaces/lib/libpkg_interfaces__rosidl_typesupport_fastrtps_c.so
[3.976s] -- Set runtime path of "/home/uav_team/ROS2_curso/install/pkg_interfaces/lib/libpkg_interfaces__rosidl_typesupport_fastrtps_c.so" to ""
[3.976s] -- Up-to-date: /home/uav_team/ROS2_curso/install/pkg_interfaces/include/pkg_interfaces/pkg_interfaces
[3.976s] -- Up-to-date: /home/uav_team/ROS2_curso/install/pkg_interfaces/include/pkg_interfaces/pkg_interfaces/msg
[3.976s] -- Up-to-date: /home/uav_team/ROS2_curso/install/pkg_interfaces/include/pkg_interfaces/pkg_interfaces/msg/detail
[3.976s] -- Installing: /home/uav_team/ROS2_curso/install/pkg_interfaces/include/pkg_interfaces/pkg_interfaces/msg/detail/hardware_status__type_support.c
[3.976s] -- Installing: /home/uav_team/ROS2_curso/install/pkg_interfaces/include/pkg_interfaces/pkg_interfaces/msg/detail/hardware_status__rosidl_typesupport_introspection_c.h
[3.976s] -- Up-to-date: /home/uav_team/ROS2_curso/install/pkg_interfaces/include/pkg_interfaces/pkg_interfaces/msg/rosidl_typesupport_introspection_c__visibility_control.h
[3.976s] -- Up-to-date: /home/uav_team/ROS2_curso/install/pkg_interfaces/include/pkg_interfaces/pkg_interfaces/srv
[3.976s] -- Up-to-date: /home/uav_team/ROS2_curso/install/pkg_interfaces/include/pkg_interfaces/pkg_interfaces/srv/detail
[3.976s] -- Installing: /home/uav_team/ROS2_curso/install/pkg_interfaces/include/pkg_interfaces/pkg_interfaces/srv/detail/compute_rectangle_area__type_support.c
[3.977s] -- Installing: /home/uav_team/ROS2_curso/install/pkg_interfaces/include/pkg_interfaces/pkg_interfaces/srv/detail/calculadora_srv__type_support.c
[3.977s] -- Installing: /home/uav_team/ROS2_curso/install/pkg_interfaces/include/pkg_interfaces/pkg_interfaces/srv/detail/calculadora_srv__rosidl_typesupport_introspection_c.h
[3.977s] -- Installing: /home/uav_team/ROS2_curso/install/pkg_interfaces/include/pkg_interfaces/pkg_interfaces/srv/detail/compute_rectangle_area__rosidl_typesupport_introspection_c.h
[3.977s] -- Installing: /home/uav_team/ROS2_curso/install/pkg_interfaces/lib/libpkg_interfaces__rosidl_typesupport_introspection_c.so
[3.978s] -- Set runtime path of "/home/uav_team/ROS2_curso/install/pkg_interfaces/lib/libpkg_interfaces__rosidl_typesupport_introspection_c.so" to ""
[3.978s] -- Installing: /home/uav_team/ROS2_curso/install/pkg_interfaces/lib/libpkg_interfaces__rosidl_typesupport_c.so
[3.978s] -- Set runtime path of "/home/uav_team/ROS2_curso/install/pkg_interfaces/lib/libpkg_interfaces__rosidl_typesupport_c.so" to ""
[3.978s] -- Up-to-date: /home/uav_team/ROS2_curso/install/pkg_interfaces/include/pkg_interfaces/pkg_interfaces
[3.978s] -- Up-to-date: /home/uav_team/ROS2_curso/install/pkg_interfaces/include/pkg_interfaces/pkg_interfaces/msg
[3.978s] -- Up-to-date: /home/uav_team/ROS2_curso/install/pkg_interfaces/include/pkg_interfaces/pkg_interfaces/msg/detail
[3.979s] -- Installing: /home/uav_team/ROS2_curso/install/pkg_interfaces/include/pkg_interfaces/pkg_interfaces/msg/detail/hardware_status__traits.hpp
[3.979s] -- Installing: /home/uav_team/ROS2_curso/install/pkg_interfaces/include/pkg_interfaces/pkg_interfaces/msg/detail/hardware_status__builder.hpp
[3.979s] -- Installing: /home/uav_team/ROS2_curso/install/pkg_interfaces/include/pkg_interfaces/pkg_interfaces/msg/detail/hardware_status__struct.hpp
[3.979s] -- Installing: /home/uav_team/ROS2_curso/install/pkg_interfaces/include/pkg_interfaces/pkg_interfaces/msg/hardware_status.hpp
[3.979s] -- Up-to-date: /home/uav_team/ROS2_curso/install/pkg_interfaces/include/pkg_interfaces/pkg_interfaces/srv
[3.979s] -- Up-to-date: /home/uav_team/ROS2_curso/install/pkg_interfaces/include/pkg_interfaces/pkg_interfaces/srv/detail
[3.979s] -- Installing: /home/uav_team/ROS2_curso/install/pkg_interfaces/include/pkg_interfaces/pkg_interfaces/srv/detail/compute_rectangle_area__builder.hpp
[3.979s] -- Installing: /home/uav_team/ROS2_curso/install/pkg_interfaces/include/pkg_interfaces/pkg_interfaces/srv/detail/calculadora_srv__traits.hpp
[3.979s] -- Installing: /home/uav_team/ROS2_curso/install/pkg_interfaces/include/pkg_interfaces/pkg_interfaces/srv/detail/compute_rectangle_area__traits.hpp
[3.979s] -- Installing: /home/uav_team/ROS2_curso/install/pkg_interfaces/include/pkg_interfaces/pkg_interfaces/srv/detail/calculadora_srv__builder.hpp
[3.980s] -- Installing: /home/uav_team/ROS2_curso/install/pkg_interfaces/include/pkg_interfaces/pkg_interfaces/srv/detail/calculadora_srv__struct.hpp
[3.980s] -- Installing: /home/uav_team/ROS2_curso/install/pkg_interfaces/include/pkg_interfaces/pkg_interfaces/srv/detail/compute_rectangle_area__struct.hpp
[3.980s] -- Installing: /home/uav_team/ROS2_curso/install/pkg_interfaces/include/pkg_interfaces/pkg_interfaces/srv/compute_rectangle_area.hpp
[3.980s] -- Installing: /home/uav_team/ROS2_curso/install/pkg_interfaces/include/pkg_interfaces/pkg_interfaces/srv/calculadora_srv.hpp
[3.981s] -- Up-to-date: /home/uav_team/ROS2_curso/install/pkg_interfaces/include/pkg_interfaces/pkg_interfaces
[3.981s] -- Up-to-date: /home/uav_team/ROS2_curso/install/pkg_interfaces/include/pkg_interfaces/pkg_interfaces/msg
[3.981s] -- Up-to-date: /home/uav_team/ROS2_curso/install/pkg_interfaces/include/pkg_interfaces/pkg_interfaces/msg/rosidl_typesupport_fastrtps_cpp__visibility_control.h
[3.981s] -- Up-to-date: /home/uav_team/ROS2_curso/install/pkg_interfaces/include/pkg_interfaces/pkg_interfaces/msg/detail
[3.981s] -- Installing: /home/uav_team/ROS2_curso/install/pkg_interfaces/include/pkg_interfaces/pkg_interfaces/msg/detail/hardware_status__rosidl_typesupport_fastrtps_cpp.hpp
[3.981s] -- Up-to-date: /home/uav_team/ROS2_curso/install/pkg_interfaces/include/pkg_interfaces/pkg_interfaces/msg/detail/dds_fastrtps
[3.981s] -- Up-to-date: /home/uav_team/ROS2_curso/install/pkg_interfaces/include/pkg_interfaces/pkg_interfaces/srv
[3.981s] -- Up-to-date: /home/uav_team/ROS2_curso/install/pkg_interfaces/include/pkg_interfaces/pkg_interfaces/srv/detail
[3.981s] -- Up-to-date: /home/uav_team/ROS2_curso/install/pkg_interfaces/include/pkg_interfaces/pkg_interfaces/srv/detail/dds_fastrtps
[3.981s] -- Installing: /home/uav_team/ROS2_curso/install/pkg_interfaces/include/pkg_interfaces/pkg_interfaces/srv/detail/calculadora_srv__rosidl_typesupport_fastrtps_cpp.hpp
[3.981s] -- Installing: /home/uav_team/ROS2_curso/install/pkg_interfaces/include/pkg_interfaces/pkg_interfaces/srv/detail/compute_rectangle_area__rosidl_typesupport_fastrtps_cpp.hpp
[3.981s] -- Installing: /home/uav_team/ROS2_curso/install/pkg_interfaces/lib/libpkg_interfaces__rosidl_typesupport_fastrtps_cpp.so
[3.982s] -- Set runtime path of "/home/uav_team/ROS2_curso/install/pkg_interfaces/lib/libpkg_interfaces__rosidl_typesupport_fastrtps_cpp.so" to ""
[3.982s] -- Up-to-date: /home/uav_team/ROS2_curso/install/pkg_interfaces/include/pkg_interfaces/pkg_interfaces
[3.982s] -- Up-to-date: /home/uav_team/ROS2_curso/install/pkg_interfaces/include/pkg_interfaces/pkg_interfaces/msg
[3.982s] -- Up-to-date: /home/uav_team/ROS2_curso/install/pkg_interfaces/include/pkg_interfaces/pkg_interfaces/msg/detail
[3.982s] -- Installing: /home/uav_team/ROS2_curso/install/pkg_interfaces/include/pkg_interfaces/pkg_interfaces/msg/detail/hardware_status__rosidl_typesupport_introspection_cpp.hpp
[3.982s] -- Installing: /home/uav_team/ROS2_curso/install/pkg_interfaces/include/pkg_interfaces/pkg_interfaces/msg/detail/hardware_status__type_support.cpp
[3.982s] -- Up-to-date: /home/uav_team/ROS2_curso/install/pkg_interfaces/include/pkg_interfaces/pkg_interfaces/srv
[3.982s] -- Up-to-date: /home/uav_team/ROS2_curso/install/pkg_interfaces/include/pkg_interfaces/pkg_interfaces/srv/detail
[3.982s] -- Installing: /home/uav_team/ROS2_curso/install/pkg_interfaces/include/pkg_interfaces/pkg_interfaces/srv/detail/compute_rectangle_area__rosidl_typesupport_introspection_cpp.hpp
[3.982s] -- Installing: /home/uav_team/ROS2_curso/install/pkg_interfaces/include/pkg_interfaces/pkg_interfaces/srv/detail/calculadora_srv__rosidl_typesupport_introspection_cpp.hpp
[3.983s] -- Installing: /home/uav_team/ROS2_curso/install/pkg_interfaces/include/pkg_interfaces/pkg_interfaces/srv/detail/calculadora_srv__type_support.cpp
[3.983s] -- Installing: /home/uav_team/ROS2_curso/install/pkg_interfaces/include/pkg_interfaces/pkg_interfaces/srv/detail/compute_rectangle_area__type_support.cpp
[3.983s] -- Installing: /home/uav_team/ROS2_curso/install/pkg_interfaces/lib/libpkg_interfaces__rosidl_typesupport_introspection_cpp.so
[3.984s] -- Set runtime path of "/home/uav_team/ROS2_curso/install/pkg_interfaces/lib/libpkg_interfaces__rosidl_typesupport_introspection_cpp.so" to ""
[3.984s] -- Installing: /home/uav_team/ROS2_curso/install/pkg_interfaces/lib/libpkg_interfaces__rosidl_typesupport_cpp.so
[3.984s] -- Set runtime path of "/home/uav_team/ROS2_curso/install/pkg_interfaces/lib/libpkg_interfaces__rosidl_typesupport_cpp.so" to ""
[3.984s] -- Up-to-date: /home/uav_team/ROS2_curso/install/pkg_interfaces/share/pkg_interfaces/environment/pythonpath.sh
[3.984s] -- Installing: /home/uav_team/ROS2_curso/install/pkg_interfaces/share/pkg_interfaces/environment/pythonpath.dsv
[3.984s] -- Up-to-date: /home/uav_team/ROS2_curso/install/pkg_interfaces/local/lib/python3.10/dist-packages/pkg_interfaces-0.0.0-py3.10.egg-info
[3.984s] -- Installing: /home/uav_team/ROS2_curso/install/pkg_interfaces/local/lib/python3.10/dist-packages/pkg_interfaces-0.0.0-py3.10.egg-info/SOURCES.txt
[3.985s] -- Installing: /home/uav_team/ROS2_curso/install/pkg_interfaces/local/lib/python3.10/dist-packages/pkg_interfaces-0.0.0-py3.10.egg-info/PKG-INFO
[3.985s] -- Installing: /home/uav_team/ROS2_curso/install/pkg_interfaces/local/lib/python3.10/dist-packages/pkg_interfaces-0.0.0-py3.10.egg-info/top_level.txt
[3.985s] -- Installing: /home/uav_team/ROS2_curso/install/pkg_interfaces/local/lib/python3.10/dist-packages/pkg_interfaces-0.0.0-py3.10.egg-info/dependency_links.txt
[3.985s] -- Up-to-date: /home/uav_team/ROS2_curso/install/pkg_interfaces/local/lib/python3.10/dist-packages/pkg_interfaces
[3.985s] -- Installing: /home/uav_team/ROS2_curso/install/pkg_interfaces/local/lib/python3.10/dist-packages/pkg_interfaces/pkg_interfaces_s__rosidl_typesupport_c.cpython-310-x86_64-linux-gnu.so
[3.985s] -- Installing: /home/uav_team/ROS2_curso/install/pkg_interfaces/local/lib/python3.10/dist-packages/pkg_interfaces/pkg_interfaces_s__rosidl_typesupport_introspection_c.cpython-310-x86_64-linux-gnu.so
[3.985s] -- Installing: /home/uav_team/ROS2_curso/install/pkg_interfaces/local/lib/python3.10/dist-packages/pkg_interfaces/pkg_interfaces_s__rosidl_typesupport_fastrtps_c.cpython-310-x86_64-linux-gnu.so
[3.986s] -- Installing: /home/uav_team/ROS2_curso/install/pkg_interfaces/local/lib/python3.10/dist-packages/pkg_interfaces/_pkg_interfaces_s.ep.rosidl_typesupport_c.c
[3.986s] -- Installing: /home/uav_team/ROS2_curso/install/pkg_interfaces/local/lib/python3.10/dist-packages/pkg_interfaces/libpkg_interfaces__rosidl_generator_py.so
[3.986s] -- Up-to-date: /home/uav_team/ROS2_curso/install/pkg_interfaces/local/lib/python3.10/dist-packages/pkg_interfaces/msg
[3.986s] -- Installing: /home/uav_team/ROS2_curso/install/pkg_interfaces/local/lib/python3.10/dist-packages/pkg_interfaces/msg/_hardware_status_s.c
[3.986s] -- Installing: /home/uav_team/ROS2_curso/install/pkg_interfaces/local/lib/python3.10/dist-packages/pkg_interfaces/msg/_hardware_status.py
[3.986s] -- Installing: /home/uav_team/ROS2_curso/install/pkg_interfaces/local/lib/python3.10/dist-packages/pkg_interfaces/msg/__init__.py
[3.987s] -- Installing: /home/uav_team/ROS2_curso/install/pkg_interfaces/local/lib/python3.10/dist-packages/pkg_interfaces/_pkg_interfaces_s.ep.rosidl_typesupport_fastrtps_c.c
[3.987s] -- Installing: /home/uav_team/ROS2_curso/install/pkg_interfaces/local/lib/python3.10/dist-packages/pkg_interfaces/__init__.py
[3.987s] -- Installing: /home/uav_team/ROS2_curso/install/pkg_interfaces/local/lib/python3.10/dist-packages/pkg_interfaces/_pkg_interfaces_s.ep.rosidl_typesupport_introspection_c.c
[3.987s] -- Up-to-date: /home/uav_team/ROS2_curso/install/pkg_interfaces/local/lib/python3.10/dist-packages/pkg_interfaces/srv
[3.987s] -- Installing: /home/uav_team/ROS2_curso/install/pkg_interfaces/local/lib/python3.10/dist-packages/pkg_interfaces/srv/_compute_rectangle_area.py
[3.987s] -- Installing: /home/uav_team/ROS2_curso/install/pkg_interfaces/local/lib/python3.10/dist-packages/pkg_interfaces/srv/_calculadora_srv.py
[3.987s] -- Installing: /home/uav_team/ROS2_curso/install/pkg_interfaces/local/lib/python3.10/dist-packages/pkg_interfaces/srv/_compute_rectangle_area_s.c
[3.988s] -- Installing: /home/uav_team/ROS2_curso/install/pkg_interfaces/local/lib/python3.10/dist-packages/pkg_interfaces/srv/__init__.py
[3.988s] -- Installing: /home/uav_team/ROS2_curso/install/pkg_interfaces/local/lib/python3.10/dist-packages/pkg_interfaces/srv/_calculadora_srv_s.c
[4.019s] Listing '/home/uav_team/ROS2_curso/install/pkg_interfaces/local/lib/python3.10/dist-packages/pkg_interfaces'...
[4.020s] Compiling '/home/uav_team/ROS2_curso/install/pkg_interfaces/local/lib/python3.10/dist-packages/pkg_interfaces/__init__.py'...
[4.020s] Listing '/home/uav_team/ROS2_curso/install/pkg_interfaces/local/lib/python3.10/dist-packages/pkg_interfaces/msg'...
[4.020s] Compiling '/home/uav_team/ROS2_curso/install/pkg_interfaces/local/lib/python3.10/dist-packages/pkg_interfaces/msg/__init__.py'...
[4.020s] Compiling '/home/uav_team/ROS2_curso/install/pkg_interfaces/local/lib/python3.10/dist-packages/pkg_interfaces/msg/_hardware_status.py'...
[4.020s] Listing '/home/uav_team/ROS2_curso/install/pkg_interfaces/local/lib/python3.10/dist-packages/pkg_interfaces/srv'...
[4.020s] Compiling '/home/uav_team/ROS2_curso/install/pkg_interfaces/local/lib/python3.10/dist-packages/pkg_interfaces/srv/__init__.py'...
[4.020s] Compiling '/home/uav_team/ROS2_curso/install/pkg_interfaces/local/lib/python3.10/dist-packages/pkg_interfaces/srv/_calculadora_srv.py'...
[4.020s] Compiling '/home/uav_team/ROS2_curso/install/pkg_interfaces/local/lib/python3.10/dist-packages/pkg_interfaces/srv/_compute_rectangle_area.py'...
[4.025s] -- Installing: /home/uav_team/ROS2_curso/install/pkg_interfaces/local/lib/python3.10/dist-packages/pkg_interfaces/pkg_interfaces_s__rosidl_typesupport_fastrtps_c.cpython-310-x86_64-linux-gnu.so
[4.025s] -- Set runtime path of "/home/uav_team/ROS2_curso/install/pkg_interfaces/local/lib/python3.10/dist-packages/pkg_interfaces/pkg_interfaces_s__rosidl_typesupport_fastrtps_c.cpython-310-x86_64-linux-gnu.so" to ""
[4.025s] -- Installing: /home/uav_team/ROS2_curso/install/pkg_interfaces/local/lib/python3.10/dist-packages/pkg_interfaces/pkg_interfaces_s__rosidl_typesupport_introspection_c.cpython-310-x86_64-linux-gnu.so
[4.025s] -- Set runtime path of "/home/uav_team/ROS2_curso/install/pkg_interfaces/local/lib/python3.10/dist-packages/pkg_interfaces/pkg_interfaces_s__rosidl_typesupport_introspection_c.cpython-310-x86_64-linux-gnu.so" to ""
[4.026s] -- Installing: /home/uav_team/ROS2_curso/install/pkg_interfaces/local/lib/python3.10/dist-packages/pkg_interfaces/pkg_interfaces_s__rosidl_typesupport_c.cpython-310-x86_64-linux-gnu.so
[4.026s] -- Set runtime path of "/home/uav_team/ROS2_curso/install/pkg_interfaces/local/lib/python3.10/dist-packages/pkg_interfaces/pkg_interfaces_s__rosidl_typesupport_c.cpython-310-x86_64-linux-gnu.so" to ""
[4.026s] -- Installing: /home/uav_team/ROS2_curso/install/pkg_interfaces/lib/libpkg_interfaces__rosidl_generator_py.so
[4.027s] -- Set runtime path of "/home/uav_team/ROS2_curso/install/pkg_interfaces/lib/libpkg_interfaces__rosidl_generator_py.so" to ""
[4.027s] -- Up-to-date: /home/uav_team/ROS2_curso/install/pkg_interfaces/share/pkg_interfaces/msg/HardwareStatus.idl
[4.027s] -- Up-to-date: /home/uav_team/ROS2_curso/install/pkg_interfaces/share/pkg_interfaces/srv/ComputeRectangleArea.idl
[4.027s] -- Installing: /home/uav_team/ROS2_curso/install/pkg_interfaces/share/pkg_interfaces/srv/CalculadoraSrv.idl
[4.027s] -- Up-to-date: /home/uav_team/ROS2_curso/install/pkg_interfaces/share/pkg_interfaces/msg/HardwareStatus.msg
[4.027s] -- Up-to-date: /home/uav_team/ROS2_curso/install/pkg_interfaces/share/pkg_interfaces/srv/ComputeRectangleArea.srv
[4.027s] -- Up-to-date: /home/uav_team/ROS2_curso/install/pkg_interfaces/share/pkg_interfaces/srv/ComputeRectangleArea_Request.msg
[4.027s] -- Up-to-date: /home/uav_team/ROS2_curso/install/pkg_interfaces/share/pkg_interfaces/srv/ComputeRectangleArea_Response.msg
[4.027s] -- Installing: /home/uav_team/ROS2_curso/install/pkg_interfaces/share/pkg_interfaces/srv/CalculadoraSrv.srv
[4.027s] -- Installing: /home/uav_team/ROS2_curso/install/pkg_interfaces/share/pkg_interfaces/srv/CalculadoraSrv_Request.msg
[4.027s] -- Up-to-date: /home/uav_team/ROS2_curso/install/pkg_interfaces/share/pkg_interfaces/srv/CalculadoraSrv_Response.msg
[4.027s] -- Up-to-date: /home/uav_team/ROS2_curso/install/pkg_interfaces/share/ament_index/resource_index/package_run_dependencies/pkg_interfaces
[4.028s] -- Installing: /home/uav_team/ROS2_curso/install/pkg_interfaces/share/ament_index/resource_index/parent_prefix_path/pkg_interfaces
[4.028s] -- Up-to-date: /home/uav_team/ROS2_curso/install/pkg_interfaces/share/pkg_interfaces/environment/ament_prefix_path.sh
[4.028s] -- Installing: /home/uav_team/ROS2_curso/install/pkg_interfaces/share/pkg_interfaces/environment/ament_prefix_path.dsv
[4.028s] -- Up-to-date: /home/uav_team/ROS2_curso/install/pkg_interfaces/share/pkg_interfaces/environment/path.sh
[4.028s] -- Installing: /home/uav_team/ROS2_curso/install/pkg_interfaces/share/pkg_interfaces/environment/path.dsv
[4.028s] -- Up-to-date: /home/uav_team/ROS2_curso/install/pkg_interfaces/share/pkg_interfaces/local_setup.bash
[4.028s] -- Up-to-date: /home/uav_team/ROS2_curso/install/pkg_interfaces/share/pkg_interfaces/local_setup.sh
[4.028s] -- Up-to-date: /home/uav_team/ROS2_curso/install/pkg_interfaces/share/pkg_interfaces/local_setup.zsh
[4.028s] -- Installing: /home/uav_team/ROS2_curso/install/pkg_interfaces/share/pkg_interfaces/local_setup.dsv
[4.028s] -- Installing: /home/uav_team/ROS2_curso/install/pkg_interfaces/share/pkg_interfaces/package.dsv
[4.029s] -- Up-to-date: /home/uav_team/ROS2_curso/install/pkg_interfaces/share/ament_index/resource_index/packages/pkg_interfaces
[4.029s] -- Up-to-date: /home/uav_team/ROS2_curso/install/pkg_interfaces/share/pkg_interfaces/cmake/export_pkg_interfaces__rosidl_generator_cExport.cmake
[4.029s] -- Up-to-date: /home/uav_team/ROS2_curso/install/pkg_interfaces/share/pkg_interfaces/cmake/export_pkg_interfaces__rosidl_generator_cExport-noconfig.cmake
[4.029s] -- Up-to-date: /home/uav_team/ROS2_curso/install/pkg_interfaces/share/pkg_interfaces/cmake/export_pkg_interfaces__rosidl_typesupport_fastrtps_cExport.cmake
[4.029s] -- Up-to-date: /home/uav_team/ROS2_curso/install/pkg_interfaces/share/pkg_interfaces/cmake/export_pkg_interfaces__rosidl_typesupport_fastrtps_cExport-noconfig.cmake
[4.029s] -- Up-to-date: /home/uav_team/ROS2_curso/install/pkg_interfaces/share/pkg_interfaces/cmake/pkg_interfaces__rosidl_typesupport_introspection_cExport.cmake
[4.029s] -- Up-to-date: /home/uav_team/ROS2_curso/install/pkg_interfaces/share/pkg_interfaces/cmake/pkg_interfaces__rosidl_typesupport_introspection_cExport-noconfig.cmake
[4.029s] -- Up-to-date: /home/uav_team/ROS2_curso/install/pkg_interfaces/share/pkg_interfaces/cmake/pkg_interfaces__rosidl_typesupport_cExport.cmake
[4.029s] -- Up-to-date: /home/uav_team/ROS2_curso/install/pkg_interfaces/share/pkg_interfaces/cmake/pkg_interfaces__rosidl_typesupport_cExport-noconfig.cmake
[4.029s] -- Up-to-date: /home/uav_team/ROS2_curso/install/pkg_interfaces/share/pkg_interfaces/cmake/export_pkg_interfaces__rosidl_generator_cppExport.cmake
[4.029s] -- Up-to-date: /home/uav_team/ROS2_curso/install/pkg_interfaces/share/pkg_interfaces/cmake/export_pkg_interfaces__rosidl_typesupport_fastrtps_cppExport.cmake
[4.029s] -- Up-to-date: /home/uav_team/ROS2_curso/install/pkg_interfaces/share/pkg_interfaces/cmake/export_pkg_interfaces__rosidl_typesupport_fastrtps_cppExport-noconfig.cmake
[4.029s] -- Up-to-date: /home/uav_team/ROS2_curso/install/pkg_interfaces/share/pkg_interfaces/cmake/pkg_interfaces__rosidl_typesupport_introspection_cppExport.cmake
[4.030s] -- Up-to-date: /home/uav_team/ROS2_curso/install/pkg_interfaces/share/pkg_interfaces/cmake/pkg_interfaces__rosidl_typesupport_introspection_cppExport-noconfig.cmake
[4.030s] -- Up-to-date: /home/uav_team/ROS2_curso/install/pkg_interfaces/share/pkg_interfaces/cmake/pkg_interfaces__rosidl_typesupport_cppExport.cmake
[4.030s] -- Up-to-date: /home/uav_team/ROS2_curso/install/pkg_interfaces/share/pkg_interfaces/cmake/pkg_interfaces__rosidl_typesupport_cppExport-noconfig.cmake
[4.030s] -- Up-to-date: /home/uav_team/ROS2_curso/install/pkg_interfaces/share/pkg_interfaces/cmake/export_pkg_interfaces__rosidl_generator_pyExport.cmake
[4.030s] -- Up-to-date: /home/uav_team/ROS2_curso/install/pkg_interfaces/share/pkg_interfaces/cmake/export_pkg_interfaces__rosidl_generator_pyExport-noconfig.cmake
[4.030s] -- Up-to-date: /home/uav_team/ROS2_curso/install/pkg_interfaces/share/pkg_interfaces/cmake/rosidl_cmake-extras.cmake
[4.030s] -- Up-to-date: /home/uav_team/ROS2_curso/install/pkg_interfaces/share/pkg_interfaces/cmake/ament_cmake_export_include_directories-extras.cmake
[4.030s] -- Up-to-date: /home/uav_team/ROS2_curso/install/pkg_interfaces/share/pkg_interfaces/cmake/ament_cmake_export_libraries-extras.cmake
[4.030s] -- Up-to-date: /home/uav_team/ROS2_curso/install/pkg_interfaces/share/pkg_interfaces/cmake/ament_cmake_export_targets-extras.cmake
[4.030s] -- Up-to-date: /home/uav_team/ROS2_curso/install/pkg_interfaces/share/pkg_interfaces/cmake/rosidl_cmake_export_typesupport_targets-extras.cmake
[4.030s] -- Up-to-date: /home/uav_team/ROS2_curso/install/pkg_interfaces/share/pkg_interfaces/cmake/ament_cmake_export_dependencies-extras.cmake
[4.030s] -- Up-to-date: /home/uav_team/ROS2_curso/install/pkg_interfaces/share/pkg_interfaces/cmake/rosidl_cmake_export_typesupport_libraries-extras.cmake
[4.030s] -- Up-to-date: /home/uav_team/ROS2_curso/install/pkg_interfaces/share/pkg_interfaces/cmake/pkg_interfacesConfig.cmake
[4.030s] -- Up-to-date: /home/uav_team/ROS2_curso/install/pkg_interfaces/share/pkg_interfaces/cmake/pkg_interfacesConfig-version.cmake
[4.030s] -- Up-to-date: /home/uav_team/ROS2_curso/install/pkg_interfaces/share/pkg_interfaces/package.xml
[4.033s] Invoked command in '/home/uav_team/ROS2_curso/build/pkg_interfaces' returned '0': CMAKE_PREFIX_PATH=${CMAKE_PREFIX_PATH}:/home/uav_team/ROS2_curso/install/pkg_treinamento:/home/uav_team/cbr_2024/ros2_drone_ws/install/drone_camera:/opt/ros/humble /usr/bin/cmake --install /home/uav_team/ROS2_curso/build/pkg_interfaces
