[0.316s] Invoking command in '/home/isabel/Repositorios/ROS2_curso/src/pkg_treinamento': AMENT_PREFIX_PATH=/home/isabel/Repositorios/ROS2_curso/install/pkg_interfaces:${AMENT_PREFIX_PATH} CMAKE_PREFIX_PATH=/home/isabel/Repositorios/ROS2_curso/install/pkg_interfaces:${CMAKE_PREFIX_PATH} LD_LIBRARY_PATH=/home/isabel/Repositorios/ROS2_curso/install/pkg_interfaces/lib:${LD_LIBRARY_PATH} PYTHONPATH=/home/isabel/Repositorios/ROS2_curso/build/pkg_treinamento/prefix_override:/home/isabel/Repositorios/ROS2_curso/install/pkg_treinamento/lib/python3.10/site-packages:/home/isabel/Repositorios/ROS2_curso/install/pkg_interfaces/local/lib/python3.10/dist-packages:${PYTHONPATH} /usr/bin/python3 -W ignore:setup.py install is deprecated setup.py egg_info --egg-base ../../build/pkg_treinamento build --build-base /home/isabel/Repositorios/ROS2_curso/build/pkg_treinamento/build install --record /home/isabel/Repositorios/ROS2_curso/build/pkg_treinamento/install.log --single-version-externally-managed install_data
[0.436s] running egg_info
[0.436s] creating ../../build/pkg_treinamento/pkg_treinamento.egg-info
[0.436s] writing ../../build/pkg_treinamento/pkg_treinamento.egg-info/PKG-INFO
[0.436s] writing dependency_links to ../../build/pkg_treinamento/pkg_treinamento.egg-info/dependency_links.txt
[0.436s] writing entry points to ../../build/pkg_treinamento/pkg_treinamento.egg-info/entry_points.txt
[0.436s] writing requirements to ../../build/pkg_treinamento/pkg_treinamento.egg-info/requires.txt
[0.436s] writing top-level names to ../../build/pkg_treinamento/pkg_treinamento.egg-info/top_level.txt
[0.436s] writing manifest file '../../build/pkg_treinamento/pkg_treinamento.egg-info/SOURCES.txt'
[0.437s] reading manifest file '../../build/pkg_treinamento/pkg_treinamento.egg-info/SOURCES.txt'
[0.437s] writing manifest file '../../build/pkg_treinamento/pkg_treinamento.egg-info/SOURCES.txt'
[0.437s] running build
[0.437s] running build_py
[0.438s] creating /home/isabel/Repositorios/ROS2_curso/build/pkg_treinamento/build
[0.438s] creating /home/isabel/Repositorios/ROS2_curso/build/pkg_treinamento/build/lib
[0.438s] creating /home/isabel/Repositorios/ROS2_curso/build/pkg_treinamento/build/lib/pkg_treinamento
[0.438s] copying pkg_treinamento/calculadorabasica.py -> /home/isabel/Repositorios/ROS2_curso/build/pkg_treinamento/build/lib/pkg_treinamento
[0.438s] copying pkg_treinamento/counter10.py -> /home/isabel/Repositorios/ROS2_curso/build/pkg_treinamento/build/lib/pkg_treinamento
[0.438s] copying pkg_treinamento/radiostation.py -> /home/isabel/Repositorios/ROS2_curso/build/pkg_treinamento/build/lib/pkg_treinamento
[0.438s] copying pkg_treinamento/sub1.py -> /home/isabel/Repositorios/ROS2_curso/build/pkg_treinamento/build/lib/pkg_treinamento
[0.438s] copying pkg_treinamento/oeste.py -> /home/isabel/Repositorios/ROS2_curso/build/pkg_treinamento/build/lib/pkg_treinamento
[0.438s] copying pkg_treinamento/calculatorserver.py -> /home/isabel/Repositorios/ROS2_curso/build/pkg_treinamento/build/lib/pkg_treinamento
[0.438s] copying pkg_treinamento/pub.py -> /home/isabel/Repositorios/ROS2_curso/build/pkg_treinamento/build/lib/pkg_treinamento
[0.438s] copying pkg_treinamento/hardwarestatus.py -> /home/isabel/Repositorios/ROS2_curso/build/pkg_treinamento/build/lib/pkg_treinamento
[0.438s] copying pkg_treinamento/geocalcserver.py -> /home/isabel/Repositorios/ROS2_curso/build/pkg_treinamento/build/lib/pkg_treinamento
[0.438s] copying pkg_treinamento/__init__.py -> /home/isabel/Repositorios/ROS2_curso/build/pkg_treinamento/build/lib/pkg_treinamento
[0.438s] copying pkg_treinamento/educadora.py -> /home/isabel/Repositorios/ROS2_curso/build/pkg_treinamento/build/lib/pkg_treinamento
[0.438s] copying pkg_treinamento/velhochico.py -> /home/isabel/Repositorios/ROS2_curso/build/pkg_treinamento/build/lib/pkg_treinamento
[0.438s] copying pkg_treinamento/radioreceiver.py -> /home/isabel/Repositorios/ROS2_curso/build/pkg_treinamento/build/lib/pkg_treinamento
[0.438s] copying pkg_treinamento/calculatorclient.py -> /home/isabel/Repositorios/ROS2_curso/build/pkg_treinamento/build/lib/pkg_treinamento
[0.438s] running install
[0.438s] running install_lib
[0.439s] creating /home/isabel/Repositorios/ROS2_curso/install/pkg_treinamento/lib/python3.10/site-packages/pkg_treinamento
[0.439s] copying /home/isabel/Repositorios/ROS2_curso/build/pkg_treinamento/build/lib/pkg_treinamento/calculadorabasica.py -> /home/isabel/Repositorios/ROS2_curso/install/pkg_treinamento/lib/python3.10/site-packages/pkg_treinamento
[0.439s] copying /home/isabel/Repositorios/ROS2_curso/build/pkg_treinamento/build/lib/pkg_treinamento/counter10.py -> /home/isabel/Repositorios/ROS2_curso/install/pkg_treinamento/lib/python3.10/site-packages/pkg_treinamento
[0.439s] copying /home/isabel/Repositorios/ROS2_curso/build/pkg_treinamento/build/lib/pkg_treinamento/radiostation.py -> /home/isabel/Repositorios/ROS2_curso/install/pkg_treinamento/lib/python3.10/site-packages/pkg_treinamento
[0.439s] copying /home/isabel/Repositorios/ROS2_curso/build/pkg_treinamento/build/lib/pkg_treinamento/sub1.py -> /home/isabel/Repositorios/ROS2_curso/install/pkg_treinamento/lib/python3.10/site-packages/pkg_treinamento
[0.439s] copying /home/isabel/Repositorios/ROS2_curso/build/pkg_treinamento/build/lib/pkg_treinamento/oeste.py -> /home/isabel/Repositorios/ROS2_curso/install/pkg_treinamento/lib/python3.10/site-packages/pkg_treinamento
[0.439s] copying /home/isabel/Repositorios/ROS2_curso/build/pkg_treinamento/build/lib/pkg_treinamento/calculatorserver.py -> /home/isabel/Repositorios/ROS2_curso/install/pkg_treinamento/lib/python3.10/site-packages/pkg_treinamento
[0.439s] copying /home/isabel/Repositorios/ROS2_curso/build/pkg_treinamento/build/lib/pkg_treinamento/pub.py -> /home/isabel/Repositorios/ROS2_curso/install/pkg_treinamento/lib/python3.10/site-packages/pkg_treinamento
[0.439s] copying /home/isabel/Repositorios/ROS2_curso/build/pkg_treinamento/build/lib/pkg_treinamento/hardwarestatus.py -> /home/isabel/Repositorios/ROS2_curso/install/pkg_treinamento/lib/python3.10/site-packages/pkg_treinamento
[0.439s] copying /home/isabel/Repositorios/ROS2_curso/build/pkg_treinamento/build/lib/pkg_treinamento/geocalcserver.py -> /home/isabel/Repositorios/ROS2_curso/install/pkg_treinamento/lib/python3.10/site-packages/pkg_treinamento
[0.439s] copying /home/isabel/Repositorios/ROS2_curso/build/pkg_treinamento/build/lib/pkg_treinamento/__init__.py -> /home/isabel/Repositorios/ROS2_curso/install/pkg_treinamento/lib/python3.10/site-packages/pkg_treinamento
[0.439s] copying /home/isabel/Repositorios/ROS2_curso/build/pkg_treinamento/build/lib/pkg_treinamento/educadora.py -> /home/isabel/Repositorios/ROS2_curso/install/pkg_treinamento/lib/python3.10/site-packages/pkg_treinamento
[0.439s] copying /home/isabel/Repositorios/ROS2_curso/build/pkg_treinamento/build/lib/pkg_treinamento/velhochico.py -> /home/isabel/Repositorios/ROS2_curso/install/pkg_treinamento/lib/python3.10/site-packages/pkg_treinamento
[0.439s] copying /home/isabel/Repositorios/ROS2_curso/build/pkg_treinamento/build/lib/pkg_treinamento/radioreceiver.py -> /home/isabel/Repositorios/ROS2_curso/install/pkg_treinamento/lib/python3.10/site-packages/pkg_treinamento
[0.439s] copying /home/isabel/Repositorios/ROS2_curso/build/pkg_treinamento/build/lib/pkg_treinamento/calculatorclient.py -> /home/isabel/Repositorios/ROS2_curso/install/pkg_treinamento/lib/python3.10/site-packages/pkg_treinamento
[0.439s] byte-compiling /home/isabel/Repositorios/ROS2_curso/install/pkg_treinamento/lib/python3.10/site-packages/pkg_treinamento/calculadorabasica.py to calculadorabasica.cpython-310.pyc
[0.440s] byte-compiling /home/isabel/Repositorios/ROS2_curso/install/pkg_treinamento/lib/python3.10/site-packages/pkg_treinamento/counter10.py to counter10.cpython-310.pyc
[0.440s] byte-compiling /home/isabel/Repositorios/ROS2_curso/install/pkg_treinamento/lib/python3.10/site-packages/pkg_treinamento/radiostation.py to radiostation.cpython-310.pyc
[0.440s] byte-compiling /home/isabel/Repositorios/ROS2_curso/install/pkg_treinamento/lib/python3.10/site-packages/pkg_treinamento/sub1.py to sub1.cpython-310.pyc
[0.440s] byte-compiling /home/isabel/Repositorios/ROS2_curso/install/pkg_treinamento/lib/python3.10/site-packages/pkg_treinamento/oeste.py to oeste.cpython-310.pyc
[0.440s] byte-compiling /home/isabel/Repositorios/ROS2_curso/install/pkg_treinamento/lib/python3.10/site-packages/pkg_treinamento/calculatorserver.py to calculatorserver.cpython-310.pyc
[0.441s] byte-compiling /home/isabel/Repositorios/ROS2_curso/install/pkg_treinamento/lib/python3.10/site-packages/pkg_treinamento/pub.py to pub.cpython-310.pyc
[0.441s] byte-compiling /home/isabel/Repositorios/ROS2_curso/install/pkg_treinamento/lib/python3.10/site-packages/pkg_treinamento/hardwarestatus.py to hardwarestatus.cpython-310.pyc
[0.441s] byte-compiling /home/isabel/Repositorios/ROS2_curso/install/pkg_treinamento/lib/python3.10/site-packages/pkg_treinamento/geocalcserver.py to geocalcserver.cpython-310.pyc
[0.441s] byte-compiling /home/isabel/Repositorios/ROS2_curso/install/pkg_treinamento/lib/python3.10/site-packages/pkg_treinamento/__init__.py to __init__.cpython-310.pyc
[0.441s] byte-compiling /home/isabel/Repositorios/ROS2_curso/install/pkg_treinamento/lib/python3.10/site-packages/pkg_treinamento/educadora.py to educadora.cpython-310.pyc
[0.441s] byte-compiling /home/isabel/Repositorios/ROS2_curso/install/pkg_treinamento/lib/python3.10/site-packages/pkg_treinamento/velhochico.py to velhochico.cpython-310.pyc
[0.441s] byte-compiling /home/isabel/Repositorios/ROS2_curso/install/pkg_treinamento/lib/python3.10/site-packages/pkg_treinamento/radioreceiver.py to radioreceiver.cpython-310.pyc
[0.442s] byte-compiling /home/isabel/Repositorios/ROS2_curso/install/pkg_treinamento/lib/python3.10/site-packages/pkg_treinamento/calculatorclient.py to calculatorclient.cpython-310.pyc
[0.442s] running install_data
[0.442s] creating /home/isabel/Repositorios/ROS2_curso/install/pkg_treinamento/share/ament_index
[0.442s] creating /home/isabel/Repositorios/ROS2_curso/install/pkg_treinamento/share/ament_index/resource_index
[0.442s] creating /home/isabel/Repositorios/ROS2_curso/install/pkg_treinamento/share/ament_index/resource_index/packages
[0.442s] copying resource/pkg_treinamento -> /home/isabel/Repositorios/ROS2_curso/install/pkg_treinamento/share/ament_index/resource_index/packages
[0.442s] copying package.xml -> /home/isabel/Repositorios/ROS2_curso/install/pkg_treinamento/share/pkg_treinamento
[0.442s] running install_egg_info
[0.443s] Copying ../../build/pkg_treinamento/pkg_treinamento.egg-info to /home/isabel/Repositorios/ROS2_curso/install/pkg_treinamento/lib/python3.10/site-packages/pkg_treinamento-0.0.0-py3.10.egg-info
[0.443s] running install_scripts
[0.456s] Installing calculadorabasica script to /home/isabel/Repositorios/ROS2_curso/install/pkg_treinamento/lib/pkg_treinamento
[0.456s] Installing calculatorclient script to /home/isabel/Repositorios/ROS2_curso/install/pkg_treinamento/lib/pkg_treinamento
[0.456s] Installing calculatorserver script to /home/isabel/Repositorios/ROS2_curso/install/pkg_treinamento/lib/pkg_treinamento
[0.456s] Installing educadora script to /home/isabel/Repositorios/ROS2_curso/install/pkg_treinamento/lib/pkg_treinamento
[0.456s] Installing geocalcserver script to /home/isabel/Repositorios/ROS2_curso/install/pkg_treinamento/lib/pkg_treinamento
[0.456s] Installing hardwarestatus script to /home/isabel/Repositorios/ROS2_curso/install/pkg_treinamento/lib/pkg_treinamento
[0.456s] Installing oeste script to /home/isabel/Repositorios/ROS2_curso/install/pkg_treinamento/lib/pkg_treinamento
[0.456s] Installing ouvinte1 script to /home/isabel/Repositorios/ROS2_curso/install/pkg_treinamento/lib/pkg_treinamento
[0.456s] Installing palestrante script to /home/isabel/Repositorios/ROS2_curso/install/pkg_treinamento/lib/pkg_treinamento
[0.456s] Installing radioreceiver script to /home/isabel/Repositorios/ROS2_curso/install/pkg_treinamento/lib/pkg_treinamento
[0.456s] Installing radiostation script to /home/isabel/Repositorios/ROS2_curso/install/pkg_treinamento/lib/pkg_treinamento
[0.456s] Installing velhochico script to /home/isabel/Repositorios/ROS2_curso/install/pkg_treinamento/lib/pkg_treinamento
[0.456s] writing list of installed files to '/home/isabel/Repositorios/ROS2_curso/build/pkg_treinamento/install.log'
[0.469s] Invoked command in '/home/isabel/Repositorios/ROS2_curso/src/pkg_treinamento' returned '0': AMENT_PREFIX_PATH=/home/isabel/Repositorios/ROS2_curso/install/pkg_interfaces:${AMENT_PREFIX_PATH} CMAKE_PREFIX_PATH=/home/isabel/Repositorios/ROS2_curso/install/pkg_interfaces:${CMAKE_PREFIX_PATH} LD_LIBRARY_PATH=/home/isabel/Repositorios/ROS2_curso/install/pkg_interfaces/lib:${LD_LIBRARY_PATH} PYTHONPATH=/home/isabel/Repositorios/ROS2_curso/build/pkg_treinamento/prefix_override:/home/isabel/Repositorios/ROS2_curso/install/pkg_treinamento/lib/python3.10/site-packages:/home/isabel/Repositorios/ROS2_curso/install/pkg_interfaces/local/lib/python3.10/dist-packages:${PYTHONPATH} /usr/bin/python3 -W ignore:setup.py install is deprecated setup.py egg_info --egg-base ../../build/pkg_treinamento build --build-base /home/isabel/Repositorios/ROS2_curso/build/pkg_treinamento/build install --record /home/isabel/Repositorios/ROS2_curso/build/pkg_treinamento/install.log --single-version-externally-managed install_data
