[0.549s] Invoking command in '/home/uav_team/ROS2_curso/src/pkg_treinamento': PYTHONPATH=/home/uav_team/ROS2_curso/build/pkg_treinamento/prefix_override:/home/uav_team/ROS2_curso/install/pkg_treinamento/lib/python3.10/site-packages:${PYTHONPATH} /usr/bin/python3 -W ignore:setup.py install is deprecated setup.py egg_info --egg-base ../../build/pkg_treinamento build --build-base /home/uav_team/ROS2_curso/build/pkg_treinamento/build install --record /home/uav_team/ROS2_curso/build/pkg_treinamento/install.log --single-version-externally-managed install_data
[0.748s] running egg_info
[0.749s] writing ../../build/pkg_treinamento/pkg_treinamento.egg-info/PKG-INFO
[0.749s] writing dependency_links to ../../build/pkg_treinamento/pkg_treinamento.egg-info/dependency_links.txt
[0.749s] writing entry points to ../../build/pkg_treinamento/pkg_treinamento.egg-info/entry_points.txt
[0.750s] writing requirements to ../../build/pkg_treinamento/pkg_treinamento.egg-info/requires.txt
[0.750s] writing top-level names to ../../build/pkg_treinamento/pkg_treinamento.egg-info/top_level.txt
[0.751s] reading manifest file '../../build/pkg_treinamento/pkg_treinamento.egg-info/SOURCES.txt'
[0.752s] writing manifest file '../../build/pkg_treinamento/pkg_treinamento.egg-info/SOURCES.txt'
[0.752s] running build
[0.752s] running build_py
[0.753s] copying pkg_treinamento/geocalcserver.py -> /home/uav_team/ROS2_curso/build/pkg_treinamento/build/lib/pkg_treinamento
[0.753s] running install
[0.753s] running install_lib
[0.754s] copying /home/uav_team/ROS2_curso/build/pkg_treinamento/build/lib/pkg_treinamento/geocalcserver.py -> /home/uav_team/ROS2_curso/install/pkg_treinamento/lib/python3.10/site-packages/pkg_treinamento
[0.755s] byte-compiling /home/uav_team/ROS2_curso/install/pkg_treinamento/lib/python3.10/site-packages/pkg_treinamento/geocalcserver.py to geocalcserver.cpython-310.pyc
[0.756s] running install_data
[0.756s] running install_egg_info
[0.757s] removing '/home/uav_team/ROS2_curso/install/pkg_treinamento/lib/python3.10/site-packages/pkg_treinamento-0.0.0-py3.10.egg-info' (and everything under it)
[0.757s] Copying ../../build/pkg_treinamento/pkg_treinamento.egg-info to /home/uav_team/ROS2_curso/install/pkg_treinamento/lib/python3.10/site-packages/pkg_treinamento-0.0.0-py3.10.egg-info
[0.758s] running install_scripts
[0.776s] Installing calculatorclient script to /home/uav_team/ROS2_curso/install/pkg_treinamento/lib/pkg_treinamento
[0.776s] Installing calculatorserver script to /home/uav_team/ROS2_curso/install/pkg_treinamento/lib/pkg_treinamento
[0.776s] Installing educadora script to /home/uav_team/ROS2_curso/install/pkg_treinamento/lib/pkg_treinamento
[0.776s] Installing hardwarestatus script to /home/uav_team/ROS2_curso/install/pkg_treinamento/lib/pkg_treinamento
[0.777s] Installing oeste script to /home/uav_team/ROS2_curso/install/pkg_treinamento/lib/pkg_treinamento
[0.777s] Installing ouvinte1 script to /home/uav_team/ROS2_curso/install/pkg_treinamento/lib/pkg_treinamento
[0.777s] Installing palestrante script to /home/uav_team/ROS2_curso/install/pkg_treinamento/lib/pkg_treinamento
[0.777s] Installing radioreceiver script to /home/uav_team/ROS2_curso/install/pkg_treinamento/lib/pkg_treinamento
[0.777s] Installing radiostation script to /home/uav_team/ROS2_curso/install/pkg_treinamento/lib/pkg_treinamento
[0.777s] Installing velhochico script to /home/uav_team/ROS2_curso/install/pkg_treinamento/lib/pkg_treinamento
[0.777s] writing list of installed files to '/home/uav_team/ROS2_curso/build/pkg_treinamento/install.log'
[0.806s] Invoked command in '/home/uav_team/ROS2_curso/src/pkg_treinamento' returned '0': PYTHONPATH=/home/uav_team/ROS2_curso/build/pkg_treinamento/prefix_override:/home/uav_team/ROS2_curso/install/pkg_treinamento/lib/python3.10/site-packages:${PYTHONPATH} /usr/bin/python3 -W ignore:setup.py install is deprecated setup.py egg_info --egg-base ../../build/pkg_treinamento build --build-base /home/uav_team/ROS2_curso/build/pkg_treinamento/build install --record /home/uav_team/ROS2_curso/build/pkg_treinamento/install.log --single-version-externally-managed install_data
