[0.545s] Invoking command in '/home/uav_team/ROS2_curso/src/pkg_treinamento': PYTHONPATH=/home/uav_team/ROS2_curso/build/pkg_treinamento/prefix_override:/home/uav_team/ROS2_curso/install/pkg_treinamento/lib/python3.10/site-packages:${PYTHONPATH} /usr/bin/python3 -W ignore:setup.py install is deprecated setup.py egg_info --egg-base ../../build/pkg_treinamento build --build-base /home/uav_team/ROS2_curso/build/pkg_treinamento/build install --record /home/uav_team/ROS2_curso/build/pkg_treinamento/install.log --single-version-externally-managed install_data
[0.745s] running egg_info
[0.746s] writing ../../build/pkg_treinamento/pkg_treinamento.egg-info/PKG-INFO
[0.746s] writing dependency_links to ../../build/pkg_treinamento/pkg_treinamento.egg-info/dependency_links.txt
[0.746s] writing entry points to ../../build/pkg_treinamento/pkg_treinamento.egg-info/entry_points.txt
[0.746s] writing requirements to ../../build/pkg_treinamento/pkg_treinamento.egg-info/requires.txt
[0.747s] writing top-level names to ../../build/pkg_treinamento/pkg_treinamento.egg-info/top_level.txt
[0.749s] reading manifest file '../../build/pkg_treinamento/pkg_treinamento.egg-info/SOURCES.txt'
[0.749s] writing manifest file '../../build/pkg_treinamento/pkg_treinamento.egg-info/SOURCES.txt'
[0.749s] running build
[0.749s] running build_py
[0.750s] running install
[0.751s] running install_lib
[0.752s] running install_data
[0.753s] running install_egg_info
[0.754s] removing '/home/uav_team/ROS2_curso/install/pkg_treinamento/lib/python3.10/site-packages/pkg_treinamento-0.0.0-py3.10.egg-info' (and everything under it)
[0.754s] Copying ../../build/pkg_treinamento/pkg_treinamento.egg-info to /home/uav_team/ROS2_curso/install/pkg_treinamento/lib/python3.10/site-packages/pkg_treinamento-0.0.0-py3.10.egg-info
[0.755s] running install_scripts
[0.773s] Installing calculadorabasica script to /home/uav_team/ROS2_curso/install/pkg_treinamento/lib/pkg_treinamento
[0.773s] Installing calculatorclient script to /home/uav_team/ROS2_curso/install/pkg_treinamento/lib/pkg_treinamento
[0.773s] Installing calculatorserver script to /home/uav_team/ROS2_curso/install/pkg_treinamento/lib/pkg_treinamento
[0.774s] Installing educadora script to /home/uav_team/ROS2_curso/install/pkg_treinamento/lib/pkg_treinamento
[0.774s] Installing geocalcserver script to /home/uav_team/ROS2_curso/install/pkg_treinamento/lib/pkg_treinamento
[0.774s] Installing hardwarestatus script to /home/uav_team/ROS2_curso/install/pkg_treinamento/lib/pkg_treinamento
[0.774s] Installing oeste script to /home/uav_team/ROS2_curso/install/pkg_treinamento/lib/pkg_treinamento
[0.774s] Installing ouvinte1 script to /home/uav_team/ROS2_curso/install/pkg_treinamento/lib/pkg_treinamento
[0.774s] Installing palestrante script to /home/uav_team/ROS2_curso/install/pkg_treinamento/lib/pkg_treinamento
[0.774s] Installing radioreceiver script to /home/uav_team/ROS2_curso/install/pkg_treinamento/lib/pkg_treinamento
[0.774s] Installing radiostation script to /home/uav_team/ROS2_curso/install/pkg_treinamento/lib/pkg_treinamento
[0.775s] Installing velhochico script to /home/uav_team/ROS2_curso/install/pkg_treinamento/lib/pkg_treinamento
[0.775s] writing list of installed files to '/home/uav_team/ROS2_curso/build/pkg_treinamento/install.log'
[0.804s] Invoked command in '/home/uav_team/ROS2_curso/src/pkg_treinamento' returned '0': PYTHONPATH=/home/uav_team/ROS2_curso/build/pkg_treinamento/prefix_override:/home/uav_team/ROS2_curso/install/pkg_treinamento/lib/python3.10/site-packages:${PYTHONPATH} /usr/bin/python3 -W ignore:setup.py install is deprecated setup.py egg_info --egg-base ../../build/pkg_treinamento build --build-base /home/uav_team/ROS2_curso/build/pkg_treinamento/build install --record /home/uav_team/ROS2_curso/build/pkg_treinamento/install.log --single-version-externally-managed install_data
