[0.015s] Invoking command in '/home/uav_team/ROS2_curso/build/pkg_launch': CMAKE_PREFIX_PATH=${CMAKE_PREFIX_PATH}:/home/uav_team/ROS2_curso/install/pkg_treinamento:/opt/ros/humble /usr/bin/cmake /home/uav_team/ROS2_curso/src/pkg_launch -DCMAKE_INSTALL_PREFIX=/home/uav_team/ROS2_curso/install/pkg_launch
[0.027s] -- Found ament_cmake: 1.3.8 (/opt/ros/humble/share/ament_cmake/cmake)
[0.205s] -- Override CMake install command with custom implementation using symlinks instead of copying resources
[0.215s] -- Found ament_lint_auto: 0.12.10 (/opt/ros/humble/share/ament_lint_auto/cmake)
[0.306s] -- Added test 'flake8' to check Python code syntax and style conventions
[0.306s] -- Added test 'lint_cmake' to check CMake code style
[0.306s] -- Added test 'pep257' to check Python code against some of the docstring style conventions in PEP 257
[0.307s] -- Added test 'xmllint' to check XML markup files
[0.308s] -- Configuring done
[0.313s] -- Generating done
[0.315s] -- Build files have been written to: /home/uav_team/ROS2_curso/build/pkg_launch
[0.320s] Invoked command in '/home/uav_team/ROS2_curso/build/pkg_launch' returned '0': CMAKE_PREFIX_PATH=${CMAKE_PREFIX_PATH}:/home/uav_team/ROS2_curso/install/pkg_treinamento:/opt/ros/humble /usr/bin/cmake /home/uav_team/ROS2_curso/src/pkg_launch -DCMAKE_INSTALL_PREFIX=/home/uav_team/ROS2_curso/install/pkg_launch
[0.327s] Invoking command in '/home/uav_team/ROS2_curso/build/pkg_launch': CMAKE_PREFIX_PATH=${CMAKE_PREFIX_PATH}:/home/uav_team/ROS2_curso/install/pkg_treinamento:/opt/ros/humble /usr/bin/cmake --build /home/uav_team/ROS2_curso/build/pkg_launch -- -j8 -l8
[0.404s] Invoked command in '/home/uav_team/ROS2_curso/build/pkg_launch' returned '0': CMAKE_PREFIX_PATH=${CMAKE_PREFIX_PATH}:/home/uav_team/ROS2_curso/install/pkg_treinamento:/opt/ros/humble /usr/bin/cmake --build /home/uav_team/ROS2_curso/build/pkg_launch -- -j8 -l8
[0.450s] Invoking command in '/home/uav_team/ROS2_curso/build/pkg_launch': CMAKE_PREFIX_PATH=${CMAKE_PREFIX_PATH}:/home/uav_team/ROS2_curso/install/pkg_treinamento:/opt/ros/humble /usr/bin/cmake --install /home/uav_team/ROS2_curso/build/pkg_launch
[0.462s] -- Install configuration: ""
[0.462s] -- Execute custom install script
[0.463s] -- Up-to-date symlink: /home/uav_team/ROS2_curso/install/pkg_launch/share/pkg_launch/launch/calculatorapp.launch.py
[0.463s] -- Up-to-date symlink: /home/uav_team/ROS2_curso/install/pkg_launch/share/ament_index/resource_index/package_run_dependencies/pkg_launch
[0.463s] -- Up-to-date symlink: /home/uav_team/ROS2_curso/install/pkg_launch/share/ament_index/resource_index/parent_prefix_path/pkg_launch
[0.463s] -- Up-to-date symlink: /home/uav_team/ROS2_curso/install/pkg_launch/share/pkg_launch/environment/ament_prefix_path.sh
[0.464s] -- Up-to-date symlink: /home/uav_team/ROS2_curso/install/pkg_launch/share/pkg_launch/environment/ament_prefix_path.dsv
[0.464s] -- Up-to-date symlink: /home/uav_team/ROS2_curso/install/pkg_launch/share/pkg_launch/environment/path.sh
[0.464s] -- Up-to-date symlink: /home/uav_team/ROS2_curso/install/pkg_launch/share/pkg_launch/environment/path.dsv
[0.464s] -- Up-to-date symlink: /home/uav_team/ROS2_curso/install/pkg_launch/share/pkg_launch/local_setup.bash
[0.464s] -- Up-to-date symlink: /home/uav_team/ROS2_curso/install/pkg_launch/share/pkg_launch/local_setup.sh
[0.464s] -- Up-to-date symlink: /home/uav_team/ROS2_curso/install/pkg_launch/share/pkg_launch/local_setup.zsh
[0.465s] -- Up-to-date symlink: /home/uav_team/ROS2_curso/install/pkg_launch/share/pkg_launch/local_setup.dsv
[0.465s] -- Symlinking: /home/uav_team/ROS2_curso/install/pkg_launch/share/pkg_launch/package.dsv
[0.476s] -- Up-to-date symlink: /home/uav_team/ROS2_curso/install/pkg_launch/share/ament_index/resource_index/packages/pkg_launch
[0.477s] -- Up-to-date symlink: /home/uav_team/ROS2_curso/install/pkg_launch/share/pkg_launch/cmake/pkg_launchConfig.cmake
[0.477s] -- Up-to-date symlink: /home/uav_team/ROS2_curso/install/pkg_launch/share/pkg_launch/cmake/pkg_launchConfig-version.cmake
[0.477s] -- Up-to-date symlink: /home/uav_team/ROS2_curso/install/pkg_launch/share/pkg_launch/package.xml
[0.479s] Invoked command in '/home/uav_team/ROS2_curso/build/pkg_launch' returned '0': CMAKE_PREFIX_PATH=${CMAKE_PREFIX_PATH}:/home/uav_team/ROS2_curso/install/pkg_treinamento:/opt/ros/humble /usr/bin/cmake --install /home/uav_team/ROS2_curso/build/pkg_launch
