[0.012s] Invoking command in '/home/uav_team/ROS2_curso/build/pkg_interfaces': CMAKE_PREFIX_PATH=${CMAKE_PREFIX_PATH}:/home/uav_team/ROS2_curso/install/pkg_treinamento:/home/uav_team/cbr_2024/ros2_drone_ws/install/drone_camera:/opt/ros/humble /usr/bin/cmake --build /home/uav_team/ROS2_curso/build/pkg_interfaces -- -j8 -l8
[0.053s] [35m[1mConsolidate compiler generated dependencies of target pkg_interfaces__rosidl_generator_c[0m
[0.063s] [  2%] Built target pkg_interfaces__cpp
[0.066s] [ 12%] Built target pkg_interfaces__rosidl_generator_c
[0.075s] [ 12%] Built target ament_cmake_python_copy_pkg_interfaces
[0.076s] [35m[1mConsolidate compiler generated dependencies of target pkg_interfaces__rosidl_typesupport_fastrtps_cpp[0m
[0.076s] [35m[1mConsolidate compiler generated dependencies of target pkg_interfaces__rosidl_typesupport_introspection_cpp[0m
[0.081s] [35m[1mConsolidate compiler generated dependencies of target pkg_interfaces__rosidl_typesupport_c[0m
[0.081s] [35m[1mConsolidate compiler generated dependencies of target pkg_interfaces__rosidl_typesupport_introspection_c[0m
[0.081s] [35m[1mConsolidate compiler generated dependencies of target pkg_interfaces__rosidl_typesupport_fastrtps_c[0m
[0.084s] [35m[1mConsolidate compiler generated dependencies of target pkg_interfaces__rosidl_typesupport_cpp[0m
[0.097s] [ 53%] Built target pkg_interfaces__rosidl_typesupport_introspection_cpp
[0.097s] [ 53%] Built target pkg_interfaces__rosidl_typesupport_introspection_c
[0.097s] [ 53%] Built target pkg_interfaces__rosidl_typesupport_c
[0.097s] [ 53%] Built target pkg_interfaces__rosidl_typesupport_fastrtps_cpp
[0.103s] [ 64%] Built target pkg_interfaces__rosidl_typesupport_fastrtps_c
[0.105s] [ 74%] Built target pkg_interfaces__rosidl_typesupport_cpp
[0.129s] [ 74%] Built target pkg_interfaces
[0.151s] [ 76%] Built target pkg_interfaces__py
[0.163s] [35m[1mConsolidate compiler generated dependencies of target pkg_interfaces__rosidl_generator_py[0m
[0.181s] [ 84%] Built target pkg_interfaces__rosidl_generator_py
[0.193s] [35m[1mConsolidate compiler generated dependencies of target pkg_interfaces__rosidl_typesupport_c__pyext[0m
[0.193s] [35m[1mConsolidate compiler generated dependencies of target pkg_interfaces__rosidl_typesupport_fastrtps_c__pyext[0m
[0.193s] [35m[1mConsolidate compiler generated dependencies of target pkg_interfaces__rosidl_typesupport_introspection_c__pyext[0m
[0.209s] [ 94%] Built target pkg_interfaces__rosidl_typesupport_introspection_c__pyext
[0.209s] [ 94%] Built target pkg_interfaces__rosidl_typesupport_fastrtps_c__pyext
[0.209s] [100%] Built target pkg_interfaces__rosidl_typesupport_c__pyext
[0.301s] running egg_info
[0.302s] writing pkg_interfaces.egg-info/PKG-INFO
[0.302s] writing dependency_links to pkg_interfaces.egg-info/dependency_links.txt
[0.302s] writing top-level names to pkg_interfaces.egg-info/top_level.txt
[0.304s] reading manifest file 'pkg_interfaces.egg-info/SOURCES.txt'
[0.305s] writing manifest file 'pkg_interfaces.egg-info/SOURCES.txt'
[0.338s] [100%] Built target ament_cmake_python_build_pkg_interfaces_egg
[0.352s] Invoked command in '/home/uav_team/ROS2_curso/build/pkg_interfaces' returned '0': CMAKE_PREFIX_PATH=${CMAKE_PREFIX_PATH}:/home/uav_team/ROS2_curso/install/pkg_treinamento:/home/uav_team/cbr_2024/ros2_drone_ws/install/drone_camera:/opt/ros/humble /usr/bin/cmake --build /home/uav_team/ROS2_curso/build/pkg_interfaces -- -j8 -l8
[0.467s] Invoking command in '/home/uav_team/ROS2_curso/build/pkg_interfaces': CMAKE_PREFIX_PATH=${CMAKE_PREFIX_PATH}:/home/uav_team/ROS2_curso/install/pkg_treinamento:/home/uav_team/cbr_2024/ros2_drone_ws/install/drone_camera:/opt/ros/humble /usr/bin/cmake --install /home/uav_team/ROS2_curso/build/pkg_interfaces
[0.476s] -- Install configuration: ""
[0.476s] -- Up-to-date: /home/uav_team/ROS2_curso/install/pkg_interfaces/share/ament_index/resource_index/rosidl_interfaces/pkg_interfaces
[0.476s] -- Up-to-date: /home/uav_team/ROS2_curso/install/pkg_interfaces/include/pkg_interfaces/pkg_interfaces
[0.476s] -- Up-to-date: /home/uav_team/ROS2_curso/install/pkg_interfaces/include/pkg_interfaces/pkg_interfaces/msg
[0.476s] -- Up-to-date: /home/uav_team/ROS2_curso/install/pkg_interfaces/include/pkg_interfaces/pkg_interfaces/msg/rosidl_generator_c__visibility_control.h
[0.476s] -- Up-to-date: /home/uav_team/ROS2_curso/install/pkg_interfaces/include/pkg_interfaces/pkg_interfaces/msg/detail
[0.477s] -- Up-to-date: /home/uav_team/ROS2_curso/install/pkg_interfaces/include/pkg_interfaces/pkg_interfaces/msg/detail/hardware_status__struct.h
[0.477s] -- Up-to-date: /home/uav_team/ROS2_curso/install/pkg_interfaces/include/pkg_interfaces/pkg_interfaces/msg/detail/hardware_status__functions.c
[0.477s] -- Up-to-date: /home/uav_team/ROS2_curso/install/pkg_interfaces/include/pkg_interfaces/pkg_interfaces/msg/detail/hardware_status__functions.h
[0.477s] -- Up-to-date: /home/uav_team/ROS2_curso/install/pkg_interfaces/include/pkg_interfaces/pkg_interfaces/msg/detail/hardware_status__type_support.h
[0.477s] -- Up-to-date: /home/uav_team/ROS2_curso/install/pkg_interfaces/include/pkg_interfaces/pkg_interfaces/msg/hardware_status.h
[0.477s] -- Up-to-date: /home/uav_team/ROS2_curso/install/pkg_interfaces/include/pkg_interfaces/pkg_interfaces/srv
[0.477s] -- Up-to-date: /home/uav_team/ROS2_curso/install/pkg_interfaces/include/pkg_interfaces/pkg_interfaces/srv/detail
[0.477s] -- Up-to-date: /home/uav_team/ROS2_curso/install/pkg_interfaces/include/pkg_interfaces/pkg_interfaces/srv/detail/compute_rectangle_area__functions.h
[0.477s] -- Up-to-date: /home/uav_team/ROS2_curso/install/pkg_interfaces/include/pkg_interfaces/pkg_interfaces/srv/detail/compute_rectangle_area__struct.h
[0.477s] -- Up-to-date: /home/uav_team/ROS2_curso/install/pkg_interfaces/include/pkg_interfaces/pkg_interfaces/srv/detail/compute_rectangle_area__functions.c
[0.477s] -- Up-to-date: /home/uav_team/ROS2_curso/install/pkg_interfaces/include/pkg_interfaces/pkg_interfaces/srv/detail/compute_rectangle_area__type_support.h
[0.478s] -- Up-to-date: /home/uav_team/ROS2_curso/install/pkg_interfaces/include/pkg_interfaces/pkg_interfaces/srv/compute_rectangle_area.h
[0.478s] -- Up-to-date: /home/uav_team/ROS2_curso/install/pkg_interfaces/share/pkg_interfaces/environment/library_path.sh
[0.478s] -- Up-to-date: /home/uav_team/ROS2_curso/install/pkg_interfaces/share/pkg_interfaces/environment/library_path.dsv
[0.478s] -- Up-to-date: /home/uav_team/ROS2_curso/install/pkg_interfaces/lib/libpkg_interfaces__rosidl_generator_c.so
[0.478s] -- Up-to-date: /home/uav_team/ROS2_curso/install/pkg_interfaces/include/pkg_interfaces/pkg_interfaces
[0.478s] -- Up-to-date: /home/uav_team/ROS2_curso/install/pkg_interfaces/include/pkg_interfaces/pkg_interfaces/msg
[0.478s] -- Up-to-date: /home/uav_team/ROS2_curso/install/pkg_interfaces/include/pkg_interfaces/pkg_interfaces/msg/rosidl_typesupport_fastrtps_c__visibility_control.h
[0.478s] -- Up-to-date: /home/uav_team/ROS2_curso/install/pkg_interfaces/include/pkg_interfaces/pkg_interfaces/msg/detail
[0.478s] -- Up-to-date: /home/uav_team/ROS2_curso/install/pkg_interfaces/include/pkg_interfaces/pkg_interfaces/msg/detail/hardware_status__rosidl_typesupport_fastrtps_c.h
[0.478s] -- Up-to-date: /home/uav_team/ROS2_curso/install/pkg_interfaces/include/pkg_interfaces/pkg_interfaces/srv
[0.478s] -- Up-to-date: /home/uav_team/ROS2_curso/install/pkg_interfaces/include/pkg_interfaces/pkg_interfaces/srv/detail
[0.479s] -- Up-to-date: /home/uav_team/ROS2_curso/install/pkg_interfaces/include/pkg_interfaces/pkg_interfaces/srv/detail/compute_rectangle_area__rosidl_typesupport_fastrtps_c.h
[0.479s] -- Up-to-date: /home/uav_team/ROS2_curso/install/pkg_interfaces/lib/libpkg_interfaces__rosidl_typesupport_fastrtps_c.so
[0.479s] -- Up-to-date: /home/uav_team/ROS2_curso/install/pkg_interfaces/include/pkg_interfaces/pkg_interfaces
[0.479s] -- Up-to-date: /home/uav_team/ROS2_curso/install/pkg_interfaces/include/pkg_interfaces/pkg_interfaces/msg
[0.479s] -- Up-to-date: /home/uav_team/ROS2_curso/install/pkg_interfaces/include/pkg_interfaces/pkg_interfaces/msg/detail
[0.479s] -- Up-to-date: /home/uav_team/ROS2_curso/install/pkg_interfaces/include/pkg_interfaces/pkg_interfaces/msg/detail/hardware_status__type_support.c
[0.479s] -- Up-to-date: /home/uav_team/ROS2_curso/install/pkg_interfaces/include/pkg_interfaces/pkg_interfaces/msg/detail/hardware_status__rosidl_typesupport_introspection_c.h
[0.479s] -- Up-to-date: /home/uav_team/ROS2_curso/install/pkg_interfaces/include/pkg_interfaces/pkg_interfaces/msg/rosidl_typesupport_introspection_c__visibility_control.h
[0.479s] -- Up-to-date: /home/uav_team/ROS2_curso/install/pkg_interfaces/include/pkg_interfaces/pkg_interfaces/srv
[0.480s] -- Up-to-date: /home/uav_team/ROS2_curso/install/pkg_interfaces/include/pkg_interfaces/pkg_interfaces/srv/detail
[0.480s] -- Up-to-date: /home/uav_team/ROS2_curso/install/pkg_interfaces/include/pkg_interfaces/pkg_interfaces/srv/detail/compute_rectangle_area__type_support.c
[0.480s] -- Up-to-date: /home/uav_team/ROS2_curso/install/pkg_interfaces/include/pkg_interfaces/pkg_interfaces/srv/detail/compute_rectangle_area__rosidl_typesupport_introspection_c.h
[0.480s] -- Up-to-date: /home/uav_team/ROS2_curso/install/pkg_interfaces/lib/libpkg_interfaces__rosidl_typesupport_introspection_c.so
[0.480s] -- Up-to-date: /home/uav_team/ROS2_curso/install/pkg_interfaces/lib/libpkg_interfaces__rosidl_typesupport_c.so
[0.480s] -- Up-to-date: /home/uav_team/ROS2_curso/install/pkg_interfaces/include/pkg_interfaces/pkg_interfaces
[0.480s] -- Up-to-date: /home/uav_team/ROS2_curso/install/pkg_interfaces/include/pkg_interfaces/pkg_interfaces/msg
[0.480s] -- Up-to-date: /home/uav_team/ROS2_curso/install/pkg_interfaces/include/pkg_interfaces/pkg_interfaces/msg/detail
[0.480s] -- Up-to-date: /home/uav_team/ROS2_curso/install/pkg_interfaces/include/pkg_interfaces/pkg_interfaces/msg/detail/hardware_status__traits.hpp
[0.481s] -- Up-to-date: /home/uav_team/ROS2_curso/install/pkg_interfaces/include/pkg_interfaces/pkg_interfaces/msg/detail/hardware_status__builder.hpp
[0.481s] -- Up-to-date: /home/uav_team/ROS2_curso/install/pkg_interfaces/include/pkg_interfaces/pkg_interfaces/msg/detail/hardware_status__struct.hpp
[0.481s] -- Up-to-date: /home/uav_team/ROS2_curso/install/pkg_interfaces/include/pkg_interfaces/pkg_interfaces/msg/hardware_status.hpp
[0.481s] -- Up-to-date: /home/uav_team/ROS2_curso/install/pkg_interfaces/include/pkg_interfaces/pkg_interfaces/srv
[0.481s] -- Up-to-date: /home/uav_team/ROS2_curso/install/pkg_interfaces/include/pkg_interfaces/pkg_interfaces/srv/detail
[0.481s] -- Up-to-date: /home/uav_team/ROS2_curso/install/pkg_interfaces/include/pkg_interfaces/pkg_interfaces/srv/detail/compute_rectangle_area__builder.hpp
[0.481s] -- Up-to-date: /home/uav_team/ROS2_curso/install/pkg_interfaces/include/pkg_interfaces/pkg_interfaces/srv/detail/compute_rectangle_area__traits.hpp
[0.481s] -- Up-to-date: /home/uav_team/ROS2_curso/install/pkg_interfaces/include/pkg_interfaces/pkg_interfaces/srv/detail/compute_rectangle_area__struct.hpp
[0.481s] -- Up-to-date: /home/uav_team/ROS2_curso/install/pkg_interfaces/include/pkg_interfaces/pkg_interfaces/srv/compute_rectangle_area.hpp
[0.481s] -- Up-to-date: /home/uav_team/ROS2_curso/install/pkg_interfaces/include/pkg_interfaces/pkg_interfaces
[0.481s] -- Up-to-date: /home/uav_team/ROS2_curso/install/pkg_interfaces/include/pkg_interfaces/pkg_interfaces/msg
[0.481s] -- Up-to-date: /home/uav_team/ROS2_curso/install/pkg_interfaces/include/pkg_interfaces/pkg_interfaces/msg/rosidl_typesupport_fastrtps_cpp__visibility_control.h
[0.482s] -- Up-to-date: /home/uav_team/ROS2_curso/install/pkg_interfaces/include/pkg_interfaces/pkg_interfaces/msg/detail
[0.482s] -- Up-to-date: /home/uav_team/ROS2_curso/install/pkg_interfaces/include/pkg_interfaces/pkg_interfaces/msg/detail/hardware_status__rosidl_typesupport_fastrtps_cpp.hpp
[0.482s] -- Up-to-date: /home/uav_team/ROS2_curso/install/pkg_interfaces/include/pkg_interfaces/pkg_interfaces/msg/detail/dds_fastrtps
[0.482s] -- Up-to-date: /home/uav_team/ROS2_curso/install/pkg_interfaces/include/pkg_interfaces/pkg_interfaces/srv
[0.482s] -- Up-to-date: /home/uav_team/ROS2_curso/install/pkg_interfaces/include/pkg_interfaces/pkg_interfaces/srv/detail
[0.482s] -- Up-to-date: /home/uav_team/ROS2_curso/install/pkg_interfaces/include/pkg_interfaces/pkg_interfaces/srv/detail/dds_fastrtps
[0.482s] -- Up-to-date: /home/uav_team/ROS2_curso/install/pkg_interfaces/include/pkg_interfaces/pkg_interfaces/srv/detail/compute_rectangle_area__rosidl_typesupport_fastrtps_cpp.hpp
[0.482s] -- Up-to-date: /home/uav_team/ROS2_curso/install/pkg_interfaces/lib/libpkg_interfaces__rosidl_typesupport_fastrtps_cpp.so
[0.482s] -- Up-to-date: /home/uav_team/ROS2_curso/install/pkg_interfaces/include/pkg_interfaces/pkg_interfaces
[0.482s] -- Up-to-date: /home/uav_team/ROS2_curso/install/pkg_interfaces/include/pkg_interfaces/pkg_interfaces/msg
[0.482s] -- Up-to-date: /home/uav_team/ROS2_curso/install/pkg_interfaces/include/pkg_interfaces/pkg_interfaces/msg/detail
[0.483s] -- Up-to-date: /home/uav_team/ROS2_curso/install/pkg_interfaces/include/pkg_interfaces/pkg_interfaces/msg/detail/hardware_status__rosidl_typesupport_introspection_cpp.hpp
[0.483s] -- Up-to-date: /home/uav_team/ROS2_curso/install/pkg_interfaces/include/pkg_interfaces/pkg_interfaces/msg/detail/hardware_status__type_support.cpp
[0.483s] -- Up-to-date: /home/uav_team/ROS2_curso/install/pkg_interfaces/include/pkg_interfaces/pkg_interfaces/srv
[0.483s] -- Up-to-date: /home/uav_team/ROS2_curso/install/pkg_interfaces/include/pkg_interfaces/pkg_interfaces/srv/detail
[0.483s] -- Up-to-date: /home/uav_team/ROS2_curso/install/pkg_interfaces/include/pkg_interfaces/pkg_interfaces/srv/detail/compute_rectangle_area__rosidl_typesupport_introspection_cpp.hpp
[0.483s] -- Up-to-date: /home/uav_team/ROS2_curso/install/pkg_interfaces/include/pkg_interfaces/pkg_interfaces/srv/detail/compute_rectangle_area__type_support.cpp
[0.483s] -- Up-to-date: /home/uav_team/ROS2_curso/install/pkg_interfaces/lib/libpkg_interfaces__rosidl_typesupport_introspection_cpp.so
[0.483s] -- Up-to-date: /home/uav_team/ROS2_curso/install/pkg_interfaces/lib/libpkg_interfaces__rosidl_typesupport_cpp.so
[0.483s] -- Up-to-date: /home/uav_team/ROS2_curso/install/pkg_interfaces/share/pkg_interfaces/environment/pythonpath.sh
[0.483s] -- Up-to-date: /home/uav_team/ROS2_curso/install/pkg_interfaces/share/pkg_interfaces/environment/pythonpath.dsv
[0.484s] -- Up-to-date: /home/uav_team/ROS2_curso/install/pkg_interfaces/local/lib/python3.10/dist-packages/pkg_interfaces-0.0.0-py3.10.egg-info
[0.484s] -- Installing: /home/uav_team/ROS2_curso/install/pkg_interfaces/local/lib/python3.10/dist-packages/pkg_interfaces-0.0.0-py3.10.egg-info/SOURCES.txt
[0.484s] -- Installing: /home/uav_team/ROS2_curso/install/pkg_interfaces/local/lib/python3.10/dist-packages/pkg_interfaces-0.0.0-py3.10.egg-info/PKG-INFO
[0.484s] -- Installing: /home/uav_team/ROS2_curso/install/pkg_interfaces/local/lib/python3.10/dist-packages/pkg_interfaces-0.0.0-py3.10.egg-info/top_level.txt
[0.484s] -- Installing: /home/uav_team/ROS2_curso/install/pkg_interfaces/local/lib/python3.10/dist-packages/pkg_interfaces-0.0.0-py3.10.egg-info/dependency_links.txt
[0.484s] -- Up-to-date: /home/uav_team/ROS2_curso/install/pkg_interfaces/local/lib/python3.10/dist-packages/pkg_interfaces
[0.484s] -- Up-to-date: /home/uav_team/ROS2_curso/install/pkg_interfaces/local/lib/python3.10/dist-packages/pkg_interfaces/pkg_interfaces_s__rosidl_typesupport_c.cpython-310-x86_64-linux-gnu.so
[0.484s] -- Up-to-date: /home/uav_team/ROS2_curso/install/pkg_interfaces/local/lib/python3.10/dist-packages/pkg_interfaces/pkg_interfaces_s__rosidl_typesupport_introspection_c.cpython-310-x86_64-linux-gnu.so
[0.484s] -- Up-to-date: /home/uav_team/ROS2_curso/install/pkg_interfaces/local/lib/python3.10/dist-packages/pkg_interfaces/pkg_interfaces_s__rosidl_typesupport_fastrtps_c.cpython-310-x86_64-linux-gnu.so
[0.484s] -- Up-to-date: /home/uav_team/ROS2_curso/install/pkg_interfaces/local/lib/python3.10/dist-packages/pkg_interfaces/_pkg_interfaces_s.ep.rosidl_typesupport_c.c
[0.484s] -- Up-to-date: /home/uav_team/ROS2_curso/install/pkg_interfaces/local/lib/python3.10/dist-packages/pkg_interfaces/libpkg_interfaces__rosidl_generator_py.so
[0.484s] -- Up-to-date: /home/uav_team/ROS2_curso/install/pkg_interfaces/local/lib/python3.10/dist-packages/pkg_interfaces/msg
[0.484s] -- Up-to-date: /home/uav_team/ROS2_curso/install/pkg_interfaces/local/lib/python3.10/dist-packages/pkg_interfaces/msg/_hardware_status_s.c
[0.484s] -- Up-to-date: /home/uav_team/ROS2_curso/install/pkg_interfaces/local/lib/python3.10/dist-packages/pkg_interfaces/msg/_hardware_status.py
[0.485s] -- Up-to-date: /home/uav_team/ROS2_curso/install/pkg_interfaces/local/lib/python3.10/dist-packages/pkg_interfaces/msg/__init__.py
[0.485s] -- Up-to-date: /home/uav_team/ROS2_curso/install/pkg_interfaces/local/lib/python3.10/dist-packages/pkg_interfaces/_pkg_interfaces_s.ep.rosidl_typesupport_fastrtps_c.c
[0.485s] -- Up-to-date: /home/uav_team/ROS2_curso/install/pkg_interfaces/local/lib/python3.10/dist-packages/pkg_interfaces/__init__.py
[0.485s] -- Up-to-date: /home/uav_team/ROS2_curso/install/pkg_interfaces/local/lib/python3.10/dist-packages/pkg_interfaces/_pkg_interfaces_s.ep.rosidl_typesupport_introspection_c.c
[0.485s] -- Up-to-date: /home/uav_team/ROS2_curso/install/pkg_interfaces/local/lib/python3.10/dist-packages/pkg_interfaces/srv
[0.485s] -- Up-to-date: /home/uav_team/ROS2_curso/install/pkg_interfaces/local/lib/python3.10/dist-packages/pkg_interfaces/srv/_compute_rectangle_area.py
[0.485s] -- Up-to-date: /home/uav_team/ROS2_curso/install/pkg_interfaces/local/lib/python3.10/dist-packages/pkg_interfaces/srv/_compute_rectangle_area_s.c
[0.485s] -- Up-to-date: /home/uav_team/ROS2_curso/install/pkg_interfaces/local/lib/python3.10/dist-packages/pkg_interfaces/srv/__init__.py
[0.511s] Listing '/home/uav_team/ROS2_curso/install/pkg_interfaces/local/lib/python3.10/dist-packages/pkg_interfaces'...
[0.511s] Listing '/home/uav_team/ROS2_curso/install/pkg_interfaces/local/lib/python3.10/dist-packages/pkg_interfaces/msg'...
[0.511s] Listing '/home/uav_team/ROS2_curso/install/pkg_interfaces/local/lib/python3.10/dist-packages/pkg_interfaces/srv'...
[0.515s] -- Up-to-date: /home/uav_team/ROS2_curso/install/pkg_interfaces/local/lib/python3.10/dist-packages/pkg_interfaces/pkg_interfaces_s__rosidl_typesupport_fastrtps_c.cpython-310-x86_64-linux-gnu.so
[0.515s] -- Up-to-date: /home/uav_team/ROS2_curso/install/pkg_interfaces/local/lib/python3.10/dist-packages/pkg_interfaces/pkg_interfaces_s__rosidl_typesupport_introspection_c.cpython-310-x86_64-linux-gnu.so
[0.516s] -- Up-to-date: /home/uav_team/ROS2_curso/install/pkg_interfaces/local/lib/python3.10/dist-packages/pkg_interfaces/pkg_interfaces_s__rosidl_typesupport_c.cpython-310-x86_64-linux-gnu.so
[0.516s] -- Up-to-date: /home/uav_team/ROS2_curso/install/pkg_interfaces/lib/libpkg_interfaces__rosidl_generator_py.so
[0.516s] -- Up-to-date: /home/uav_team/ROS2_curso/install/pkg_interfaces/share/pkg_interfaces/msg/HardwareStatus.idl
[0.516s] -- Up-to-date: /home/uav_team/ROS2_curso/install/pkg_interfaces/share/pkg_interfaces/srv/ComputeRectangleArea.idl
[0.516s] -- Up-to-date: /home/uav_team/ROS2_curso/install/pkg_interfaces/share/pkg_interfaces/msg/HardwareStatus.msg
[0.517s] -- Up-to-date: /home/uav_team/ROS2_curso/install/pkg_interfaces/share/pkg_interfaces/srv/ComputeRectangleArea.srv
[0.517s] -- Up-to-date: /home/uav_team/ROS2_curso/install/pkg_interfaces/share/pkg_interfaces/srv/ComputeRectangleArea_Request.msg
[0.517s] -- Up-to-date: /home/uav_team/ROS2_curso/install/pkg_interfaces/share/pkg_interfaces/srv/ComputeRectangleArea_Response.msg
[0.517s] -- Up-to-date: /home/uav_team/ROS2_curso/install/pkg_interfaces/share/ament_index/resource_index/package_run_dependencies/pkg_interfaces
[0.517s] -- Up-to-date: /home/uav_team/ROS2_curso/install/pkg_interfaces/share/ament_index/resource_index/parent_prefix_path/pkg_interfaces
[0.517s] -- Up-to-date: /home/uav_team/ROS2_curso/install/pkg_interfaces/share/pkg_interfaces/environment/ament_prefix_path.sh
[0.517s] -- Up-to-date: /home/uav_team/ROS2_curso/install/pkg_interfaces/share/pkg_interfaces/environment/ament_prefix_path.dsv
[0.517s] -- Up-to-date: /home/uav_team/ROS2_curso/install/pkg_interfaces/share/pkg_interfaces/environment/path.sh
[0.517s] -- Up-to-date: /home/uav_team/ROS2_curso/install/pkg_interfaces/share/pkg_interfaces/environment/path.dsv
[0.517s] -- Up-to-date: /home/uav_team/ROS2_curso/install/pkg_interfaces/share/pkg_interfaces/local_setup.bash
[0.517s] -- Up-to-date: /home/uav_team/ROS2_curso/install/pkg_interfaces/share/pkg_interfaces/local_setup.sh
[0.518s] -- Up-to-date: /home/uav_team/ROS2_curso/install/pkg_interfaces/share/pkg_interfaces/local_setup.zsh
[0.518s] -- Up-to-date: /home/uav_team/ROS2_curso/install/pkg_interfaces/share/pkg_interfaces/local_setup.dsv
[0.518s] -- Installing: /home/uav_team/ROS2_curso/install/pkg_interfaces/share/pkg_interfaces/package.dsv
[0.518s] -- Up-to-date: /home/uav_team/ROS2_curso/install/pkg_interfaces/share/ament_index/resource_index/packages/pkg_interfaces
[0.518s] -- Up-to-date: /home/uav_team/ROS2_curso/install/pkg_interfaces/share/pkg_interfaces/cmake/export_pkg_interfaces__rosidl_generator_cExport.cmake
[0.518s] -- Up-to-date: /home/uav_team/ROS2_curso/install/pkg_interfaces/share/pkg_interfaces/cmake/export_pkg_interfaces__rosidl_generator_cExport-noconfig.cmake
[0.518s] -- Up-to-date: /home/uav_team/ROS2_curso/install/pkg_interfaces/share/pkg_interfaces/cmake/export_pkg_interfaces__rosidl_typesupport_fastrtps_cExport.cmake
[0.518s] -- Up-to-date: /home/uav_team/ROS2_curso/install/pkg_interfaces/share/pkg_interfaces/cmake/export_pkg_interfaces__rosidl_typesupport_fastrtps_cExport-noconfig.cmake
[0.518s] -- Up-to-date: /home/uav_team/ROS2_curso/install/pkg_interfaces/share/pkg_interfaces/cmake/pkg_interfaces__rosidl_typesupport_introspection_cExport.cmake
[0.518s] -- Up-to-date: /home/uav_team/ROS2_curso/install/pkg_interfaces/share/pkg_interfaces/cmake/pkg_interfaces__rosidl_typesupport_introspection_cExport-noconfig.cmake
[0.519s] -- Up-to-date: /home/uav_team/ROS2_curso/install/pkg_interfaces/share/pkg_interfaces/cmake/pkg_interfaces__rosidl_typesupport_cExport.cmake
[0.519s] -- Up-to-date: /home/uav_team/ROS2_curso/install/pkg_interfaces/share/pkg_interfaces/cmake/pkg_interfaces__rosidl_typesupport_cExport-noconfig.cmake
[0.519s] -- Up-to-date: /home/uav_team/ROS2_curso/install/pkg_interfaces/share/pkg_interfaces/cmake/export_pkg_interfaces__rosidl_generator_cppExport.cmake
[0.519s] -- Up-to-date: /home/uav_team/ROS2_curso/install/pkg_interfaces/share/pkg_interfaces/cmake/export_pkg_interfaces__rosidl_typesupport_fastrtps_cppExport.cmake
[0.519s] -- Up-to-date: /home/uav_team/ROS2_curso/install/pkg_interfaces/share/pkg_interfaces/cmake/export_pkg_interfaces__rosidl_typesupport_fastrtps_cppExport-noconfig.cmake
[0.519s] -- Up-to-date: /home/uav_team/ROS2_curso/install/pkg_interfaces/share/pkg_interfaces/cmake/pkg_interfaces__rosidl_typesupport_introspection_cppExport.cmake
[0.519s] -- Up-to-date: /home/uav_team/ROS2_curso/install/pkg_interfaces/share/pkg_interfaces/cmake/pkg_interfaces__rosidl_typesupport_introspection_cppExport-noconfig.cmake
[0.519s] -- Up-to-date: /home/uav_team/ROS2_curso/install/pkg_interfaces/share/pkg_interfaces/cmake/pkg_interfaces__rosidl_typesupport_cppExport.cmake
[0.519s] -- Up-to-date: /home/uav_team/ROS2_curso/install/pkg_interfaces/share/pkg_interfaces/cmake/pkg_interfaces__rosidl_typesupport_cppExport-noconfig.cmake
[0.519s] -- Up-to-date: /home/uav_team/ROS2_curso/install/pkg_interfaces/share/pkg_interfaces/cmake/export_pkg_interfaces__rosidl_generator_pyExport.cmake
[0.520s] -- Up-to-date: /home/uav_team/ROS2_curso/install/pkg_interfaces/share/pkg_interfaces/cmake/export_pkg_interfaces__rosidl_generator_pyExport-noconfig.cmake
[0.520s] -- Up-to-date: /home/uav_team/ROS2_curso/install/pkg_interfaces/share/pkg_interfaces/cmake/rosidl_cmake-extras.cmake
[0.520s] -- Up-to-date: /home/uav_team/ROS2_curso/install/pkg_interfaces/share/pkg_interfaces/cmake/ament_cmake_export_include_directories-extras.cmake
[0.520s] -- Up-to-date: /home/uav_team/ROS2_curso/install/pkg_interfaces/share/pkg_interfaces/cmake/ament_cmake_export_libraries-extras.cmake
[0.520s] -- Up-to-date: /home/uav_team/ROS2_curso/install/pkg_interfaces/share/pkg_interfaces/cmake/ament_cmake_export_targets-extras.cmake
[0.520s] -- Up-to-date: /home/uav_team/ROS2_curso/install/pkg_interfaces/share/pkg_interfaces/cmake/rosidl_cmake_export_typesupport_targets-extras.cmake
[0.520s] -- Up-to-date: /home/uav_team/ROS2_curso/install/pkg_interfaces/share/pkg_interfaces/cmake/ament_cmake_export_dependencies-extras.cmake
[0.520s] -- Up-to-date: /home/uav_team/ROS2_curso/install/pkg_interfaces/share/pkg_interfaces/cmake/rosidl_cmake_export_typesupport_libraries-extras.cmake
[0.520s] -- Up-to-date: /home/uav_team/ROS2_curso/install/pkg_interfaces/share/pkg_interfaces/cmake/pkg_interfacesConfig.cmake
[0.520s] -- Up-to-date: /home/uav_team/ROS2_curso/install/pkg_interfaces/share/pkg_interfaces/cmake/pkg_interfacesConfig-version.cmake
[0.520s] -- Up-to-date: /home/uav_team/ROS2_curso/install/pkg_interfaces/share/pkg_interfaces/package.xml
[0.522s] Invoked command in '/home/uav_team/ROS2_curso/build/pkg_interfaces' returned '0': CMAKE_PREFIX_PATH=${CMAKE_PREFIX_PATH}:/home/uav_team/ROS2_curso/install/pkg_treinamento:/home/uav_team/cbr_2024/ros2_drone_ws/install/drone_camera:/opt/ros/humble /usr/bin/cmake --install /home/uav_team/ROS2_curso/build/pkg_interfaces
