[0.433s] Invoking command in '/home/isabel/Repositórios/ROS2_curso/src/pkg_treinamento': PYTHONPATH=/home/isabel/Repositórios/ROS2_curso/build/pkg_treinamento/prefix_override:/home/isabel/Repositórios/ROS2_curso/install/pkg_treinamento/lib/python3.10/site-packages:${PYTHONPATH} /usr/bin/python3 -W ignore:setup.py install is deprecated setup.py egg_info --egg-base ../../build/pkg_treinamento build --build-base /home/isabel/Repositórios/ROS2_curso/build/pkg_treinamento/build install --record /home/isabel/Repositórios/ROS2_curso/build/pkg_treinamento/install.log --single-version-externally-managed install_data
[0.570s] running egg_info
[0.570s] writing ../../build/pkg_treinamento/pkg_treinamento.egg-info/PKG-INFO
[0.570s] writing dependency_links to ../../build/pkg_treinamento/pkg_treinamento.egg-info/dependency_links.txt
[0.570s] writing entry points to ../../build/pkg_treinamento/pkg_treinamento.egg-info/entry_points.txt
[0.571s] writing requirements to ../../build/pkg_treinamento/pkg_treinamento.egg-info/requires.txt
[0.571s] writing top-level names to ../../build/pkg_treinamento/pkg_treinamento.egg-info/top_level.txt
[0.572s] reading manifest file '../../build/pkg_treinamento/pkg_treinamento.egg-info/SOURCES.txt'
[0.572s] writing manifest file '../../build/pkg_treinamento/pkg_treinamento.egg-info/SOURCES.txt'
[0.573s] running build
[0.573s] running build_py
[0.573s] copying pkg_treinamento/sub1.py -> /home/isabel/Repositórios/ROS2_curso/build/pkg_treinamento/build/lib/pkg_treinamento
[0.573s] copying pkg_treinamento/pub.py -> /home/isabel/Repositórios/ROS2_curso/build/pkg_treinamento/build/lib/pkg_treinamento
[0.573s] running install
[0.573s] running install_lib
[0.573s] copying /home/isabel/Repositórios/ROS2_curso/build/pkg_treinamento/build/lib/pkg_treinamento/sub1.py -> /home/isabel/Repositórios/ROS2_curso/install/pkg_treinamento/lib/python3.10/site-packages/pkg_treinamento
[0.573s] copying /home/isabel/Repositórios/ROS2_curso/build/pkg_treinamento/build/lib/pkg_treinamento/pub.py -> /home/isabel/Repositórios/ROS2_curso/install/pkg_treinamento/lib/python3.10/site-packages/pkg_treinamento
[0.574s] byte-compiling /home/isabel/Repositórios/ROS2_curso/install/pkg_treinamento/lib/python3.10/site-packages/pkg_treinamento/sub1.py to sub1.cpython-310.pyc
[0.574s] byte-compiling /home/isabel/Repositórios/ROS2_curso/install/pkg_treinamento/lib/python3.10/site-packages/pkg_treinamento/pub.py to pub.cpython-310.pyc
[0.574s] running install_data
[0.574s] running install_egg_info
[0.575s] removing '/home/isabel/Repositórios/ROS2_curso/install/pkg_treinamento/lib/python3.10/site-packages/pkg_treinamento-0.0.0-py3.10.egg-info' (and everything under it)
[0.575s] Copying ../../build/pkg_treinamento/pkg_treinamento.egg-info to /home/isabel/Repositórios/ROS2_curso/install/pkg_treinamento/lib/python3.10/site-packages/pkg_treinamento-0.0.0-py3.10.egg-info
[0.576s] running install_scripts
[0.589s] Installing ouvinte1 script to /home/isabel/Repositórios/ROS2_curso/install/pkg_treinamento/lib/pkg_treinamento
[0.589s] Installing palestrante script to /home/isabel/Repositórios/ROS2_curso/install/pkg_treinamento/lib/pkg_treinamento
[0.589s] writing list of installed files to '/home/isabel/Repositórios/ROS2_curso/build/pkg_treinamento/install.log'
[0.603s] Invoked command in '/home/isabel/Repositórios/ROS2_curso/src/pkg_treinamento' returned '0': PYTHONPATH=/home/isabel/Repositórios/ROS2_curso/build/pkg_treinamento/prefix_override:/home/isabel/Repositórios/ROS2_curso/install/pkg_treinamento/lib/python3.10/site-packages:${PYTHONPATH} /usr/bin/python3 -W ignore:setup.py install is deprecated setup.py egg_info --egg-base ../../build/pkg_treinamento build --build-base /home/isabel/Repositórios/ROS2_curso/build/pkg_treinamento/build install --record /home/isabel/Repositórios/ROS2_curso/build/pkg_treinamento/install.log --single-version-externally-managed install_data
