running egg_info
writing ../../build/pkg_treinamento/pkg_treinamento.egg-info/PKG-INFO
writing dependency_links to ../../build/pkg_treinamento/pkg_treinamento.egg-info/dependency_links.txt
writing entry points to ../../build/pkg_treinamento/pkg_treinamento.egg-info/entry_points.txt
writing requirements to ../../build/pkg_treinamento/pkg_treinamento.egg-info/requires.txt
writing top-level names to ../../build/pkg_treinamento/pkg_treinamento.egg-info/top_level.txt
reading manifest file '../../build/pkg_treinamento/pkg_treinamento.egg-info/SOURCES.txt'
writing manifest file '../../build/pkg_treinamento/pkg_treinamento.egg-info/SOURCES.txt'
running build
running build_py
copying pkg_treinamento/calculatorserver.py -> /home/uav_team/ROS2_curso/build/pkg_treinamento/build/lib/pkg_treinamento
running install
running install_lib
copying /home/uav_team/ROS2_curso/build/pkg_treinamento/build/lib/pkg_treinamento/calculatorserver.py -> /home/uav_team/ROS2_curso/install/pkg_treinamento/lib/python3.10/site-packages/pkg_treinamento
byte-compiling /home/uav_team/ROS2_curso/install/pkg_treinamento/lib/python3.10/site-packages/pkg_treinamento/calculatorserver.py to calculatorserver.cpython-310.pyc
running install_data
running install_egg_info
removing '/home/uav_team/ROS2_curso/install/pkg_treinamento/lib/python3.10/site-packages/pkg_treinamento-0.0.0-py3.10.egg-info' (and everything under it)
Copying ../../build/pkg_treinamento/pkg_treinamento.egg-info to /home/uav_team/ROS2_curso/install/pkg_treinamento/lib/python3.10/site-packages/pkg_treinamento-0.0.0-py3.10.egg-info
running install_scripts
Installing calculatorserver script to /home/uav_team/ROS2_curso/install/pkg_treinamento/lib/pkg_treinamento
Installing educadora script to /home/uav_team/ROS2_curso/install/pkg_treinamento/lib/pkg_treinamento
Installing oeste script to /home/uav_team/ROS2_curso/install/pkg_treinamento/lib/pkg_treinamento
Installing ouvinte1 script to /home/uav_team/ROS2_curso/install/pkg_treinamento/lib/pkg_treinamento
Installing palestrante script to /home/uav_team/ROS2_curso/install/pkg_treinamento/lib/pkg_treinamento
Installing radioreceiver script to /home/uav_team/ROS2_curso/install/pkg_treinamento/lib/pkg_treinamento
Installing radiostation script to /home/uav_team/ROS2_curso/install/pkg_treinamento/lib/pkg_treinamento
Installing velhochico script to /home/uav_team/ROS2_curso/install/pkg_treinamento/lib/pkg_treinamento
writing list of installed files to '/home/uav_team/ROS2_curso/build/pkg_treinamento/install.log'
