-- The C compiler identification is GNU 11.4.0
-- The CXX compiler identification is GNU 11.4.0
-- Detecting C compiler ABI info
-- Detecting C compiler ABI info - done
-- Check for working C compiler: /usr/bin/cc - skipped
-- Detecting C compile features
-- Detecting C compile features - done
-- Detecting CXX compiler ABI info
-- Detecting CXX compiler ABI info - done
-- Check for working CXX compiler: /usr/bin/c++ - skipped
-- Detecting CXX compile features
-- Detecting CXX compile features - done
-- Found ament_cmake: 1.3.8 (/opt/ros/humble/share/ament_cmake/cmake)
-- Found Python3: /usr/bin/python3 (found version "3.10.12") found components: Interpreter 
-- Found rosidl_default_generators: 1.2.0 (/opt/ros/humble/share/rosidl_default_generators/cmake)
-- Using all available rosidl_typesupport_c: rosidl_typesupport_fastrtps_c;rosidl_typesupport_introspection_c
-- Found rosidl_adapter: 3.1.5 (/opt/ros/humble/share/rosidl_adapter/cmake)
-- Using all available rosidl_typesupport_cpp: rosidl_typesupport_fastrtps_cpp;rosidl_typesupport_introspection_cpp
-- Found ament_cmake_ros: 0.10.0 (/opt/ros/humble/share/ament_cmake_ros/cmake)
-- Using all available rosidl_typesupport_c: rosidl_typesupport_fastrtps_c;rosidl_typesupport_introspection_c
-- Using all available rosidl_typesupport_cpp: rosidl_typesupport_fastrtps_cpp;rosidl_typesupport_introspection_cpp
-- Found PythonInterp: /usr/bin/python3 (found suitable version "3.10.12", minimum required is "3.6") 
-- Found python_cmake_module: 0.10.0 (/opt/ros/humble/share/python_cmake_module/cmake)
-- Found PythonLibs: /usr/lib/x86_64-linux-gnu/libpython3.10.so (found suitable version "3.10.12", minimum required is "3.5") 
-- Using PYTHON_EXECUTABLE: /usr/bin/python3
-- Using PYTHON_INCLUDE_DIRS: /usr/include/python3.10
-- Using PYTHON_LIBRARIES: /usr/lib/x86_64-linux-gnu/libpython3.10.so
-- Found PythonExtra: .so  
-- Configuring done
-- Generating done
-- Build files have been written to: /home/isabel/Repositorios/ROS2_curso/build/pkg_interfaces
[  2%] [34m[1mGenerating C code for ROS interfaces[0m
[  4%] [34m[1mGenerating C++ code for ROS interfaces[0m
[  4%] Built target ament_cmake_python_copy_pkg_interfaces
running egg_info
creating pkg_interfaces.egg-info
writing pkg_interfaces.egg-info/PKG-INFO
writing dependency_links to pkg_interfaces.egg-info/dependency_links.txt
writing top-level names to pkg_interfaces.egg-info/top_level.txt
writing manifest file 'pkg_interfaces.egg-info/SOURCES.txt'
reading manifest file 'pkg_interfaces.egg-info/SOURCES.txt'
writing manifest file 'pkg_interfaces.egg-info/SOURCES.txt'
[  4%] Built target ament_cmake_python_build_pkg_interfaces_egg
[  4%] Built target pkg_interfaces__cpp
[ 10%] [32mBuilding C object CMakeFiles/pkg_interfaces__rosidl_generator_c.dir/rosidl_generator_c/pkg_interfaces/srv/detail/calculadora_srv__functions.c.o[0m
[  8%] [32mBuilding C object CMakeFiles/pkg_interfaces__rosidl_generator_c.dir/rosidl_generator_c/pkg_interfaces/srv/detail/compute_rectangle_area__functions.c.o[0m
[ 10%] [32mBuilding C object CMakeFiles/pkg_interfaces__rosidl_generator_c.dir/rosidl_generator_c/pkg_interfaces/msg/detail/hardware_status__functions.c.o[0m
[ 12%] [34m[1mGenerating C++ type support dispatch for ROS interfaces[0m
[ 17%] [34m[1mGenerating C++ type support for eProsima Fast-RTPS[0m
[ 17%] [34m[1mGenerating C++ introspection for ROS interfaces[0m
[ 19%] [32m[1mLinking C shared library libpkg_interfaces__rosidl_generator_c.so[0m
[ 19%] Built target pkg_interfaces__rosidl_generator_c
[ 21%] [34m[1mGenerating C type support for eProsima Fast-RTPS[0m
[ 23%] [34m[1mGenerating C type support dispatch for ROS interfaces[0m
[ 25%] [34m[1mGenerating C introspection for ROS interfaces[0m
[ 27%] [32mBuilding CXX object CMakeFiles/pkg_interfaces__rosidl_typesupport_cpp.dir/rosidl_typesupport_cpp/pkg_interfaces/msg/hardware_status__type_support.cpp.o[0m
[ 31%] [32mBuilding CXX object CMakeFiles/pkg_interfaces__rosidl_typesupport_cpp.dir/rosidl_typesupport_cpp/pkg_interfaces/srv/compute_rectangle_area__type_support.cpp.o[0m
[ 31%] [32mBuilding CXX object CMakeFiles/pkg_interfaces__rosidl_typesupport_cpp.dir/rosidl_typesupport_cpp/pkg_interfaces/srv/calculadora_srv__type_support.cpp.o[0m
[ 36%] [32mBuilding CXX object CMakeFiles/pkg_interfaces__rosidl_typesupport_introspection_cpp.dir/rosidl_typesupport_introspection_cpp/pkg_interfaces/msg/detail/hardware_status__type_support.cpp.o[0m
[ 36%] [32mBuilding CXX object CMakeFiles/pkg_interfaces__rosidl_typesupport_introspection_cpp.dir/rosidl_typesupport_introspection_cpp/pkg_interfaces/srv/detail/compute_rectangle_area__type_support.cpp.o[0m
[ 38%] [32mBuilding CXX object CMakeFiles/pkg_interfaces__rosidl_typesupport_introspection_cpp.dir/rosidl_typesupport_introspection_cpp/pkg_interfaces/srv/detail/calculadora_srv__type_support.cpp.o[0m
[ 40%] [32mBuilding CXX object CMakeFiles/pkg_interfaces__rosidl_typesupport_fastrtps_cpp.dir/rosidl_typesupport_fastrtps_cpp/pkg_interfaces/msg/detail/dds_fastrtps/hardware_status__type_support.cpp.o[0m
[ 42%] [32mBuilding CXX object CMakeFiles/pkg_interfaces__rosidl_typesupport_fastrtps_cpp.dir/rosidl_typesupport_fastrtps_cpp/pkg_interfaces/srv/detail/dds_fastrtps/calculadora_srv__type_support.cpp.o[0m
[ 44%] [32mBuilding CXX object CMakeFiles/pkg_interfaces__rosidl_typesupport_fastrtps_cpp.dir/rosidl_typesupport_fastrtps_cpp/pkg_interfaces/srv/detail/dds_fastrtps/compute_rectangle_area__type_support.cpp.o[0m
[ 48%] [32mBuilding CXX object CMakeFiles/pkg_interfaces__rosidl_typesupport_fastrtps_c.dir/rosidl_typesupport_fastrtps_c/pkg_interfaces/msg/detail/hardware_status__type_support_c.cpp.o[0m
[ 48%] [32mBuilding CXX object CMakeFiles/pkg_interfaces__rosidl_typesupport_fastrtps_c.dir/rosidl_typesupport_fastrtps_c/pkg_interfaces/srv/detail/compute_rectangle_area__type_support_c.cpp.o[0m
[ 51%] [32mBuilding CXX object CMakeFiles/pkg_interfaces__rosidl_typesupport_fastrtps_c.dir/rosidl_typesupport_fastrtps_c/pkg_interfaces/srv/detail/calculadora_srv__type_support_c.cpp.o[0m
[ 57%] [32mBuilding CXX object CMakeFiles/pkg_interfaces__rosidl_typesupport_c.dir/rosidl_typesupport_c/pkg_interfaces/srv/calculadora_srv__type_support.cpp.o[0m
[ 57%] [32mBuilding CXX object CMakeFiles/pkg_interfaces__rosidl_typesupport_c.dir/rosidl_typesupport_c/pkg_interfaces/srv/compute_rectangle_area__type_support.cpp.o[0m
[ 57%] [32mBuilding CXX object CMakeFiles/pkg_interfaces__rosidl_typesupport_c.dir/rosidl_typesupport_c/pkg_interfaces/msg/hardware_status__type_support.cpp.o[0m
[ 59%] [32m[1mLinking CXX shared library libpkg_interfaces__rosidl_typesupport_c.so[0m
[ 59%] Built target pkg_interfaces__rosidl_typesupport_c
[ 63%] [32mBuilding C object CMakeFiles/pkg_interfaces__rosidl_typesupport_introspection_c.dir/rosidl_typesupport_introspection_c/pkg_interfaces/srv/detail/calculadora_srv__type_support.c.o[0m
[ 63%] [32mBuilding C object CMakeFiles/pkg_interfaces__rosidl_typesupport_introspection_c.dir/rosidl_typesupport_introspection_c/pkg_interfaces/srv/detail/compute_rectangle_area__type_support.c.o[0m
[ 65%] [32mBuilding C object CMakeFiles/pkg_interfaces__rosidl_typesupport_introspection_c.dir/rosidl_typesupport_introspection_c/pkg_interfaces/msg/detail/hardware_status__type_support.c.o[0m
[ 68%] [32m[1mLinking CXX shared library libpkg_interfaces__rosidl_typesupport_cpp.so[0m
[ 70%] [32m[1mLinking C shared library libpkg_interfaces__rosidl_typesupport_introspection_c.so[0m
[ 70%] Built target pkg_interfaces__rosidl_typesupport_introspection_c
[ 70%] Built target pkg_interfaces__rosidl_typesupport_cpp
[ 72%] [32m[1mLinking CXX shared library libpkg_interfaces__rosidl_typesupport_fastrtps_c.so[0m
[ 74%] [32m[1mLinking CXX shared library libpkg_interfaces__rosidl_typesupport_fastrtps_cpp.so[0m
[ 76%] [32m[1mLinking CXX shared library libpkg_interfaces__rosidl_typesupport_introspection_cpp.so[0m
[ 76%] Built target pkg_interfaces__rosidl_typesupport_fastrtps_c
[ 76%] Built target pkg_interfaces__rosidl_typesupport_fastrtps_cpp
[ 76%] Built target pkg_interfaces__rosidl_typesupport_introspection_cpp
[ 76%] Built target pkg_interfaces
[ 78%] [34m[1mGenerating Python code for ROS interfaces[0m
[ 78%] Built target pkg_interfaces__py
[ 80%] [32mBuilding C object CMakeFiles/pkg_interfaces__rosidl_generator_py.dir/rosidl_generator_py/pkg_interfaces/msg/_hardware_status_s.c.o[0m
[ 82%] [32mBuilding C object CMakeFiles/pkg_interfaces__rosidl_generator_py.dir/rosidl_generator_py/pkg_interfaces/srv/_compute_rectangle_area_s.c.o[0m
[ 85%] [32mBuilding C object CMakeFiles/pkg_interfaces__rosidl_generator_py.dir/rosidl_generator_py/pkg_interfaces/srv/_calculadora_srv_s.c.o[0m
[ 87%] [32m[1mLinking C shared library rosidl_generator_py/pkg_interfaces/libpkg_interfaces__rosidl_generator_py.so[0m
[ 87%] Built target pkg_interfaces__rosidl_generator_py
[ 91%] [32mBuilding C object CMakeFiles/pkg_interfaces__rosidl_typesupport_fastrtps_c__pyext.dir/rosidl_generator_py/pkg_interfaces/_pkg_interfaces_s.ep.rosidl_typesupport_fastrtps_c.c.o[0m
[ 91%] [32mBuilding C object CMakeFiles/pkg_interfaces__rosidl_typesupport_introspection_c__pyext.dir/rosidl_generator_py/pkg_interfaces/_pkg_interfaces_s.ep.rosidl_typesupport_introspection_c.c.o[0m
[ 93%] [32mBuilding C object CMakeFiles/pkg_interfaces__rosidl_typesupport_c__pyext.dir/rosidl_generator_py/pkg_interfaces/_pkg_interfaces_s.ep.rosidl_typesupport_c.c.o[0m
[ 97%] [32m[1mLinking C shared library rosidl_generator_py/pkg_interfaces/pkg_interfaces_s__rosidl_typesupport_c.cpython-310-x86_64-linux-gnu.so[0m
[ 97%] [32m[1mLinking C shared library rosidl_generator_py/pkg_interfaces/pkg_interfaces_s__rosidl_typesupport_introspection_c.cpython-310-x86_64-linux-gnu.so[0m
[100%] [32m[1mLinking C shared library rosidl_generator_py/pkg_interfaces/pkg_interfaces_s__rosidl_typesupport_fastrtps_c.cpython-310-x86_64-linux-gnu.so[0m
[100%] Built target pkg_interfaces__rosidl_typesupport_c__pyext
[100%] Built target pkg_interfaces__rosidl_typesupport_introspection_c__pyext
[100%] Built target pkg_interfaces__rosidl_typesupport_fastrtps_c__pyext
-- Install configuration: ""
-- Installing: /home/isabel/Repositorios/ROS2_curso/install/pkg_interfaces/share/ament_index/resource_index/rosidl_interfaces/pkg_interfaces
-- Installing: /home/isabel/Repositorios/ROS2_curso/install/pkg_interfaces/include/pkg_interfaces/pkg_interfaces
-- Installing: /home/isabel/Repositorios/ROS2_curso/install/pkg_interfaces/include/pkg_interfaces/pkg_interfaces/msg
-- Installing: /home/isabel/Repositorios/ROS2_curso/install/pkg_interfaces/include/pkg_interfaces/pkg_interfaces/msg/rosidl_generator_c__visibility_control.h
-- Installing: /home/isabel/Repositorios/ROS2_curso/install/pkg_interfaces/include/pkg_interfaces/pkg_interfaces/msg/hardware_status.h
-- Installing: /home/isabel/Repositorios/ROS2_curso/install/pkg_interfaces/include/pkg_interfaces/pkg_interfaces/msg/detail
-- Installing: /home/isabel/Repositorios/ROS2_curso/install/pkg_interfaces/include/pkg_interfaces/pkg_interfaces/msg/detail/hardware_status__type_support.h
-- Installing: /home/isabel/Repositorios/ROS2_curso/install/pkg_interfaces/include/pkg_interfaces/pkg_interfaces/msg/detail/hardware_status__struct.h
-- Installing: /home/isabel/Repositorios/ROS2_curso/install/pkg_interfaces/include/pkg_interfaces/pkg_interfaces/msg/detail/hardware_status__functions.c
-- Installing: /home/isabel/Repositorios/ROS2_curso/install/pkg_interfaces/include/pkg_interfaces/pkg_interfaces/msg/detail/hardware_status__functions.h
-- Installing: /home/isabel/Repositorios/ROS2_curso/install/pkg_interfaces/include/pkg_interfaces/pkg_interfaces/srv
-- Installing: /home/isabel/Repositorios/ROS2_curso/install/pkg_interfaces/include/pkg_interfaces/pkg_interfaces/srv/compute_rectangle_area.h
-- Installing: /home/isabel/Repositorios/ROS2_curso/install/pkg_interfaces/include/pkg_interfaces/pkg_interfaces/srv/detail
-- Installing: /home/isabel/Repositorios/ROS2_curso/install/pkg_interfaces/include/pkg_interfaces/pkg_interfaces/srv/detail/calculadora_srv__struct.h
-- Installing: /home/isabel/Repositorios/ROS2_curso/install/pkg_interfaces/include/pkg_interfaces/pkg_interfaces/srv/detail/compute_rectangle_area__functions.h
-- Installing: /home/isabel/Repositorios/ROS2_curso/install/pkg_interfaces/include/pkg_interfaces/pkg_interfaces/srv/detail/calculadora_srv__functions.h
-- Installing: /home/isabel/Repositorios/ROS2_curso/install/pkg_interfaces/include/pkg_interfaces/pkg_interfaces/srv/detail/compute_rectangle_area__functions.c
-- Installing: /home/isabel/Repositorios/ROS2_curso/install/pkg_interfaces/include/pkg_interfaces/pkg_interfaces/srv/detail/compute_rectangle_area__type_support.h
-- Installing: /home/isabel/Repositorios/ROS2_curso/install/pkg_interfaces/include/pkg_interfaces/pkg_interfaces/srv/detail/compute_rectangle_area__struct.h
-- Installing: /home/isabel/Repositorios/ROS2_curso/install/pkg_interfaces/include/pkg_interfaces/pkg_interfaces/srv/detail/calculadora_srv__type_support.h
-- Installing: /home/isabel/Repositorios/ROS2_curso/install/pkg_interfaces/include/pkg_interfaces/pkg_interfaces/srv/detail/calculadora_srv__functions.c
-- Installing: /home/isabel/Repositorios/ROS2_curso/install/pkg_interfaces/include/pkg_interfaces/pkg_interfaces/srv/calculadora_srv.h
-- Installing: /home/isabel/Repositorios/ROS2_curso/install/pkg_interfaces/share/pkg_interfaces/environment/library_path.sh
-- Installing: /home/isabel/Repositorios/ROS2_curso/install/pkg_interfaces/share/pkg_interfaces/environment/library_path.dsv
-- Installing: /home/isabel/Repositorios/ROS2_curso/install/pkg_interfaces/lib/libpkg_interfaces__rosidl_generator_c.so
-- Set runtime path of "/home/isabel/Repositorios/ROS2_curso/install/pkg_interfaces/lib/libpkg_interfaces__rosidl_generator_c.so" to ""
-- Up-to-date: /home/isabel/Repositorios/ROS2_curso/install/pkg_interfaces/include/pkg_interfaces/pkg_interfaces
-- Up-to-date: /home/isabel/Repositorios/ROS2_curso/install/pkg_interfaces/include/pkg_interfaces/pkg_interfaces/msg
-- Installing: /home/isabel/Repositorios/ROS2_curso/install/pkg_interfaces/include/pkg_interfaces/pkg_interfaces/msg/rosidl_typesupport_fastrtps_c__visibility_control.h
-- Up-to-date: /home/isabel/Repositorios/ROS2_curso/install/pkg_interfaces/include/pkg_interfaces/pkg_interfaces/msg/detail
-- Installing: /home/isabel/Repositorios/ROS2_curso/install/pkg_interfaces/include/pkg_interfaces/pkg_interfaces/msg/detail/hardware_status__rosidl_typesupport_fastrtps_c.h
-- Up-to-date: /home/isabel/Repositorios/ROS2_curso/install/pkg_interfaces/include/pkg_interfaces/pkg_interfaces/srv
-- Up-to-date: /home/isabel/Repositorios/ROS2_curso/install/pkg_interfaces/include/pkg_interfaces/pkg_interfaces/srv/detail
-- Installing: /home/isabel/Repositorios/ROS2_curso/install/pkg_interfaces/include/pkg_interfaces/pkg_interfaces/srv/detail/compute_rectangle_area__rosidl_typesupport_fastrtps_c.h
-- Installing: /home/isabel/Repositorios/ROS2_curso/install/pkg_interfaces/include/pkg_interfaces/pkg_interfaces/srv/detail/calculadora_srv__rosidl_typesupport_fastrtps_c.h
-- Installing: /home/isabel/Repositorios/ROS2_curso/install/pkg_interfaces/lib/libpkg_interfaces__rosidl_typesupport_fastrtps_c.so
-- Set runtime path of "/home/isabel/Repositorios/ROS2_curso/install/pkg_interfaces/lib/libpkg_interfaces__rosidl_typesupport_fastrtps_c.so" to ""
-- Up-to-date: /home/isabel/Repositorios/ROS2_curso/install/pkg_interfaces/include/pkg_interfaces/pkg_interfaces
-- Up-to-date: /home/isabel/Repositorios/ROS2_curso/install/pkg_interfaces/include/pkg_interfaces/pkg_interfaces/msg
-- Installing: /home/isabel/Repositorios/ROS2_curso/install/pkg_interfaces/include/pkg_interfaces/pkg_interfaces/msg/rosidl_typesupport_introspection_c__visibility_control.h
-- Up-to-date: /home/isabel/Repositorios/ROS2_curso/install/pkg_interfaces/include/pkg_interfaces/pkg_interfaces/msg/detail
-- Installing: /home/isabel/Repositorios/ROS2_curso/install/pkg_interfaces/include/pkg_interfaces/pkg_interfaces/msg/detail/hardware_status__rosidl_typesupport_introspection_c.h
-- Installing: /home/isabel/Repositorios/ROS2_curso/install/pkg_interfaces/include/pkg_interfaces/pkg_interfaces/msg/detail/hardware_status__type_support.c
-- Up-to-date: /home/isabel/Repositorios/ROS2_curso/install/pkg_interfaces/include/pkg_interfaces/pkg_interfaces/srv
-- Up-to-date: /home/isabel/Repositorios/ROS2_curso/install/pkg_interfaces/include/pkg_interfaces/pkg_interfaces/srv/detail
-- Installing: /home/isabel/Repositorios/ROS2_curso/install/pkg_interfaces/include/pkg_interfaces/pkg_interfaces/srv/detail/compute_rectangle_area__rosidl_typesupport_introspection_c.h
-- Installing: /home/isabel/Repositorios/ROS2_curso/install/pkg_interfaces/include/pkg_interfaces/pkg_interfaces/srv/detail/compute_rectangle_area__type_support.c
-- Installing: /home/isabel/Repositorios/ROS2_curso/install/pkg_interfaces/include/pkg_interfaces/pkg_interfaces/srv/detail/calculadora_srv__rosidl_typesupport_introspection_c.h
-- Installing: /home/isabel/Repositorios/ROS2_curso/install/pkg_interfaces/include/pkg_interfaces/pkg_interfaces/srv/detail/calculadora_srv__type_support.c
-- Installing: /home/isabel/Repositorios/ROS2_curso/install/pkg_interfaces/lib/libpkg_interfaces__rosidl_typesupport_introspection_c.so
-- Set runtime path of "/home/isabel/Repositorios/ROS2_curso/install/pkg_interfaces/lib/libpkg_interfaces__rosidl_typesupport_introspection_c.so" to ""
-- Installing: /home/isabel/Repositorios/ROS2_curso/install/pkg_interfaces/lib/libpkg_interfaces__rosidl_typesupport_c.so
-- Set runtime path of "/home/isabel/Repositorios/ROS2_curso/install/pkg_interfaces/lib/libpkg_interfaces__rosidl_typesupport_c.so" to ""
-- Up-to-date: /home/isabel/Repositorios/ROS2_curso/install/pkg_interfaces/include/pkg_interfaces/pkg_interfaces
-- Up-to-date: /home/isabel/Repositorios/ROS2_curso/install/pkg_interfaces/include/pkg_interfaces/pkg_interfaces/msg
-- Up-to-date: /home/isabel/Repositorios/ROS2_curso/install/pkg_interfaces/include/pkg_interfaces/pkg_interfaces/msg/detail
-- Installing: /home/isabel/Repositorios/ROS2_curso/install/pkg_interfaces/include/pkg_interfaces/pkg_interfaces/msg/detail/hardware_status__struct.hpp
-- Installing: /home/isabel/Repositorios/ROS2_curso/install/pkg_interfaces/include/pkg_interfaces/pkg_interfaces/msg/detail/hardware_status__traits.hpp
-- Installing: /home/isabel/Repositorios/ROS2_curso/install/pkg_interfaces/include/pkg_interfaces/pkg_interfaces/msg/detail/hardware_status__builder.hpp
-- Installing: /home/isabel/Repositorios/ROS2_curso/install/pkg_interfaces/include/pkg_interfaces/pkg_interfaces/msg/hardware_status.hpp
-- Up-to-date: /home/isabel/Repositorios/ROS2_curso/install/pkg_interfaces/include/pkg_interfaces/pkg_interfaces/srv
-- Installing: /home/isabel/Repositorios/ROS2_curso/install/pkg_interfaces/include/pkg_interfaces/pkg_interfaces/srv/compute_rectangle_area.hpp
-- Up-to-date: /home/isabel/Repositorios/ROS2_curso/install/pkg_interfaces/include/pkg_interfaces/pkg_interfaces/srv/detail
-- Installing: /home/isabel/Repositorios/ROS2_curso/install/pkg_interfaces/include/pkg_interfaces/pkg_interfaces/srv/detail/calculadora_srv__struct.hpp
-- Installing: /home/isabel/Repositorios/ROS2_curso/install/pkg_interfaces/include/pkg_interfaces/pkg_interfaces/srv/detail/calculadora_srv__traits.hpp
-- Installing: /home/isabel/Repositorios/ROS2_curso/install/pkg_interfaces/include/pkg_interfaces/pkg_interfaces/srv/detail/compute_rectangle_area__struct.hpp
-- Installing: /home/isabel/Repositorios/ROS2_curso/install/pkg_interfaces/include/pkg_interfaces/pkg_interfaces/srv/detail/compute_rectangle_area__builder.hpp
-- Installing: /home/isabel/Repositorios/ROS2_curso/install/pkg_interfaces/include/pkg_interfaces/pkg_interfaces/srv/detail/calculadora_srv__builder.hpp
-- Installing: /home/isabel/Repositorios/ROS2_curso/install/pkg_interfaces/include/pkg_interfaces/pkg_interfaces/srv/detail/compute_rectangle_area__traits.hpp
-- Installing: /home/isabel/Repositorios/ROS2_curso/install/pkg_interfaces/include/pkg_interfaces/pkg_interfaces/srv/calculadora_srv.hpp
-- Up-to-date: /home/isabel/Repositorios/ROS2_curso/install/pkg_interfaces/include/pkg_interfaces/pkg_interfaces
-- Up-to-date: /home/isabel/Repositorios/ROS2_curso/install/pkg_interfaces/include/pkg_interfaces/pkg_interfaces/msg
-- Installing: /home/isabel/Repositorios/ROS2_curso/install/pkg_interfaces/include/pkg_interfaces/pkg_interfaces/msg/rosidl_typesupport_fastrtps_cpp__visibility_control.h
-- Up-to-date: /home/isabel/Repositorios/ROS2_curso/install/pkg_interfaces/include/pkg_interfaces/pkg_interfaces/msg/detail
-- Installing: /home/isabel/Repositorios/ROS2_curso/install/pkg_interfaces/include/pkg_interfaces/pkg_interfaces/msg/detail/dds_fastrtps
-- Installing: /home/isabel/Repositorios/ROS2_curso/install/pkg_interfaces/include/pkg_interfaces/pkg_interfaces/msg/detail/hardware_status__rosidl_typesupport_fastrtps_cpp.hpp
-- Up-to-date: /home/isabel/Repositorios/ROS2_curso/install/pkg_interfaces/include/pkg_interfaces/pkg_interfaces/srv
-- Up-to-date: /home/isabel/Repositorios/ROS2_curso/install/pkg_interfaces/include/pkg_interfaces/pkg_interfaces/srv/detail
-- Installing: /home/isabel/Repositorios/ROS2_curso/install/pkg_interfaces/include/pkg_interfaces/pkg_interfaces/srv/detail/dds_fastrtps
-- Installing: /home/isabel/Repositorios/ROS2_curso/install/pkg_interfaces/include/pkg_interfaces/pkg_interfaces/srv/detail/compute_rectangle_area__rosidl_typesupport_fastrtps_cpp.hpp
-- Installing: /home/isabel/Repositorios/ROS2_curso/install/pkg_interfaces/include/pkg_interfaces/pkg_interfaces/srv/detail/calculadora_srv__rosidl_typesupport_fastrtps_cpp.hpp
-- Installing: /home/isabel/Repositorios/ROS2_curso/install/pkg_interfaces/lib/libpkg_interfaces__rosidl_typesupport_fastrtps_cpp.so
-- Set runtime path of "/home/isabel/Repositorios/ROS2_curso/install/pkg_interfaces/lib/libpkg_interfaces__rosidl_typesupport_fastrtps_cpp.so" to ""
-- Up-to-date: /home/isabel/Repositorios/ROS2_curso/install/pkg_interfaces/include/pkg_interfaces/pkg_interfaces
-- Up-to-date: /home/isabel/Repositorios/ROS2_curso/install/pkg_interfaces/include/pkg_interfaces/pkg_interfaces/msg
-- Up-to-date: /home/isabel/Repositorios/ROS2_curso/install/pkg_interfaces/include/pkg_interfaces/pkg_interfaces/msg/detail
-- Installing: /home/isabel/Repositorios/ROS2_curso/install/pkg_interfaces/include/pkg_interfaces/pkg_interfaces/msg/detail/hardware_status__type_support.cpp
-- Installing: /home/isabel/Repositorios/ROS2_curso/install/pkg_interfaces/include/pkg_interfaces/pkg_interfaces/msg/detail/hardware_status__rosidl_typesupport_introspection_cpp.hpp
-- Up-to-date: /home/isabel/Repositorios/ROS2_curso/install/pkg_interfaces/include/pkg_interfaces/pkg_interfaces/srv
-- Up-to-date: /home/isabel/Repositorios/ROS2_curso/install/pkg_interfaces/include/pkg_interfaces/pkg_interfaces/srv/detail
-- Installing: /home/isabel/Repositorios/ROS2_curso/install/pkg_interfaces/include/pkg_interfaces/pkg_interfaces/srv/detail/calculadora_srv__rosidl_typesupport_introspection_cpp.hpp
-- Installing: /home/isabel/Repositorios/ROS2_curso/install/pkg_interfaces/include/pkg_interfaces/pkg_interfaces/srv/detail/compute_rectangle_area__type_support.cpp
-- Installing: /home/isabel/Repositorios/ROS2_curso/install/pkg_interfaces/include/pkg_interfaces/pkg_interfaces/srv/detail/calculadora_srv__type_support.cpp
-- Installing: /home/isabel/Repositorios/ROS2_curso/install/pkg_interfaces/include/pkg_interfaces/pkg_interfaces/srv/detail/compute_rectangle_area__rosidl_typesupport_introspection_cpp.hpp
-- Installing: /home/isabel/Repositorios/ROS2_curso/install/pkg_interfaces/lib/libpkg_interfaces__rosidl_typesupport_introspection_cpp.so
-- Set runtime path of "/home/isabel/Repositorios/ROS2_curso/install/pkg_interfaces/lib/libpkg_interfaces__rosidl_typesupport_introspection_cpp.so" to ""
-- Installing: /home/isabel/Repositorios/ROS2_curso/install/pkg_interfaces/lib/libpkg_interfaces__rosidl_typesupport_cpp.so
-- Set runtime path of "/home/isabel/Repositorios/ROS2_curso/install/pkg_interfaces/lib/libpkg_interfaces__rosidl_typesupport_cpp.so" to ""
-- Installing: /home/isabel/Repositorios/ROS2_curso/install/pkg_interfaces/share/pkg_interfaces/environment/pythonpath.sh
-- Installing: /home/isabel/Repositorios/ROS2_curso/install/pkg_interfaces/share/pkg_interfaces/environment/pythonpath.dsv
-- Installing: /home/isabel/Repositorios/ROS2_curso/install/pkg_interfaces/local/lib/python3.10/dist-packages/pkg_interfaces-0.0.0-py3.10.egg-info
-- Installing: /home/isabel/Repositorios/ROS2_curso/install/pkg_interfaces/local/lib/python3.10/dist-packages/pkg_interfaces-0.0.0-py3.10.egg-info/SOURCES.txt
-- Installing: /home/isabel/Repositorios/ROS2_curso/install/pkg_interfaces/local/lib/python3.10/dist-packages/pkg_interfaces-0.0.0-py3.10.egg-info/PKG-INFO
-- Installing: /home/isabel/Repositorios/ROS2_curso/install/pkg_interfaces/local/lib/python3.10/dist-packages/pkg_interfaces-0.0.0-py3.10.egg-info/dependency_links.txt
-- Installing: /home/isabel/Repositorios/ROS2_curso/install/pkg_interfaces/local/lib/python3.10/dist-packages/pkg_interfaces-0.0.0-py3.10.egg-info/top_level.txt
-- Installing: /home/isabel/Repositorios/ROS2_curso/install/pkg_interfaces/local/lib/python3.10/dist-packages/pkg_interfaces
-- Installing: /home/isabel/Repositorios/ROS2_curso/install/pkg_interfaces/local/lib/python3.10/dist-packages/pkg_interfaces/msg
-- Installing: /home/isabel/Repositorios/ROS2_curso/install/pkg_interfaces/local/lib/python3.10/dist-packages/pkg_interfaces/msg/_hardware_status.py
-- Installing: /home/isabel/Repositorios/ROS2_curso/install/pkg_interfaces/local/lib/python3.10/dist-packages/pkg_interfaces/msg/__init__.py
-- Installing: /home/isabel/Repositorios/ROS2_curso/install/pkg_interfaces/local/lib/python3.10/dist-packages/pkg_interfaces/msg/_hardware_status_s.c
-- Installing: /home/isabel/Repositorios/ROS2_curso/install/pkg_interfaces/local/lib/python3.10/dist-packages/pkg_interfaces/pkg_interfaces_s__rosidl_typesupport_introspection_c.cpython-310-x86_64-linux-gnu.so
-- Installing: /home/isabel/Repositorios/ROS2_curso/install/pkg_interfaces/local/lib/python3.10/dist-packages/pkg_interfaces/_pkg_interfaces_s.ep.rosidl_typesupport_c.c
-- Installing: /home/isabel/Repositorios/ROS2_curso/install/pkg_interfaces/local/lib/python3.10/dist-packages/pkg_interfaces/libpkg_interfaces__rosidl_generator_py.so
-- Installing: /home/isabel/Repositorios/ROS2_curso/install/pkg_interfaces/local/lib/python3.10/dist-packages/pkg_interfaces/pkg_interfaces_s__rosidl_typesupport_fastrtps_c.cpython-310-x86_64-linux-gnu.so
-- Installing: /home/isabel/Repositorios/ROS2_curso/install/pkg_interfaces/local/lib/python3.10/dist-packages/pkg_interfaces/_pkg_interfaces_s.ep.rosidl_typesupport_fastrtps_c.c
-- Installing: /home/isabel/Repositorios/ROS2_curso/install/pkg_interfaces/local/lib/python3.10/dist-packages/pkg_interfaces/__init__.py
-- Installing: /home/isabel/Repositorios/ROS2_curso/install/pkg_interfaces/local/lib/python3.10/dist-packages/pkg_interfaces/_pkg_interfaces_s.ep.rosidl_typesupport_introspection_c.c
-- Installing: /home/isabel/Repositorios/ROS2_curso/install/pkg_interfaces/local/lib/python3.10/dist-packages/pkg_interfaces/srv
-- Installing: /home/isabel/Repositorios/ROS2_curso/install/pkg_interfaces/local/lib/python3.10/dist-packages/pkg_interfaces/srv/_compute_rectangle_area.py
-- Installing: /home/isabel/Repositorios/ROS2_curso/install/pkg_interfaces/local/lib/python3.10/dist-packages/pkg_interfaces/srv/_calculadora_srv_s.c
-- Installing: /home/isabel/Repositorios/ROS2_curso/install/pkg_interfaces/local/lib/python3.10/dist-packages/pkg_interfaces/srv/_calculadora_srv.py
-- Installing: /home/isabel/Repositorios/ROS2_curso/install/pkg_interfaces/local/lib/python3.10/dist-packages/pkg_interfaces/srv/__init__.py
-- Installing: /home/isabel/Repositorios/ROS2_curso/install/pkg_interfaces/local/lib/python3.10/dist-packages/pkg_interfaces/srv/_compute_rectangle_area_s.c
-- Installing: /home/isabel/Repositorios/ROS2_curso/install/pkg_interfaces/local/lib/python3.10/dist-packages/pkg_interfaces/pkg_interfaces_s__rosidl_typesupport_c.cpython-310-x86_64-linux-gnu.so
Listing '/home/isabel/Repositorios/ROS2_curso/install/pkg_interfaces/local/lib/python3.10/dist-packages/pkg_interfaces'...
Compiling '/home/isabel/Repositorios/ROS2_curso/install/pkg_interfaces/local/lib/python3.10/dist-packages/pkg_interfaces/__init__.py'...
Listing '/home/isabel/Repositorios/ROS2_curso/install/pkg_interfaces/local/lib/python3.10/dist-packages/pkg_interfaces/msg'...
Compiling '/home/isabel/Repositorios/ROS2_curso/install/pkg_interfaces/local/lib/python3.10/dist-packages/pkg_interfaces/msg/__init__.py'...
Compiling '/home/isabel/Repositorios/ROS2_curso/install/pkg_interfaces/local/lib/python3.10/dist-packages/pkg_interfaces/msg/_hardware_status.py'...
Listing '/home/isabel/Repositorios/ROS2_curso/install/pkg_interfaces/local/lib/python3.10/dist-packages/pkg_interfaces/srv'...
Compiling '/home/isabel/Repositorios/ROS2_curso/install/pkg_interfaces/local/lib/python3.10/dist-packages/pkg_interfaces/srv/__init__.py'...
Compiling '/home/isabel/Repositorios/ROS2_curso/install/pkg_interfaces/local/lib/python3.10/dist-packages/pkg_interfaces/srv/_calculadora_srv.py'...
Compiling '/home/isabel/Repositorios/ROS2_curso/install/pkg_interfaces/local/lib/python3.10/dist-packages/pkg_interfaces/srv/_compute_rectangle_area.py'...
-- Installing: /home/isabel/Repositorios/ROS2_curso/install/pkg_interfaces/local/lib/python3.10/dist-packages/pkg_interfaces/pkg_interfaces_s__rosidl_typesupport_fastrtps_c.cpython-310-x86_64-linux-gnu.so
-- Set runtime path of "/home/isabel/Repositorios/ROS2_curso/install/pkg_interfaces/local/lib/python3.10/dist-packages/pkg_interfaces/pkg_interfaces_s__rosidl_typesupport_fastrtps_c.cpython-310-x86_64-linux-gnu.so" to ""
-- Installing: /home/isabel/Repositorios/ROS2_curso/install/pkg_interfaces/local/lib/python3.10/dist-packages/pkg_interfaces/pkg_interfaces_s__rosidl_typesupport_introspection_c.cpython-310-x86_64-linux-gnu.so
-- Set runtime path of "/home/isabel/Repositorios/ROS2_curso/install/pkg_interfaces/local/lib/python3.10/dist-packages/pkg_interfaces/pkg_interfaces_s__rosidl_typesupport_introspection_c.cpython-310-x86_64-linux-gnu.so" to ""
-- Installing: /home/isabel/Repositorios/ROS2_curso/install/pkg_interfaces/local/lib/python3.10/dist-packages/pkg_interfaces/pkg_interfaces_s__rosidl_typesupport_c.cpython-310-x86_64-linux-gnu.so
-- Set runtime path of "/home/isabel/Repositorios/ROS2_curso/install/pkg_interfaces/local/lib/python3.10/dist-packages/pkg_interfaces/pkg_interfaces_s__rosidl_typesupport_c.cpython-310-x86_64-linux-gnu.so" to ""
-- Installing: /home/isabel/Repositorios/ROS2_curso/install/pkg_interfaces/lib/libpkg_interfaces__rosidl_generator_py.so
-- Set runtime path of "/home/isabel/Repositorios/ROS2_curso/install/pkg_interfaces/lib/libpkg_interfaces__rosidl_generator_py.so" to ""
-- Installing: /home/isabel/Repositorios/ROS2_curso/install/pkg_interfaces/share/pkg_interfaces/msg/HardwareStatus.idl
-- Installing: /home/isabel/Repositorios/ROS2_curso/install/pkg_interfaces/share/pkg_interfaces/srv/ComputeRectangleArea.idl
-- Installing: /home/isabel/Repositorios/ROS2_curso/install/pkg_interfaces/share/pkg_interfaces/srv/CalculadoraSrv.idl
-- Installing: /home/isabel/Repositorios/ROS2_curso/install/pkg_interfaces/share/pkg_interfaces/msg/HardwareStatus.msg
-- Installing: /home/isabel/Repositorios/ROS2_curso/install/pkg_interfaces/share/pkg_interfaces/srv/ComputeRectangleArea.srv
-- Installing: /home/isabel/Repositorios/ROS2_curso/install/pkg_interfaces/share/pkg_interfaces/srv/ComputeRectangleArea_Request.msg
-- Installing: /home/isabel/Repositorios/ROS2_curso/install/pkg_interfaces/share/pkg_interfaces/srv/ComputeRectangleArea_Response.msg
-- Installing: /home/isabel/Repositorios/ROS2_curso/install/pkg_interfaces/share/pkg_interfaces/srv/CalculadoraSrv.srv
-- Installing: /home/isabel/Repositorios/ROS2_curso/install/pkg_interfaces/share/pkg_interfaces/srv/CalculadoraSrv_Request.msg
-- Installing: /home/isabel/Repositorios/ROS2_curso/install/pkg_interfaces/share/pkg_interfaces/srv/CalculadoraSrv_Response.msg
-- Installing: /home/isabel/Repositorios/ROS2_curso/install/pkg_interfaces/share/ament_index/resource_index/package_run_dependencies/pkg_interfaces
-- Installing: /home/isabel/Repositorios/ROS2_curso/install/pkg_interfaces/share/ament_index/resource_index/parent_prefix_path/pkg_interfaces
-- Installing: /home/isabel/Repositorios/ROS2_curso/install/pkg_interfaces/share/pkg_interfaces/environment/ament_prefix_path.sh
-- Installing: /home/isabel/Repositorios/ROS2_curso/install/pkg_interfaces/share/pkg_interfaces/environment/ament_prefix_path.dsv
-- Installing: /home/isabel/Repositorios/ROS2_curso/install/pkg_interfaces/share/pkg_interfaces/environment/path.sh
-- Installing: /home/isabel/Repositorios/ROS2_curso/install/pkg_interfaces/share/pkg_interfaces/environment/path.dsv
-- Installing: /home/isabel/Repositorios/ROS2_curso/install/pkg_interfaces/share/pkg_interfaces/local_setup.bash
-- Installing: /home/isabel/Repositorios/ROS2_curso/install/pkg_interfaces/share/pkg_interfaces/local_setup.sh
-- Installing: /home/isabel/Repositorios/ROS2_curso/install/pkg_interfaces/share/pkg_interfaces/local_setup.zsh
-- Installing: /home/isabel/Repositorios/ROS2_curso/install/pkg_interfaces/share/pkg_interfaces/local_setup.dsv
-- Installing: /home/isabel/Repositorios/ROS2_curso/install/pkg_interfaces/share/pkg_interfaces/package.dsv
-- Installing: /home/isabel/Repositorios/ROS2_curso/install/pkg_interfaces/share/ament_index/resource_index/packages/pkg_interfaces
-- Installing: /home/isabel/Repositorios/ROS2_curso/install/pkg_interfaces/share/pkg_interfaces/cmake/export_pkg_interfaces__rosidl_generator_cExport.cmake
-- Installing: /home/isabel/Repositorios/ROS2_curso/install/pkg_interfaces/share/pkg_interfaces/cmake/export_pkg_interfaces__rosidl_generator_cExport-noconfig.cmake
-- Installing: /home/isabel/Repositorios/ROS2_curso/install/pkg_interfaces/share/pkg_interfaces/cmake/export_pkg_interfaces__rosidl_typesupport_fastrtps_cExport.cmake
-- Installing: /home/isabel/Repositorios/ROS2_curso/install/pkg_interfaces/share/pkg_interfaces/cmake/export_pkg_interfaces__rosidl_typesupport_fastrtps_cExport-noconfig.cmake
-- Installing: /home/isabel/Repositorios/ROS2_curso/install/pkg_interfaces/share/pkg_interfaces/cmake/pkg_interfaces__rosidl_typesupport_introspection_cExport.cmake
-- Installing: /home/isabel/Repositorios/ROS2_curso/install/pkg_interfaces/share/pkg_interfaces/cmake/pkg_interfaces__rosidl_typesupport_introspection_cExport-noconfig.cmake
-- Installing: /home/isabel/Repositorios/ROS2_curso/install/pkg_interfaces/share/pkg_interfaces/cmake/pkg_interfaces__rosidl_typesupport_cExport.cmake
-- Installing: /home/isabel/Repositorios/ROS2_curso/install/pkg_interfaces/share/pkg_interfaces/cmake/pkg_interfaces__rosidl_typesupport_cExport-noconfig.cmake
-- Installing: /home/isabel/Repositorios/ROS2_curso/install/pkg_interfaces/share/pkg_interfaces/cmake/export_pkg_interfaces__rosidl_generator_cppExport.cmake
-- Installing: /home/isabel/Repositorios/ROS2_curso/install/pkg_interfaces/share/pkg_interfaces/cmake/export_pkg_interfaces__rosidl_typesupport_fastrtps_cppExport.cmake
-- Installing: /home/isabel/Repositorios/ROS2_curso/install/pkg_interfaces/share/pkg_interfaces/cmake/export_pkg_interfaces__rosidl_typesupport_fastrtps_cppExport-noconfig.cmake
-- Installing: /home/isabel/Repositorios/ROS2_curso/install/pkg_interfaces/share/pkg_interfaces/cmake/pkg_interfaces__rosidl_typesupport_introspection_cppExport.cmake
-- Installing: /home/isabel/Repositorios/ROS2_curso/install/pkg_interfaces/share/pkg_interfaces/cmake/pkg_interfaces__rosidl_typesupport_introspection_cppExport-noconfig.cmake
-- Installing: /home/isabel/Repositorios/ROS2_curso/install/pkg_interfaces/share/pkg_interfaces/cmake/pkg_interfaces__rosidl_typesupport_cppExport.cmake
-- Installing: /home/isabel/Repositorios/ROS2_curso/install/pkg_interfaces/share/pkg_interfaces/cmake/pkg_interfaces__rosidl_typesupport_cppExport-noconfig.cmake
-- Installing: /home/isabel/Repositorios/ROS2_curso/install/pkg_interfaces/share/pkg_interfaces/cmake/export_pkg_interfaces__rosidl_generator_pyExport.cmake
-- Installing: /home/isabel/Repositorios/ROS2_curso/install/pkg_interfaces/share/pkg_interfaces/cmake/export_pkg_interfaces__rosidl_generator_pyExport-noconfig.cmake
-- Installing: /home/isabel/Repositorios/ROS2_curso/install/pkg_interfaces/share/pkg_interfaces/cmake/rosidl_cmake-extras.cmake
-- Installing: /home/isabel/Repositorios/ROS2_curso/install/pkg_interfaces/share/pkg_interfaces/cmake/ament_cmake_export_include_directories-extras.cmake
-- Installing: /home/isabel/Repositorios/ROS2_curso/install/pkg_interfaces/share/pkg_interfaces/cmake/ament_cmake_export_libraries-extras.cmake
-- Installing: /home/isabel/Repositorios/ROS2_curso/install/pkg_interfaces/share/pkg_interfaces/cmake/ament_cmake_export_targets-extras.cmake
-- Installing: /home/isabel/Repositorios/ROS2_curso/install/pkg_interfaces/share/pkg_interfaces/cmake/rosidl_cmake_export_typesupport_targets-extras.cmake
-- Installing: /home/isabel/Repositorios/ROS2_curso/install/pkg_interfaces/share/pkg_interfaces/cmake/ament_cmake_export_dependencies-extras.cmake
-- Installing: /home/isabel/Repositorios/ROS2_curso/install/pkg_interfaces/share/pkg_interfaces/cmake/rosidl_cmake_export_typesupport_libraries-extras.cmake
-- Installing: /home/isabel/Repositorios/ROS2_curso/install/pkg_interfaces/share/pkg_interfaces/cmake/pkg_interfacesConfig.cmake
-- Installing: /home/isabel/Repositorios/ROS2_curso/install/pkg_interfaces/share/pkg_interfaces/cmake/pkg_interfacesConfig-version.cmake
-- Installing: /home/isabel/Repositorios/ROS2_curso/install/pkg_interfaces/share/pkg_interfaces/package.xml
