[0.005s] Invoking command in '/home/isabel/Repositorios/ROS2_curso/build/pkg_interfaces': CMAKE_PREFIX_PATH=${CMAKE_PREFIX_PATH}:/home/isabel/ROS2_curso/install/pkg_treinamento:/home/isabel/Repositórios/ROS2_curso/install/pkg_treinamento:/opt/ros/humble /usr/bin/cmake /home/isabel/Repositorios/ROS2_curso/src/pkg_interfaces -DCMAKE_INSTALL_PREFIX=/home/isabel/Repositorios/ROS2_curso/install/pkg_interfaces
[0.060s] -- The C compiler identification is GNU 11.4.0
[0.115s] -- The CXX compiler identification is GNU 11.4.0
[0.118s] -- Detecting C compiler ABI info
[0.165s] -- Detecting C compiler ABI info - done
[0.170s] -- Check for working C compiler: /usr/bin/cc - skipped
[0.170s] -- Detecting C compile features
[0.170s] -- Detecting C compile features - done
[0.172s] -- Detecting CXX compiler ABI info
[0.217s] -- Detecting CXX compiler ABI info - done
[0.221s] -- Check for working CXX compiler: /usr/bin/c++ - skipped
[0.221s] -- Detecting CXX compile features
[0.221s] -- Detecting CXX compile features - done
[0.222s] -- Found ament_cmake: 1.3.8 (/opt/ros/humble/share/ament_cmake/cmake)
[0.314s] -- Found Python3: /usr/bin/python3 (found version "3.10.12") found components: Interpreter 
[0.359s] -- Found rosidl_default_generators: 1.2.0 (/opt/ros/humble/share/rosidl_default_generators/cmake)
[0.361s] -- Using all available rosidl_typesupport_c: rosidl_typesupport_fastrtps_c;rosidl_typesupport_introspection_c
[0.363s] -- Found rosidl_adapter: 3.1.5 (/opt/ros/humble/share/rosidl_adapter/cmake)
[0.384s] -- Using all available rosidl_typesupport_cpp: rosidl_typesupport_fastrtps_cpp;rosidl_typesupport_introspection_cpp
[0.546s] -- Found ament_cmake_ros: 0.10.0 (/opt/ros/humble/share/ament_cmake_ros/cmake)
[0.655s] -- Using all available rosidl_typesupport_c: rosidl_typesupport_fastrtps_c;rosidl_typesupport_introspection_c
[0.791s] -- Using all available rosidl_typesupport_cpp: rosidl_typesupport_fastrtps_cpp;rosidl_typesupport_introspection_cpp
[0.803s] -- Found PythonInterp: /usr/bin/python3 (found suitable version "3.10.12", minimum required is "3.6") 
[0.804s] -- Found python_cmake_module: 0.10.0 (/opt/ros/humble/share/python_cmake_module/cmake)
[0.818s] -- Found PythonLibs: /usr/lib/x86_64-linux-gnu/libpython3.10.so (found suitable version "3.10.12", minimum required is "3.5") 
[0.818s] -- Using PYTHON_EXECUTABLE: /usr/bin/python3
[0.819s] -- Using PYTHON_INCLUDE_DIRS: /usr/include/python3.10
[0.819s] -- Using PYTHON_LIBRARIES: /usr/lib/x86_64-linux-gnu/libpython3.10.so
[0.831s] -- Found PythonExtra: .so  
[0.852s] -- Configuring done
[0.866s] -- Generating done
[0.867s] -- Build files have been written to: /home/isabel/Repositorios/ROS2_curso/build/pkg_interfaces
[0.870s] Invoked command in '/home/isabel/Repositorios/ROS2_curso/build/pkg_interfaces' returned '0': CMAKE_PREFIX_PATH=${CMAKE_PREFIX_PATH}:/home/isabel/ROS2_curso/install/pkg_treinamento:/home/isabel/Repositórios/ROS2_curso/install/pkg_treinamento:/opt/ros/humble /usr/bin/cmake /home/isabel/Repositorios/ROS2_curso/src/pkg_interfaces -DCMAKE_INSTALL_PREFIX=/home/isabel/Repositorios/ROS2_curso/install/pkg_interfaces
[0.871s] Invoking command in '/home/isabel/Repositorios/ROS2_curso/build/pkg_interfaces': CMAKE_PREFIX_PATH=${CMAKE_PREFIX_PATH}:/home/isabel/ROS2_curso/install/pkg_treinamento:/home/isabel/Repositórios/ROS2_curso/install/pkg_treinamento:/opt/ros/humble /usr/bin/cmake --build /home/isabel/Repositorios/ROS2_curso/build/pkg_interfaces -- -j16 -l16
[0.896s] [  2%] [34m[1mGenerating C code for ROS interfaces[0m
[0.902s] [  4%] [34m[1mGenerating C++ code for ROS interfaces[0m
[0.906s] [  4%] Built target ament_cmake_python_copy_pkg_interfaces
[1.037s] running egg_info
[1.038s] creating pkg_interfaces.egg-info
[1.038s] writing pkg_interfaces.egg-info/PKG-INFO
[1.038s] writing dependency_links to pkg_interfaces.egg-info/dependency_links.txt
[1.038s] writing top-level names to pkg_interfaces.egg-info/top_level.txt
[1.038s] writing manifest file 'pkg_interfaces.egg-info/SOURCES.txt'
[1.039s] reading manifest file 'pkg_interfaces.egg-info/SOURCES.txt'
[1.039s] writing manifest file 'pkg_interfaces.egg-info/SOURCES.txt'
[1.055s] [  4%] Built target ament_cmake_python_build_pkg_interfaces_egg
[1.110s] [  4%] Built target pkg_interfaces__cpp
[1.114s] [ 10%] [32mBuilding C object CMakeFiles/pkg_interfaces__rosidl_generator_c.dir/rosidl_generator_c/pkg_interfaces/srv/detail/calculadora_srv__functions.c.o[0m
[1.114s] [  8%] [32mBuilding C object CMakeFiles/pkg_interfaces__rosidl_generator_c.dir/rosidl_generator_c/pkg_interfaces/srv/detail/compute_rectangle_area__functions.c.o[0m
[1.114s] [ 10%] [32mBuilding C object CMakeFiles/pkg_interfaces__rosidl_generator_c.dir/rosidl_generator_c/pkg_interfaces/msg/detail/hardware_status__functions.c.o[0m
[1.115s] [ 12%] [34m[1mGenerating C++ type support dispatch for ROS interfaces[0m
[1.118s] [ 17%] [34m[1mGenerating C++ type support for eProsima Fast-RTPS[0m
[1.118s] [ 17%] [34m[1mGenerating C++ introspection for ROS interfaces[0m
[1.146s] [ 19%] [32m[1mLinking C shared library libpkg_interfaces__rosidl_generator_c.so[0m
[1.169s] [ 19%] Built target pkg_interfaces__rosidl_generator_c
[1.174s] [ 21%] [34m[1mGenerating C type support for eProsima Fast-RTPS[0m
[1.177s] [ 23%] [34m[1mGenerating C type support dispatch for ROS interfaces[0m
[1.177s] [ 25%] [34m[1mGenerating C introspection for ROS interfaces[0m
[1.275s] [ 27%] [32mBuilding CXX object CMakeFiles/pkg_interfaces__rosidl_typesupport_cpp.dir/rosidl_typesupport_cpp/pkg_interfaces/msg/hardware_status__type_support.cpp.o[0m
[1.277s] [ 31%] [32mBuilding CXX object CMakeFiles/pkg_interfaces__rosidl_typesupport_cpp.dir/rosidl_typesupport_cpp/pkg_interfaces/srv/compute_rectangle_area__type_support.cpp.o[0m
[1.277s] [ 31%] [32mBuilding CXX object CMakeFiles/pkg_interfaces__rosidl_typesupport_cpp.dir/rosidl_typesupport_cpp/pkg_interfaces/srv/calculadora_srv__type_support.cpp.o[0m
[1.313s] [ 36%] [32mBuilding CXX object CMakeFiles/pkg_interfaces__rosidl_typesupport_introspection_cpp.dir/rosidl_typesupport_introspection_cpp/pkg_interfaces/msg/detail/hardware_status__type_support.cpp.o[0m
[1.313s] [ 36%] [32mBuilding CXX object CMakeFiles/pkg_interfaces__rosidl_typesupport_introspection_cpp.dir/rosidl_typesupport_introspection_cpp/pkg_interfaces/srv/detail/compute_rectangle_area__type_support.cpp.o[0m
[1.314s] [ 38%] [32mBuilding CXX object CMakeFiles/pkg_interfaces__rosidl_typesupport_introspection_cpp.dir/rosidl_typesupport_introspection_cpp/pkg_interfaces/srv/detail/calculadora_srv__type_support.cpp.o[0m
[1.333s] [ 40%] [32mBuilding CXX object CMakeFiles/pkg_interfaces__rosidl_typesupport_fastrtps_cpp.dir/rosidl_typesupport_fastrtps_cpp/pkg_interfaces/msg/detail/dds_fastrtps/hardware_status__type_support.cpp.o[0m
[1.333s] [ 42%] [32mBuilding CXX object CMakeFiles/pkg_interfaces__rosidl_typesupport_fastrtps_cpp.dir/rosidl_typesupport_fastrtps_cpp/pkg_interfaces/srv/detail/dds_fastrtps/calculadora_srv__type_support.cpp.o[0m
[1.334s] [ 44%] [32mBuilding CXX object CMakeFiles/pkg_interfaces__rosidl_typesupport_fastrtps_cpp.dir/rosidl_typesupport_fastrtps_cpp/pkg_interfaces/srv/detail/dds_fastrtps/compute_rectangle_area__type_support.cpp.o[0m
[1.373s] [ 48%] [32mBuilding CXX object CMakeFiles/pkg_interfaces__rosidl_typesupport_fastrtps_c.dir/rosidl_typesupport_fastrtps_c/pkg_interfaces/msg/detail/hardware_status__type_support_c.cpp.o[0m
[1.373s] [ 48%] [32mBuilding CXX object CMakeFiles/pkg_interfaces__rosidl_typesupport_fastrtps_c.dir/rosidl_typesupport_fastrtps_c/pkg_interfaces/srv/detail/compute_rectangle_area__type_support_c.cpp.o[0m
[1.373s] [ 51%] [32mBuilding CXX object CMakeFiles/pkg_interfaces__rosidl_typesupport_fastrtps_c.dir/rosidl_typesupport_fastrtps_c/pkg_interfaces/srv/detail/calculadora_srv__type_support_c.cpp.o[0m
[1.454s] [ 57%] [32mBuilding CXX object CMakeFiles/pkg_interfaces__rosidl_typesupport_c.dir/rosidl_typesupport_c/pkg_interfaces/srv/calculadora_srv__type_support.cpp.o[0m
[1.454s] [ 57%] [32mBuilding CXX object CMakeFiles/pkg_interfaces__rosidl_typesupport_c.dir/rosidl_typesupport_c/pkg_interfaces/srv/compute_rectangle_area__type_support.cpp.o[0m
[1.454s] [ 57%] [32mBuilding CXX object CMakeFiles/pkg_interfaces__rosidl_typesupport_c.dir/rosidl_typesupport_c/pkg_interfaces/msg/hardware_status__type_support.cpp.o[0m
[1.483s] [ 59%] [32m[1mLinking CXX shared library libpkg_interfaces__rosidl_typesupport_c.so[0m
[1.524s] [ 59%] Built target pkg_interfaces__rosidl_typesupport_c
[1.527s] [ 63%] [32mBuilding C object CMakeFiles/pkg_interfaces__rosidl_typesupport_introspection_c.dir/rosidl_typesupport_introspection_c/pkg_interfaces/srv/detail/calculadora_srv__type_support.c.o[0m
[1.527s] [ 63%] [32mBuilding C object CMakeFiles/pkg_interfaces__rosidl_typesupport_introspection_c.dir/rosidl_typesupport_introspection_c/pkg_interfaces/srv/detail/compute_rectangle_area__type_support.c.o[0m
[1.528s] [ 65%] [32mBuilding C object CMakeFiles/pkg_interfaces__rosidl_typesupport_introspection_c.dir/rosidl_typesupport_introspection_c/pkg_interfaces/msg/detail/hardware_status__type_support.c.o[0m
[1.557s] [ 68%] [32m[1mLinking CXX shared library libpkg_interfaces__rosidl_typesupport_cpp.so[0m
[1.562s] [ 70%] [32m[1mLinking C shared library libpkg_interfaces__rosidl_typesupport_introspection_c.so[0m
[1.592s] [ 70%] Built target pkg_interfaces__rosidl_typesupport_introspection_c
[1.600s] [ 70%] Built target pkg_interfaces__rosidl_typesupport_cpp
[1.681s] [ 72%] [32m[1mLinking CXX shared library libpkg_interfaces__rosidl_typesupport_fastrtps_c.so[0m
[1.683s] [ 74%] [32m[1mLinking CXX shared library libpkg_interfaces__rosidl_typesupport_fastrtps_cpp.so[0m
[1.696s] [ 76%] [32m[1mLinking CXX shared library libpkg_interfaces__rosidl_typesupport_introspection_cpp.so[0m
[1.726s] [ 76%] Built target pkg_interfaces__rosidl_typesupport_fastrtps_c
[1.728s] [ 76%] Built target pkg_interfaces__rosidl_typesupport_fastrtps_cpp
[1.735s] [ 76%] Built target pkg_interfaces__rosidl_typesupport_introspection_cpp
[1.746s] [ 76%] Built target pkg_interfaces
[1.758s] [ 78%] [34m[1mGenerating Python code for ROS interfaces[0m
[2.044s] [ 78%] Built target pkg_interfaces__py
[2.056s] [ 80%] [32mBuilding C object CMakeFiles/pkg_interfaces__rosidl_generator_py.dir/rosidl_generator_py/pkg_interfaces/msg/_hardware_status_s.c.o[0m
[2.056s] [ 82%] [32mBuilding C object CMakeFiles/pkg_interfaces__rosidl_generator_py.dir/rosidl_generator_py/pkg_interfaces/srv/_compute_rectangle_area_s.c.o[0m
[2.056s] [ 85%] [32mBuilding C object CMakeFiles/pkg_interfaces__rosidl_generator_py.dir/rosidl_generator_py/pkg_interfaces/srv/_calculadora_srv_s.c.o[0m
[2.113s] [ 87%] [32m[1mLinking C shared library rosidl_generator_py/pkg_interfaces/libpkg_interfaces__rosidl_generator_py.so[0m
[2.136s] [ 87%] Built target pkg_interfaces__rosidl_generator_py
[2.148s] [ 91%] [32mBuilding C object CMakeFiles/pkg_interfaces__rosidl_typesupport_fastrtps_c__pyext.dir/rosidl_generator_py/pkg_interfaces/_pkg_interfaces_s.ep.rosidl_typesupport_fastrtps_c.c.o[0m
[2.148s] [ 91%] [32mBuilding C object CMakeFiles/pkg_interfaces__rosidl_typesupport_introspection_c__pyext.dir/rosidl_generator_py/pkg_interfaces/_pkg_interfaces_s.ep.rosidl_typesupport_introspection_c.c.o[0m
[2.148s] [ 93%] [32mBuilding C object CMakeFiles/pkg_interfaces__rosidl_typesupport_c__pyext.dir/rosidl_generator_py/pkg_interfaces/_pkg_interfaces_s.ep.rosidl_typesupport_c.c.o[0m
[2.205s] [ 97%] [32m[1mLinking C shared library rosidl_generator_py/pkg_interfaces/pkg_interfaces_s__rosidl_typesupport_c.cpython-310-x86_64-linux-gnu.so[0m
[2.205s] [ 97%] [32m[1mLinking C shared library rosidl_generator_py/pkg_interfaces/pkg_interfaces_s__rosidl_typesupport_introspection_c.cpython-310-x86_64-linux-gnu.so[0m
[2.206s] [100%] [32m[1mLinking C shared library rosidl_generator_py/pkg_interfaces/pkg_interfaces_s__rosidl_typesupport_fastrtps_c.cpython-310-x86_64-linux-gnu.so[0m
[2.223s] [100%] Built target pkg_interfaces__rosidl_typesupport_c__pyext
[2.224s] [100%] Built target pkg_interfaces__rosidl_typesupport_introspection_c__pyext
[2.225s] [100%] Built target pkg_interfaces__rosidl_typesupport_fastrtps_c__pyext
[2.231s] Invoked command in '/home/isabel/Repositorios/ROS2_curso/build/pkg_interfaces' returned '0': CMAKE_PREFIX_PATH=${CMAKE_PREFIX_PATH}:/home/isabel/ROS2_curso/install/pkg_treinamento:/home/isabel/Repositórios/ROS2_curso/install/pkg_treinamento:/opt/ros/humble /usr/bin/cmake --build /home/isabel/Repositorios/ROS2_curso/build/pkg_interfaces -- -j16 -l16
[2.290s] Invoking command in '/home/isabel/Repositorios/ROS2_curso/build/pkg_interfaces': CMAKE_PREFIX_PATH=${CMAKE_PREFIX_PATH}:/home/isabel/ROS2_curso/install/pkg_treinamento:/home/isabel/Repositórios/ROS2_curso/install/pkg_treinamento:/opt/ros/humble /usr/bin/cmake --install /home/isabel/Repositorios/ROS2_curso/build/pkg_interfaces
[2.298s] -- Install configuration: ""
[2.298s] -- Installing: /home/isabel/Repositorios/ROS2_curso/install/pkg_interfaces/share/ament_index/resource_index/rosidl_interfaces/pkg_interfaces
[2.298s] -- Installing: /home/isabel/Repositorios/ROS2_curso/install/pkg_interfaces/include/pkg_interfaces/pkg_interfaces
[2.298s] -- Installing: /home/isabel/Repositorios/ROS2_curso/install/pkg_interfaces/include/pkg_interfaces/pkg_interfaces/msg
[2.298s] -- Installing: /home/isabel/Repositorios/ROS2_curso/install/pkg_interfaces/include/pkg_interfaces/pkg_interfaces/msg/rosidl_generator_c__visibility_control.h
[2.298s] -- Installing: /home/isabel/Repositorios/ROS2_curso/install/pkg_interfaces/include/pkg_interfaces/pkg_interfaces/msg/hardware_status.h
[2.298s] -- Installing: /home/isabel/Repositorios/ROS2_curso/install/pkg_interfaces/include/pkg_interfaces/pkg_interfaces/msg/detail
[2.299s] -- Installing: /home/isabel/Repositorios/ROS2_curso/install/pkg_interfaces/include/pkg_interfaces/pkg_interfaces/msg/detail/hardware_status__type_support.h
[2.299s] -- Installing: /home/isabel/Repositorios/ROS2_curso/install/pkg_interfaces/include/pkg_interfaces/pkg_interfaces/msg/detail/hardware_status__struct.h
[2.299s] -- Installing: /home/isabel/Repositorios/ROS2_curso/install/pkg_interfaces/include/pkg_interfaces/pkg_interfaces/msg/detail/hardware_status__functions.c
[2.299s] -- Installing: /home/isabel/Repositorios/ROS2_curso/install/pkg_interfaces/include/pkg_interfaces/pkg_interfaces/msg/detail/hardware_status__functions.h
[2.299s] -- Installing: /home/isabel/Repositorios/ROS2_curso/install/pkg_interfaces/include/pkg_interfaces/pkg_interfaces/srv
[2.299s] -- Installing: /home/isabel/Repositorios/ROS2_curso/install/pkg_interfaces/include/pkg_interfaces/pkg_interfaces/srv/compute_rectangle_area.h
[2.299s] -- Installing: /home/isabel/Repositorios/ROS2_curso/install/pkg_interfaces/include/pkg_interfaces/pkg_interfaces/srv/detail
[2.299s] -- Installing: /home/isabel/Repositorios/ROS2_curso/install/pkg_interfaces/include/pkg_interfaces/pkg_interfaces/srv/detail/calculadora_srv__struct.h
[2.299s] -- Installing: /home/isabel/Repositorios/ROS2_curso/install/pkg_interfaces/include/pkg_interfaces/pkg_interfaces/srv/detail/compute_rectangle_area__functions.h
[2.300s] -- Installing: /home/isabel/Repositorios/ROS2_curso/install/pkg_interfaces/include/pkg_interfaces/pkg_interfaces/srv/detail/calculadora_srv__functions.h
[2.300s] -- Installing: /home/isabel/Repositorios/ROS2_curso/install/pkg_interfaces/include/pkg_interfaces/pkg_interfaces/srv/detail/compute_rectangle_area__functions.c
[2.300s] -- Installing: /home/isabel/Repositorios/ROS2_curso/install/pkg_interfaces/include/pkg_interfaces/pkg_interfaces/srv/detail/compute_rectangle_area__type_support.h
[2.300s] -- Installing: /home/isabel/Repositorios/ROS2_curso/install/pkg_interfaces/include/pkg_interfaces/pkg_interfaces/srv/detail/compute_rectangle_area__struct.h
[2.300s] -- Installing: /home/isabel/Repositorios/ROS2_curso/install/pkg_interfaces/include/pkg_interfaces/pkg_interfaces/srv/detail/calculadora_srv__type_support.h
[2.300s] -- Installing: /home/isabel/Repositorios/ROS2_curso/install/pkg_interfaces/include/pkg_interfaces/pkg_interfaces/srv/detail/calculadora_srv__functions.c
[2.300s] -- Installing: /home/isabel/Repositorios/ROS2_curso/install/pkg_interfaces/include/pkg_interfaces/pkg_interfaces/srv/calculadora_srv.h
[2.300s] -- Installing: /home/isabel/Repositorios/ROS2_curso/install/pkg_interfaces/share/pkg_interfaces/environment/library_path.sh
[2.300s] -- Installing: /home/isabel/Repositorios/ROS2_curso/install/pkg_interfaces/share/pkg_interfaces/environment/library_path.dsv
[2.300s] -- Installing: /home/isabel/Repositorios/ROS2_curso/install/pkg_interfaces/lib/libpkg_interfaces__rosidl_generator_c.so
[2.300s] -- Set runtime path of "/home/isabel/Repositorios/ROS2_curso/install/pkg_interfaces/lib/libpkg_interfaces__rosidl_generator_c.so" to ""
[2.301s] -- Up-to-date: /home/isabel/Repositorios/ROS2_curso/install/pkg_interfaces/include/pkg_interfaces/pkg_interfaces
[2.301s] -- Up-to-date: /home/isabel/Repositorios/ROS2_curso/install/pkg_interfaces/include/pkg_interfaces/pkg_interfaces/msg
[2.301s] -- Installing: /home/isabel/Repositorios/ROS2_curso/install/pkg_interfaces/include/pkg_interfaces/pkg_interfaces/msg/rosidl_typesupport_fastrtps_c__visibility_control.h
[2.301s] -- Up-to-date: /home/isabel/Repositorios/ROS2_curso/install/pkg_interfaces/include/pkg_interfaces/pkg_interfaces/msg/detail
[2.301s] -- Installing: /home/isabel/Repositorios/ROS2_curso/install/pkg_interfaces/include/pkg_interfaces/pkg_interfaces/msg/detail/hardware_status__rosidl_typesupport_fastrtps_c.h
[2.301s] -- Up-to-date: /home/isabel/Repositorios/ROS2_curso/install/pkg_interfaces/include/pkg_interfaces/pkg_interfaces/srv
[2.301s] -- Up-to-date: /home/isabel/Repositorios/ROS2_curso/install/pkg_interfaces/include/pkg_interfaces/pkg_interfaces/srv/detail
[2.301s] -- Installing: /home/isabel/Repositorios/ROS2_curso/install/pkg_interfaces/include/pkg_interfaces/pkg_interfaces/srv/detail/compute_rectangle_area__rosidl_typesupport_fastrtps_c.h
[2.301s] -- Installing: /home/isabel/Repositorios/ROS2_curso/install/pkg_interfaces/include/pkg_interfaces/pkg_interfaces/srv/detail/calculadora_srv__rosidl_typesupport_fastrtps_c.h
[2.301s] -- Installing: /home/isabel/Repositorios/ROS2_curso/install/pkg_interfaces/lib/libpkg_interfaces__rosidl_typesupport_fastrtps_c.so
[2.301s] -- Set runtime path of "/home/isabel/Repositorios/ROS2_curso/install/pkg_interfaces/lib/libpkg_interfaces__rosidl_typesupport_fastrtps_c.so" to ""
[2.301s] -- Up-to-date: /home/isabel/Repositorios/ROS2_curso/install/pkg_interfaces/include/pkg_interfaces/pkg_interfaces
[2.302s] -- Up-to-date: /home/isabel/Repositorios/ROS2_curso/install/pkg_interfaces/include/pkg_interfaces/pkg_interfaces/msg
[2.302s] -- Installing: /home/isabel/Repositorios/ROS2_curso/install/pkg_interfaces/include/pkg_interfaces/pkg_interfaces/msg/rosidl_typesupport_introspection_c__visibility_control.h
[2.302s] -- Up-to-date: /home/isabel/Repositorios/ROS2_curso/install/pkg_interfaces/include/pkg_interfaces/pkg_interfaces/msg/detail
[2.302s] -- Installing: /home/isabel/Repositorios/ROS2_curso/install/pkg_interfaces/include/pkg_interfaces/pkg_interfaces/msg/detail/hardware_status__rosidl_typesupport_introspection_c.h
[2.302s] -- Installing: /home/isabel/Repositorios/ROS2_curso/install/pkg_interfaces/include/pkg_interfaces/pkg_interfaces/msg/detail/hardware_status__type_support.c
[2.302s] -- Up-to-date: /home/isabel/Repositorios/ROS2_curso/install/pkg_interfaces/include/pkg_interfaces/pkg_interfaces/srv
[2.302s] -- Up-to-date: /home/isabel/Repositorios/ROS2_curso/install/pkg_interfaces/include/pkg_interfaces/pkg_interfaces/srv/detail
[2.302s] -- Installing: /home/isabel/Repositorios/ROS2_curso/install/pkg_interfaces/include/pkg_interfaces/pkg_interfaces/srv/detail/compute_rectangle_area__rosidl_typesupport_introspection_c.h
[2.302s] -- Installing: /home/isabel/Repositorios/ROS2_curso/install/pkg_interfaces/include/pkg_interfaces/pkg_interfaces/srv/detail/compute_rectangle_area__type_support.c
[2.302s] -- Installing: /home/isabel/Repositorios/ROS2_curso/install/pkg_interfaces/include/pkg_interfaces/pkg_interfaces/srv/detail/calculadora_srv__rosidl_typesupport_introspection_c.h
[2.302s] -- Installing: /home/isabel/Repositorios/ROS2_curso/install/pkg_interfaces/include/pkg_interfaces/pkg_interfaces/srv/detail/calculadora_srv__type_support.c
[2.302s] -- Installing: /home/isabel/Repositorios/ROS2_curso/install/pkg_interfaces/lib/libpkg_interfaces__rosidl_typesupport_introspection_c.so
[2.302s] -- Set runtime path of "/home/isabel/Repositorios/ROS2_curso/install/pkg_interfaces/lib/libpkg_interfaces__rosidl_typesupport_introspection_c.so" to ""
[2.303s] -- Installing: /home/isabel/Repositorios/ROS2_curso/install/pkg_interfaces/lib/libpkg_interfaces__rosidl_typesupport_c.so
[2.303s] -- Set runtime path of "/home/isabel/Repositorios/ROS2_curso/install/pkg_interfaces/lib/libpkg_interfaces__rosidl_typesupport_c.so" to ""
[2.303s] -- Up-to-date: /home/isabel/Repositorios/ROS2_curso/install/pkg_interfaces/include/pkg_interfaces/pkg_interfaces
[2.303s] -- Up-to-date: /home/isabel/Repositorios/ROS2_curso/install/pkg_interfaces/include/pkg_interfaces/pkg_interfaces/msg
[2.303s] -- Up-to-date: /home/isabel/Repositorios/ROS2_curso/install/pkg_interfaces/include/pkg_interfaces/pkg_interfaces/msg/detail
[2.303s] -- Installing: /home/isabel/Repositorios/ROS2_curso/install/pkg_interfaces/include/pkg_interfaces/pkg_interfaces/msg/detail/hardware_status__struct.hpp
[2.303s] -- Installing: /home/isabel/Repositorios/ROS2_curso/install/pkg_interfaces/include/pkg_interfaces/pkg_interfaces/msg/detail/hardware_status__traits.hpp
[2.303s] -- Installing: /home/isabel/Repositorios/ROS2_curso/install/pkg_interfaces/include/pkg_interfaces/pkg_interfaces/msg/detail/hardware_status__builder.hpp
[2.303s] -- Installing: /home/isabel/Repositorios/ROS2_curso/install/pkg_interfaces/include/pkg_interfaces/pkg_interfaces/msg/hardware_status.hpp
[2.303s] -- Up-to-date: /home/isabel/Repositorios/ROS2_curso/install/pkg_interfaces/include/pkg_interfaces/pkg_interfaces/srv
[2.303s] -- Installing: /home/isabel/Repositorios/ROS2_curso/install/pkg_interfaces/include/pkg_interfaces/pkg_interfaces/srv/compute_rectangle_area.hpp
[2.303s] -- Up-to-date: /home/isabel/Repositorios/ROS2_curso/install/pkg_interfaces/include/pkg_interfaces/pkg_interfaces/srv/detail
[2.304s] -- Installing: /home/isabel/Repositorios/ROS2_curso/install/pkg_interfaces/include/pkg_interfaces/pkg_interfaces/srv/detail/calculadora_srv__struct.hpp
[2.304s] -- Installing: /home/isabel/Repositorios/ROS2_curso/install/pkg_interfaces/include/pkg_interfaces/pkg_interfaces/srv/detail/calculadora_srv__traits.hpp
[2.304s] -- Installing: /home/isabel/Repositorios/ROS2_curso/install/pkg_interfaces/include/pkg_interfaces/pkg_interfaces/srv/detail/compute_rectangle_area__struct.hpp
[2.304s] -- Installing: /home/isabel/Repositorios/ROS2_curso/install/pkg_interfaces/include/pkg_interfaces/pkg_interfaces/srv/detail/compute_rectangle_area__builder.hpp
[2.304s] -- Installing: /home/isabel/Repositorios/ROS2_curso/install/pkg_interfaces/include/pkg_interfaces/pkg_interfaces/srv/detail/calculadora_srv__builder.hpp
[2.304s] -- Installing: /home/isabel/Repositorios/ROS2_curso/install/pkg_interfaces/include/pkg_interfaces/pkg_interfaces/srv/detail/compute_rectangle_area__traits.hpp
[2.304s] -- Installing: /home/isabel/Repositorios/ROS2_curso/install/pkg_interfaces/include/pkg_interfaces/pkg_interfaces/srv/calculadora_srv.hpp
[2.304s] -- Up-to-date: /home/isabel/Repositorios/ROS2_curso/install/pkg_interfaces/include/pkg_interfaces/pkg_interfaces
[2.304s] -- Up-to-date: /home/isabel/Repositorios/ROS2_curso/install/pkg_interfaces/include/pkg_interfaces/pkg_interfaces/msg
[2.304s] -- Installing: /home/isabel/Repositorios/ROS2_curso/install/pkg_interfaces/include/pkg_interfaces/pkg_interfaces/msg/rosidl_typesupport_fastrtps_cpp__visibility_control.h
[2.304s] -- Up-to-date: /home/isabel/Repositorios/ROS2_curso/install/pkg_interfaces/include/pkg_interfaces/pkg_interfaces/msg/detail
[2.304s] -- Installing: /home/isabel/Repositorios/ROS2_curso/install/pkg_interfaces/include/pkg_interfaces/pkg_interfaces/msg/detail/dds_fastrtps
[2.304s] -- Installing: /home/isabel/Repositorios/ROS2_curso/install/pkg_interfaces/include/pkg_interfaces/pkg_interfaces/msg/detail/hardware_status__rosidl_typesupport_fastrtps_cpp.hpp
[2.304s] -- Up-to-date: /home/isabel/Repositorios/ROS2_curso/install/pkg_interfaces/include/pkg_interfaces/pkg_interfaces/srv
[2.304s] -- Up-to-date: /home/isabel/Repositorios/ROS2_curso/install/pkg_interfaces/include/pkg_interfaces/pkg_interfaces/srv/detail
[2.304s] -- Installing: /home/isabel/Repositorios/ROS2_curso/install/pkg_interfaces/include/pkg_interfaces/pkg_interfaces/srv/detail/dds_fastrtps
[2.304s] -- Installing: /home/isabel/Repositorios/ROS2_curso/install/pkg_interfaces/include/pkg_interfaces/pkg_interfaces/srv/detail/compute_rectangle_area__rosidl_typesupport_fastrtps_cpp.hpp
[2.305s] -- Installing: /home/isabel/Repositorios/ROS2_curso/install/pkg_interfaces/include/pkg_interfaces/pkg_interfaces/srv/detail/calculadora_srv__rosidl_typesupport_fastrtps_cpp.hpp
[2.305s] -- Installing: /home/isabel/Repositorios/ROS2_curso/install/pkg_interfaces/lib/libpkg_interfaces__rosidl_typesupport_fastrtps_cpp.so
[2.305s] -- Set runtime path of "/home/isabel/Repositorios/ROS2_curso/install/pkg_interfaces/lib/libpkg_interfaces__rosidl_typesupport_fastrtps_cpp.so" to ""
[2.305s] -- Up-to-date: /home/isabel/Repositorios/ROS2_curso/install/pkg_interfaces/include/pkg_interfaces/pkg_interfaces
[2.305s] -- Up-to-date: /home/isabel/Repositorios/ROS2_curso/install/pkg_interfaces/include/pkg_interfaces/pkg_interfaces/msg
[2.305s] -- Up-to-date: /home/isabel/Repositorios/ROS2_curso/install/pkg_interfaces/include/pkg_interfaces/pkg_interfaces/msg/detail
[2.305s] -- Installing: /home/isabel/Repositorios/ROS2_curso/install/pkg_interfaces/include/pkg_interfaces/pkg_interfaces/msg/detail/hardware_status__type_support.cpp
[2.305s] -- Installing: /home/isabel/Repositorios/ROS2_curso/install/pkg_interfaces/include/pkg_interfaces/pkg_interfaces/msg/detail/hardware_status__rosidl_typesupport_introspection_cpp.hpp
[2.305s] -- Up-to-date: /home/isabel/Repositorios/ROS2_curso/install/pkg_interfaces/include/pkg_interfaces/pkg_interfaces/srv
[2.305s] -- Up-to-date: /home/isabel/Repositorios/ROS2_curso/install/pkg_interfaces/include/pkg_interfaces/pkg_interfaces/srv/detail
[2.305s] -- Installing: /home/isabel/Repositorios/ROS2_curso/install/pkg_interfaces/include/pkg_interfaces/pkg_interfaces/srv/detail/calculadora_srv__rosidl_typesupport_introspection_cpp.hpp
[2.305s] -- Installing: /home/isabel/Repositorios/ROS2_curso/install/pkg_interfaces/include/pkg_interfaces/pkg_interfaces/srv/detail/compute_rectangle_area__type_support.cpp
[2.305s] -- Installing: /home/isabel/Repositorios/ROS2_curso/install/pkg_interfaces/include/pkg_interfaces/pkg_interfaces/srv/detail/calculadora_srv__type_support.cpp
[2.305s] -- Installing: /home/isabel/Repositorios/ROS2_curso/install/pkg_interfaces/include/pkg_interfaces/pkg_interfaces/srv/detail/compute_rectangle_area__rosidl_typesupport_introspection_cpp.hpp
[2.305s] -- Installing: /home/isabel/Repositorios/ROS2_curso/install/pkg_interfaces/lib/libpkg_interfaces__rosidl_typesupport_introspection_cpp.so
[2.305s] -- Set runtime path of "/home/isabel/Repositorios/ROS2_curso/install/pkg_interfaces/lib/libpkg_interfaces__rosidl_typesupport_introspection_cpp.so" to ""
[2.305s] -- Installing: /home/isabel/Repositorios/ROS2_curso/install/pkg_interfaces/lib/libpkg_interfaces__rosidl_typesupport_cpp.so
[2.305s] -- Set runtime path of "/home/isabel/Repositorios/ROS2_curso/install/pkg_interfaces/lib/libpkg_interfaces__rosidl_typesupport_cpp.so" to ""
[2.306s] -- Installing: /home/isabel/Repositorios/ROS2_curso/install/pkg_interfaces/share/pkg_interfaces/environment/pythonpath.sh
[2.306s] -- Installing: /home/isabel/Repositorios/ROS2_curso/install/pkg_interfaces/share/pkg_interfaces/environment/pythonpath.dsv
[2.306s] -- Installing: /home/isabel/Repositorios/ROS2_curso/install/pkg_interfaces/local/lib/python3.10/dist-packages/pkg_interfaces-0.0.0-py3.10.egg-info
[2.306s] -- Installing: /home/isabel/Repositorios/ROS2_curso/install/pkg_interfaces/local/lib/python3.10/dist-packages/pkg_interfaces-0.0.0-py3.10.egg-info/SOURCES.txt
[2.306s] -- Installing: /home/isabel/Repositorios/ROS2_curso/install/pkg_interfaces/local/lib/python3.10/dist-packages/pkg_interfaces-0.0.0-py3.10.egg-info/PKG-INFO
[2.306s] -- Installing: /home/isabel/Repositorios/ROS2_curso/install/pkg_interfaces/local/lib/python3.10/dist-packages/pkg_interfaces-0.0.0-py3.10.egg-info/dependency_links.txt
[2.306s] -- Installing: /home/isabel/Repositorios/ROS2_curso/install/pkg_interfaces/local/lib/python3.10/dist-packages/pkg_interfaces-0.0.0-py3.10.egg-info/top_level.txt
[2.306s] -- Installing: /home/isabel/Repositorios/ROS2_curso/install/pkg_interfaces/local/lib/python3.10/dist-packages/pkg_interfaces
[2.306s] -- Installing: /home/isabel/Repositorios/ROS2_curso/install/pkg_interfaces/local/lib/python3.10/dist-packages/pkg_interfaces/msg
[2.306s] -- Installing: /home/isabel/Repositorios/ROS2_curso/install/pkg_interfaces/local/lib/python3.10/dist-packages/pkg_interfaces/msg/_hardware_status.py
[2.306s] -- Installing: /home/isabel/Repositorios/ROS2_curso/install/pkg_interfaces/local/lib/python3.10/dist-packages/pkg_interfaces/msg/__init__.py
[2.306s] -- Installing: /home/isabel/Repositorios/ROS2_curso/install/pkg_interfaces/local/lib/python3.10/dist-packages/pkg_interfaces/msg/_hardware_status_s.c
[2.306s] -- Installing: /home/isabel/Repositorios/ROS2_curso/install/pkg_interfaces/local/lib/python3.10/dist-packages/pkg_interfaces/pkg_interfaces_s__rosidl_typesupport_introspection_c.cpython-310-x86_64-linux-gnu.so
[2.306s] -- Installing: /home/isabel/Repositorios/ROS2_curso/install/pkg_interfaces/local/lib/python3.10/dist-packages/pkg_interfaces/_pkg_interfaces_s.ep.rosidl_typesupport_c.c
[2.306s] -- Installing: /home/isabel/Repositorios/ROS2_curso/install/pkg_interfaces/local/lib/python3.10/dist-packages/pkg_interfaces/libpkg_interfaces__rosidl_generator_py.so
[2.306s] -- Installing: /home/isabel/Repositorios/ROS2_curso/install/pkg_interfaces/local/lib/python3.10/dist-packages/pkg_interfaces/pkg_interfaces_s__rosidl_typesupport_fastrtps_c.cpython-310-x86_64-linux-gnu.so
[2.306s] -- Installing: /home/isabel/Repositorios/ROS2_curso/install/pkg_interfaces/local/lib/python3.10/dist-packages/pkg_interfaces/_pkg_interfaces_s.ep.rosidl_typesupport_fastrtps_c.c
[2.307s] -- Installing: /home/isabel/Repositorios/ROS2_curso/install/pkg_interfaces/local/lib/python3.10/dist-packages/pkg_interfaces/__init__.py
[2.307s] -- Installing: /home/isabel/Repositorios/ROS2_curso/install/pkg_interfaces/local/lib/python3.10/dist-packages/pkg_interfaces/_pkg_interfaces_s.ep.rosidl_typesupport_introspection_c.c
[2.307s] -- Installing: /home/isabel/Repositorios/ROS2_curso/install/pkg_interfaces/local/lib/python3.10/dist-packages/pkg_interfaces/srv
[2.307s] -- Installing: /home/isabel/Repositorios/ROS2_curso/install/pkg_interfaces/local/lib/python3.10/dist-packages/pkg_interfaces/srv/_compute_rectangle_area.py
[2.307s] -- Installing: /home/isabel/Repositorios/ROS2_curso/install/pkg_interfaces/local/lib/python3.10/dist-packages/pkg_interfaces/srv/_calculadora_srv_s.c
[2.307s] -- Installing: /home/isabel/Repositorios/ROS2_curso/install/pkg_interfaces/local/lib/python3.10/dist-packages/pkg_interfaces/srv/_calculadora_srv.py
[2.307s] -- Installing: /home/isabel/Repositorios/ROS2_curso/install/pkg_interfaces/local/lib/python3.10/dist-packages/pkg_interfaces/srv/__init__.py
[2.307s] -- Installing: /home/isabel/Repositorios/ROS2_curso/install/pkg_interfaces/local/lib/python3.10/dist-packages/pkg_interfaces/srv/_compute_rectangle_area_s.c
[2.307s] -- Installing: /home/isabel/Repositorios/ROS2_curso/install/pkg_interfaces/local/lib/python3.10/dist-packages/pkg_interfaces/pkg_interfaces_s__rosidl_typesupport_c.cpython-310-x86_64-linux-gnu.so
[2.324s] Listing '/home/isabel/Repositorios/ROS2_curso/install/pkg_interfaces/local/lib/python3.10/dist-packages/pkg_interfaces'...
[2.324s] Compiling '/home/isabel/Repositorios/ROS2_curso/install/pkg_interfaces/local/lib/python3.10/dist-packages/pkg_interfaces/__init__.py'...
[2.324s] Listing '/home/isabel/Repositorios/ROS2_curso/install/pkg_interfaces/local/lib/python3.10/dist-packages/pkg_interfaces/msg'...
[2.324s] Compiling '/home/isabel/Repositorios/ROS2_curso/install/pkg_interfaces/local/lib/python3.10/dist-packages/pkg_interfaces/msg/__init__.py'...
[2.324s] Compiling '/home/isabel/Repositorios/ROS2_curso/install/pkg_interfaces/local/lib/python3.10/dist-packages/pkg_interfaces/msg/_hardware_status.py'...
[2.324s] Listing '/home/isabel/Repositorios/ROS2_curso/install/pkg_interfaces/local/lib/python3.10/dist-packages/pkg_interfaces/srv'...
[2.324s] Compiling '/home/isabel/Repositorios/ROS2_curso/install/pkg_interfaces/local/lib/python3.10/dist-packages/pkg_interfaces/srv/__init__.py'...
[2.324s] Compiling '/home/isabel/Repositorios/ROS2_curso/install/pkg_interfaces/local/lib/python3.10/dist-packages/pkg_interfaces/srv/_calculadora_srv.py'...
[2.324s] Compiling '/home/isabel/Repositorios/ROS2_curso/install/pkg_interfaces/local/lib/python3.10/dist-packages/pkg_interfaces/srv/_compute_rectangle_area.py'...
[2.326s] -- Installing: /home/isabel/Repositorios/ROS2_curso/install/pkg_interfaces/local/lib/python3.10/dist-packages/pkg_interfaces/pkg_interfaces_s__rosidl_typesupport_fastrtps_c.cpython-310-x86_64-linux-gnu.so
[2.326s] -- Set runtime path of "/home/isabel/Repositorios/ROS2_curso/install/pkg_interfaces/local/lib/python3.10/dist-packages/pkg_interfaces/pkg_interfaces_s__rosidl_typesupport_fastrtps_c.cpython-310-x86_64-linux-gnu.so" to ""
[2.326s] -- Installing: /home/isabel/Repositorios/ROS2_curso/install/pkg_interfaces/local/lib/python3.10/dist-packages/pkg_interfaces/pkg_interfaces_s__rosidl_typesupport_introspection_c.cpython-310-x86_64-linux-gnu.so
[2.327s] -- Set runtime path of "/home/isabel/Repositorios/ROS2_curso/install/pkg_interfaces/local/lib/python3.10/dist-packages/pkg_interfaces/pkg_interfaces_s__rosidl_typesupport_introspection_c.cpython-310-x86_64-linux-gnu.so" to ""
[2.327s] -- Installing: /home/isabel/Repositorios/ROS2_curso/install/pkg_interfaces/local/lib/python3.10/dist-packages/pkg_interfaces/pkg_interfaces_s__rosidl_typesupport_c.cpython-310-x86_64-linux-gnu.so
[2.327s] -- Set runtime path of "/home/isabel/Repositorios/ROS2_curso/install/pkg_interfaces/local/lib/python3.10/dist-packages/pkg_interfaces/pkg_interfaces_s__rosidl_typesupport_c.cpython-310-x86_64-linux-gnu.so" to ""
[2.327s] -- Installing: /home/isabel/Repositorios/ROS2_curso/install/pkg_interfaces/lib/libpkg_interfaces__rosidl_generator_py.so
[2.327s] -- Set runtime path of "/home/isabel/Repositorios/ROS2_curso/install/pkg_interfaces/lib/libpkg_interfaces__rosidl_generator_py.so" to ""
[2.327s] -- Installing: /home/isabel/Repositorios/ROS2_curso/install/pkg_interfaces/share/pkg_interfaces/msg/HardwareStatus.idl
[2.327s] -- Installing: /home/isabel/Repositorios/ROS2_curso/install/pkg_interfaces/share/pkg_interfaces/srv/ComputeRectangleArea.idl
[2.327s] -- Installing: /home/isabel/Repositorios/ROS2_curso/install/pkg_interfaces/share/pkg_interfaces/srv/CalculadoraSrv.idl
[2.327s] -- Installing: /home/isabel/Repositorios/ROS2_curso/install/pkg_interfaces/share/pkg_interfaces/msg/HardwareStatus.msg
[2.327s] -- Installing: /home/isabel/Repositorios/ROS2_curso/install/pkg_interfaces/share/pkg_interfaces/srv/ComputeRectangleArea.srv
[2.327s] -- Installing: /home/isabel/Repositorios/ROS2_curso/install/pkg_interfaces/share/pkg_interfaces/srv/ComputeRectangleArea_Request.msg
[2.327s] -- Installing: /home/isabel/Repositorios/ROS2_curso/install/pkg_interfaces/share/pkg_interfaces/srv/ComputeRectangleArea_Response.msg
[2.327s] -- Installing: /home/isabel/Repositorios/ROS2_curso/install/pkg_interfaces/share/pkg_interfaces/srv/CalculadoraSrv.srv
[2.327s] -- Installing: /home/isabel/Repositorios/ROS2_curso/install/pkg_interfaces/share/pkg_interfaces/srv/CalculadoraSrv_Request.msg
[2.327s] -- Installing: /home/isabel/Repositorios/ROS2_curso/install/pkg_interfaces/share/pkg_interfaces/srv/CalculadoraSrv_Response.msg
[2.327s] -- Installing: /home/isabel/Repositorios/ROS2_curso/install/pkg_interfaces/share/ament_index/resource_index/package_run_dependencies/pkg_interfaces
[2.327s] -- Installing: /home/isabel/Repositorios/ROS2_curso/install/pkg_interfaces/share/ament_index/resource_index/parent_prefix_path/pkg_interfaces
[2.328s] -- Installing: /home/isabel/Repositorios/ROS2_curso/install/pkg_interfaces/share/pkg_interfaces/environment/ament_prefix_path.sh
[2.328s] -- Installing: /home/isabel/Repositorios/ROS2_curso/install/pkg_interfaces/share/pkg_interfaces/environment/ament_prefix_path.dsv
[2.328s] -- Installing: /home/isabel/Repositorios/ROS2_curso/install/pkg_interfaces/share/pkg_interfaces/environment/path.sh
[2.328s] -- Installing: /home/isabel/Repositorios/ROS2_curso/install/pkg_interfaces/share/pkg_interfaces/environment/path.dsv
[2.328s] -- Installing: /home/isabel/Repositorios/ROS2_curso/install/pkg_interfaces/share/pkg_interfaces/local_setup.bash
[2.328s] -- Installing: /home/isabel/Repositorios/ROS2_curso/install/pkg_interfaces/share/pkg_interfaces/local_setup.sh
[2.328s] -- Installing: /home/isabel/Repositorios/ROS2_curso/install/pkg_interfaces/share/pkg_interfaces/local_setup.zsh
[2.328s] -- Installing: /home/isabel/Repositorios/ROS2_curso/install/pkg_interfaces/share/pkg_interfaces/local_setup.dsv
[2.328s] -- Installing: /home/isabel/Repositorios/ROS2_curso/install/pkg_interfaces/share/pkg_interfaces/package.dsv
[2.328s] -- Installing: /home/isabel/Repositorios/ROS2_curso/install/pkg_interfaces/share/ament_index/resource_index/packages/pkg_interfaces
[2.328s] -- Installing: /home/isabel/Repositorios/ROS2_curso/install/pkg_interfaces/share/pkg_interfaces/cmake/export_pkg_interfaces__rosidl_generator_cExport.cmake
[2.328s] -- Installing: /home/isabel/Repositorios/ROS2_curso/install/pkg_interfaces/share/pkg_interfaces/cmake/export_pkg_interfaces__rosidl_generator_cExport-noconfig.cmake
[2.328s] -- Installing: /home/isabel/Repositorios/ROS2_curso/install/pkg_interfaces/share/pkg_interfaces/cmake/export_pkg_interfaces__rosidl_typesupport_fastrtps_cExport.cmake
[2.328s] -- Installing: /home/isabel/Repositorios/ROS2_curso/install/pkg_interfaces/share/pkg_interfaces/cmake/export_pkg_interfaces__rosidl_typesupport_fastrtps_cExport-noconfig.cmake
[2.328s] -- Installing: /home/isabel/Repositorios/ROS2_curso/install/pkg_interfaces/share/pkg_interfaces/cmake/pkg_interfaces__rosidl_typesupport_introspection_cExport.cmake
[2.328s] -- Installing: /home/isabel/Repositorios/ROS2_curso/install/pkg_interfaces/share/pkg_interfaces/cmake/pkg_interfaces__rosidl_typesupport_introspection_cExport-noconfig.cmake
[2.328s] -- Installing: /home/isabel/Repositorios/ROS2_curso/install/pkg_interfaces/share/pkg_interfaces/cmake/pkg_interfaces__rosidl_typesupport_cExport.cmake
[2.328s] -- Installing: /home/isabel/Repositorios/ROS2_curso/install/pkg_interfaces/share/pkg_interfaces/cmake/pkg_interfaces__rosidl_typesupport_cExport-noconfig.cmake
[2.328s] -- Installing: /home/isabel/Repositorios/ROS2_curso/install/pkg_interfaces/share/pkg_interfaces/cmake/export_pkg_interfaces__rosidl_generator_cppExport.cmake
[2.328s] -- Installing: /home/isabel/Repositorios/ROS2_curso/install/pkg_interfaces/share/pkg_interfaces/cmake/export_pkg_interfaces__rosidl_typesupport_fastrtps_cppExport.cmake
[2.328s] -- Installing: /home/isabel/Repositorios/ROS2_curso/install/pkg_interfaces/share/pkg_interfaces/cmake/export_pkg_interfaces__rosidl_typesupport_fastrtps_cppExport-noconfig.cmake
[2.328s] -- Installing: /home/isabel/Repositorios/ROS2_curso/install/pkg_interfaces/share/pkg_interfaces/cmake/pkg_interfaces__rosidl_typesupport_introspection_cppExport.cmake
[2.328s] -- Installing: /home/isabel/Repositorios/ROS2_curso/install/pkg_interfaces/share/pkg_interfaces/cmake/pkg_interfaces__rosidl_typesupport_introspection_cppExport-noconfig.cmake
[2.329s] -- Installing: /home/isabel/Repositorios/ROS2_curso/install/pkg_interfaces/share/pkg_interfaces/cmake/pkg_interfaces__rosidl_typesupport_cppExport.cmake
[2.329s] -- Installing: /home/isabel/Repositorios/ROS2_curso/install/pkg_interfaces/share/pkg_interfaces/cmake/pkg_interfaces__rosidl_typesupport_cppExport-noconfig.cmake
[2.329s] -- Installing: /home/isabel/Repositorios/ROS2_curso/install/pkg_interfaces/share/pkg_interfaces/cmake/export_pkg_interfaces__rosidl_generator_pyExport.cmake
[2.329s] -- Installing: /home/isabel/Repositorios/ROS2_curso/install/pkg_interfaces/share/pkg_interfaces/cmake/export_pkg_interfaces__rosidl_generator_pyExport-noconfig.cmake
[2.329s] -- Installing: /home/isabel/Repositorios/ROS2_curso/install/pkg_interfaces/share/pkg_interfaces/cmake/rosidl_cmake-extras.cmake
[2.329s] -- Installing: /home/isabel/Repositorios/ROS2_curso/install/pkg_interfaces/share/pkg_interfaces/cmake/ament_cmake_export_include_directories-extras.cmake
[2.329s] -- Installing: /home/isabel/Repositorios/ROS2_curso/install/pkg_interfaces/share/pkg_interfaces/cmake/ament_cmake_export_libraries-extras.cmake
[2.329s] -- Installing: /home/isabel/Repositorios/ROS2_curso/install/pkg_interfaces/share/pkg_interfaces/cmake/ament_cmake_export_targets-extras.cmake
[2.329s] -- Installing: /home/isabel/Repositorios/ROS2_curso/install/pkg_interfaces/share/pkg_interfaces/cmake/rosidl_cmake_export_typesupport_targets-extras.cmake
[2.329s] -- Installing: /home/isabel/Repositorios/ROS2_curso/install/pkg_interfaces/share/pkg_interfaces/cmake/ament_cmake_export_dependencies-extras.cmake
[2.329s] -- Installing: /home/isabel/Repositorios/ROS2_curso/install/pkg_interfaces/share/pkg_interfaces/cmake/rosidl_cmake_export_typesupport_libraries-extras.cmake
[2.329s] -- Installing: /home/isabel/Repositorios/ROS2_curso/install/pkg_interfaces/share/pkg_interfaces/cmake/pkg_interfacesConfig.cmake
[2.329s] -- Installing: /home/isabel/Repositorios/ROS2_curso/install/pkg_interfaces/share/pkg_interfaces/cmake/pkg_interfacesConfig-version.cmake
[2.329s] -- Installing: /home/isabel/Repositorios/ROS2_curso/install/pkg_interfaces/share/pkg_interfaces/package.xml
[2.331s] Invoked command in '/home/isabel/Repositorios/ROS2_curso/build/pkg_interfaces' returned '0': CMAKE_PREFIX_PATH=${CMAKE_PREFIX_PATH}:/home/isabel/ROS2_curso/install/pkg_treinamento:/home/isabel/Repositórios/ROS2_curso/install/pkg_treinamento:/opt/ros/humble /usr/bin/cmake --install /home/isabel/Repositorios/ROS2_curso/build/pkg_interfaces
