[0.012s] Invoking command in '/home/uav_team/ROS2_curso/build/pkg_interfaces': CMAKE_PREFIX_PATH=${CMAKE_PREFIX_PATH}:/home/uav_team/ROS2_curso/install/pkg_treinamento:/opt/ros/humble /usr/bin/cmake --build /home/uav_team/ROS2_curso/build/pkg_interfaces -- -j8 -l8
[0.067s] [  2%] Built target pkg_interfaces__cpp
[0.071s] [ 12%] Built target pkg_interfaces__rosidl_generator_c
[0.082s] [ 12%] Built target ament_cmake_python_copy_pkg_interfaces
[0.101s] [ 23%] Built target pkg_interfaces__rosidl_typesupport_cpp
[0.102s] [ 34%] Built target pkg_interfaces__rosidl_typesupport_introspection_cpp
[0.102s] [ 44%] Built target pkg_interfaces__rosidl_typesupport_fastrtps_cpp
[0.104s] [ 55%] Built target pkg_interfaces__rosidl_typesupport_c
[0.106s] [ 68%] Built target pkg_interfaces__rosidl_typesupport_fastrtps_c
[0.106s] [ 76%] Built target pkg_interfaces__rosidl_typesupport_introspection_c
[0.131s] [ 76%] Built target pkg_interfaces
[0.155s] [ 78%] Built target pkg_interfaces__py
[0.182s] [ 87%] Built target pkg_interfaces__rosidl_generator_py
[0.208s] [ 95%] Built target pkg_interfaces__rosidl_typesupport_introspection_c__pyext
[0.208s] [ 95%] Built target pkg_interfaces__rosidl_typesupport_c__pyext
[0.214s] [100%] Built target pkg_interfaces__rosidl_typesupport_fastrtps_c__pyext
[0.323s] running egg_info
[0.324s] writing pkg_interfaces.egg-info/PKG-INFO
[0.324s] writing dependency_links to pkg_interfaces.egg-info/dependency_links.txt
[0.324s] writing top-level names to pkg_interfaces.egg-info/top_level.txt
[0.328s] reading manifest file 'pkg_interfaces.egg-info/SOURCES.txt'
[0.328s] writing manifest file 'pkg_interfaces.egg-info/SOURCES.txt'
[0.384s] [100%] Built target ament_cmake_python_build_pkg_interfaces_egg
[0.400s] Invoked command in '/home/uav_team/ROS2_curso/build/pkg_interfaces' returned '0': CMAKE_PREFIX_PATH=${CMAKE_PREFIX_PATH}:/home/uav_team/ROS2_curso/install/pkg_treinamento:/opt/ros/humble /usr/bin/cmake --build /home/uav_team/ROS2_curso/build/pkg_interfaces -- -j8 -l8
[0.541s] Invoking command in '/home/uav_team/ROS2_curso/build/pkg_interfaces': CMAKE_PREFIX_PATH=${CMAKE_PREFIX_PATH}:/home/uav_team/ROS2_curso/install/pkg_treinamento:/opt/ros/humble /usr/bin/cmake --install /home/uav_team/ROS2_curso/build/pkg_interfaces
[0.548s] -- Install configuration: ""
[0.549s] -- Up-to-date: /home/uav_team/ROS2_curso/install/pkg_interfaces/share/ament_index/resource_index/rosidl_interfaces/pkg_interfaces
[0.549s] -- Up-to-date: /home/uav_team/ROS2_curso/install/pkg_interfaces/include/pkg_interfaces/pkg_interfaces
[0.549s] -- Up-to-date: /home/uav_team/ROS2_curso/install/pkg_interfaces/include/pkg_interfaces/pkg_interfaces/msg
[0.549s] -- Up-to-date: /home/uav_team/ROS2_curso/install/pkg_interfaces/include/pkg_interfaces/pkg_interfaces/msg/rosidl_generator_c__visibility_control.h
[0.549s] -- Up-to-date: /home/uav_team/ROS2_curso/install/pkg_interfaces/include/pkg_interfaces/pkg_interfaces/msg/detail
[0.549s] -- Up-to-date: /home/uav_team/ROS2_curso/install/pkg_interfaces/include/pkg_interfaces/pkg_interfaces/msg/detail/hardware_status__struct.h
[0.549s] -- Up-to-date: /home/uav_team/ROS2_curso/install/pkg_interfaces/include/pkg_interfaces/pkg_interfaces/msg/detail/hardware_status__functions.c
[0.549s] -- Up-to-date: /home/uav_team/ROS2_curso/install/pkg_interfaces/include/pkg_interfaces/pkg_interfaces/msg/detail/hardware_status__functions.h
[0.549s] -- Up-to-date: /home/uav_team/ROS2_curso/install/pkg_interfaces/include/pkg_interfaces/pkg_interfaces/msg/detail/hardware_status__type_support.h
[0.549s] -- Up-to-date: /home/uav_team/ROS2_curso/install/pkg_interfaces/include/pkg_interfaces/pkg_interfaces/msg/hardware_status.h
[0.549s] -- Up-to-date: /home/uav_team/ROS2_curso/install/pkg_interfaces/include/pkg_interfaces/pkg_interfaces/srv
[0.549s] -- Up-to-date: /home/uav_team/ROS2_curso/install/pkg_interfaces/include/pkg_interfaces/pkg_interfaces/srv/detail
[0.549s] -- Up-to-date: /home/uav_team/ROS2_curso/install/pkg_interfaces/include/pkg_interfaces/pkg_interfaces/srv/detail/calculadora_srv__type_support.h
[0.549s] -- Up-to-date: /home/uav_team/ROS2_curso/install/pkg_interfaces/include/pkg_interfaces/pkg_interfaces/srv/detail/compute_rectangle_area__functions.h
[0.550s] -- Up-to-date: /home/uav_team/ROS2_curso/install/pkg_interfaces/include/pkg_interfaces/pkg_interfaces/srv/detail/compute_rectangle_area__struct.h
[0.550s] -- Up-to-date: /home/uav_team/ROS2_curso/install/pkg_interfaces/include/pkg_interfaces/pkg_interfaces/srv/detail/calculadora_srv__functions.c
[0.550s] -- Up-to-date: /home/uav_team/ROS2_curso/install/pkg_interfaces/include/pkg_interfaces/pkg_interfaces/srv/detail/compute_rectangle_area__functions.c
[0.550s] -- Up-to-date: /home/uav_team/ROS2_curso/install/pkg_interfaces/include/pkg_interfaces/pkg_interfaces/srv/detail/calculadora_srv__functions.h
[0.550s] -- Up-to-date: /home/uav_team/ROS2_curso/install/pkg_interfaces/include/pkg_interfaces/pkg_interfaces/srv/detail/compute_rectangle_area__type_support.h
[0.550s] -- Up-to-date: /home/uav_team/ROS2_curso/install/pkg_interfaces/include/pkg_interfaces/pkg_interfaces/srv/detail/calculadora_srv__struct.h
[0.550s] -- Up-to-date: /home/uav_team/ROS2_curso/install/pkg_interfaces/include/pkg_interfaces/pkg_interfaces/srv/calculadora_srv.h
[0.550s] -- Up-to-date: /home/uav_team/ROS2_curso/install/pkg_interfaces/include/pkg_interfaces/pkg_interfaces/srv/compute_rectangle_area.h
[0.550s] -- Up-to-date: /home/uav_team/ROS2_curso/install/pkg_interfaces/share/pkg_interfaces/environment/library_path.sh
[0.550s] -- Up-to-date: /home/uav_team/ROS2_curso/install/pkg_interfaces/share/pkg_interfaces/environment/library_path.dsv
[0.550s] -- Up-to-date: /home/uav_team/ROS2_curso/install/pkg_interfaces/lib/libpkg_interfaces__rosidl_generator_c.so
[0.550s] -- Up-to-date: /home/uav_team/ROS2_curso/install/pkg_interfaces/include/pkg_interfaces/pkg_interfaces
[0.550s] -- Up-to-date: /home/uav_team/ROS2_curso/install/pkg_interfaces/include/pkg_interfaces/pkg_interfaces/msg
[0.550s] -- Up-to-date: /home/uav_team/ROS2_curso/install/pkg_interfaces/include/pkg_interfaces/pkg_interfaces/msg/rosidl_typesupport_fastrtps_c__visibility_control.h
[0.551s] -- Up-to-date: /home/uav_team/ROS2_curso/install/pkg_interfaces/include/pkg_interfaces/pkg_interfaces/msg/detail
[0.551s] -- Up-to-date: /home/uav_team/ROS2_curso/install/pkg_interfaces/include/pkg_interfaces/pkg_interfaces/msg/detail/hardware_status__rosidl_typesupport_fastrtps_c.h
[0.551s] -- Up-to-date: /home/uav_team/ROS2_curso/install/pkg_interfaces/include/pkg_interfaces/pkg_interfaces/srv
[0.551s] -- Up-to-date: /home/uav_team/ROS2_curso/install/pkg_interfaces/include/pkg_interfaces/pkg_interfaces/srv/detail
[0.551s] -- Up-to-date: /home/uav_team/ROS2_curso/install/pkg_interfaces/include/pkg_interfaces/pkg_interfaces/srv/detail/compute_rectangle_area__rosidl_typesupport_fastrtps_c.h
[0.551s] -- Up-to-date: /home/uav_team/ROS2_curso/install/pkg_interfaces/include/pkg_interfaces/pkg_interfaces/srv/detail/calculadora_srv__rosidl_typesupport_fastrtps_c.h
[0.551s] -- Up-to-date: /home/uav_team/ROS2_curso/install/pkg_interfaces/lib/libpkg_interfaces__rosidl_typesupport_fastrtps_c.so
[0.551s] -- Up-to-date: /home/uav_team/ROS2_curso/install/pkg_interfaces/include/pkg_interfaces/pkg_interfaces
[0.551s] -- Up-to-date: /home/uav_team/ROS2_curso/install/pkg_interfaces/include/pkg_interfaces/pkg_interfaces/msg
[0.551s] -- Up-to-date: /home/uav_team/ROS2_curso/install/pkg_interfaces/include/pkg_interfaces/pkg_interfaces/msg/detail
[0.551s] -- Up-to-date: /home/uav_team/ROS2_curso/install/pkg_interfaces/include/pkg_interfaces/pkg_interfaces/msg/detail/hardware_status__type_support.c
[0.551s] -- Up-to-date: /home/uav_team/ROS2_curso/install/pkg_interfaces/include/pkg_interfaces/pkg_interfaces/msg/detail/hardware_status__rosidl_typesupport_introspection_c.h
[0.551s] -- Up-to-date: /home/uav_team/ROS2_curso/install/pkg_interfaces/include/pkg_interfaces/pkg_interfaces/msg/rosidl_typesupport_introspection_c__visibility_control.h
[0.551s] -- Up-to-date: /home/uav_team/ROS2_curso/install/pkg_interfaces/include/pkg_interfaces/pkg_interfaces/srv
[0.552s] -- Up-to-date: /home/uav_team/ROS2_curso/install/pkg_interfaces/include/pkg_interfaces/pkg_interfaces/srv/detail
[0.552s] -- Up-to-date: /home/uav_team/ROS2_curso/install/pkg_interfaces/include/pkg_interfaces/pkg_interfaces/srv/detail/compute_rectangle_area__type_support.c
[0.552s] -- Up-to-date: /home/uav_team/ROS2_curso/install/pkg_interfaces/include/pkg_interfaces/pkg_interfaces/srv/detail/calculadora_srv__type_support.c
[0.552s] -- Up-to-date: /home/uav_team/ROS2_curso/install/pkg_interfaces/include/pkg_interfaces/pkg_interfaces/srv/detail/calculadora_srv__rosidl_typesupport_introspection_c.h
[0.552s] -- Up-to-date: /home/uav_team/ROS2_curso/install/pkg_interfaces/include/pkg_interfaces/pkg_interfaces/srv/detail/compute_rectangle_area__rosidl_typesupport_introspection_c.h
[0.552s] -- Up-to-date: /home/uav_team/ROS2_curso/install/pkg_interfaces/lib/libpkg_interfaces__rosidl_typesupport_introspection_c.so
[0.552s] -- Up-to-date: /home/uav_team/ROS2_curso/install/pkg_interfaces/lib/libpkg_interfaces__rosidl_typesupport_c.so
[0.552s] -- Up-to-date: /home/uav_team/ROS2_curso/install/pkg_interfaces/include/pkg_interfaces/pkg_interfaces
[0.552s] -- Up-to-date: /home/uav_team/ROS2_curso/install/pkg_interfaces/include/pkg_interfaces/pkg_interfaces/msg
[0.552s] -- Up-to-date: /home/uav_team/ROS2_curso/install/pkg_interfaces/include/pkg_interfaces/pkg_interfaces/msg/detail
[0.552s] -- Up-to-date: /home/uav_team/ROS2_curso/install/pkg_interfaces/include/pkg_interfaces/pkg_interfaces/msg/detail/hardware_status__traits.hpp
[0.552s] -- Up-to-date: /home/uav_team/ROS2_curso/install/pkg_interfaces/include/pkg_interfaces/pkg_interfaces/msg/detail/hardware_status__builder.hpp
[0.552s] -- Up-to-date: /home/uav_team/ROS2_curso/install/pkg_interfaces/include/pkg_interfaces/pkg_interfaces/msg/detail/hardware_status__struct.hpp
[0.552s] -- Up-to-date: /home/uav_team/ROS2_curso/install/pkg_interfaces/include/pkg_interfaces/pkg_interfaces/msg/hardware_status.hpp
[0.552s] -- Up-to-date: /home/uav_team/ROS2_curso/install/pkg_interfaces/include/pkg_interfaces/pkg_interfaces/srv
[0.553s] -- Up-to-date: /home/uav_team/ROS2_curso/install/pkg_interfaces/include/pkg_interfaces/pkg_interfaces/srv/detail
[0.553s] -- Up-to-date: /home/uav_team/ROS2_curso/install/pkg_interfaces/include/pkg_interfaces/pkg_interfaces/srv/detail/compute_rectangle_area__builder.hpp
[0.553s] -- Up-to-date: /home/uav_team/ROS2_curso/install/pkg_interfaces/include/pkg_interfaces/pkg_interfaces/srv/detail/calculadora_srv__traits.hpp
[0.553s] -- Up-to-date: /home/uav_team/ROS2_curso/install/pkg_interfaces/include/pkg_interfaces/pkg_interfaces/srv/detail/compute_rectangle_area__traits.hpp
[0.553s] -- Up-to-date: /home/uav_team/ROS2_curso/install/pkg_interfaces/include/pkg_interfaces/pkg_interfaces/srv/detail/calculadora_srv__builder.hpp
[0.553s] -- Up-to-date: /home/uav_team/ROS2_curso/install/pkg_interfaces/include/pkg_interfaces/pkg_interfaces/srv/detail/calculadora_srv__struct.hpp
[0.553s] -- Up-to-date: /home/uav_team/ROS2_curso/install/pkg_interfaces/include/pkg_interfaces/pkg_interfaces/srv/detail/compute_rectangle_area__struct.hpp
[0.553s] -- Up-to-date: /home/uav_team/ROS2_curso/install/pkg_interfaces/include/pkg_interfaces/pkg_interfaces/srv/compute_rectangle_area.hpp
[0.553s] -- Up-to-date: /home/uav_team/ROS2_curso/install/pkg_interfaces/include/pkg_interfaces/pkg_interfaces/srv/calculadora_srv.hpp
[0.553s] -- Up-to-date: /home/uav_team/ROS2_curso/install/pkg_interfaces/include/pkg_interfaces/pkg_interfaces
[0.553s] -- Up-to-date: /home/uav_team/ROS2_curso/install/pkg_interfaces/include/pkg_interfaces/pkg_interfaces/msg
[0.553s] -- Up-to-date: /home/uav_team/ROS2_curso/install/pkg_interfaces/include/pkg_interfaces/pkg_interfaces/msg/rosidl_typesupport_fastrtps_cpp__visibility_control.h
[0.553s] -- Up-to-date: /home/uav_team/ROS2_curso/install/pkg_interfaces/include/pkg_interfaces/pkg_interfaces/msg/detail
[0.553s] -- Up-to-date: /home/uav_team/ROS2_curso/install/pkg_interfaces/include/pkg_interfaces/pkg_interfaces/msg/detail/hardware_status__rosidl_typesupport_fastrtps_cpp.hpp
[0.554s] -- Up-to-date: /home/uav_team/ROS2_curso/install/pkg_interfaces/include/pkg_interfaces/pkg_interfaces/msg/detail/dds_fastrtps
[0.554s] -- Up-to-date: /home/uav_team/ROS2_curso/install/pkg_interfaces/include/pkg_interfaces/pkg_interfaces/srv
[0.554s] -- Up-to-date: /home/uav_team/ROS2_curso/install/pkg_interfaces/include/pkg_interfaces/pkg_interfaces/srv/detail
[0.554s] -- Up-to-date: /home/uav_team/ROS2_curso/install/pkg_interfaces/include/pkg_interfaces/pkg_interfaces/srv/detail/dds_fastrtps
[0.554s] -- Up-to-date: /home/uav_team/ROS2_curso/install/pkg_interfaces/include/pkg_interfaces/pkg_interfaces/srv/detail/calculadora_srv__rosidl_typesupport_fastrtps_cpp.hpp
[0.554s] -- Up-to-date: /home/uav_team/ROS2_curso/install/pkg_interfaces/include/pkg_interfaces/pkg_interfaces/srv/detail/compute_rectangle_area__rosidl_typesupport_fastrtps_cpp.hpp
[0.554s] -- Up-to-date: /home/uav_team/ROS2_curso/install/pkg_interfaces/lib/libpkg_interfaces__rosidl_typesupport_fastrtps_cpp.so
[0.554s] -- Up-to-date: /home/uav_team/ROS2_curso/install/pkg_interfaces/include/pkg_interfaces/pkg_interfaces
[0.554s] -- Up-to-date: /home/uav_team/ROS2_curso/install/pkg_interfaces/include/pkg_interfaces/pkg_interfaces/msg
[0.554s] -- Up-to-date: /home/uav_team/ROS2_curso/install/pkg_interfaces/include/pkg_interfaces/pkg_interfaces/msg/detail
[0.555s] -- Up-to-date: /home/uav_team/ROS2_curso/install/pkg_interfaces/include/pkg_interfaces/pkg_interfaces/msg/detail/hardware_status__rosidl_typesupport_introspection_cpp.hpp
[0.555s] -- Up-to-date: /home/uav_team/ROS2_curso/install/pkg_interfaces/include/pkg_interfaces/pkg_interfaces/msg/detail/hardware_status__type_support.cpp
[0.555s] -- Up-to-date: /home/uav_team/ROS2_curso/install/pkg_interfaces/include/pkg_interfaces/pkg_interfaces/srv
[0.555s] -- Up-to-date: /home/uav_team/ROS2_curso/install/pkg_interfaces/include/pkg_interfaces/pkg_interfaces/srv/detail
[0.555s] -- Up-to-date: /home/uav_team/ROS2_curso/install/pkg_interfaces/include/pkg_interfaces/pkg_interfaces/srv/detail/compute_rectangle_area__rosidl_typesupport_introspection_cpp.hpp
[0.555s] -- Up-to-date: /home/uav_team/ROS2_curso/install/pkg_interfaces/include/pkg_interfaces/pkg_interfaces/srv/detail/calculadora_srv__rosidl_typesupport_introspection_cpp.hpp
[0.555s] -- Up-to-date: /home/uav_team/ROS2_curso/install/pkg_interfaces/include/pkg_interfaces/pkg_interfaces/srv/detail/calculadora_srv__type_support.cpp
[0.555s] -- Up-to-date: /home/uav_team/ROS2_curso/install/pkg_interfaces/include/pkg_interfaces/pkg_interfaces/srv/detail/compute_rectangle_area__type_support.cpp
[0.555s] -- Up-to-date: /home/uav_team/ROS2_curso/install/pkg_interfaces/lib/libpkg_interfaces__rosidl_typesupport_introspection_cpp.so
[0.555s] -- Up-to-date: /home/uav_team/ROS2_curso/install/pkg_interfaces/lib/libpkg_interfaces__rosidl_typesupport_cpp.so
[0.555s] -- Up-to-date: /home/uav_team/ROS2_curso/install/pkg_interfaces/share/pkg_interfaces/environment/pythonpath.sh
[0.555s] -- Up-to-date: /home/uav_team/ROS2_curso/install/pkg_interfaces/share/pkg_interfaces/environment/pythonpath.dsv
[0.555s] -- Up-to-date: /home/uav_team/ROS2_curso/install/pkg_interfaces/local/lib/python3.10/dist-packages/pkg_interfaces-0.0.0-py3.10.egg-info
[0.555s] -- Installing: /home/uav_team/ROS2_curso/install/pkg_interfaces/local/lib/python3.10/dist-packages/pkg_interfaces-0.0.0-py3.10.egg-info/SOURCES.txt
[0.555s] -- Installing: /home/uav_team/ROS2_curso/install/pkg_interfaces/local/lib/python3.10/dist-packages/pkg_interfaces-0.0.0-py3.10.egg-info/PKG-INFO
[0.555s] -- Installing: /home/uav_team/ROS2_curso/install/pkg_interfaces/local/lib/python3.10/dist-packages/pkg_interfaces-0.0.0-py3.10.egg-info/top_level.txt
[0.556s] -- Installing: /home/uav_team/ROS2_curso/install/pkg_interfaces/local/lib/python3.10/dist-packages/pkg_interfaces-0.0.0-py3.10.egg-info/dependency_links.txt
[0.556s] -- Up-to-date: /home/uav_team/ROS2_curso/install/pkg_interfaces/local/lib/python3.10/dist-packages/pkg_interfaces
[0.556s] -- Up-to-date: /home/uav_team/ROS2_curso/install/pkg_interfaces/local/lib/python3.10/dist-packages/pkg_interfaces/pkg_interfaces_s__rosidl_typesupport_c.cpython-310-x86_64-linux-gnu.so
[0.556s] -- Up-to-date: /home/uav_team/ROS2_curso/install/pkg_interfaces/local/lib/python3.10/dist-packages/pkg_interfaces/pkg_interfaces_s__rosidl_typesupport_introspection_c.cpython-310-x86_64-linux-gnu.so
[0.556s] -- Up-to-date: /home/uav_team/ROS2_curso/install/pkg_interfaces/local/lib/python3.10/dist-packages/pkg_interfaces/pkg_interfaces_s__rosidl_typesupport_fastrtps_c.cpython-310-x86_64-linux-gnu.so
[0.556s] -- Up-to-date: /home/uav_team/ROS2_curso/install/pkg_interfaces/local/lib/python3.10/dist-packages/pkg_interfaces/_pkg_interfaces_s.ep.rosidl_typesupport_c.c
[0.556s] -- Up-to-date: /home/uav_team/ROS2_curso/install/pkg_interfaces/local/lib/python3.10/dist-packages/pkg_interfaces/libpkg_interfaces__rosidl_generator_py.so
[0.556s] -- Up-to-date: /home/uav_team/ROS2_curso/install/pkg_interfaces/local/lib/python3.10/dist-packages/pkg_interfaces/msg
[0.556s] -- Up-to-date: /home/uav_team/ROS2_curso/install/pkg_interfaces/local/lib/python3.10/dist-packages/pkg_interfaces/msg/_hardware_status_s.c
[0.556s] -- Up-to-date: /home/uav_team/ROS2_curso/install/pkg_interfaces/local/lib/python3.10/dist-packages/pkg_interfaces/msg/_hardware_status.py
[0.556s] -- Up-to-date: /home/uav_team/ROS2_curso/install/pkg_interfaces/local/lib/python3.10/dist-packages/pkg_interfaces/msg/__init__.py
[0.556s] -- Up-to-date: /home/uav_team/ROS2_curso/install/pkg_interfaces/local/lib/python3.10/dist-packages/pkg_interfaces/_pkg_interfaces_s.ep.rosidl_typesupport_fastrtps_c.c
[0.556s] -- Up-to-date: /home/uav_team/ROS2_curso/install/pkg_interfaces/local/lib/python3.10/dist-packages/pkg_interfaces/__init__.py
[0.556s] -- Up-to-date: /home/uav_team/ROS2_curso/install/pkg_interfaces/local/lib/python3.10/dist-packages/pkg_interfaces/_pkg_interfaces_s.ep.rosidl_typesupport_introspection_c.c
[0.556s] -- Up-to-date: /home/uav_team/ROS2_curso/install/pkg_interfaces/local/lib/python3.10/dist-packages/pkg_interfaces/srv
[0.556s] -- Up-to-date: /home/uav_team/ROS2_curso/install/pkg_interfaces/local/lib/python3.10/dist-packages/pkg_interfaces/srv/_compute_rectangle_area.py
[0.556s] -- Up-to-date: /home/uav_team/ROS2_curso/install/pkg_interfaces/local/lib/python3.10/dist-packages/pkg_interfaces/srv/_calculadora_srv.py
[0.557s] -- Up-to-date: /home/uav_team/ROS2_curso/install/pkg_interfaces/local/lib/python3.10/dist-packages/pkg_interfaces/srv/_compute_rectangle_area_s.c
[0.557s] -- Up-to-date: /home/uav_team/ROS2_curso/install/pkg_interfaces/local/lib/python3.10/dist-packages/pkg_interfaces/srv/__init__.py
[0.557s] -- Up-to-date: /home/uav_team/ROS2_curso/install/pkg_interfaces/local/lib/python3.10/dist-packages/pkg_interfaces/srv/_calculadora_srv_s.c
[0.582s] Listing '/home/uav_team/ROS2_curso/install/pkg_interfaces/local/lib/python3.10/dist-packages/pkg_interfaces'...
[0.582s] Listing '/home/uav_team/ROS2_curso/install/pkg_interfaces/local/lib/python3.10/dist-packages/pkg_interfaces/msg'...
[0.582s] Listing '/home/uav_team/ROS2_curso/install/pkg_interfaces/local/lib/python3.10/dist-packages/pkg_interfaces/srv'...
[0.587s] -- Up-to-date: /home/uav_team/ROS2_curso/install/pkg_interfaces/local/lib/python3.10/dist-packages/pkg_interfaces/pkg_interfaces_s__rosidl_typesupport_fastrtps_c.cpython-310-x86_64-linux-gnu.so
[0.587s] -- Up-to-date: /home/uav_team/ROS2_curso/install/pkg_interfaces/local/lib/python3.10/dist-packages/pkg_interfaces/pkg_interfaces_s__rosidl_typesupport_introspection_c.cpython-310-x86_64-linux-gnu.so
[0.588s] -- Up-to-date: /home/uav_team/ROS2_curso/install/pkg_interfaces/local/lib/python3.10/dist-packages/pkg_interfaces/pkg_interfaces_s__rosidl_typesupport_c.cpython-310-x86_64-linux-gnu.so
[0.588s] -- Up-to-date: /home/uav_team/ROS2_curso/install/pkg_interfaces/lib/libpkg_interfaces__rosidl_generator_py.so
[0.588s] -- Up-to-date: /home/uav_team/ROS2_curso/install/pkg_interfaces/share/pkg_interfaces/msg/HardwareStatus.idl
[0.588s] -- Up-to-date: /home/uav_team/ROS2_curso/install/pkg_interfaces/share/pkg_interfaces/srv/ComputeRectangleArea.idl
[0.588s] -- Up-to-date: /home/uav_team/ROS2_curso/install/pkg_interfaces/share/pkg_interfaces/srv/CalculadoraSrv.idl
[0.588s] -- Up-to-date: /home/uav_team/ROS2_curso/install/pkg_interfaces/share/pkg_interfaces/msg/HardwareStatus.msg
[0.588s] -- Up-to-date: /home/uav_team/ROS2_curso/install/pkg_interfaces/share/pkg_interfaces/srv/ComputeRectangleArea.srv
[0.589s] -- Up-to-date: /home/uav_team/ROS2_curso/install/pkg_interfaces/share/pkg_interfaces/srv/ComputeRectangleArea_Request.msg
[0.589s] -- Up-to-date: /home/uav_team/ROS2_curso/install/pkg_interfaces/share/pkg_interfaces/srv/ComputeRectangleArea_Response.msg
[0.589s] -- Up-to-date: /home/uav_team/ROS2_curso/install/pkg_interfaces/share/pkg_interfaces/srv/CalculadoraSrv.srv
[0.589s] -- Up-to-date: /home/uav_team/ROS2_curso/install/pkg_interfaces/share/pkg_interfaces/srv/CalculadoraSrv_Request.msg
[0.589s] -- Up-to-date: /home/uav_team/ROS2_curso/install/pkg_interfaces/share/pkg_interfaces/srv/CalculadoraSrv_Response.msg
[0.589s] -- Up-to-date: /home/uav_team/ROS2_curso/install/pkg_interfaces/share/ament_index/resource_index/package_run_dependencies/pkg_interfaces
[0.589s] -- Up-to-date: /home/uav_team/ROS2_curso/install/pkg_interfaces/share/ament_index/resource_index/parent_prefix_path/pkg_interfaces
[0.589s] -- Up-to-date: /home/uav_team/ROS2_curso/install/pkg_interfaces/share/pkg_interfaces/environment/ament_prefix_path.sh
[0.589s] -- Up-to-date: /home/uav_team/ROS2_curso/install/pkg_interfaces/share/pkg_interfaces/environment/ament_prefix_path.dsv
[0.589s] -- Up-to-date: /home/uav_team/ROS2_curso/install/pkg_interfaces/share/pkg_interfaces/environment/path.sh
[0.589s] -- Up-to-date: /home/uav_team/ROS2_curso/install/pkg_interfaces/share/pkg_interfaces/environment/path.dsv
[0.589s] -- Up-to-date: /home/uav_team/ROS2_curso/install/pkg_interfaces/share/pkg_interfaces/local_setup.bash
[0.589s] -- Up-to-date: /home/uav_team/ROS2_curso/install/pkg_interfaces/share/pkg_interfaces/local_setup.sh
[0.589s] -- Up-to-date: /home/uav_team/ROS2_curso/install/pkg_interfaces/share/pkg_interfaces/local_setup.zsh
[0.589s] -- Up-to-date: /home/uav_team/ROS2_curso/install/pkg_interfaces/share/pkg_interfaces/local_setup.dsv
[0.590s] -- Installing: /home/uav_team/ROS2_curso/install/pkg_interfaces/share/pkg_interfaces/package.dsv
[0.590s] -- Up-to-date: /home/uav_team/ROS2_curso/install/pkg_interfaces/share/ament_index/resource_index/packages/pkg_interfaces
[0.590s] -- Up-to-date: /home/uav_team/ROS2_curso/install/pkg_interfaces/share/pkg_interfaces/cmake/export_pkg_interfaces__rosidl_generator_cExport.cmake
[0.590s] -- Up-to-date: /home/uav_team/ROS2_curso/install/pkg_interfaces/share/pkg_interfaces/cmake/export_pkg_interfaces__rosidl_generator_cExport-noconfig.cmake
[0.590s] -- Up-to-date: /home/uav_team/ROS2_curso/install/pkg_interfaces/share/pkg_interfaces/cmake/export_pkg_interfaces__rosidl_typesupport_fastrtps_cExport.cmake
[0.590s] -- Up-to-date: /home/uav_team/ROS2_curso/install/pkg_interfaces/share/pkg_interfaces/cmake/export_pkg_interfaces__rosidl_typesupport_fastrtps_cExport-noconfig.cmake
[0.590s] -- Up-to-date: /home/uav_team/ROS2_curso/install/pkg_interfaces/share/pkg_interfaces/cmake/pkg_interfaces__rosidl_typesupport_introspection_cExport.cmake
[0.590s] -- Up-to-date: /home/uav_team/ROS2_curso/install/pkg_interfaces/share/pkg_interfaces/cmake/pkg_interfaces__rosidl_typesupport_introspection_cExport-noconfig.cmake
[0.590s] -- Up-to-date: /home/uav_team/ROS2_curso/install/pkg_interfaces/share/pkg_interfaces/cmake/pkg_interfaces__rosidl_typesupport_cExport.cmake
[0.590s] -- Up-to-date: /home/uav_team/ROS2_curso/install/pkg_interfaces/share/pkg_interfaces/cmake/pkg_interfaces__rosidl_typesupport_cExport-noconfig.cmake
[0.590s] -- Up-to-date: /home/uav_team/ROS2_curso/install/pkg_interfaces/share/pkg_interfaces/cmake/export_pkg_interfaces__rosidl_generator_cppExport.cmake
[0.590s] -- Up-to-date: /home/uav_team/ROS2_curso/install/pkg_interfaces/share/pkg_interfaces/cmake/export_pkg_interfaces__rosidl_typesupport_fastrtps_cppExport.cmake
[0.590s] -- Up-to-date: /home/uav_team/ROS2_curso/install/pkg_interfaces/share/pkg_interfaces/cmake/export_pkg_interfaces__rosidl_typesupport_fastrtps_cppExport-noconfig.cmake
[0.590s] -- Up-to-date: /home/uav_team/ROS2_curso/install/pkg_interfaces/share/pkg_interfaces/cmake/pkg_interfaces__rosidl_typesupport_introspection_cppExport.cmake
[0.590s] -- Up-to-date: /home/uav_team/ROS2_curso/install/pkg_interfaces/share/pkg_interfaces/cmake/pkg_interfaces__rosidl_typesupport_introspection_cppExport-noconfig.cmake
[0.591s] -- Up-to-date: /home/uav_team/ROS2_curso/install/pkg_interfaces/share/pkg_interfaces/cmake/pkg_interfaces__rosidl_typesupport_cppExport.cmake
[0.591s] -- Up-to-date: /home/uav_team/ROS2_curso/install/pkg_interfaces/share/pkg_interfaces/cmake/pkg_interfaces__rosidl_typesupport_cppExport-noconfig.cmake
[0.591s] -- Up-to-date: /home/uav_team/ROS2_curso/install/pkg_interfaces/share/pkg_interfaces/cmake/export_pkg_interfaces__rosidl_generator_pyExport.cmake
[0.591s] -- Up-to-date: /home/uav_team/ROS2_curso/install/pkg_interfaces/share/pkg_interfaces/cmake/export_pkg_interfaces__rosidl_generator_pyExport-noconfig.cmake
[0.591s] -- Up-to-date: /home/uav_team/ROS2_curso/install/pkg_interfaces/share/pkg_interfaces/cmake/rosidl_cmake-extras.cmake
[0.591s] -- Up-to-date: /home/uav_team/ROS2_curso/install/pkg_interfaces/share/pkg_interfaces/cmake/ament_cmake_export_include_directories-extras.cmake
[0.591s] -- Up-to-date: /home/uav_team/ROS2_curso/install/pkg_interfaces/share/pkg_interfaces/cmake/ament_cmake_export_libraries-extras.cmake
[0.591s] -- Up-to-date: /home/uav_team/ROS2_curso/install/pkg_interfaces/share/pkg_interfaces/cmake/ament_cmake_export_targets-extras.cmake
[0.591s] -- Up-to-date: /home/uav_team/ROS2_curso/install/pkg_interfaces/share/pkg_interfaces/cmake/rosidl_cmake_export_typesupport_targets-extras.cmake
[0.591s] -- Up-to-date: /home/uav_team/ROS2_curso/install/pkg_interfaces/share/pkg_interfaces/cmake/ament_cmake_export_dependencies-extras.cmake
[0.591s] -- Up-to-date: /home/uav_team/ROS2_curso/install/pkg_interfaces/share/pkg_interfaces/cmake/rosidl_cmake_export_typesupport_libraries-extras.cmake
[0.591s] -- Up-to-date: /home/uav_team/ROS2_curso/install/pkg_interfaces/share/pkg_interfaces/cmake/pkg_interfacesConfig.cmake
[0.591s] -- Up-to-date: /home/uav_team/ROS2_curso/install/pkg_interfaces/share/pkg_interfaces/cmake/pkg_interfacesConfig-version.cmake
[0.591s] -- Up-to-date: /home/uav_team/ROS2_curso/install/pkg_interfaces/share/pkg_interfaces/package.xml
[0.594s] Invoked command in '/home/uav_team/ROS2_curso/build/pkg_interfaces' returned '0': CMAKE_PREFIX_PATH=${CMAKE_PREFIX_PATH}:/home/uav_team/ROS2_curso/install/pkg_treinamento:/opt/ros/humble /usr/bin/cmake --install /home/uav_team/ROS2_curso/build/pkg_interfaces
