running egg_info
creating ../../build/pkg_treinamento/pkg_treinamento.egg-info
writing ../../build/pkg_treinamento/pkg_treinamento.egg-info/PKG-INFO
writing dependency_links to ../../build/pkg_treinamento/pkg_treinamento.egg-info/dependency_links.txt
writing entry points to ../../build/pkg_treinamento/pkg_treinamento.egg-info/entry_points.txt
writing requirements to ../../build/pkg_treinamento/pkg_treinamento.egg-info/requires.txt
writing top-level names to ../../build/pkg_treinamento/pkg_treinamento.egg-info/top_level.txt
writing manifest file '../../build/pkg_treinamento/pkg_treinamento.egg-info/SOURCES.txt'
reading manifest file '../../build/pkg_treinamento/pkg_treinamento.egg-info/SOURCES.txt'
writing manifest file '../../build/pkg_treinamento/pkg_treinamento.egg-info/SOURCES.txt'
running build
running build_py
creating /home/uav_team/ROS2_curso/build/pkg_treinamento/build
creating /home/uav_team/ROS2_curso/build/pkg_treinamento/build/lib
creating /home/uav_team/ROS2_curso/build/pkg_treinamento/build/lib/pkg_treinamento
copying pkg_treinamento/counter10.py -> /home/uav_team/ROS2_curso/build/pkg_treinamento/build/lib/pkg_treinamento
copying pkg_treinamento/geocalcserver.py -> /home/uav_team/ROS2_curso/build/pkg_treinamento/build/lib/pkg_treinamento
copying pkg_treinamento/calculatorserver.py -> /home/uav_team/ROS2_curso/build/pkg_treinamento/build/lib/pkg_treinamento
copying pkg_treinamento/velhochico.py -> /home/uav_team/ROS2_curso/build/pkg_treinamento/build/lib/pkg_treinamento
copying pkg_treinamento/oeste.py -> /home/uav_team/ROS2_curso/build/pkg_treinamento/build/lib/pkg_treinamento
copying pkg_treinamento/sub1.py -> /home/uav_team/ROS2_curso/build/pkg_treinamento/build/lib/pkg_treinamento
copying pkg_treinamento/radioreceiver.py -> /home/uav_team/ROS2_curso/build/pkg_treinamento/build/lib/pkg_treinamento
copying pkg_treinamento/calculadorabasica.py -> /home/uav_team/ROS2_curso/build/pkg_treinamento/build/lib/pkg_treinamento
copying pkg_treinamento/pub.py -> /home/uav_team/ROS2_curso/build/pkg_treinamento/build/lib/pkg_treinamento
copying pkg_treinamento/educadora.py -> /home/uav_team/ROS2_curso/build/pkg_treinamento/build/lib/pkg_treinamento
copying pkg_treinamento/__init__.py -> /home/uav_team/ROS2_curso/build/pkg_treinamento/build/lib/pkg_treinamento
copying pkg_treinamento/hardwarestatus.py -> /home/uav_team/ROS2_curso/build/pkg_treinamento/build/lib/pkg_treinamento
copying pkg_treinamento/radiostation.py -> /home/uav_team/ROS2_curso/build/pkg_treinamento/build/lib/pkg_treinamento
copying pkg_treinamento/calculatorclient.py -> /home/uav_team/ROS2_curso/build/pkg_treinamento/build/lib/pkg_treinamento
running install
running install_lib
creating /home/uav_team/ROS2_curso/install/pkg_treinamento/lib/python3.10/site-packages/pkg_treinamento
copying /home/uav_team/ROS2_curso/build/pkg_treinamento/build/lib/pkg_treinamento/counter10.py -> /home/uav_team/ROS2_curso/install/pkg_treinamento/lib/python3.10/site-packages/pkg_treinamento
copying /home/uav_team/ROS2_curso/build/pkg_treinamento/build/lib/pkg_treinamento/geocalcserver.py -> /home/uav_team/ROS2_curso/install/pkg_treinamento/lib/python3.10/site-packages/pkg_treinamento
copying /home/uav_team/ROS2_curso/build/pkg_treinamento/build/lib/pkg_treinamento/calculatorserver.py -> /home/uav_team/ROS2_curso/install/pkg_treinamento/lib/python3.10/site-packages/pkg_treinamento
copying /home/uav_team/ROS2_curso/build/pkg_treinamento/build/lib/pkg_treinamento/velhochico.py -> /home/uav_team/ROS2_curso/install/pkg_treinamento/lib/python3.10/site-packages/pkg_treinamento
copying /home/uav_team/ROS2_curso/build/pkg_treinamento/build/lib/pkg_treinamento/oeste.py -> /home/uav_team/ROS2_curso/install/pkg_treinamento/lib/python3.10/site-packages/pkg_treinamento
copying /home/uav_team/ROS2_curso/build/pkg_treinamento/build/lib/pkg_treinamento/sub1.py -> /home/uav_team/ROS2_curso/install/pkg_treinamento/lib/python3.10/site-packages/pkg_treinamento
copying /home/uav_team/ROS2_curso/build/pkg_treinamento/build/lib/pkg_treinamento/radioreceiver.py -> /home/uav_team/ROS2_curso/install/pkg_treinamento/lib/python3.10/site-packages/pkg_treinamento
copying /home/uav_team/ROS2_curso/build/pkg_treinamento/build/lib/pkg_treinamento/calculadorabasica.py -> /home/uav_team/ROS2_curso/install/pkg_treinamento/lib/python3.10/site-packages/pkg_treinamento
copying /home/uav_team/ROS2_curso/build/pkg_treinamento/build/lib/pkg_treinamento/pub.py -> /home/uav_team/ROS2_curso/install/pkg_treinamento/lib/python3.10/site-packages/pkg_treinamento
copying /home/uav_team/ROS2_curso/build/pkg_treinamento/build/lib/pkg_treinamento/educadora.py -> /home/uav_team/ROS2_curso/install/pkg_treinamento/lib/python3.10/site-packages/pkg_treinamento
copying /home/uav_team/ROS2_curso/build/pkg_treinamento/build/lib/pkg_treinamento/__init__.py -> /home/uav_team/ROS2_curso/install/pkg_treinamento/lib/python3.10/site-packages/pkg_treinamento
copying /home/uav_team/ROS2_curso/build/pkg_treinamento/build/lib/pkg_treinamento/hardwarestatus.py -> /home/uav_team/ROS2_curso/install/pkg_treinamento/lib/python3.10/site-packages/pkg_treinamento
copying /home/uav_team/ROS2_curso/build/pkg_treinamento/build/lib/pkg_treinamento/radiostation.py -> /home/uav_team/ROS2_curso/install/pkg_treinamento/lib/python3.10/site-packages/pkg_treinamento
copying /home/uav_team/ROS2_curso/build/pkg_treinamento/build/lib/pkg_treinamento/calculatorclient.py -> /home/uav_team/ROS2_curso/install/pkg_treinamento/lib/python3.10/site-packages/pkg_treinamento
byte-compiling /home/uav_team/ROS2_curso/install/pkg_treinamento/lib/python3.10/site-packages/pkg_treinamento/counter10.py to counter10.cpython-310.pyc
byte-compiling /home/uav_team/ROS2_curso/install/pkg_treinamento/lib/python3.10/site-packages/pkg_treinamento/geocalcserver.py to geocalcserver.cpython-310.pyc
byte-compiling /home/uav_team/ROS2_curso/install/pkg_treinamento/lib/python3.10/site-packages/pkg_treinamento/calculatorserver.py to calculatorserver.cpython-310.pyc
byte-compiling /home/uav_team/ROS2_curso/install/pkg_treinamento/lib/python3.10/site-packages/pkg_treinamento/velhochico.py to velhochico.cpython-310.pyc
byte-compiling /home/uav_team/ROS2_curso/install/pkg_treinamento/lib/python3.10/site-packages/pkg_treinamento/oeste.py to oeste.cpython-310.pyc
byte-compiling /home/uav_team/ROS2_curso/install/pkg_treinamento/lib/python3.10/site-packages/pkg_treinamento/sub1.py to sub1.cpython-310.pyc
byte-compiling /home/uav_team/ROS2_curso/install/pkg_treinamento/lib/python3.10/site-packages/pkg_treinamento/radioreceiver.py to radioreceiver.cpython-310.pyc
byte-compiling /home/uav_team/ROS2_curso/install/pkg_treinamento/lib/python3.10/site-packages/pkg_treinamento/calculadorabasica.py to calculadorabasica.cpython-310.pyc
byte-compiling /home/uav_team/ROS2_curso/install/pkg_treinamento/lib/python3.10/site-packages/pkg_treinamento/pub.py to pub.cpython-310.pyc
byte-compiling /home/uav_team/ROS2_curso/install/pkg_treinamento/lib/python3.10/site-packages/pkg_treinamento/educadora.py to educadora.cpython-310.pyc
byte-compiling /home/uav_team/ROS2_curso/install/pkg_treinamento/lib/python3.10/site-packages/pkg_treinamento/__init__.py to __init__.cpython-310.pyc
byte-compiling /home/uav_team/ROS2_curso/install/pkg_treinamento/lib/python3.10/site-packages/pkg_treinamento/hardwarestatus.py to hardwarestatus.cpython-310.pyc
byte-compiling /home/uav_team/ROS2_curso/install/pkg_treinamento/lib/python3.10/site-packages/pkg_treinamento/radiostation.py to radiostation.cpython-310.pyc
byte-compiling /home/uav_team/ROS2_curso/install/pkg_treinamento/lib/python3.10/site-packages/pkg_treinamento/calculatorclient.py to calculatorclient.cpython-310.pyc
running install_data
creating /home/uav_team/ROS2_curso/install/pkg_treinamento/share/ament_index
creating /home/uav_team/ROS2_curso/install/pkg_treinamento/share/ament_index/resource_index
creating /home/uav_team/ROS2_curso/install/pkg_treinamento/share/ament_index/resource_index/packages
copying resource/pkg_treinamento -> /home/uav_team/ROS2_curso/install/pkg_treinamento/share/ament_index/resource_index/packages
copying package.xml -> /home/uav_team/ROS2_curso/install/pkg_treinamento/share/pkg_treinamento
running install_egg_info
Copying ../../build/pkg_treinamento/pkg_treinamento.egg-info to /home/uav_team/ROS2_curso/install/pkg_treinamento/lib/python3.10/site-packages/pkg_treinamento-0.0.0-py3.10.egg-info
running install_scripts
Installing calculadorabasica script to /home/uav_team/ROS2_curso/install/pkg_treinamento/lib/pkg_treinamento
Installing calculatorclient script to /home/uav_team/ROS2_curso/install/pkg_treinamento/lib/pkg_treinamento
Installing calculatorserver script to /home/uav_team/ROS2_curso/install/pkg_treinamento/lib/pkg_treinamento
Installing educadora script to /home/uav_team/ROS2_curso/install/pkg_treinamento/lib/pkg_treinamento
Installing geocalcserver script to /home/uav_team/ROS2_curso/install/pkg_treinamento/lib/pkg_treinamento
Installing hardwarestatus script to /home/uav_team/ROS2_curso/install/pkg_treinamento/lib/pkg_treinamento
Installing oeste script to /home/uav_team/ROS2_curso/install/pkg_treinamento/lib/pkg_treinamento
Installing ouvinte1 script to /home/uav_team/ROS2_curso/install/pkg_treinamento/lib/pkg_treinamento
Installing palestrante script to /home/uav_team/ROS2_curso/install/pkg_treinamento/lib/pkg_treinamento
Installing radioreceiver script to /home/uav_team/ROS2_curso/install/pkg_treinamento/lib/pkg_treinamento
Installing radiostation script to /home/uav_team/ROS2_curso/install/pkg_treinamento/lib/pkg_treinamento
Installing velhochico script to /home/uav_team/ROS2_curso/install/pkg_treinamento/lib/pkg_treinamento
writing list of installed files to '/home/uav_team/ROS2_curso/build/pkg_treinamento/install.log'
