[0.584s] Invoking command in '/home/uav_team/ROS2_curso/src/pkg_treinamento': PYTHONPATH=/home/uav_team/ROS2_curso/build/pkg_treinamento/prefix_override:/home/uav_team/ROS2_curso/install/pkg_treinamento/lib/python3.10/site-packages:${PYTHONPATH} /usr/bin/python3 -W ignore:setup.py install is deprecated setup.py egg_info --egg-base ../../build/pkg_treinamento build --build-base /home/uav_team/ROS2_curso/build/pkg_treinamento/build install --record /home/uav_team/ROS2_curso/build/pkg_treinamento/install.log --single-version-externally-managed install_data
[0.785s] running egg_info
[0.785s] creating ../../build/pkg_treinamento/pkg_treinamento.egg-info
[0.786s] writing ../../build/pkg_treinamento/pkg_treinamento.egg-info/PKG-INFO
[0.786s] writing dependency_links to ../../build/pkg_treinamento/pkg_treinamento.egg-info/dependency_links.txt
[0.786s] writing entry points to ../../build/pkg_treinamento/pkg_treinamento.egg-info/entry_points.txt
[0.786s] writing requirements to ../../build/pkg_treinamento/pkg_treinamento.egg-info/requires.txt
[0.786s] writing top-level names to ../../build/pkg_treinamento/pkg_treinamento.egg-info/top_level.txt
[0.786s] writing manifest file '../../build/pkg_treinamento/pkg_treinamento.egg-info/SOURCES.txt'
[0.788s] reading manifest file '../../build/pkg_treinamento/pkg_treinamento.egg-info/SOURCES.txt'
[0.788s] writing manifest file '../../build/pkg_treinamento/pkg_treinamento.egg-info/SOURCES.txt'
[0.789s] running build
[0.789s] running build_py
[0.789s] creating /home/uav_team/ROS2_curso/build/pkg_treinamento/build
[0.789s] creating /home/uav_team/ROS2_curso/build/pkg_treinamento/build/lib
[0.789s] creating /home/uav_team/ROS2_curso/build/pkg_treinamento/build/lib/pkg_treinamento
[0.789s] copying pkg_treinamento/counter10.py -> /home/uav_team/ROS2_curso/build/pkg_treinamento/build/lib/pkg_treinamento
[0.789s] copying pkg_treinamento/geocalcserver.py -> /home/uav_team/ROS2_curso/build/pkg_treinamento/build/lib/pkg_treinamento
[0.789s] copying pkg_treinamento/calculatorserver.py -> /home/uav_team/ROS2_curso/build/pkg_treinamento/build/lib/pkg_treinamento
[0.789s] copying pkg_treinamento/velhochico.py -> /home/uav_team/ROS2_curso/build/pkg_treinamento/build/lib/pkg_treinamento
[0.789s] copying pkg_treinamento/oeste.py -> /home/uav_team/ROS2_curso/build/pkg_treinamento/build/lib/pkg_treinamento
[0.790s] copying pkg_treinamento/sub1.py -> /home/uav_team/ROS2_curso/build/pkg_treinamento/build/lib/pkg_treinamento
[0.790s] copying pkg_treinamento/radioreceiver.py -> /home/uav_team/ROS2_curso/build/pkg_treinamento/build/lib/pkg_treinamento
[0.790s] copying pkg_treinamento/calculadorabasica.py -> /home/uav_team/ROS2_curso/build/pkg_treinamento/build/lib/pkg_treinamento
[0.790s] copying pkg_treinamento/pub.py -> /home/uav_team/ROS2_curso/build/pkg_treinamento/build/lib/pkg_treinamento
[0.790s] copying pkg_treinamento/educadora.py -> /home/uav_team/ROS2_curso/build/pkg_treinamento/build/lib/pkg_treinamento
[0.790s] copying pkg_treinamento/__init__.py -> /home/uav_team/ROS2_curso/build/pkg_treinamento/build/lib/pkg_treinamento
[0.790s] copying pkg_treinamento/hardwarestatus.py -> /home/uav_team/ROS2_curso/build/pkg_treinamento/build/lib/pkg_treinamento
[0.790s] copying pkg_treinamento/radiostation.py -> /home/uav_team/ROS2_curso/build/pkg_treinamento/build/lib/pkg_treinamento
[0.790s] copying pkg_treinamento/calculatorclient.py -> /home/uav_team/ROS2_curso/build/pkg_treinamento/build/lib/pkg_treinamento
[0.790s] running install
[0.791s] running install_lib
[0.792s] creating /home/uav_team/ROS2_curso/install/pkg_treinamento/lib/python3.10/site-packages/pkg_treinamento
[0.792s] copying /home/uav_team/ROS2_curso/build/pkg_treinamento/build/lib/pkg_treinamento/counter10.py -> /home/uav_team/ROS2_curso/install/pkg_treinamento/lib/python3.10/site-packages/pkg_treinamento
[0.792s] copying /home/uav_team/ROS2_curso/build/pkg_treinamento/build/lib/pkg_treinamento/geocalcserver.py -> /home/uav_team/ROS2_curso/install/pkg_treinamento/lib/python3.10/site-packages/pkg_treinamento
[0.792s] copying /home/uav_team/ROS2_curso/build/pkg_treinamento/build/lib/pkg_treinamento/calculatorserver.py -> /home/uav_team/ROS2_curso/install/pkg_treinamento/lib/python3.10/site-packages/pkg_treinamento
[0.792s] copying /home/uav_team/ROS2_curso/build/pkg_treinamento/build/lib/pkg_treinamento/velhochico.py -> /home/uav_team/ROS2_curso/install/pkg_treinamento/lib/python3.10/site-packages/pkg_treinamento
[0.792s] copying /home/uav_team/ROS2_curso/build/pkg_treinamento/build/lib/pkg_treinamento/oeste.py -> /home/uav_team/ROS2_curso/install/pkg_treinamento/lib/python3.10/site-packages/pkg_treinamento
[0.792s] copying /home/uav_team/ROS2_curso/build/pkg_treinamento/build/lib/pkg_treinamento/sub1.py -> /home/uav_team/ROS2_curso/install/pkg_treinamento/lib/python3.10/site-packages/pkg_treinamento
[0.792s] copying /home/uav_team/ROS2_curso/build/pkg_treinamento/build/lib/pkg_treinamento/radioreceiver.py -> /home/uav_team/ROS2_curso/install/pkg_treinamento/lib/python3.10/site-packages/pkg_treinamento
[0.792s] copying /home/uav_team/ROS2_curso/build/pkg_treinamento/build/lib/pkg_treinamento/calculadorabasica.py -> /home/uav_team/ROS2_curso/install/pkg_treinamento/lib/python3.10/site-packages/pkg_treinamento
[0.792s] copying /home/uav_team/ROS2_curso/build/pkg_treinamento/build/lib/pkg_treinamento/pub.py -> /home/uav_team/ROS2_curso/install/pkg_treinamento/lib/python3.10/site-packages/pkg_treinamento
[0.792s] copying /home/uav_team/ROS2_curso/build/pkg_treinamento/build/lib/pkg_treinamento/educadora.py -> /home/uav_team/ROS2_curso/install/pkg_treinamento/lib/python3.10/site-packages/pkg_treinamento
[0.793s] copying /home/uav_team/ROS2_curso/build/pkg_treinamento/build/lib/pkg_treinamento/__init__.py -> /home/uav_team/ROS2_curso/install/pkg_treinamento/lib/python3.10/site-packages/pkg_treinamento
[0.793s] copying /home/uav_team/ROS2_curso/build/pkg_treinamento/build/lib/pkg_treinamento/hardwarestatus.py -> /home/uav_team/ROS2_curso/install/pkg_treinamento/lib/python3.10/site-packages/pkg_treinamento
[0.793s] copying /home/uav_team/ROS2_curso/build/pkg_treinamento/build/lib/pkg_treinamento/radiostation.py -> /home/uav_team/ROS2_curso/install/pkg_treinamento/lib/python3.10/site-packages/pkg_treinamento
[0.793s] copying /home/uav_team/ROS2_curso/build/pkg_treinamento/build/lib/pkg_treinamento/calculatorclient.py -> /home/uav_team/ROS2_curso/install/pkg_treinamento/lib/python3.10/site-packages/pkg_treinamento
[0.793s] byte-compiling /home/uav_team/ROS2_curso/install/pkg_treinamento/lib/python3.10/site-packages/pkg_treinamento/counter10.py to counter10.cpython-310.pyc
[0.794s] byte-compiling /home/uav_team/ROS2_curso/install/pkg_treinamento/lib/python3.10/site-packages/pkg_treinamento/geocalcserver.py to geocalcserver.cpython-310.pyc
[0.794s] byte-compiling /home/uav_team/ROS2_curso/install/pkg_treinamento/lib/python3.10/site-packages/pkg_treinamento/calculatorserver.py to calculatorserver.cpython-310.pyc
[0.794s] byte-compiling /home/uav_team/ROS2_curso/install/pkg_treinamento/lib/python3.10/site-packages/pkg_treinamento/velhochico.py to velhochico.cpython-310.pyc
[0.794s] byte-compiling /home/uav_team/ROS2_curso/install/pkg_treinamento/lib/python3.10/site-packages/pkg_treinamento/oeste.py to oeste.cpython-310.pyc
[0.795s] byte-compiling /home/uav_team/ROS2_curso/install/pkg_treinamento/lib/python3.10/site-packages/pkg_treinamento/sub1.py to sub1.cpython-310.pyc
[0.795s] byte-compiling /home/uav_team/ROS2_curso/install/pkg_treinamento/lib/python3.10/site-packages/pkg_treinamento/radioreceiver.py to radioreceiver.cpython-310.pyc
[0.795s] byte-compiling /home/uav_team/ROS2_curso/install/pkg_treinamento/lib/python3.10/site-packages/pkg_treinamento/calculadorabasica.py to calculadorabasica.cpython-310.pyc
[0.796s] byte-compiling /home/uav_team/ROS2_curso/install/pkg_treinamento/lib/python3.10/site-packages/pkg_treinamento/pub.py to pub.cpython-310.pyc
[0.796s] byte-compiling /home/uav_team/ROS2_curso/install/pkg_treinamento/lib/python3.10/site-packages/pkg_treinamento/educadora.py to educadora.cpython-310.pyc
[0.796s] byte-compiling /home/uav_team/ROS2_curso/install/pkg_treinamento/lib/python3.10/site-packages/pkg_treinamento/__init__.py to __init__.cpython-310.pyc
[0.796s] byte-compiling /home/uav_team/ROS2_curso/install/pkg_treinamento/lib/python3.10/site-packages/pkg_treinamento/hardwarestatus.py to hardwarestatus.cpython-310.pyc
[0.797s] byte-compiling /home/uav_team/ROS2_curso/install/pkg_treinamento/lib/python3.10/site-packages/pkg_treinamento/radiostation.py to radiostation.cpython-310.pyc
[0.797s] byte-compiling /home/uav_team/ROS2_curso/install/pkg_treinamento/lib/python3.10/site-packages/pkg_treinamento/calculatorclient.py to calculatorclient.cpython-310.pyc
[0.797s] running install_data
[0.797s] creating /home/uav_team/ROS2_curso/install/pkg_treinamento/share/ament_index
[0.797s] creating /home/uav_team/ROS2_curso/install/pkg_treinamento/share/ament_index/resource_index
[0.797s] creating /home/uav_team/ROS2_curso/install/pkg_treinamento/share/ament_index/resource_index/packages
[0.797s] copying resource/pkg_treinamento -> /home/uav_team/ROS2_curso/install/pkg_treinamento/share/ament_index/resource_index/packages
[0.797s] copying package.xml -> /home/uav_team/ROS2_curso/install/pkg_treinamento/share/pkg_treinamento
[0.798s] running install_egg_info
[0.799s] Copying ../../build/pkg_treinamento/pkg_treinamento.egg-info to /home/uav_team/ROS2_curso/install/pkg_treinamento/lib/python3.10/site-packages/pkg_treinamento-0.0.0-py3.10.egg-info
[0.800s] running install_scripts
[0.817s] Installing calculadorabasica script to /home/uav_team/ROS2_curso/install/pkg_treinamento/lib/pkg_treinamento
[0.817s] Installing calculatorclient script to /home/uav_team/ROS2_curso/install/pkg_treinamento/lib/pkg_treinamento
[0.817s] Installing calculatorserver script to /home/uav_team/ROS2_curso/install/pkg_treinamento/lib/pkg_treinamento
[0.817s] Installing educadora script to /home/uav_team/ROS2_curso/install/pkg_treinamento/lib/pkg_treinamento
[0.817s] Installing geocalcserver script to /home/uav_team/ROS2_curso/install/pkg_treinamento/lib/pkg_treinamento
[0.817s] Installing hardwarestatus script to /home/uav_team/ROS2_curso/install/pkg_treinamento/lib/pkg_treinamento
[0.817s] Installing oeste script to /home/uav_team/ROS2_curso/install/pkg_treinamento/lib/pkg_treinamento
[0.818s] Installing ouvinte1 script to /home/uav_team/ROS2_curso/install/pkg_treinamento/lib/pkg_treinamento
[0.818s] Installing palestrante script to /home/uav_team/ROS2_curso/install/pkg_treinamento/lib/pkg_treinamento
[0.818s] Installing radioreceiver script to /home/uav_team/ROS2_curso/install/pkg_treinamento/lib/pkg_treinamento
[0.818s] Installing radiostation script to /home/uav_team/ROS2_curso/install/pkg_treinamento/lib/pkg_treinamento
[0.818s] Installing velhochico script to /home/uav_team/ROS2_curso/install/pkg_treinamento/lib/pkg_treinamento
[0.818s] writing list of installed files to '/home/uav_team/ROS2_curso/build/pkg_treinamento/install.log'
[0.845s] Invoked command in '/home/uav_team/ROS2_curso/src/pkg_treinamento' returned '0': PYTHONPATH=/home/uav_team/ROS2_curso/build/pkg_treinamento/prefix_override:/home/uav_team/ROS2_curso/install/pkg_treinamento/lib/python3.10/site-packages:${PYTHONPATH} /usr/bin/python3 -W ignore:setup.py install is deprecated setup.py egg_info --egg-base ../../build/pkg_treinamento build --build-base /home/uav_team/ROS2_curso/build/pkg_treinamento/build install --record /home/uav_team/ROS2_curso/build/pkg_treinamento/install.log --single-version-externally-managed install_data
