[0.013s] Invoking command in '/home/uav_team/ROS2_curso/src/build/pkg_interfaces': CMAKE_PREFIX_PATH=${CMAKE_PREFIX_PATH}:/home/uav_team/ROS2_curso/install/pkg_treinamento:/home/uav_team/cbr_2024/ros2_drone_ws/install/drone_camera:/opt/ros/humble /usr/bin/cmake /home/uav_team/ROS2_curso/src/pkg_interfaces -DCMAKE_INSTALL_PREFIX=/home/uav_team/ROS2_curso/src/install/pkg_interfaces
[0.088s] -- The C compiler identification is GNU 11.4.0
[0.151s] -- The CXX compiler identification is GNU 11.4.0
[0.161s] -- Detecting C compiler ABI info
[0.243s] -- Detecting C compiler ABI info - done
[0.250s] -- Check for working C compiler: /usr/bin/cc - skipped
[0.250s] -- Detecting C compile features
[0.251s] -- Detecting C compile features - done
[0.254s] -- Detecting CXX compiler ABI info
[0.342s] -- Detecting CXX compiler ABI info - done
[0.349s] -- Check for working CXX compiler: /usr/bin/c++ - skipped
[0.349s] -- Detecting CXX compile features
[0.349s] -- Detecting CXX compile features - done
[0.353s] -- Found ament_cmake: 1.3.8 (/opt/ros/humble/share/ament_cmake/cmake)
[0.501s] -- Found Python3: /usr/bin/python3 (found version "3.10.12") found components: Interpreter 
[0.600s] -- Found rosidl_default_generators: 1.2.0 (/opt/ros/humble/share/rosidl_default_generators/cmake)
[0.605s] -- Using all available rosidl_typesupport_c: rosidl_typesupport_fastrtps_c;rosidl_typesupport_introspection_c
[0.613s] -- Found rosidl_adapter: 3.1.5 (/opt/ros/humble/share/rosidl_adapter/cmake)
[0.659s] -- Using all available rosidl_typesupport_cpp: rosidl_typesupport_fastrtps_cpp;rosidl_typesupport_introspection_cpp
[0.934s] -- Found ament_cmake_ros: 0.10.0 (/opt/ros/humble/share/ament_cmake_ros/cmake)
[1.101s] -- Using all available rosidl_typesupport_c: rosidl_typesupport_fastrtps_c;rosidl_typesupport_introspection_c
[1.313s] -- Using all available rosidl_typesupport_cpp: rosidl_typesupport_fastrtps_cpp;rosidl_typesupport_introspection_cpp
[1.335s] -- Found PythonInterp: /usr/bin/python3 (found suitable version "3.10.12", minimum required is "3.6") 
[1.338s] -- Found python_cmake_module: 0.10.0 (/opt/ros/humble/share/python_cmake_module/cmake)
[1.363s] -- Found PythonLibs: /usr/lib/x86_64-linux-gnu/libpython3.10.so (found suitable version "3.10.12", minimum required is "3.5") 
[1.363s] -- Using PYTHON_EXECUTABLE: /usr/bin/python3
[1.363s] -- Using PYTHON_INCLUDE_DIRS: /usr/include/python3.10
[1.364s] -- Using PYTHON_LIBRARIES: /usr/lib/x86_64-linux-gnu/libpython3.10.so
[1.383s] -- Found PythonExtra: .so  
[1.420s] -- Configuring done
[1.450s] -- Generating done
[1.452s] -- Build files have been written to: /home/uav_team/ROS2_curso/src/build/pkg_interfaces
[1.460s] Invoked command in '/home/uav_team/ROS2_curso/src/build/pkg_interfaces' returned '0': CMAKE_PREFIX_PATH=${CMAKE_PREFIX_PATH}:/home/uav_team/ROS2_curso/install/pkg_treinamento:/home/uav_team/cbr_2024/ros2_drone_ws/install/drone_camera:/opt/ros/humble /usr/bin/cmake /home/uav_team/ROS2_curso/src/pkg_interfaces -DCMAKE_INSTALL_PREFIX=/home/uav_team/ROS2_curso/src/install/pkg_interfaces
[1.462s] Invoking command in '/home/uav_team/ROS2_curso/src/build/pkg_interfaces': CMAKE_PREFIX_PATH=${CMAKE_PREFIX_PATH}:/home/uav_team/ROS2_curso/install/pkg_treinamento:/home/uav_team/cbr_2024/ros2_drone_ws/install/drone_camera:/opt/ros/humble /usr/bin/cmake --build /home/uav_team/ROS2_curso/src/build/pkg_interfaces -- -j8 -l8
[1.504s] [  3%] [34m[1mGenerating C code for ROS interfaces[0m
[1.515s] [  6%] [34m[1mGenerating C++ code for ROS interfaces[0m
[1.524s] [  6%] Built target ament_cmake_python_copy_pkg_interfaces
[1.750s] [  9%] [32mBuilding C object CMakeFiles/pkg_interfaces__rosidl_generator_c.dir/rosidl_generator_c/pkg_interfaces/msg/detail/hardware_status__functions.c.o[0m
[1.750s] [  9%] Built target pkg_interfaces__cpp
[1.756s] running egg_info
[1.757s] creating pkg_interfaces.egg-info
[1.757s] writing pkg_interfaces.egg-info/PKG-INFO
[1.757s] writing dependency_links to pkg_interfaces.egg-info/dependency_links.txt
[1.758s] writing top-level names to pkg_interfaces.egg-info/top_level.txt
[1.758s] writing manifest file 'pkg_interfaces.egg-info/SOURCES.txt'
[1.760s] reading manifest file 'pkg_interfaces.egg-info/SOURCES.txt'
[1.761s] writing manifest file 'pkg_interfaces.egg-info/SOURCES.txt'
[1.763s] [ 12%] [34m[1mGenerating C++ introspection for ROS interfaces[0m
[1.764s] [ 19%] [34m[1mGenerating C++ type support for eProsima Fast-RTPS[0m
[1.764s] [ 19%] [34m[1mGenerating C++ type support dispatch for ROS interfaces[0m
[1.818s] [ 19%] Built target ament_cmake_python_build_pkg_interfaces_egg
[1.821s] [ 22%] [32m[1mLinking C shared library libpkg_interfaces__rosidl_generator_c.so[0m
[1.867s] [ 22%] Built target pkg_interfaces__rosidl_generator_c
[1.879s] [ 25%] [34m[1mGenerating C introspection for ROS interfaces[0m
[1.881s] [ 32%] [34m[1mGenerating C type support for eProsima Fast-RTPS[0m
[1.881s] [ 32%] [34m[1mGenerating C type support dispatch for ROS interfaces[0m
[2.018s] [ 35%] [32mBuilding CXX object CMakeFiles/pkg_interfaces__rosidl_typesupport_introspection_cpp.dir/rosidl_typesupport_introspection_cpp/pkg_interfaces/msg/detail/hardware_status__type_support.cpp.o[0m
[2.044s] [ 38%] [32mBuilding CXX object CMakeFiles/pkg_interfaces__rosidl_typesupport_fastrtps_cpp.dir/rosidl_typesupport_fastrtps_cpp/pkg_interfaces/msg/detail/dds_fastrtps/hardware_status__type_support.cpp.o[0m
[2.052s] [ 41%] [32mBuilding CXX object CMakeFiles/pkg_interfaces__rosidl_typesupport_cpp.dir/rosidl_typesupport_cpp/pkg_interfaces/msg/hardware_status__type_support.cpp.o[0m
[2.154s] [ 45%] [32mBuilding CXX object CMakeFiles/pkg_interfaces__rosidl_typesupport_c.dir/rosidl_typesupport_c/pkg_interfaces/msg/hardware_status__type_support.cpp.o[0m
[2.191s] [ 48%] [32m[1mLinking CXX shared library libpkg_interfaces__rosidl_typesupport_c.so[0m
[2.249s] [ 48%] Built target pkg_interfaces__rosidl_typesupport_c
[2.255s] [ 51%] [32mBuilding CXX object CMakeFiles/pkg_interfaces__rosidl_typesupport_fastrtps_c.dir/rosidl_typesupport_fastrtps_c/pkg_interfaces/msg/detail/hardware_status__type_support_c.cpp.o[0m
[2.262s] [ 54%] [32mBuilding C object CMakeFiles/pkg_interfaces__rosidl_typesupport_introspection_c.dir/rosidl_typesupport_introspection_c/pkg_interfaces/msg/detail/hardware_status__type_support.c.o[0m
[2.314s] [ 58%] [32m[1mLinking C shared library libpkg_interfaces__rosidl_typesupport_introspection_c.so[0m
[2.365s] [ 58%] Built target pkg_interfaces__rosidl_typesupport_introspection_c
[2.375s] [ 61%] [32m[1mLinking CXX shared library libpkg_interfaces__rosidl_typesupport_cpp.so[0m
[2.424s] [ 61%] Built target pkg_interfaces__rosidl_typesupport_cpp
[2.447s] [ 64%] [32m[1mLinking CXX shared library libpkg_interfaces__rosidl_typesupport_fastrtps_cpp.so[0m
[2.455s] [ 67%] [32m[1mLinking CXX shared library libpkg_interfaces__rosidl_typesupport_introspection_cpp.so[0m
[2.548s] [ 67%] Built target pkg_interfaces__rosidl_typesupport_introspection_cpp
[2.557s] [ 67%] Built target pkg_interfaces__rosidl_typesupport_fastrtps_cpp
[2.582s] [ 70%] [32m[1mLinking CXX shared library libpkg_interfaces__rosidl_typesupport_fastrtps_c.so[0m
[2.671s] [ 70%] Built target pkg_interfaces__rosidl_typesupport_fastrtps_c
[2.694s] [ 70%] Built target pkg_interfaces
[2.717s] [ 74%] [34m[1mGenerating Python code for ROS interfaces[0m
[2.961s] [ 74%] Built target pkg_interfaces__py
[2.984s] [ 77%] [32mBuilding C object CMakeFiles/pkg_interfaces__rosidl_generator_py.dir/rosidl_generator_py/pkg_interfaces/msg/_hardware_status_s.c.o[0m
[3.096s] [ 80%] [32m[1mLinking C shared library rosidl_generator_py/pkg_interfaces/libpkg_interfaces__rosidl_generator_py.so[0m
[3.138s] [ 80%] Built target pkg_interfaces__rosidl_generator_py
[3.161s] [ 90%] [32mBuilding C object CMakeFiles/pkg_interfaces__rosidl_typesupport_fastrtps_c__pyext.dir/rosidl_generator_py/pkg_interfaces/_pkg_interfaces_s.ep.rosidl_typesupport_fastrtps_c.c.o[0m
[3.161s] [ 90%] [32mBuilding C object CMakeFiles/pkg_interfaces__rosidl_typesupport_introspection_c__pyext.dir/rosidl_generator_py/pkg_interfaces/_pkg_interfaces_s.ep.rosidl_typesupport_introspection_c.c.o[0m
[3.161s] [ 90%] [32mBuilding C object CMakeFiles/pkg_interfaces__rosidl_typesupport_c__pyext.dir/rosidl_generator_py/pkg_interfaces/_pkg_interfaces_s.ep.rosidl_typesupport_c.c.o[0m
[3.248s] [ 93%] [32m[1mLinking C shared library rosidl_generator_py/pkg_interfaces/pkg_interfaces_s__rosidl_typesupport_c.cpython-310-x86_64-linux-gnu.so[0m
[3.249s] [ 96%] [32m[1mLinking C shared library rosidl_generator_py/pkg_interfaces/pkg_interfaces_s__rosidl_typesupport_introspection_c.cpython-310-x86_64-linux-gnu.so[0m
[3.257s] [100%] [32m[1mLinking C shared library rosidl_generator_py/pkg_interfaces/pkg_interfaces_s__rosidl_typesupport_fastrtps_c.cpython-310-x86_64-linux-gnu.so[0m
[3.284s] [100%] Built target pkg_interfaces__rosidl_typesupport_c__pyext
[3.285s] [100%] Built target pkg_interfaces__rosidl_typesupport_introspection_c__pyext
[3.295s] [100%] Built target pkg_interfaces__rosidl_typesupport_fastrtps_c__pyext
[3.308s] Invoked command in '/home/uav_team/ROS2_curso/src/build/pkg_interfaces' returned '0': CMAKE_PREFIX_PATH=${CMAKE_PREFIX_PATH}:/home/uav_team/ROS2_curso/install/pkg_treinamento:/home/uav_team/cbr_2024/ros2_drone_ws/install/drone_camera:/opt/ros/humble /usr/bin/cmake --build /home/uav_team/ROS2_curso/src/build/pkg_interfaces -- -j8 -l8
[3.394s] Invoking command in '/home/uav_team/ROS2_curso/src/build/pkg_interfaces': CMAKE_PREFIX_PATH=${CMAKE_PREFIX_PATH}:/home/uav_team/ROS2_curso/install/pkg_treinamento:/home/uav_team/cbr_2024/ros2_drone_ws/install/drone_camera:/opt/ros/humble /usr/bin/cmake --install /home/uav_team/ROS2_curso/src/build/pkg_interfaces
[3.402s] -- Install configuration: ""
[3.402s] -- Installing: /home/uav_team/ROS2_curso/src/install/pkg_interfaces/share/ament_index/resource_index/rosidl_interfaces/pkg_interfaces
[3.403s] -- Installing: /home/uav_team/ROS2_curso/src/install/pkg_interfaces/include/pkg_interfaces/pkg_interfaces
[3.403s] -- Installing: /home/uav_team/ROS2_curso/src/install/pkg_interfaces/include/pkg_interfaces/pkg_interfaces/msg
[3.403s] -- Installing: /home/uav_team/ROS2_curso/src/install/pkg_interfaces/include/pkg_interfaces/pkg_interfaces/msg/rosidl_generator_c__visibility_control.h
[3.403s] -- Installing: /home/uav_team/ROS2_curso/src/install/pkg_interfaces/include/pkg_interfaces/pkg_interfaces/msg/detail
[3.403s] -- Installing: /home/uav_team/ROS2_curso/src/install/pkg_interfaces/include/pkg_interfaces/pkg_interfaces/msg/detail/hardware_status__struct.h
[3.403s] -- Installing: /home/uav_team/ROS2_curso/src/install/pkg_interfaces/include/pkg_interfaces/pkg_interfaces/msg/detail/hardware_status__functions.c
[3.403s] -- Installing: /home/uav_team/ROS2_curso/src/install/pkg_interfaces/include/pkg_interfaces/pkg_interfaces/msg/detail/hardware_status__functions.h
[3.403s] -- Installing: /home/uav_team/ROS2_curso/src/install/pkg_interfaces/include/pkg_interfaces/pkg_interfaces/msg/detail/hardware_status__type_support.h
[3.404s] -- Installing: /home/uav_team/ROS2_curso/src/install/pkg_interfaces/include/pkg_interfaces/pkg_interfaces/msg/hardware_status.h
[3.404s] -- Installing: /home/uav_team/ROS2_curso/src/install/pkg_interfaces/share/pkg_interfaces/environment/library_path.sh
[3.404s] -- Installing: /home/uav_team/ROS2_curso/src/install/pkg_interfaces/share/pkg_interfaces/environment/library_path.dsv
[3.404s] -- Installing: /home/uav_team/ROS2_curso/src/install/pkg_interfaces/lib/libpkg_interfaces__rosidl_generator_c.so
[3.405s] -- Set runtime path of "/home/uav_team/ROS2_curso/src/install/pkg_interfaces/lib/libpkg_interfaces__rosidl_generator_c.so" to ""
[3.405s] -- Up-to-date: /home/uav_team/ROS2_curso/src/install/pkg_interfaces/include/pkg_interfaces/pkg_interfaces
[3.405s] -- Up-to-date: /home/uav_team/ROS2_curso/src/install/pkg_interfaces/include/pkg_interfaces/pkg_interfaces/msg
[3.405s] -- Installing: /home/uav_team/ROS2_curso/src/install/pkg_interfaces/include/pkg_interfaces/pkg_interfaces/msg/rosidl_typesupport_fastrtps_c__visibility_control.h
[3.405s] -- Up-to-date: /home/uav_team/ROS2_curso/src/install/pkg_interfaces/include/pkg_interfaces/pkg_interfaces/msg/detail
[3.405s] -- Installing: /home/uav_team/ROS2_curso/src/install/pkg_interfaces/include/pkg_interfaces/pkg_interfaces/msg/detail/hardware_status__rosidl_typesupport_fastrtps_c.h
[3.405s] -- Installing: /home/uav_team/ROS2_curso/src/install/pkg_interfaces/lib/libpkg_interfaces__rosidl_typesupport_fastrtps_c.so
[3.406s] -- Set runtime path of "/home/uav_team/ROS2_curso/src/install/pkg_interfaces/lib/libpkg_interfaces__rosidl_typesupport_fastrtps_c.so" to ""
[3.406s] -- Up-to-date: /home/uav_team/ROS2_curso/src/install/pkg_interfaces/include/pkg_interfaces/pkg_interfaces
[3.406s] -- Up-to-date: /home/uav_team/ROS2_curso/src/install/pkg_interfaces/include/pkg_interfaces/pkg_interfaces/msg
[3.406s] -- Up-to-date: /home/uav_team/ROS2_curso/src/install/pkg_interfaces/include/pkg_interfaces/pkg_interfaces/msg/detail
[3.406s] -- Installing: /home/uav_team/ROS2_curso/src/install/pkg_interfaces/include/pkg_interfaces/pkg_interfaces/msg/detail/hardware_status__type_support.c
[3.406s] -- Installing: /home/uav_team/ROS2_curso/src/install/pkg_interfaces/include/pkg_interfaces/pkg_interfaces/msg/detail/hardware_status__rosidl_typesupport_introspection_c.h
[3.406s] -- Installing: /home/uav_team/ROS2_curso/src/install/pkg_interfaces/include/pkg_interfaces/pkg_interfaces/msg/rosidl_typesupport_introspection_c__visibility_control.h
[3.406s] -- Installing: /home/uav_team/ROS2_curso/src/install/pkg_interfaces/lib/libpkg_interfaces__rosidl_typesupport_introspection_c.so
[3.407s] -- Set runtime path of "/home/uav_team/ROS2_curso/src/install/pkg_interfaces/lib/libpkg_interfaces__rosidl_typesupport_introspection_c.so" to ""
[3.407s] -- Installing: /home/uav_team/ROS2_curso/src/install/pkg_interfaces/lib/libpkg_interfaces__rosidl_typesupport_c.so
[3.407s] -- Set runtime path of "/home/uav_team/ROS2_curso/src/install/pkg_interfaces/lib/libpkg_interfaces__rosidl_typesupport_c.so" to ""
[3.407s] -- Up-to-date: /home/uav_team/ROS2_curso/src/install/pkg_interfaces/include/pkg_interfaces/pkg_interfaces
[3.407s] -- Up-to-date: /home/uav_team/ROS2_curso/src/install/pkg_interfaces/include/pkg_interfaces/pkg_interfaces/msg
[3.407s] -- Up-to-date: /home/uav_team/ROS2_curso/src/install/pkg_interfaces/include/pkg_interfaces/pkg_interfaces/msg/detail
[3.407s] -- Installing: /home/uav_team/ROS2_curso/src/install/pkg_interfaces/include/pkg_interfaces/pkg_interfaces/msg/detail/hardware_status__traits.hpp
[3.407s] -- Installing: /home/uav_team/ROS2_curso/src/install/pkg_interfaces/include/pkg_interfaces/pkg_interfaces/msg/detail/hardware_status__builder.hpp
[3.408s] -- Installing: /home/uav_team/ROS2_curso/src/install/pkg_interfaces/include/pkg_interfaces/pkg_interfaces/msg/detail/hardware_status__struct.hpp
[3.408s] -- Installing: /home/uav_team/ROS2_curso/src/install/pkg_interfaces/include/pkg_interfaces/pkg_interfaces/msg/hardware_status.hpp
[3.408s] -- Up-to-date: /home/uav_team/ROS2_curso/src/install/pkg_interfaces/include/pkg_interfaces/pkg_interfaces
[3.408s] -- Up-to-date: /home/uav_team/ROS2_curso/src/install/pkg_interfaces/include/pkg_interfaces/pkg_interfaces/msg
[3.408s] -- Installing: /home/uav_team/ROS2_curso/src/install/pkg_interfaces/include/pkg_interfaces/pkg_interfaces/msg/rosidl_typesupport_fastrtps_cpp__visibility_control.h
[3.408s] -- Up-to-date: /home/uav_team/ROS2_curso/src/install/pkg_interfaces/include/pkg_interfaces/pkg_interfaces/msg/detail
[3.408s] -- Installing: /home/uav_team/ROS2_curso/src/install/pkg_interfaces/include/pkg_interfaces/pkg_interfaces/msg/detail/hardware_status__rosidl_typesupport_fastrtps_cpp.hpp
[3.408s] -- Installing: /home/uav_team/ROS2_curso/src/install/pkg_interfaces/include/pkg_interfaces/pkg_interfaces/msg/detail/dds_fastrtps
[3.408s] -- Installing: /home/uav_team/ROS2_curso/src/install/pkg_interfaces/lib/libpkg_interfaces__rosidl_typesupport_fastrtps_cpp.so
[3.409s] -- Set runtime path of "/home/uav_team/ROS2_curso/src/install/pkg_interfaces/lib/libpkg_interfaces__rosidl_typesupport_fastrtps_cpp.so" to ""
[3.409s] -- Up-to-date: /home/uav_team/ROS2_curso/src/install/pkg_interfaces/include/pkg_interfaces/pkg_interfaces
[3.409s] -- Up-to-date: /home/uav_team/ROS2_curso/src/install/pkg_interfaces/include/pkg_interfaces/pkg_interfaces/msg
[3.409s] -- Up-to-date: /home/uav_team/ROS2_curso/src/install/pkg_interfaces/include/pkg_interfaces/pkg_interfaces/msg/detail
[3.409s] -- Installing: /home/uav_team/ROS2_curso/src/install/pkg_interfaces/include/pkg_interfaces/pkg_interfaces/msg/detail/hardware_status__rosidl_typesupport_introspection_cpp.hpp
[3.409s] -- Installing: /home/uav_team/ROS2_curso/src/install/pkg_interfaces/include/pkg_interfaces/pkg_interfaces/msg/detail/hardware_status__type_support.cpp
[3.409s] -- Installing: /home/uav_team/ROS2_curso/src/install/pkg_interfaces/lib/libpkg_interfaces__rosidl_typesupport_introspection_cpp.so
[3.410s] -- Set runtime path of "/home/uav_team/ROS2_curso/src/install/pkg_interfaces/lib/libpkg_interfaces__rosidl_typesupport_introspection_cpp.so" to ""
[3.410s] -- Installing: /home/uav_team/ROS2_curso/src/install/pkg_interfaces/lib/libpkg_interfaces__rosidl_typesupport_cpp.so
[3.410s] -- Set runtime path of "/home/uav_team/ROS2_curso/src/install/pkg_interfaces/lib/libpkg_interfaces__rosidl_typesupport_cpp.so" to ""
[3.410s] -- Installing: /home/uav_team/ROS2_curso/src/install/pkg_interfaces/share/pkg_interfaces/environment/pythonpath.sh
[3.410s] -- Installing: /home/uav_team/ROS2_curso/src/install/pkg_interfaces/share/pkg_interfaces/environment/pythonpath.dsv
[3.410s] -- Installing: /home/uav_team/ROS2_curso/src/install/pkg_interfaces/local/lib/python3.10/dist-packages/pkg_interfaces-0.0.0-py3.10.egg-info
[3.411s] -- Installing: /home/uav_team/ROS2_curso/src/install/pkg_interfaces/local/lib/python3.10/dist-packages/pkg_interfaces-0.0.0-py3.10.egg-info/SOURCES.txt
[3.411s] -- Installing: /home/uav_team/ROS2_curso/src/install/pkg_interfaces/local/lib/python3.10/dist-packages/pkg_interfaces-0.0.0-py3.10.egg-info/PKG-INFO
[3.411s] -- Installing: /home/uav_team/ROS2_curso/src/install/pkg_interfaces/local/lib/python3.10/dist-packages/pkg_interfaces-0.0.0-py3.10.egg-info/top_level.txt
[3.411s] -- Installing: /home/uav_team/ROS2_curso/src/install/pkg_interfaces/local/lib/python3.10/dist-packages/pkg_interfaces-0.0.0-py3.10.egg-info/dependency_links.txt
[3.411s] -- Installing: /home/uav_team/ROS2_curso/src/install/pkg_interfaces/local/lib/python3.10/dist-packages/pkg_interfaces
[3.411s] -- Installing: /home/uav_team/ROS2_curso/src/install/pkg_interfaces/local/lib/python3.10/dist-packages/pkg_interfaces/pkg_interfaces_s__rosidl_typesupport_c.cpython-310-x86_64-linux-gnu.so
[3.411s] -- Installing: /home/uav_team/ROS2_curso/src/install/pkg_interfaces/local/lib/python3.10/dist-packages/pkg_interfaces/pkg_interfaces_s__rosidl_typesupport_introspection_c.cpython-310-x86_64-linux-gnu.so
[3.411s] -- Installing: /home/uav_team/ROS2_curso/src/install/pkg_interfaces/local/lib/python3.10/dist-packages/pkg_interfaces/pkg_interfaces_s__rosidl_typesupport_fastrtps_c.cpython-310-x86_64-linux-gnu.so
[3.412s] -- Installing: /home/uav_team/ROS2_curso/src/install/pkg_interfaces/local/lib/python3.10/dist-packages/pkg_interfaces/_pkg_interfaces_s.ep.rosidl_typesupport_c.c
[3.412s] -- Installing: /home/uav_team/ROS2_curso/src/install/pkg_interfaces/local/lib/python3.10/dist-packages/pkg_interfaces/libpkg_interfaces__rosidl_generator_py.so
[3.412s] -- Installing: /home/uav_team/ROS2_curso/src/install/pkg_interfaces/local/lib/python3.10/dist-packages/pkg_interfaces/msg
[3.412s] -- Installing: /home/uav_team/ROS2_curso/src/install/pkg_interfaces/local/lib/python3.10/dist-packages/pkg_interfaces/msg/_hardware_status_s.c
[3.412s] -- Installing: /home/uav_team/ROS2_curso/src/install/pkg_interfaces/local/lib/python3.10/dist-packages/pkg_interfaces/msg/_hardware_status.py
[3.412s] -- Installing: /home/uav_team/ROS2_curso/src/install/pkg_interfaces/local/lib/python3.10/dist-packages/pkg_interfaces/msg/__init__.py
[3.412s] -- Installing: /home/uav_team/ROS2_curso/src/install/pkg_interfaces/local/lib/python3.10/dist-packages/pkg_interfaces/_pkg_interfaces_s.ep.rosidl_typesupport_fastrtps_c.c
[3.412s] -- Installing: /home/uav_team/ROS2_curso/src/install/pkg_interfaces/local/lib/python3.10/dist-packages/pkg_interfaces/__init__.py
[3.413s] -- Installing: /home/uav_team/ROS2_curso/src/install/pkg_interfaces/local/lib/python3.10/dist-packages/pkg_interfaces/_pkg_interfaces_s.ep.rosidl_typesupport_introspection_c.c
[3.443s] Listing '/home/uav_team/ROS2_curso/src/install/pkg_interfaces/local/lib/python3.10/dist-packages/pkg_interfaces'...
[3.443s] Compiling '/home/uav_team/ROS2_curso/src/install/pkg_interfaces/local/lib/python3.10/dist-packages/pkg_interfaces/__init__.py'...
[3.443s] Listing '/home/uav_team/ROS2_curso/src/install/pkg_interfaces/local/lib/python3.10/dist-packages/pkg_interfaces/msg'...
[3.443s] Compiling '/home/uav_team/ROS2_curso/src/install/pkg_interfaces/local/lib/python3.10/dist-packages/pkg_interfaces/msg/__init__.py'...
[3.443s] Compiling '/home/uav_team/ROS2_curso/src/install/pkg_interfaces/local/lib/python3.10/dist-packages/pkg_interfaces/msg/_hardware_status.py'...
[3.448s] -- Installing: /home/uav_team/ROS2_curso/src/install/pkg_interfaces/local/lib/python3.10/dist-packages/pkg_interfaces/pkg_interfaces_s__rosidl_typesupport_fastrtps_c.cpython-310-x86_64-linux-gnu.so
[3.449s] -- Set runtime path of "/home/uav_team/ROS2_curso/src/install/pkg_interfaces/local/lib/python3.10/dist-packages/pkg_interfaces/pkg_interfaces_s__rosidl_typesupport_fastrtps_c.cpython-310-x86_64-linux-gnu.so" to ""
[3.449s] -- Installing: /home/uav_team/ROS2_curso/src/install/pkg_interfaces/local/lib/python3.10/dist-packages/pkg_interfaces/pkg_interfaces_s__rosidl_typesupport_introspection_c.cpython-310-x86_64-linux-gnu.so
[3.449s] -- Set runtime path of "/home/uav_team/ROS2_curso/src/install/pkg_interfaces/local/lib/python3.10/dist-packages/pkg_interfaces/pkg_interfaces_s__rosidl_typesupport_introspection_c.cpython-310-x86_64-linux-gnu.so" to ""
[3.450s] -- Installing: /home/uav_team/ROS2_curso/src/install/pkg_interfaces/local/lib/python3.10/dist-packages/pkg_interfaces/pkg_interfaces_s__rosidl_typesupport_c.cpython-310-x86_64-linux-gnu.so
[3.450s] -- Set runtime path of "/home/uav_team/ROS2_curso/src/install/pkg_interfaces/local/lib/python3.10/dist-packages/pkg_interfaces/pkg_interfaces_s__rosidl_typesupport_c.cpython-310-x86_64-linux-gnu.so" to ""
[3.450s] -- Installing: /home/uav_team/ROS2_curso/src/install/pkg_interfaces/lib/libpkg_interfaces__rosidl_generator_py.so
[3.450s] -- Set runtime path of "/home/uav_team/ROS2_curso/src/install/pkg_interfaces/lib/libpkg_interfaces__rosidl_generator_py.so" to ""
[3.451s] -- Installing: /home/uav_team/ROS2_curso/src/install/pkg_interfaces/share/pkg_interfaces/msg/HardwareStatus.idl
[3.451s] -- Installing: /home/uav_team/ROS2_curso/src/install/pkg_interfaces/share/pkg_interfaces/msg/HardwareStatus.msg
[3.451s] -- Installing: /home/uav_team/ROS2_curso/src/install/pkg_interfaces/share/ament_index/resource_index/package_run_dependencies/pkg_interfaces
[3.451s] -- Installing: /home/uav_team/ROS2_curso/src/install/pkg_interfaces/share/ament_index/resource_index/parent_prefix_path/pkg_interfaces
[3.451s] -- Installing: /home/uav_team/ROS2_curso/src/install/pkg_interfaces/share/pkg_interfaces/environment/ament_prefix_path.sh
[3.451s] -- Installing: /home/uav_team/ROS2_curso/src/install/pkg_interfaces/share/pkg_interfaces/environment/ament_prefix_path.dsv
[3.452s] -- Installing: /home/uav_team/ROS2_curso/src/install/pkg_interfaces/share/pkg_interfaces/environment/path.sh
[3.452s] -- Installing: /home/uav_team/ROS2_curso/src/install/pkg_interfaces/share/pkg_interfaces/environment/path.dsv
[3.452s] -- Installing: /home/uav_team/ROS2_curso/src/install/pkg_interfaces/share/pkg_interfaces/local_setup.bash
[3.452s] -- Installing: /home/uav_team/ROS2_curso/src/install/pkg_interfaces/share/pkg_interfaces/local_setup.sh
[3.452s] -- Installing: /home/uav_team/ROS2_curso/src/install/pkg_interfaces/share/pkg_interfaces/local_setup.zsh
[3.452s] -- Installing: /home/uav_team/ROS2_curso/src/install/pkg_interfaces/share/pkg_interfaces/local_setup.dsv
[3.452s] -- Installing: /home/uav_team/ROS2_curso/src/install/pkg_interfaces/share/pkg_interfaces/package.dsv
[3.453s] -- Installing: /home/uav_team/ROS2_curso/src/install/pkg_interfaces/share/ament_index/resource_index/packages/pkg_interfaces
[3.453s] -- Installing: /home/uav_team/ROS2_curso/src/install/pkg_interfaces/share/pkg_interfaces/cmake/export_pkg_interfaces__rosidl_generator_cExport.cmake
[3.453s] -- Installing: /home/uav_team/ROS2_curso/src/install/pkg_interfaces/share/pkg_interfaces/cmake/export_pkg_interfaces__rosidl_generator_cExport-noconfig.cmake
[3.453s] -- Installing: /home/uav_team/ROS2_curso/src/install/pkg_interfaces/share/pkg_interfaces/cmake/export_pkg_interfaces__rosidl_typesupport_fastrtps_cExport.cmake
[3.453s] -- Installing: /home/uav_team/ROS2_curso/src/install/pkg_interfaces/share/pkg_interfaces/cmake/export_pkg_interfaces__rosidl_typesupport_fastrtps_cExport-noconfig.cmake
[3.453s] -- Installing: /home/uav_team/ROS2_curso/src/install/pkg_interfaces/share/pkg_interfaces/cmake/pkg_interfaces__rosidl_typesupport_introspection_cExport.cmake
[3.453s] -- Installing: /home/uav_team/ROS2_curso/src/install/pkg_interfaces/share/pkg_interfaces/cmake/pkg_interfaces__rosidl_typesupport_introspection_cExport-noconfig.cmake
[3.454s] -- Installing: /home/uav_team/ROS2_curso/src/install/pkg_interfaces/share/pkg_interfaces/cmake/pkg_interfaces__rosidl_typesupport_cExport.cmake
[3.454s] -- Installing: /home/uav_team/ROS2_curso/src/install/pkg_interfaces/share/pkg_interfaces/cmake/pkg_interfaces__rosidl_typesupport_cExport-noconfig.cmake
[3.454s] -- Installing: /home/uav_team/ROS2_curso/src/install/pkg_interfaces/share/pkg_interfaces/cmake/export_pkg_interfaces__rosidl_generator_cppExport.cmake
[3.454s] -- Installing: /home/uav_team/ROS2_curso/src/install/pkg_interfaces/share/pkg_interfaces/cmake/export_pkg_interfaces__rosidl_typesupport_fastrtps_cppExport.cmake
[3.454s] -- Installing: /home/uav_team/ROS2_curso/src/install/pkg_interfaces/share/pkg_interfaces/cmake/export_pkg_interfaces__rosidl_typesupport_fastrtps_cppExport-noconfig.cmake
[3.454s] -- Installing: /home/uav_team/ROS2_curso/src/install/pkg_interfaces/share/pkg_interfaces/cmake/pkg_interfaces__rosidl_typesupport_introspection_cppExport.cmake
[3.455s] -- Installing: /home/uav_team/ROS2_curso/src/install/pkg_interfaces/share/pkg_interfaces/cmake/pkg_interfaces__rosidl_typesupport_introspection_cppExport-noconfig.cmake
[3.455s] -- Installing: /home/uav_team/ROS2_curso/src/install/pkg_interfaces/share/pkg_interfaces/cmake/pkg_interfaces__rosidl_typesupport_cppExport.cmake
[3.455s] -- Installing: /home/uav_team/ROS2_curso/src/install/pkg_interfaces/share/pkg_interfaces/cmake/pkg_interfaces__rosidl_typesupport_cppExport-noconfig.cmake
[3.455s] -- Installing: /home/uav_team/ROS2_curso/src/install/pkg_interfaces/share/pkg_interfaces/cmake/export_pkg_interfaces__rosidl_generator_pyExport.cmake
[3.455s] -- Installing: /home/uav_team/ROS2_curso/src/install/pkg_interfaces/share/pkg_interfaces/cmake/export_pkg_interfaces__rosidl_generator_pyExport-noconfig.cmake
[3.455s] -- Installing: /home/uav_team/ROS2_curso/src/install/pkg_interfaces/share/pkg_interfaces/cmake/rosidl_cmake-extras.cmake
[3.455s] -- Installing: /home/uav_team/ROS2_curso/src/install/pkg_interfaces/share/pkg_interfaces/cmake/ament_cmake_export_include_directories-extras.cmake
[3.456s] -- Installing: /home/uav_team/ROS2_curso/src/install/pkg_interfaces/share/pkg_interfaces/cmake/ament_cmake_export_libraries-extras.cmake
[3.456s] -- Installing: /home/uav_team/ROS2_curso/src/install/pkg_interfaces/share/pkg_interfaces/cmake/ament_cmake_export_targets-extras.cmake
[3.456s] -- Installing: /home/uav_team/ROS2_curso/src/install/pkg_interfaces/share/pkg_interfaces/cmake/rosidl_cmake_export_typesupport_targets-extras.cmake
[3.456s] -- Installing: /home/uav_team/ROS2_curso/src/install/pkg_interfaces/share/pkg_interfaces/cmake/ament_cmake_export_dependencies-extras.cmake
[3.456s] -- Installing: /home/uav_team/ROS2_curso/src/install/pkg_interfaces/share/pkg_interfaces/cmake/rosidl_cmake_export_typesupport_libraries-extras.cmake
[3.456s] -- Installing: /home/uav_team/ROS2_curso/src/install/pkg_interfaces/share/pkg_interfaces/cmake/pkg_interfacesConfig.cmake
[3.456s] -- Installing: /home/uav_team/ROS2_curso/src/install/pkg_interfaces/share/pkg_interfaces/cmake/pkg_interfacesConfig-version.cmake
[3.457s] -- Installing: /home/uav_team/ROS2_curso/src/install/pkg_interfaces/share/pkg_interfaces/package.xml
[3.459s] Invoked command in '/home/uav_team/ROS2_curso/src/build/pkg_interfaces' returned '0': CMAKE_PREFIX_PATH=${CMAKE_PREFIX_PATH}:/home/uav_team/ROS2_curso/install/pkg_treinamento:/home/uav_team/cbr_2024/ros2_drone_ws/install/drone_camera:/opt/ros/humble /usr/bin/cmake --install /home/uav_team/ROS2_curso/src/build/pkg_interfaces
