[0.006s] Invoking command in '/home/isabel/Repositorios/ROS2_curso/build/pkg_interfaces': CMAKE_PREFIX_PATH=${CMAKE_PREFIX_PATH}:/home/isabel/Repositorios/ROS2_curso/install/pkg_treinamento:/home/isabel/ROS2_curso/install/pkg_treinamento:/home/isabel/Repositórios/ROS2_curso/install/pkg_treinamento:/opt/ros/humble /usr/bin/cmake --build /home/isabel/Repositorios/ROS2_curso/build/pkg_interfaces -- -j16 -l16
[0.020s] -- Found ament_cmake: 1.3.8 (/opt/ros/humble/share/ament_cmake/cmake)
[0.092s] -- Found rosidl_default_generators: 1.2.0 (/opt/ros/humble/share/rosidl_default_generators/cmake)
[0.093s] -- Using all available rosidl_typesupport_c: rosidl_typesupport_fastrtps_c;rosidl_typesupport_introspection_c
[0.094s] -- Found rosidl_adapter: 3.1.5 (/opt/ros/humble/share/rosidl_adapter/cmake)
[0.111s] -- Using all available rosidl_typesupport_cpp: rosidl_typesupport_fastrtps_cpp;rosidl_typesupport_introspection_cpp
[0.274s] -- Found ament_cmake_ros: 0.10.0 (/opt/ros/humble/share/ament_cmake_ros/cmake)
[0.383s] -- Using all available rosidl_typesupport_c: rosidl_typesupport_fastrtps_c;rosidl_typesupport_introspection_c
[0.524s] -- Using all available rosidl_typesupport_cpp: rosidl_typesupport_fastrtps_cpp;rosidl_typesupport_introspection_cpp
[0.537s] -- Found python_cmake_module: 0.10.0 (/opt/ros/humble/share/python_cmake_module/cmake)
[0.551s] -- Using PYTHON_EXECUTABLE: /usr/bin/python3
[0.552s] -- Using PYTHON_INCLUDE_DIRS: /usr/include/python3.10
[0.552s] -- Using PYTHON_LIBRARIES: /usr/lib/x86_64-linux-gnu/libpython3.10.so
[0.560s] -- Configuring done
[0.575s] -- Generating done
[0.576s] -- Build files have been written to: /home/isabel/Repositorios/ROS2_curso/build/pkg_interfaces
[0.590s] [  2%] [34m[1mGenerating C code for ROS interfaces[0m
[0.596s] [  4%] [34m[1mGenerating C++ code for ROS interfaces[0m
[0.602s] [  4%] Built target ament_cmake_python_copy_pkg_interfaces
[0.748s] running egg_info
[0.749s] writing pkg_interfaces.egg-info/PKG-INFO
[0.749s] writing dependency_links to pkg_interfaces.egg-info/dependency_links.txt
[0.749s] writing top-level names to pkg_interfaces.egg-info/top_level.txt
[0.751s] reading manifest file 'pkg_interfaces.egg-info/SOURCES.txt'
[0.752s] writing manifest file 'pkg_interfaces.egg-info/SOURCES.txt'
[0.773s] [  4%] Built target ament_cmake_python_build_pkg_interfaces_egg
[0.811s] [35m[1mConsolidate compiler generated dependencies of target pkg_interfaces__rosidl_generator_c[0m
[0.819s] [  8%] [32mBuilding C object CMakeFiles/pkg_interfaces__rosidl_generator_c.dir/rosidl_generator_c/pkg_interfaces/srv/detail/compute_rectangle_area__functions.c.o[0m
[0.819s] [  8%] [32mBuilding C object CMakeFiles/pkg_interfaces__rosidl_generator_c.dir/rosidl_generator_c/pkg_interfaces/msg/detail/hardware_status__functions.c.o[0m
[0.822s] [ 10%] [32mBuilding C object CMakeFiles/pkg_interfaces__rosidl_generator_c.dir/rosidl_generator_c/pkg_interfaces/srv/detail/calculadora_srv__functions.c.o[0m
[0.826s] [ 10%] Built target pkg_interfaces__cpp
[0.832s] [ 12%] [34m[1mGenerating C++ type support dispatch for ROS interfaces[0m
[0.835s] [ 14%] [34m[1mGenerating C++ type support for eProsima Fast-RTPS[0m
[0.835s] [ 17%] [34m[1mGenerating C++ introspection for ROS interfaces[0m
[0.858s] [ 19%] [32m[1mLinking C shared library libpkg_interfaces__rosidl_generator_c.so[0m
[0.881s] [ 19%] Built target pkg_interfaces__rosidl_generator_c
[0.887s] [ 21%] [34m[1mGenerating C type support for eProsima Fast-RTPS[0m
[0.890s] [ 25%] [34m[1mGenerating C type support dispatch for ROS interfaces[0m
[0.890s] [ 25%] [34m[1mGenerating C introspection for ROS interfaces[0m
[0.995s] [35m[1mConsolidate compiler generated dependencies of target pkg_interfaces__rosidl_typesupport_cpp[0m
[1.004s] [ 27%] [32mBuilding CXX object CMakeFiles/pkg_interfaces__rosidl_typesupport_cpp.dir/rosidl_typesupport_cpp/pkg_interfaces/srv/calculadora_srv__type_support.cpp.o[0m
[1.006s] [ 29%] [32mBuilding CXX object CMakeFiles/pkg_interfaces__rosidl_typesupport_cpp.dir/rosidl_typesupport_cpp/pkg_interfaces/srv/compute_rectangle_area__type_support.cpp.o[0m
[1.006s] [ 31%] [32mBuilding CXX object CMakeFiles/pkg_interfaces__rosidl_typesupport_cpp.dir/rosidl_typesupport_cpp/pkg_interfaces/msg/hardware_status__type_support.cpp.o[0m
[1.026s] [35m[1mConsolidate compiler generated dependencies of target pkg_interfaces__rosidl_typesupport_introspection_cpp[0m
[1.037s] [ 34%] [32mBuilding CXX object CMakeFiles/pkg_interfaces__rosidl_typesupport_introspection_cpp.dir/rosidl_typesupport_introspection_cpp/pkg_interfaces/msg/detail/hardware_status__type_support.cpp.o[0m
[1.039s] [ 36%] [32mBuilding CXX object CMakeFiles/pkg_interfaces__rosidl_typesupport_introspection_cpp.dir/rosidl_typesupport_introspection_cpp/pkg_interfaces/srv/detail/calculadora_srv__type_support.cpp.o[0m
[1.040s] [35m[1mConsolidate compiler generated dependencies of target pkg_interfaces__rosidl_typesupport_fastrtps_cpp[0m
[1.041s] [ 38%] [32mBuilding CXX object CMakeFiles/pkg_interfaces__rosidl_typesupport_introspection_cpp.dir/rosidl_typesupport_introspection_cpp/pkg_interfaces/srv/detail/compute_rectangle_area__type_support.cpp.o[0m
[1.049s] [ 40%] [32mBuilding CXX object CMakeFiles/pkg_interfaces__rosidl_typesupport_fastrtps_cpp.dir/rosidl_typesupport_fastrtps_cpp/pkg_interfaces/msg/detail/dds_fastrtps/hardware_status__type_support.cpp.o[0m
[1.053s] [ 42%] [32mBuilding CXX object CMakeFiles/pkg_interfaces__rosidl_typesupport_fastrtps_cpp.dir/rosidl_typesupport_fastrtps_cpp/pkg_interfaces/srv/detail/dds_fastrtps/compute_rectangle_area__type_support.cpp.o[0m
[1.055s] [ 44%] [32mBuilding CXX object CMakeFiles/pkg_interfaces__rosidl_typesupport_fastrtps_cpp.dir/rosidl_typesupport_fastrtps_cpp/pkg_interfaces/srv/detail/dds_fastrtps/calculadora_srv__type_support.cpp.o[0m
[1.087s] [35m[1mConsolidate compiler generated dependencies of target pkg_interfaces__rosidl_typesupport_fastrtps_c[0m
[1.096s] [ 46%] [32mBuilding CXX object CMakeFiles/pkg_interfaces__rosidl_typesupport_fastrtps_c.dir/rosidl_typesupport_fastrtps_c/pkg_interfaces/srv/detail/compute_rectangle_area__type_support_c.cpp.o[0m
[1.097s] [ 48%] [32mBuilding CXX object CMakeFiles/pkg_interfaces__rosidl_typesupport_fastrtps_c.dir/rosidl_typesupport_fastrtps_c/pkg_interfaces/msg/detail/hardware_status__type_support_c.cpp.o[0m
[1.098s] [ 51%] [32mBuilding CXX object CMakeFiles/pkg_interfaces__rosidl_typesupport_fastrtps_c.dir/rosidl_typesupport_fastrtps_c/pkg_interfaces/srv/detail/calculadora_srv__type_support_c.cpp.o[0m
[1.192s] [35m[1mConsolidate compiler generated dependencies of target pkg_interfaces__rosidl_typesupport_c[0m
[1.204s] [ 55%] [32mBuilding CXX object CMakeFiles/pkg_interfaces__rosidl_typesupport_c.dir/rosidl_typesupport_c/pkg_interfaces/srv/calculadora_srv__type_support.cpp.o[0m
[1.204s] [ 55%] [32mBuilding CXX object CMakeFiles/pkg_interfaces__rosidl_typesupport_c.dir/rosidl_typesupport_c/pkg_interfaces/srv/compute_rectangle_area__type_support.cpp.o[0m
[1.206s] [ 57%] [32mBuilding CXX object CMakeFiles/pkg_interfaces__rosidl_typesupport_c.dir/rosidl_typesupport_c/pkg_interfaces/msg/hardware_status__type_support.cpp.o[0m
[1.230s] [35m[1mConsolidate compiler generated dependencies of target pkg_interfaces__rosidl_typesupport_introspection_c[0m
[1.239s] [ 59%] [32m[1mLinking CXX shared library libpkg_interfaces__rosidl_typesupport_c.so[0m
[1.242s] [ 63%] [32mBuilding C object CMakeFiles/pkg_interfaces__rosidl_typesupport_introspection_c.dir/rosidl_typesupport_introspection_c/pkg_interfaces/srv/detail/calculadora_srv__type_support.c.o[0m
[1.243s] [ 63%] [32mBuilding C object CMakeFiles/pkg_interfaces__rosidl_typesupport_introspection_c.dir/rosidl_typesupport_introspection_c/pkg_interfaces/srv/detail/compute_rectangle_area__type_support.c.o[0m
[1.244s] [ 65%] [32mBuilding C object CMakeFiles/pkg_interfaces__rosidl_typesupport_introspection_c.dir/rosidl_typesupport_introspection_c/pkg_interfaces/msg/detail/hardware_status__type_support.c.o[0m
[1.276s] [ 68%] [32m[1mLinking C shared library libpkg_interfaces__rosidl_typesupport_introspection_c.so[0m
[1.279s] [ 68%] Built target pkg_interfaces__rosidl_typesupport_c
[1.293s] [ 70%] [32m[1mLinking CXX shared library libpkg_interfaces__rosidl_typesupport_cpp.so[0m
[1.298s] [ 70%] Built target pkg_interfaces__rosidl_typesupport_introspection_c
[1.334s] [ 70%] Built target pkg_interfaces__rosidl_typesupport_cpp
[1.408s] [ 72%] [32m[1mLinking CXX shared library libpkg_interfaces__rosidl_typesupport_introspection_cpp.so[0m
[1.412s] [ 74%] [32m[1mLinking CXX shared library libpkg_interfaces__rosidl_typesupport_fastrtps_c.so[0m
[1.438s] [ 76%] [32m[1mLinking CXX shared library libpkg_interfaces__rosidl_typesupport_fastrtps_cpp.so[0m
[1.447s] [ 76%] Built target pkg_interfaces__rosidl_typesupport_introspection_cpp
[1.457s] [ 76%] Built target pkg_interfaces__rosidl_typesupport_fastrtps_c
[1.481s] [ 76%] Built target pkg_interfaces__rosidl_typesupport_fastrtps_cpp
[1.492s] [ 76%] Built target pkg_interfaces
[1.504s] [ 78%] [34m[1mGenerating Python code for ROS interfaces[0m
[1.797s] [ 78%] Built target pkg_interfaces__py
[1.802s] [35m[1mConsolidate compiler generated dependencies of target pkg_interfaces__rosidl_generator_py[0m
[1.810s] [ 80%] [32mBuilding C object CMakeFiles/pkg_interfaces__rosidl_generator_py.dir/rosidl_generator_py/pkg_interfaces/msg/_hardware_status_s.c.o[0m
[1.810s] [ 85%] [32mBuilding C object CMakeFiles/pkg_interfaces__rosidl_generator_py.dir/rosidl_generator_py/pkg_interfaces/srv/_compute_rectangle_area_s.c.o[0m
[1.810s] [ 85%] [32mBuilding C object CMakeFiles/pkg_interfaces__rosidl_generator_py.dir/rosidl_generator_py/pkg_interfaces/srv/_calculadora_srv_s.c.o[0m
[1.868s] [ 87%] [32m[1mLinking C shared library rosidl_generator_py/pkg_interfaces/libpkg_interfaces__rosidl_generator_py.so[0m
[1.890s] [ 87%] Built target pkg_interfaces__rosidl_generator_py
[1.896s] [35m[1mConsolidate compiler generated dependencies of target pkg_interfaces__rosidl_typesupport_c__pyext[0m
[1.896s] [35m[1mConsolidate compiler generated dependencies of target pkg_interfaces__rosidl_typesupport_fastrtps_c__pyext[0m
[1.896s] [35m[1mConsolidate compiler generated dependencies of target pkg_interfaces__rosidl_typesupport_introspection_c__pyext[0m
[1.904s] [ 93%] [32mBuilding C object CMakeFiles/pkg_interfaces__rosidl_typesupport_fastrtps_c__pyext.dir/rosidl_generator_py/pkg_interfaces/_pkg_interfaces_s.ep.rosidl_typesupport_fastrtps_c.c.o[0m
[1.904s] [ 93%] [32mBuilding C object CMakeFiles/pkg_interfaces__rosidl_typesupport_c__pyext.dir/rosidl_generator_py/pkg_interfaces/_pkg_interfaces_s.ep.rosidl_typesupport_c.c.o[0m
[1.904s] [ 93%] [32mBuilding C object CMakeFiles/pkg_interfaces__rosidl_typesupport_introspection_c__pyext.dir/rosidl_generator_py/pkg_interfaces/_pkg_interfaces_s.ep.rosidl_typesupport_introspection_c.c.o[0m
[1.960s] [ 97%] [32m[1mLinking C shared library rosidl_generator_py/pkg_interfaces/pkg_interfaces_s__rosidl_typesupport_c.cpython-310-x86_64-linux-gnu.so[0m
[1.960s] [ 97%] [32m[1mLinking C shared library rosidl_generator_py/pkg_interfaces/pkg_interfaces_s__rosidl_typesupport_introspection_c.cpython-310-x86_64-linux-gnu.so[0m
[1.962s] [100%] [32m[1mLinking C shared library rosidl_generator_py/pkg_interfaces/pkg_interfaces_s__rosidl_typesupport_fastrtps_c.cpython-310-x86_64-linux-gnu.so[0m
[1.978s] [100%] Built target pkg_interfaces__rosidl_typesupport_c__pyext
[1.978s] [100%] Built target pkg_interfaces__rosidl_typesupport_introspection_c__pyext
[1.980s] [100%] Built target pkg_interfaces__rosidl_typesupport_fastrtps_c__pyext
[1.986s] Invoked command in '/home/isabel/Repositorios/ROS2_curso/build/pkg_interfaces' returned '0': CMAKE_PREFIX_PATH=${CMAKE_PREFIX_PATH}:/home/isabel/Repositorios/ROS2_curso/install/pkg_treinamento:/home/isabel/ROS2_curso/install/pkg_treinamento:/home/isabel/Repositórios/ROS2_curso/install/pkg_treinamento:/opt/ros/humble /usr/bin/cmake --build /home/isabel/Repositorios/ROS2_curso/build/pkg_interfaces -- -j16 -l16
[2.038s] Invoking command in '/home/isabel/Repositorios/ROS2_curso/build/pkg_interfaces': CMAKE_PREFIX_PATH=${CMAKE_PREFIX_PATH}:/home/isabel/Repositorios/ROS2_curso/install/pkg_treinamento:/home/isabel/ROS2_curso/install/pkg_treinamento:/home/isabel/Repositórios/ROS2_curso/install/pkg_treinamento:/opt/ros/humble /usr/bin/cmake --install /home/isabel/Repositorios/ROS2_curso/build/pkg_interfaces
[2.043s] -- Install configuration: ""
[2.043s] -- Up-to-date: /home/isabel/Repositorios/ROS2_curso/install/pkg_interfaces/share/ament_index/resource_index/rosidl_interfaces/pkg_interfaces
[2.043s] -- Up-to-date: /home/isabel/Repositorios/ROS2_curso/install/pkg_interfaces/include/pkg_interfaces/pkg_interfaces
[2.043s] -- Up-to-date: /home/isabel/Repositorios/ROS2_curso/install/pkg_interfaces/include/pkg_interfaces/pkg_interfaces/msg
[2.043s] -- Up-to-date: /home/isabel/Repositorios/ROS2_curso/install/pkg_interfaces/include/pkg_interfaces/pkg_interfaces/msg/rosidl_generator_c__visibility_control.h
[2.043s] -- Installing: /home/isabel/Repositorios/ROS2_curso/install/pkg_interfaces/include/pkg_interfaces/pkg_interfaces/msg/hardware_status.h
[2.043s] -- Up-to-date: /home/isabel/Repositorios/ROS2_curso/install/pkg_interfaces/include/pkg_interfaces/pkg_interfaces/msg/detail
[2.043s] -- Installing: /home/isabel/Repositorios/ROS2_curso/install/pkg_interfaces/include/pkg_interfaces/pkg_interfaces/msg/detail/hardware_status__type_support.h
[2.043s] -- Installing: /home/isabel/Repositorios/ROS2_curso/install/pkg_interfaces/include/pkg_interfaces/pkg_interfaces/msg/detail/hardware_status__struct.h
[2.043s] -- Installing: /home/isabel/Repositorios/ROS2_curso/install/pkg_interfaces/include/pkg_interfaces/pkg_interfaces/msg/detail/hardware_status__functions.c
[2.043s] -- Installing: /home/isabel/Repositorios/ROS2_curso/install/pkg_interfaces/include/pkg_interfaces/pkg_interfaces/msg/detail/hardware_status__functions.h
[2.044s] -- Up-to-date: /home/isabel/Repositorios/ROS2_curso/install/pkg_interfaces/include/pkg_interfaces/pkg_interfaces/srv
[2.044s] -- Installing: /home/isabel/Repositorios/ROS2_curso/install/pkg_interfaces/include/pkg_interfaces/pkg_interfaces/srv/compute_rectangle_area.h
[2.044s] -- Up-to-date: /home/isabel/Repositorios/ROS2_curso/install/pkg_interfaces/include/pkg_interfaces/pkg_interfaces/srv/detail
[2.044s] -- Installing: /home/isabel/Repositorios/ROS2_curso/install/pkg_interfaces/include/pkg_interfaces/pkg_interfaces/srv/detail/calculadora_srv__struct.h
[2.044s] -- Installing: /home/isabel/Repositorios/ROS2_curso/install/pkg_interfaces/include/pkg_interfaces/pkg_interfaces/srv/detail/compute_rectangle_area__functions.h
[2.044s] -- Installing: /home/isabel/Repositorios/ROS2_curso/install/pkg_interfaces/include/pkg_interfaces/pkg_interfaces/srv/detail/calculadora_srv__functions.h
[2.044s] -- Installing: /home/isabel/Repositorios/ROS2_curso/install/pkg_interfaces/include/pkg_interfaces/pkg_interfaces/srv/detail/compute_rectangle_area__functions.c
[2.044s] -- Installing: /home/isabel/Repositorios/ROS2_curso/install/pkg_interfaces/include/pkg_interfaces/pkg_interfaces/srv/detail/compute_rectangle_area__type_support.h
[2.044s] -- Installing: /home/isabel/Repositorios/ROS2_curso/install/pkg_interfaces/include/pkg_interfaces/pkg_interfaces/srv/detail/compute_rectangle_area__struct.h
[2.044s] -- Installing: /home/isabel/Repositorios/ROS2_curso/install/pkg_interfaces/include/pkg_interfaces/pkg_interfaces/srv/detail/calculadora_srv__type_support.h
[2.044s] -- Installing: /home/isabel/Repositorios/ROS2_curso/install/pkg_interfaces/include/pkg_interfaces/pkg_interfaces/srv/detail/calculadora_srv__functions.c
[2.044s] -- Installing: /home/isabel/Repositorios/ROS2_curso/install/pkg_interfaces/include/pkg_interfaces/pkg_interfaces/srv/calculadora_srv.h
[2.044s] -- Up-to-date: /home/isabel/Repositorios/ROS2_curso/install/pkg_interfaces/share/pkg_interfaces/environment/library_path.sh
[2.044s] -- Installing: /home/isabel/Repositorios/ROS2_curso/install/pkg_interfaces/share/pkg_interfaces/environment/library_path.dsv
[2.044s] -- Installing: /home/isabel/Repositorios/ROS2_curso/install/pkg_interfaces/lib/libpkg_interfaces__rosidl_generator_c.so
[2.044s] -- Set runtime path of "/home/isabel/Repositorios/ROS2_curso/install/pkg_interfaces/lib/libpkg_interfaces__rosidl_generator_c.so" to ""
[2.044s] -- Up-to-date: /home/isabel/Repositorios/ROS2_curso/install/pkg_interfaces/include/pkg_interfaces/pkg_interfaces
[2.044s] -- Up-to-date: /home/isabel/Repositorios/ROS2_curso/install/pkg_interfaces/include/pkg_interfaces/pkg_interfaces/msg
[2.044s] -- Up-to-date: /home/isabel/Repositorios/ROS2_curso/install/pkg_interfaces/include/pkg_interfaces/pkg_interfaces/msg/rosidl_typesupport_fastrtps_c__visibility_control.h
[2.044s] -- Up-to-date: /home/isabel/Repositorios/ROS2_curso/install/pkg_interfaces/include/pkg_interfaces/pkg_interfaces/msg/detail
[2.044s] -- Installing: /home/isabel/Repositorios/ROS2_curso/install/pkg_interfaces/include/pkg_interfaces/pkg_interfaces/msg/detail/hardware_status__rosidl_typesupport_fastrtps_c.h
[2.044s] -- Up-to-date: /home/isabel/Repositorios/ROS2_curso/install/pkg_interfaces/include/pkg_interfaces/pkg_interfaces/srv
[2.044s] -- Up-to-date: /home/isabel/Repositorios/ROS2_curso/install/pkg_interfaces/include/pkg_interfaces/pkg_interfaces/srv/detail
[2.044s] -- Installing: /home/isabel/Repositorios/ROS2_curso/install/pkg_interfaces/include/pkg_interfaces/pkg_interfaces/srv/detail/compute_rectangle_area__rosidl_typesupport_fastrtps_c.h
[2.045s] -- Installing: /home/isabel/Repositorios/ROS2_curso/install/pkg_interfaces/include/pkg_interfaces/pkg_interfaces/srv/detail/calculadora_srv__rosidl_typesupport_fastrtps_c.h
[2.045s] -- Installing: /home/isabel/Repositorios/ROS2_curso/install/pkg_interfaces/lib/libpkg_interfaces__rosidl_typesupport_fastrtps_c.so
[2.045s] -- Set runtime path of "/home/isabel/Repositorios/ROS2_curso/install/pkg_interfaces/lib/libpkg_interfaces__rosidl_typesupport_fastrtps_c.so" to ""
[2.045s] -- Up-to-date: /home/isabel/Repositorios/ROS2_curso/install/pkg_interfaces/include/pkg_interfaces/pkg_interfaces
[2.045s] -- Up-to-date: /home/isabel/Repositorios/ROS2_curso/install/pkg_interfaces/include/pkg_interfaces/pkg_interfaces/msg
[2.045s] -- Up-to-date: /home/isabel/Repositorios/ROS2_curso/install/pkg_interfaces/include/pkg_interfaces/pkg_interfaces/msg/rosidl_typesupport_introspection_c__visibility_control.h
[2.045s] -- Up-to-date: /home/isabel/Repositorios/ROS2_curso/install/pkg_interfaces/include/pkg_interfaces/pkg_interfaces/msg/detail
[2.045s] -- Installing: /home/isabel/Repositorios/ROS2_curso/install/pkg_interfaces/include/pkg_interfaces/pkg_interfaces/msg/detail/hardware_status__rosidl_typesupport_introspection_c.h
[2.045s] -- Installing: /home/isabel/Repositorios/ROS2_curso/install/pkg_interfaces/include/pkg_interfaces/pkg_interfaces/msg/detail/hardware_status__type_support.c
[2.045s] -- Up-to-date: /home/isabel/Repositorios/ROS2_curso/install/pkg_interfaces/include/pkg_interfaces/pkg_interfaces/srv
[2.045s] -- Up-to-date: /home/isabel/Repositorios/ROS2_curso/install/pkg_interfaces/include/pkg_interfaces/pkg_interfaces/srv/detail
[2.045s] -- Installing: /home/isabel/Repositorios/ROS2_curso/install/pkg_interfaces/include/pkg_interfaces/pkg_interfaces/srv/detail/compute_rectangle_area__rosidl_typesupport_introspection_c.h
[2.045s] -- Installing: /home/isabel/Repositorios/ROS2_curso/install/pkg_interfaces/include/pkg_interfaces/pkg_interfaces/srv/detail/compute_rectangle_area__type_support.c
[2.045s] -- Installing: /home/isabel/Repositorios/ROS2_curso/install/pkg_interfaces/include/pkg_interfaces/pkg_interfaces/srv/detail/calculadora_srv__rosidl_typesupport_introspection_c.h
[2.045s] -- Installing: /home/isabel/Repositorios/ROS2_curso/install/pkg_interfaces/include/pkg_interfaces/pkg_interfaces/srv/detail/calculadora_srv__type_support.c
[2.045s] -- Installing: /home/isabel/Repositorios/ROS2_curso/install/pkg_interfaces/lib/libpkg_interfaces__rosidl_typesupport_introspection_c.so
[2.045s] -- Set runtime path of "/home/isabel/Repositorios/ROS2_curso/install/pkg_interfaces/lib/libpkg_interfaces__rosidl_typesupport_introspection_c.so" to ""
[2.045s] -- Installing: /home/isabel/Repositorios/ROS2_curso/install/pkg_interfaces/lib/libpkg_interfaces__rosidl_typesupport_c.so
[2.045s] -- Set runtime path of "/home/isabel/Repositorios/ROS2_curso/install/pkg_interfaces/lib/libpkg_interfaces__rosidl_typesupport_c.so" to ""
[2.045s] -- Up-to-date: /home/isabel/Repositorios/ROS2_curso/install/pkg_interfaces/include/pkg_interfaces/pkg_interfaces
[2.046s] -- Up-to-date: /home/isabel/Repositorios/ROS2_curso/install/pkg_interfaces/include/pkg_interfaces/pkg_interfaces/msg
[2.046s] -- Up-to-date: /home/isabel/Repositorios/ROS2_curso/install/pkg_interfaces/include/pkg_interfaces/pkg_interfaces/msg/detail
[2.046s] -- Installing: /home/isabel/Repositorios/ROS2_curso/install/pkg_interfaces/include/pkg_interfaces/pkg_interfaces/msg/detail/hardware_status__struct.hpp
[2.046s] -- Installing: /home/isabel/Repositorios/ROS2_curso/install/pkg_interfaces/include/pkg_interfaces/pkg_interfaces/msg/detail/hardware_status__traits.hpp
[2.046s] -- Installing: /home/isabel/Repositorios/ROS2_curso/install/pkg_interfaces/include/pkg_interfaces/pkg_interfaces/msg/detail/hardware_status__builder.hpp
[2.046s] -- Installing: /home/isabel/Repositorios/ROS2_curso/install/pkg_interfaces/include/pkg_interfaces/pkg_interfaces/msg/hardware_status.hpp
[2.046s] -- Up-to-date: /home/isabel/Repositorios/ROS2_curso/install/pkg_interfaces/include/pkg_interfaces/pkg_interfaces/srv
[2.046s] -- Installing: /home/isabel/Repositorios/ROS2_curso/install/pkg_interfaces/include/pkg_interfaces/pkg_interfaces/srv/compute_rectangle_area.hpp
[2.046s] -- Up-to-date: /home/isabel/Repositorios/ROS2_curso/install/pkg_interfaces/include/pkg_interfaces/pkg_interfaces/srv/detail
[2.046s] -- Installing: /home/isabel/Repositorios/ROS2_curso/install/pkg_interfaces/include/pkg_interfaces/pkg_interfaces/srv/detail/calculadora_srv__struct.hpp
[2.046s] -- Installing: /home/isabel/Repositorios/ROS2_curso/install/pkg_interfaces/include/pkg_interfaces/pkg_interfaces/srv/detail/calculadora_srv__traits.hpp
[2.046s] -- Installing: /home/isabel/Repositorios/ROS2_curso/install/pkg_interfaces/include/pkg_interfaces/pkg_interfaces/srv/detail/compute_rectangle_area__struct.hpp
[2.046s] -- Installing: /home/isabel/Repositorios/ROS2_curso/install/pkg_interfaces/include/pkg_interfaces/pkg_interfaces/srv/detail/compute_rectangle_area__builder.hpp
[2.046s] -- Installing: /home/isabel/Repositorios/ROS2_curso/install/pkg_interfaces/include/pkg_interfaces/pkg_interfaces/srv/detail/calculadora_srv__builder.hpp
[2.046s] -- Installing: /home/isabel/Repositorios/ROS2_curso/install/pkg_interfaces/include/pkg_interfaces/pkg_interfaces/srv/detail/compute_rectangle_area__traits.hpp
[2.046s] -- Installing: /home/isabel/Repositorios/ROS2_curso/install/pkg_interfaces/include/pkg_interfaces/pkg_interfaces/srv/calculadora_srv.hpp
[2.046s] -- Up-to-date: /home/isabel/Repositorios/ROS2_curso/install/pkg_interfaces/include/pkg_interfaces/pkg_interfaces
[2.046s] -- Up-to-date: /home/isabel/Repositorios/ROS2_curso/install/pkg_interfaces/include/pkg_interfaces/pkg_interfaces/msg
[2.046s] -- Up-to-date: /home/isabel/Repositorios/ROS2_curso/install/pkg_interfaces/include/pkg_interfaces/pkg_interfaces/msg/rosidl_typesupport_fastrtps_cpp__visibility_control.h
[2.046s] -- Up-to-date: /home/isabel/Repositorios/ROS2_curso/install/pkg_interfaces/include/pkg_interfaces/pkg_interfaces/msg/detail
[2.046s] -- Up-to-date: /home/isabel/Repositorios/ROS2_curso/install/pkg_interfaces/include/pkg_interfaces/pkg_interfaces/msg/detail/dds_fastrtps
[2.046s] -- Installing: /home/isabel/Repositorios/ROS2_curso/install/pkg_interfaces/include/pkg_interfaces/pkg_interfaces/msg/detail/hardware_status__rosidl_typesupport_fastrtps_cpp.hpp
[2.046s] -- Up-to-date: /home/isabel/Repositorios/ROS2_curso/install/pkg_interfaces/include/pkg_interfaces/pkg_interfaces/srv
[2.046s] -- Up-to-date: /home/isabel/Repositorios/ROS2_curso/install/pkg_interfaces/include/pkg_interfaces/pkg_interfaces/srv/detail
[2.046s] -- Up-to-date: /home/isabel/Repositorios/ROS2_curso/install/pkg_interfaces/include/pkg_interfaces/pkg_interfaces/srv/detail/dds_fastrtps
[2.047s] -- Installing: /home/isabel/Repositorios/ROS2_curso/install/pkg_interfaces/include/pkg_interfaces/pkg_interfaces/srv/detail/compute_rectangle_area__rosidl_typesupport_fastrtps_cpp.hpp
[2.047s] -- Installing: /home/isabel/Repositorios/ROS2_curso/install/pkg_interfaces/include/pkg_interfaces/pkg_interfaces/srv/detail/calculadora_srv__rosidl_typesupport_fastrtps_cpp.hpp
[2.047s] -- Installing: /home/isabel/Repositorios/ROS2_curso/install/pkg_interfaces/lib/libpkg_interfaces__rosidl_typesupport_fastrtps_cpp.so
[2.047s] -- Set runtime path of "/home/isabel/Repositorios/ROS2_curso/install/pkg_interfaces/lib/libpkg_interfaces__rosidl_typesupport_fastrtps_cpp.so" to ""
[2.047s] -- Up-to-date: /home/isabel/Repositorios/ROS2_curso/install/pkg_interfaces/include/pkg_interfaces/pkg_interfaces
[2.047s] -- Up-to-date: /home/isabel/Repositorios/ROS2_curso/install/pkg_interfaces/include/pkg_interfaces/pkg_interfaces/msg
[2.047s] -- Up-to-date: /home/isabel/Repositorios/ROS2_curso/install/pkg_interfaces/include/pkg_interfaces/pkg_interfaces/msg/detail
[2.047s] -- Installing: /home/isabel/Repositorios/ROS2_curso/install/pkg_interfaces/include/pkg_interfaces/pkg_interfaces/msg/detail/hardware_status__type_support.cpp
[2.047s] -- Installing: /home/isabel/Repositorios/ROS2_curso/install/pkg_interfaces/include/pkg_interfaces/pkg_interfaces/msg/detail/hardware_status__rosidl_typesupport_introspection_cpp.hpp
[2.047s] -- Up-to-date: /home/isabel/Repositorios/ROS2_curso/install/pkg_interfaces/include/pkg_interfaces/pkg_interfaces/srv
[2.047s] -- Up-to-date: /home/isabel/Repositorios/ROS2_curso/install/pkg_interfaces/include/pkg_interfaces/pkg_interfaces/srv/detail
[2.047s] -- Installing: /home/isabel/Repositorios/ROS2_curso/install/pkg_interfaces/include/pkg_interfaces/pkg_interfaces/srv/detail/calculadora_srv__rosidl_typesupport_introspection_cpp.hpp
[2.047s] -- Installing: /home/isabel/Repositorios/ROS2_curso/install/pkg_interfaces/include/pkg_interfaces/pkg_interfaces/srv/detail/compute_rectangle_area__type_support.cpp
[2.047s] -- Installing: /home/isabel/Repositorios/ROS2_curso/install/pkg_interfaces/include/pkg_interfaces/pkg_interfaces/srv/detail/calculadora_srv__type_support.cpp
[2.047s] -- Installing: /home/isabel/Repositorios/ROS2_curso/install/pkg_interfaces/include/pkg_interfaces/pkg_interfaces/srv/detail/compute_rectangle_area__rosidl_typesupport_introspection_cpp.hpp
[2.047s] -- Installing: /home/isabel/Repositorios/ROS2_curso/install/pkg_interfaces/lib/libpkg_interfaces__rosidl_typesupport_introspection_cpp.so
[2.047s] -- Set runtime path of "/home/isabel/Repositorios/ROS2_curso/install/pkg_interfaces/lib/libpkg_interfaces__rosidl_typesupport_introspection_cpp.so" to ""
[2.047s] -- Installing: /home/isabel/Repositorios/ROS2_curso/install/pkg_interfaces/lib/libpkg_interfaces__rosidl_typesupport_cpp.so
[2.047s] -- Set runtime path of "/home/isabel/Repositorios/ROS2_curso/install/pkg_interfaces/lib/libpkg_interfaces__rosidl_typesupport_cpp.so" to ""
[2.048s] -- Up-to-date: /home/isabel/Repositorios/ROS2_curso/install/pkg_interfaces/share/pkg_interfaces/environment/pythonpath.sh
[2.048s] -- Installing: /home/isabel/Repositorios/ROS2_curso/install/pkg_interfaces/share/pkg_interfaces/environment/pythonpath.dsv
[2.048s] -- Up-to-date: /home/isabel/Repositorios/ROS2_curso/install/pkg_interfaces/local/lib/python3.10/dist-packages/pkg_interfaces-0.0.0-py3.10.egg-info
[2.048s] -- Installing: /home/isabel/Repositorios/ROS2_curso/install/pkg_interfaces/local/lib/python3.10/dist-packages/pkg_interfaces-0.0.0-py3.10.egg-info/SOURCES.txt
[2.048s] -- Installing: /home/isabel/Repositorios/ROS2_curso/install/pkg_interfaces/local/lib/python3.10/dist-packages/pkg_interfaces-0.0.0-py3.10.egg-info/PKG-INFO
[2.048s] -- Installing: /home/isabel/Repositorios/ROS2_curso/install/pkg_interfaces/local/lib/python3.10/dist-packages/pkg_interfaces-0.0.0-py3.10.egg-info/dependency_links.txt
[2.048s] -- Installing: /home/isabel/Repositorios/ROS2_curso/install/pkg_interfaces/local/lib/python3.10/dist-packages/pkg_interfaces-0.0.0-py3.10.egg-info/top_level.txt
[2.048s] -- Up-to-date: /home/isabel/Repositorios/ROS2_curso/install/pkg_interfaces/local/lib/python3.10/dist-packages/pkg_interfaces
[2.048s] -- Up-to-date: /home/isabel/Repositorios/ROS2_curso/install/pkg_interfaces/local/lib/python3.10/dist-packages/pkg_interfaces/msg
[2.048s] -- Installing: /home/isabel/Repositorios/ROS2_curso/install/pkg_interfaces/local/lib/python3.10/dist-packages/pkg_interfaces/msg/_hardware_status.py
[2.048s] -- Installing: /home/isabel/Repositorios/ROS2_curso/install/pkg_interfaces/local/lib/python3.10/dist-packages/pkg_interfaces/msg/__init__.py
[2.048s] -- Installing: /home/isabel/Repositorios/ROS2_curso/install/pkg_interfaces/local/lib/python3.10/dist-packages/pkg_interfaces/msg/_hardware_status_s.c
[2.048s] -- Installing: /home/isabel/Repositorios/ROS2_curso/install/pkg_interfaces/local/lib/python3.10/dist-packages/pkg_interfaces/pkg_interfaces_s__rosidl_typesupport_introspection_c.cpython-310-x86_64-linux-gnu.so
[2.048s] -- Installing: /home/isabel/Repositorios/ROS2_curso/install/pkg_interfaces/local/lib/python3.10/dist-packages/pkg_interfaces/_pkg_interfaces_s.ep.rosidl_typesupport_c.c
[2.048s] -- Installing: /home/isabel/Repositorios/ROS2_curso/install/pkg_interfaces/local/lib/python3.10/dist-packages/pkg_interfaces/libpkg_interfaces__rosidl_generator_py.so
[2.048s] -- Installing: /home/isabel/Repositorios/ROS2_curso/install/pkg_interfaces/local/lib/python3.10/dist-packages/pkg_interfaces/pkg_interfaces_s__rosidl_typesupport_fastrtps_c.cpython-310-x86_64-linux-gnu.so
[2.048s] -- Installing: /home/isabel/Repositorios/ROS2_curso/install/pkg_interfaces/local/lib/python3.10/dist-packages/pkg_interfaces/_pkg_interfaces_s.ep.rosidl_typesupport_fastrtps_c.c
[2.048s] -- Installing: /home/isabel/Repositorios/ROS2_curso/install/pkg_interfaces/local/lib/python3.10/dist-packages/pkg_interfaces/__init__.py
[2.048s] -- Installing: /home/isabel/Repositorios/ROS2_curso/install/pkg_interfaces/local/lib/python3.10/dist-packages/pkg_interfaces/_pkg_interfaces_s.ep.rosidl_typesupport_introspection_c.c
[2.048s] -- Up-to-date: /home/isabel/Repositorios/ROS2_curso/install/pkg_interfaces/local/lib/python3.10/dist-packages/pkg_interfaces/srv
[2.048s] -- Installing: /home/isabel/Repositorios/ROS2_curso/install/pkg_interfaces/local/lib/python3.10/dist-packages/pkg_interfaces/srv/_compute_rectangle_area.py
[2.049s] -- Installing: /home/isabel/Repositorios/ROS2_curso/install/pkg_interfaces/local/lib/python3.10/dist-packages/pkg_interfaces/srv/_calculadora_srv_s.c
[2.049s] -- Installing: /home/isabel/Repositorios/ROS2_curso/install/pkg_interfaces/local/lib/python3.10/dist-packages/pkg_interfaces/srv/_calculadora_srv.py
[2.049s] -- Installing: /home/isabel/Repositorios/ROS2_curso/install/pkg_interfaces/local/lib/python3.10/dist-packages/pkg_interfaces/srv/__init__.py
[2.049s] -- Installing: /home/isabel/Repositorios/ROS2_curso/install/pkg_interfaces/local/lib/python3.10/dist-packages/pkg_interfaces/srv/_compute_rectangle_area_s.c
[2.049s] -- Installing: /home/isabel/Repositorios/ROS2_curso/install/pkg_interfaces/local/lib/python3.10/dist-packages/pkg_interfaces/pkg_interfaces_s__rosidl_typesupport_c.cpython-310-x86_64-linux-gnu.so
[2.072s] Listing '/home/isabel/Repositorios/ROS2_curso/install/pkg_interfaces/local/lib/python3.10/dist-packages/pkg_interfaces'...
[2.072s] Compiling '/home/isabel/Repositorios/ROS2_curso/install/pkg_interfaces/local/lib/python3.10/dist-packages/pkg_interfaces/__init__.py'...
[2.072s] Listing '/home/isabel/Repositorios/ROS2_curso/install/pkg_interfaces/local/lib/python3.10/dist-packages/pkg_interfaces/msg'...
[2.072s] Compiling '/home/isabel/Repositorios/ROS2_curso/install/pkg_interfaces/local/lib/python3.10/dist-packages/pkg_interfaces/msg/__init__.py'...
[2.072s] Compiling '/home/isabel/Repositorios/ROS2_curso/install/pkg_interfaces/local/lib/python3.10/dist-packages/pkg_interfaces/msg/_hardware_status.py'...
[2.072s] Listing '/home/isabel/Repositorios/ROS2_curso/install/pkg_interfaces/local/lib/python3.10/dist-packages/pkg_interfaces/srv'...
[2.072s] Compiling '/home/isabel/Repositorios/ROS2_curso/install/pkg_interfaces/local/lib/python3.10/dist-packages/pkg_interfaces/srv/__init__.py'...
[2.072s] Compiling '/home/isabel/Repositorios/ROS2_curso/install/pkg_interfaces/local/lib/python3.10/dist-packages/pkg_interfaces/srv/_calculadora_srv.py'...
[2.072s] Compiling '/home/isabel/Repositorios/ROS2_curso/install/pkg_interfaces/local/lib/python3.10/dist-packages/pkg_interfaces/srv/_compute_rectangle_area.py'...
[2.075s] -- Installing: /home/isabel/Repositorios/ROS2_curso/install/pkg_interfaces/local/lib/python3.10/dist-packages/pkg_interfaces/pkg_interfaces_s__rosidl_typesupport_fastrtps_c.cpython-310-x86_64-linux-gnu.so
[2.075s] -- Set runtime path of "/home/isabel/Repositorios/ROS2_curso/install/pkg_interfaces/local/lib/python3.10/dist-packages/pkg_interfaces/pkg_interfaces_s__rosidl_typesupport_fastrtps_c.cpython-310-x86_64-linux-gnu.so" to ""
[2.075s] -- Installing: /home/isabel/Repositorios/ROS2_curso/install/pkg_interfaces/local/lib/python3.10/dist-packages/pkg_interfaces/pkg_interfaces_s__rosidl_typesupport_introspection_c.cpython-310-x86_64-linux-gnu.so
[2.075s] -- Set runtime path of "/home/isabel/Repositorios/ROS2_curso/install/pkg_interfaces/local/lib/python3.10/dist-packages/pkg_interfaces/pkg_interfaces_s__rosidl_typesupport_introspection_c.cpython-310-x86_64-linux-gnu.so" to ""
[2.075s] -- Installing: /home/isabel/Repositorios/ROS2_curso/install/pkg_interfaces/local/lib/python3.10/dist-packages/pkg_interfaces/pkg_interfaces_s__rosidl_typesupport_c.cpython-310-x86_64-linux-gnu.so
[2.075s] -- Set runtime path of "/home/isabel/Repositorios/ROS2_curso/install/pkg_interfaces/local/lib/python3.10/dist-packages/pkg_interfaces/pkg_interfaces_s__rosidl_typesupport_c.cpython-310-x86_64-linux-gnu.so" to ""
[2.075s] -- Installing: /home/isabel/Repositorios/ROS2_curso/install/pkg_interfaces/lib/libpkg_interfaces__rosidl_generator_py.so
[2.075s] -- Set runtime path of "/home/isabel/Repositorios/ROS2_curso/install/pkg_interfaces/lib/libpkg_interfaces__rosidl_generator_py.so" to ""
[2.075s] -- Up-to-date: /home/isabel/Repositorios/ROS2_curso/install/pkg_interfaces/share/pkg_interfaces/msg/HardwareStatus.idl
[2.075s] -- Up-to-date: /home/isabel/Repositorios/ROS2_curso/install/pkg_interfaces/share/pkg_interfaces/srv/ComputeRectangleArea.idl
[2.076s] -- Installing: /home/isabel/Repositorios/ROS2_curso/install/pkg_interfaces/share/pkg_interfaces/srv/CalculadoraSrv.idl
[2.076s] -- Up-to-date: /home/isabel/Repositorios/ROS2_curso/install/pkg_interfaces/share/pkg_interfaces/msg/HardwareStatus.msg
[2.076s] -- Up-to-date: /home/isabel/Repositorios/ROS2_curso/install/pkg_interfaces/share/pkg_interfaces/srv/ComputeRectangleArea.srv
[2.076s] -- Up-to-date: /home/isabel/Repositorios/ROS2_curso/install/pkg_interfaces/share/pkg_interfaces/srv/ComputeRectangleArea_Request.msg
[2.076s] -- Up-to-date: /home/isabel/Repositorios/ROS2_curso/install/pkg_interfaces/share/pkg_interfaces/srv/ComputeRectangleArea_Response.msg
[2.076s] -- Installing: /home/isabel/Repositorios/ROS2_curso/install/pkg_interfaces/share/pkg_interfaces/srv/CalculadoraSrv.srv
[2.076s] -- Up-to-date: /home/isabel/Repositorios/ROS2_curso/install/pkg_interfaces/share/pkg_interfaces/srv/CalculadoraSrv_Request.msg
[2.076s] -- Installing: /home/isabel/Repositorios/ROS2_curso/install/pkg_interfaces/share/pkg_interfaces/srv/CalculadoraSrv_Response.msg
[2.076s] -- Up-to-date: /home/isabel/Repositorios/ROS2_curso/install/pkg_interfaces/share/ament_index/resource_index/package_run_dependencies/pkg_interfaces
[2.076s] -- Installing: /home/isabel/Repositorios/ROS2_curso/install/pkg_interfaces/share/ament_index/resource_index/parent_prefix_path/pkg_interfaces
[2.076s] -- Up-to-date: /home/isabel/Repositorios/ROS2_curso/install/pkg_interfaces/share/pkg_interfaces/environment/ament_prefix_path.sh
[2.076s] -- Installing: /home/isabel/Repositorios/ROS2_curso/install/pkg_interfaces/share/pkg_interfaces/environment/ament_prefix_path.dsv
[2.076s] -- Up-to-date: /home/isabel/Repositorios/ROS2_curso/install/pkg_interfaces/share/pkg_interfaces/environment/path.sh
[2.077s] -- Installing: /home/isabel/Repositorios/ROS2_curso/install/pkg_interfaces/share/pkg_interfaces/environment/path.dsv
[2.077s] -- Up-to-date: /home/isabel/Repositorios/ROS2_curso/install/pkg_interfaces/share/pkg_interfaces/local_setup.bash
[2.077s] -- Up-to-date: /home/isabel/Repositorios/ROS2_curso/install/pkg_interfaces/share/pkg_interfaces/local_setup.sh
[2.077s] -- Up-to-date: /home/isabel/Repositorios/ROS2_curso/install/pkg_interfaces/share/pkg_interfaces/local_setup.zsh
[2.077s] -- Installing: /home/isabel/Repositorios/ROS2_curso/install/pkg_interfaces/share/pkg_interfaces/local_setup.dsv
[2.077s] -- Installing: /home/isabel/Repositorios/ROS2_curso/install/pkg_interfaces/share/pkg_interfaces/package.dsv
[2.077s] -- Up-to-date: /home/isabel/Repositorios/ROS2_curso/install/pkg_interfaces/share/ament_index/resource_index/packages/pkg_interfaces
[2.077s] -- Up-to-date: /home/isabel/Repositorios/ROS2_curso/install/pkg_interfaces/share/pkg_interfaces/cmake/export_pkg_interfaces__rosidl_generator_cExport.cmake
[2.077s] -- Up-to-date: /home/isabel/Repositorios/ROS2_curso/install/pkg_interfaces/share/pkg_interfaces/cmake/export_pkg_interfaces__rosidl_generator_cExport-noconfig.cmake
[2.077s] -- Up-to-date: /home/isabel/Repositorios/ROS2_curso/install/pkg_interfaces/share/pkg_interfaces/cmake/export_pkg_interfaces__rosidl_typesupport_fastrtps_cExport.cmake
[2.077s] -- Up-to-date: /home/isabel/Repositorios/ROS2_curso/install/pkg_interfaces/share/pkg_interfaces/cmake/export_pkg_interfaces__rosidl_typesupport_fastrtps_cExport-noconfig.cmake
[2.077s] -- Up-to-date: /home/isabel/Repositorios/ROS2_curso/install/pkg_interfaces/share/pkg_interfaces/cmake/pkg_interfaces__rosidl_typesupport_introspection_cExport.cmake
[2.077s] -- Up-to-date: /home/isabel/Repositorios/ROS2_curso/install/pkg_interfaces/share/pkg_interfaces/cmake/pkg_interfaces__rosidl_typesupport_introspection_cExport-noconfig.cmake
[2.078s] -- Up-to-date: /home/isabel/Repositorios/ROS2_curso/install/pkg_interfaces/share/pkg_interfaces/cmake/pkg_interfaces__rosidl_typesupport_cExport.cmake
[2.078s] -- Up-to-date: /home/isabel/Repositorios/ROS2_curso/install/pkg_interfaces/share/pkg_interfaces/cmake/pkg_interfaces__rosidl_typesupport_cExport-noconfig.cmake
[2.078s] -- Up-to-date: /home/isabel/Repositorios/ROS2_curso/install/pkg_interfaces/share/pkg_interfaces/cmake/export_pkg_interfaces__rosidl_generator_cppExport.cmake
[2.078s] -- Up-to-date: /home/isabel/Repositorios/ROS2_curso/install/pkg_interfaces/share/pkg_interfaces/cmake/export_pkg_interfaces__rosidl_typesupport_fastrtps_cppExport.cmake
[2.078s] -- Up-to-date: /home/isabel/Repositorios/ROS2_curso/install/pkg_interfaces/share/pkg_interfaces/cmake/export_pkg_interfaces__rosidl_typesupport_fastrtps_cppExport-noconfig.cmake
[2.078s] -- Up-to-date: /home/isabel/Repositorios/ROS2_curso/install/pkg_interfaces/share/pkg_interfaces/cmake/pkg_interfaces__rosidl_typesupport_introspection_cppExport.cmake
[2.078s] -- Up-to-date: /home/isabel/Repositorios/ROS2_curso/install/pkg_interfaces/share/pkg_interfaces/cmake/pkg_interfaces__rosidl_typesupport_introspection_cppExport-noconfig.cmake
[2.078s] -- Up-to-date: /home/isabel/Repositorios/ROS2_curso/install/pkg_interfaces/share/pkg_interfaces/cmake/pkg_interfaces__rosidl_typesupport_cppExport.cmake
[2.078s] -- Up-to-date: /home/isabel/Repositorios/ROS2_curso/install/pkg_interfaces/share/pkg_interfaces/cmake/pkg_interfaces__rosidl_typesupport_cppExport-noconfig.cmake
[2.079s] -- Up-to-date: /home/isabel/Repositorios/ROS2_curso/install/pkg_interfaces/share/pkg_interfaces/cmake/export_pkg_interfaces__rosidl_generator_pyExport.cmake
[2.079s] -- Up-to-date: /home/isabel/Repositorios/ROS2_curso/install/pkg_interfaces/share/pkg_interfaces/cmake/export_pkg_interfaces__rosidl_generator_pyExport-noconfig.cmake
[2.079s] -- Up-to-date: /home/isabel/Repositorios/ROS2_curso/install/pkg_interfaces/share/pkg_interfaces/cmake/rosidl_cmake-extras.cmake
[2.079s] -- Up-to-date: /home/isabel/Repositorios/ROS2_curso/install/pkg_interfaces/share/pkg_interfaces/cmake/ament_cmake_export_include_directories-extras.cmake
[2.079s] -- Up-to-date: /home/isabel/Repositorios/ROS2_curso/install/pkg_interfaces/share/pkg_interfaces/cmake/ament_cmake_export_libraries-extras.cmake
[2.079s] -- Up-to-date: /home/isabel/Repositorios/ROS2_curso/install/pkg_interfaces/share/pkg_interfaces/cmake/ament_cmake_export_targets-extras.cmake
[2.079s] -- Up-to-date: /home/isabel/Repositorios/ROS2_curso/install/pkg_interfaces/share/pkg_interfaces/cmake/rosidl_cmake_export_typesupport_targets-extras.cmake
[2.079s] -- Up-to-date: /home/isabel/Repositorios/ROS2_curso/install/pkg_interfaces/share/pkg_interfaces/cmake/ament_cmake_export_dependencies-extras.cmake
[2.079s] -- Up-to-date: /home/isabel/Repositorios/ROS2_curso/install/pkg_interfaces/share/pkg_interfaces/cmake/rosidl_cmake_export_typesupport_libraries-extras.cmake
[2.079s] -- Up-to-date: /home/isabel/Repositorios/ROS2_curso/install/pkg_interfaces/share/pkg_interfaces/cmake/pkg_interfacesConfig.cmake
[2.079s] -- Up-to-date: /home/isabel/Repositorios/ROS2_curso/install/pkg_interfaces/share/pkg_interfaces/cmake/pkg_interfacesConfig-version.cmake
[2.079s] -- Up-to-date: /home/isabel/Repositorios/ROS2_curso/install/pkg_interfaces/share/pkg_interfaces/package.xml
[2.079s] Invoked command in '/home/isabel/Repositorios/ROS2_curso/build/pkg_interfaces' returned '0': CMAKE_PREFIX_PATH=${CMAKE_PREFIX_PATH}:/home/isabel/Repositorios/ROS2_curso/install/pkg_treinamento:/home/isabel/ROS2_curso/install/pkg_treinamento:/home/isabel/Repositórios/ROS2_curso/install/pkg_treinamento:/opt/ros/humble /usr/bin/cmake --install /home/isabel/Repositorios/ROS2_curso/build/pkg_interfaces
