[0.106s] DEBUG:colcon:Command line arguments: ['/usr/bin/colcon', 'build']
[0.106s] DEBUG:colcon:Parsed command line arguments: Namespace(log_base=None, log_level=None, verb_name='build', build_base='build', install_base='install', merge_install=False, symlink_install=False, test_result_base=None, continue_on_error=False, executor='parallel', parallel_workers=8, event_handlers=None, ignore_user_meta=False, metas=['./colcon.meta'], base_paths=['.'], packages_ignore=None, packages_ignore_regex=None, paths=None, packages_up_to=None, packages_up_to_regex=None, packages_above=None, packages_above_and_dependencies=None, packages_above_depth=None, packages_select_by_dep=None, packages_skip_by_dep=None, packages_skip_up_to=None, packages_select_build_failed=False, packages_skip_build_finished=False, packages_select_test_failures=False, packages_skip_test_passed=False, packages_select=None, packages_skip=None, packages_select_regex=None, packages_skip_regex=None, packages_start=None, packages_end=None, allow_overriding=[], cmake_args=None, cmake_target=None, cmake_target_skip_unavailable=False, cmake_clean_cache=False, cmake_clean_first=False, cmake_force_configure=False, ament_cmake_args=None, catkin_cmake_args=None, catkin_skip_building_tests=False, verb_parser=<colcon_defaults.argument_parser.defaults.DefaultArgumentsDecorator object at 0x728a2fb4dc60>, verb_extension=<colcon_core.verb.build.BuildVerb object at 0x728a2fb4d810>, main=<bound method BuildVerb.main of <colcon_core.verb.build.BuildVerb object at 0x728a2fb4d810>>)
[0.273s] Level 1:colcon.colcon_core.package_discovery:discover_packages(colcon_meta) check parameters
[0.273s] Level 1:colcon.colcon_core.package_discovery:discover_packages(recursive) check parameters
[0.274s] Level 1:colcon.colcon_core.package_discovery:discover_packages(ignore) check parameters
[0.274s] Level 1:colcon.colcon_core.package_discovery:discover_packages(path) check parameters
[0.274s] Level 1:colcon.colcon_core.package_discovery:discover_packages(colcon_meta) discover
[0.274s] Level 1:colcon.colcon_core.package_discovery:discover_packages(recursive) discover
[0.274s] INFO:colcon.colcon_core.package_discovery:Crawling recursively for packages in '/home/uav_team/ROS2_curso'
[0.274s] Level 1:colcon.colcon_core.package_identification:_identify(.) by extensions ['ignore', 'ignore_ament_install']
[0.274s] Level 1:colcon.colcon_core.package_identification:_identify(.) by extension 'ignore'
[0.274s] Level 1:colcon.colcon_core.package_identification:_identify(.) by extension 'ignore_ament_install'
[0.274s] Level 1:colcon.colcon_core.package_identification:_identify(.) by extensions ['colcon_pkg']
[0.274s] Level 1:colcon.colcon_core.package_identification:_identify(.) by extension 'colcon_pkg'
[0.274s] Level 1:colcon.colcon_core.package_identification:_identify(.) by extensions ['colcon_meta']
[0.274s] Level 1:colcon.colcon_core.package_identification:_identify(.) by extension 'colcon_meta'
[0.274s] Level 1:colcon.colcon_core.package_identification:_identify(.) by extensions ['ros']
[0.274s] Level 1:colcon.colcon_core.package_identification:_identify(.) by extension 'ros'
[0.285s] Level 1:colcon.colcon_core.package_identification:_identify(.) by extensions ['cmake', 'python']
[0.285s] Level 1:colcon.colcon_core.package_identification:_identify(.) by extension 'cmake'
[0.285s] Level 1:colcon.colcon_core.package_identification:_identify(.) by extension 'python'
[0.285s] Level 1:colcon.colcon_core.package_identification:_identify(.) by extensions ['python_setup_py']
[0.285s] Level 1:colcon.colcon_core.package_identification:_identify(.) by extension 'python_setup_py'
[0.285s] Level 1:colcon.colcon_core.package_identification:_identify(build) by extensions ['ignore', 'ignore_ament_install']
[0.285s] Level 1:colcon.colcon_core.package_identification:_identify(build) by extension 'ignore'
[0.285s] Level 1:colcon.colcon_core.package_identification:_identify(build) ignored
[0.285s] Level 1:colcon.colcon_core.package_identification:_identify(install) by extensions ['ignore', 'ignore_ament_install']
[0.285s] Level 1:colcon.colcon_core.package_identification:_identify(install) by extension 'ignore'
[0.285s] Level 1:colcon.colcon_core.package_identification:_identify(install) ignored
[0.286s] Level 1:colcon.colcon_core.package_identification:_identify(log) by extensions ['ignore', 'ignore_ament_install']
[0.286s] Level 1:colcon.colcon_core.package_identification:_identify(log) by extension 'ignore'
[0.286s] Level 1:colcon.colcon_core.package_identification:_identify(log) ignored
[0.286s] Level 1:colcon.colcon_core.package_identification:_identify(src) by extensions ['ignore', 'ignore_ament_install']
[0.286s] Level 1:colcon.colcon_core.package_identification:_identify(src) by extension 'ignore'
[0.286s] Level 1:colcon.colcon_core.package_identification:_identify(src) by extension 'ignore_ament_install'
[0.286s] Level 1:colcon.colcon_core.package_identification:_identify(src) by extensions ['colcon_pkg']
[0.286s] Level 1:colcon.colcon_core.package_identification:_identify(src) by extension 'colcon_pkg'
[0.286s] Level 1:colcon.colcon_core.package_identification:_identify(src) by extensions ['colcon_meta']
[0.286s] Level 1:colcon.colcon_core.package_identification:_identify(src) by extension 'colcon_meta'
[0.286s] Level 1:colcon.colcon_core.package_identification:_identify(src) by extensions ['ros']
[0.286s] Level 1:colcon.colcon_core.package_identification:_identify(src) by extension 'ros'
[0.286s] Level 1:colcon.colcon_core.package_identification:_identify(src) by extensions ['cmake', 'python']
[0.286s] Level 1:colcon.colcon_core.package_identification:_identify(src) by extension 'cmake'
[0.286s] Level 1:colcon.colcon_core.package_identification:_identify(src) by extension 'python'
[0.286s] Level 1:colcon.colcon_core.package_identification:_identify(src) by extensions ['python_setup_py']
[0.286s] Level 1:colcon.colcon_core.package_identification:_identify(src) by extension 'python_setup_py'
[0.287s] Level 1:colcon.colcon_core.package_identification:_identify(src/pkg_interfaces) by extensions ['ignore', 'ignore_ament_install']
[0.287s] Level 1:colcon.colcon_core.package_identification:_identify(src/pkg_interfaces) by extension 'ignore'
[0.287s] Level 1:colcon.colcon_core.package_identification:_identify(src/pkg_interfaces) by extension 'ignore_ament_install'
[0.287s] Level 1:colcon.colcon_core.package_identification:_identify(src/pkg_interfaces) by extensions ['colcon_pkg']
[0.287s] Level 1:colcon.colcon_core.package_identification:_identify(src/pkg_interfaces) by extension 'colcon_pkg'
[0.287s] Level 1:colcon.colcon_core.package_identification:_identify(src/pkg_interfaces) by extensions ['colcon_meta']
[0.287s] Level 1:colcon.colcon_core.package_identification:_identify(src/pkg_interfaces) by extension 'colcon_meta'
[0.287s] Level 1:colcon.colcon_core.package_identification:_identify(src/pkg_interfaces) by extensions ['ros']
[0.287s] Level 1:colcon.colcon_core.package_identification:_identify(src/pkg_interfaces) by extension 'ros'
[0.289s] DEBUG:colcon.colcon_core.package_identification:Package 'src/pkg_interfaces' with type 'ros.ament_cmake' and name 'pkg_interfaces'
[0.289s] Level 1:colcon.colcon_core.package_identification:_identify(src/pkg_launch) by extensions ['ignore', 'ignore_ament_install']
[0.289s] Level 1:colcon.colcon_core.package_identification:_identify(src/pkg_launch) by extension 'ignore'
[0.289s] Level 1:colcon.colcon_core.package_identification:_identify(src/pkg_launch) by extension 'ignore_ament_install'
[0.290s] Level 1:colcon.colcon_core.package_identification:_identify(src/pkg_launch) by extensions ['colcon_pkg']
[0.290s] Level 1:colcon.colcon_core.package_identification:_identify(src/pkg_launch) by extension 'colcon_pkg'
[0.290s] Level 1:colcon.colcon_core.package_identification:_identify(src/pkg_launch) by extensions ['colcon_meta']
[0.290s] Level 1:colcon.colcon_core.package_identification:_identify(src/pkg_launch) by extension 'colcon_meta'
[0.290s] Level 1:colcon.colcon_core.package_identification:_identify(src/pkg_launch) by extensions ['ros']
[0.290s] Level 1:colcon.colcon_core.package_identification:_identify(src/pkg_launch) by extension 'ros'
[0.290s] DEBUG:colcon.colcon_core.package_identification:Package 'src/pkg_launch' with type 'ros.ament_cmake' and name 'pkg_launch'
[0.290s] Level 1:colcon.colcon_core.package_identification:_identify(src/pkg_treinamento) by extensions ['ignore', 'ignore_ament_install']
[0.290s] Level 1:colcon.colcon_core.package_identification:_identify(src/pkg_treinamento) by extension 'ignore'
[0.291s] Level 1:colcon.colcon_core.package_identification:_identify(src/pkg_treinamento) by extension 'ignore_ament_install'
[0.291s] Level 1:colcon.colcon_core.package_identification:_identify(src/pkg_treinamento) by extensions ['colcon_pkg']
[0.291s] Level 1:colcon.colcon_core.package_identification:_identify(src/pkg_treinamento) by extension 'colcon_pkg'
[0.291s] Level 1:colcon.colcon_core.package_identification:_identify(src/pkg_treinamento) by extensions ['colcon_meta']
[0.291s] Level 1:colcon.colcon_core.package_identification:_identify(src/pkg_treinamento) by extension 'colcon_meta'
[0.291s] Level 1:colcon.colcon_core.package_identification:_identify(src/pkg_treinamento) by extensions ['ros']
[0.291s] Level 1:colcon.colcon_core.package_identification:_identify(src/pkg_treinamento) by extension 'ros'
[0.291s] DEBUG:colcon.colcon_core.package_identification:Package 'src/pkg_treinamento' with type 'ros.ament_python' and name 'pkg_treinamento'
[0.291s] Level 1:colcon.colcon_core.package_discovery:discover_packages(recursive) using defaults
[0.292s] Level 1:colcon.colcon_core.package_discovery:discover_packages(ignore) discover
[0.292s] Level 1:colcon.colcon_core.package_discovery:discover_packages(ignore) using defaults
[0.292s] Level 1:colcon.colcon_core.package_discovery:discover_packages(path) discover
[0.292s] Level 1:colcon.colcon_core.package_discovery:discover_packages(path) using defaults
[0.311s] Level 1:colcon.colcon_core.package_discovery:discover_packages(prefix_path) check parameters
[0.311s] Level 1:colcon.colcon_core.package_discovery:discover_packages(prefix_path) discover
[0.326s] DEBUG:colcon.colcon_installed_package_information.package_discovery:Found 3 installed packages in /home/uav_team/ROS2_curso/install
[0.327s] DEBUG:colcon.colcon_installed_package_information.package_discovery:Found 295 installed packages in /opt/ros/humble
[0.329s] Level 1:colcon.colcon_core.package_discovery:discover_packages(prefix_path) using defaults
[0.362s] Level 5:colcon.colcon_core.verb:set package 'pkg_interfaces' build argument 'cmake_args' from command line to 'None'
[0.362s] Level 5:colcon.colcon_core.verb:set package 'pkg_interfaces' build argument 'cmake_target' from command line to 'None'
[0.363s] Level 5:colcon.colcon_core.verb:set package 'pkg_interfaces' build argument 'cmake_target_skip_unavailable' from command line to 'False'
[0.363s] Level 5:colcon.colcon_core.verb:set package 'pkg_interfaces' build argument 'cmake_clean_cache' from command line to 'False'
[0.363s] Level 5:colcon.colcon_core.verb:set package 'pkg_interfaces' build argument 'cmake_clean_first' from command line to 'False'
[0.363s] Level 5:colcon.colcon_core.verb:set package 'pkg_interfaces' build argument 'cmake_force_configure' from command line to 'False'
[0.363s] Level 5:colcon.colcon_core.verb:set package 'pkg_interfaces' build argument 'ament_cmake_args' from command line to 'None'
[0.363s] Level 5:colcon.colcon_core.verb:set package 'pkg_interfaces' build argument 'catkin_cmake_args' from command line to 'None'
[0.363s] Level 5:colcon.colcon_core.verb:set package 'pkg_interfaces' build argument 'catkin_skip_building_tests' from command line to 'False'
[0.363s] DEBUG:colcon.colcon_core.verb:Building package 'pkg_interfaces' with the following arguments: {'ament_cmake_args': None, 'build_base': '/home/uav_team/ROS2_curso/build/pkg_interfaces', 'catkin_cmake_args': None, 'catkin_skip_building_tests': False, 'cmake_args': None, 'cmake_clean_cache': False, 'cmake_clean_first': False, 'cmake_force_configure': False, 'cmake_target': None, 'cmake_target_skip_unavailable': False, 'install_base': '/home/uav_team/ROS2_curso/install/pkg_interfaces', 'merge_install': False, 'path': '/home/uav_team/ROS2_curso/src/pkg_interfaces', 'symlink_install': False, 'test_result_base': None}
[0.363s] Level 5:colcon.colcon_core.verb:set package 'pkg_launch' build argument 'cmake_args' from command line to 'None'
[0.363s] Level 5:colcon.colcon_core.verb:set package 'pkg_launch' build argument 'cmake_target' from command line to 'None'
[0.363s] Level 5:colcon.colcon_core.verb:set package 'pkg_launch' build argument 'cmake_target_skip_unavailable' from command line to 'False'
[0.363s] Level 5:colcon.colcon_core.verb:set package 'pkg_launch' build argument 'cmake_clean_cache' from command line to 'False'
[0.363s] Level 5:colcon.colcon_core.verb:set package 'pkg_launch' build argument 'cmake_clean_first' from command line to 'False'
[0.363s] Level 5:colcon.colcon_core.verb:set package 'pkg_launch' build argument 'cmake_force_configure' from command line to 'False'
[0.363s] Level 5:colcon.colcon_core.verb:set package 'pkg_launch' build argument 'ament_cmake_args' from command line to 'None'
[0.363s] Level 5:colcon.colcon_core.verb:set package 'pkg_launch' build argument 'catkin_cmake_args' from command line to 'None'
[0.363s] Level 5:colcon.colcon_core.verb:set package 'pkg_launch' build argument 'catkin_skip_building_tests' from command line to 'False'
[0.363s] DEBUG:colcon.colcon_core.verb:Building package 'pkg_launch' with the following arguments: {'ament_cmake_args': None, 'build_base': '/home/uav_team/ROS2_curso/build/pkg_launch', 'catkin_cmake_args': None, 'catkin_skip_building_tests': False, 'cmake_args': None, 'cmake_clean_cache': False, 'cmake_clean_first': False, 'cmake_force_configure': False, 'cmake_target': None, 'cmake_target_skip_unavailable': False, 'install_base': '/home/uav_team/ROS2_curso/install/pkg_launch', 'merge_install': False, 'path': '/home/uav_team/ROS2_curso/src/pkg_launch', 'symlink_install': False, 'test_result_base': None}
[0.364s] Level 5:colcon.colcon_core.verb:set package 'pkg_treinamento' build argument 'cmake_args' from command line to 'None'
[0.364s] Level 5:colcon.colcon_core.verb:set package 'pkg_treinamento' build argument 'cmake_target' from command line to 'None'
[0.364s] Level 5:colcon.colcon_core.verb:set package 'pkg_treinamento' build argument 'cmake_target_skip_unavailable' from command line to 'False'
[0.364s] Level 5:colcon.colcon_core.verb:set package 'pkg_treinamento' build argument 'cmake_clean_cache' from command line to 'False'
[0.364s] Level 5:colcon.colcon_core.verb:set package 'pkg_treinamento' build argument 'cmake_clean_first' from command line to 'False'
[0.364s] Level 5:colcon.colcon_core.verb:set package 'pkg_treinamento' build argument 'cmake_force_configure' from command line to 'False'
[0.364s] Level 5:colcon.colcon_core.verb:set package 'pkg_treinamento' build argument 'ament_cmake_args' from command line to 'None'
[0.364s] Level 5:colcon.colcon_core.verb:set package 'pkg_treinamento' build argument 'catkin_cmake_args' from command line to 'None'
[0.364s] Level 5:colcon.colcon_core.verb:set package 'pkg_treinamento' build argument 'catkin_skip_building_tests' from command line to 'False'
[0.364s] DEBUG:colcon.colcon_core.verb:Building package 'pkg_treinamento' with the following arguments: {'ament_cmake_args': None, 'build_base': '/home/uav_team/ROS2_curso/build/pkg_treinamento', 'catkin_cmake_args': None, 'catkin_skip_building_tests': False, 'cmake_args': None, 'cmake_clean_cache': False, 'cmake_clean_first': False, 'cmake_force_configure': False, 'cmake_target': None, 'cmake_target_skip_unavailable': False, 'install_base': '/home/uav_team/ROS2_curso/install/pkg_treinamento', 'merge_install': False, 'path': '/home/uav_team/ROS2_curso/src/pkg_treinamento', 'symlink_install': False, 'test_result_base': None}
[0.364s] INFO:colcon.colcon_core.executor:Executing jobs using 'parallel' executor
[0.365s] DEBUG:colcon.colcon_parallel_executor.executor.parallel:run_until_complete
[0.366s] INFO:colcon.colcon_ros.task.ament_cmake.build:Building ROS package in '/home/uav_team/ROS2_curso/src/pkg_interfaces' with build type 'ament_cmake'
[0.366s] INFO:colcon.colcon_cmake.task.cmake.build:Building CMake package in '/home/uav_team/ROS2_curso/src/pkg_interfaces'
[0.367s] INFO:colcon.colcon_core.plugin_system:Skipping extension 'colcon_core.shell.bat': Not used on non-Windows systems
[0.368s] INFO:colcon.colcon_core.shell:Skip shell extension 'powershell' for command environment: Not usable outside of PowerShell
[0.368s] DEBUG:colcon.colcon_core.shell:Skip shell extension 'dsv' for command environment
[0.371s] INFO:colcon.colcon_ros.task.ament_cmake.build:Building ROS package in '/home/uav_team/ROS2_curso/src/pkg_launch' with build type 'ament_cmake'
[0.371s] INFO:colcon.colcon_cmake.task.cmake.build:Building CMake package in '/home/uav_team/ROS2_curso/src/pkg_launch'
[0.372s] INFO:colcon.colcon_core.shell:Skip shell extension 'powershell' for command environment: Not usable outside of PowerShell
[0.372s] DEBUG:colcon.colcon_core.shell:Skip shell extension 'dsv' for command environment
[0.382s] DEBUG:colcon.colcon_core.event_handler.log_command:Invoking command in '/home/uav_team/ROS2_curso/build/pkg_interfaces': CMAKE_PREFIX_PATH=${CMAKE_PREFIX_PATH}:/home/uav_team/ROS2_curso/install/pkg_treinamento:/opt/ros/humble /usr/bin/cmake --build /home/uav_team/ROS2_curso/build/pkg_interfaces -- -j8 -l8
[0.386s] DEBUG:colcon.colcon_core.event_handler.log_command:Invoking command in '/home/uav_team/ROS2_curso/build/pkg_launch': CMAKE_PREFIX_PATH=${CMAKE_PREFIX_PATH}:/home/uav_team/ROS2_curso/install/pkg_treinamento:/opt/ros/humble /usr/bin/cmake /home/uav_team/ROS2_curso/src/pkg_launch -DCMAKE_INSTALL_PREFIX=/home/uav_team/ROS2_curso/install/pkg_launch
[0.692s] DEBUG:colcon.colcon_core.event_handler.log_command:Invoked command in '/home/uav_team/ROS2_curso/build/pkg_launch' returned '0': CMAKE_PREFIX_PATH=${CMAKE_PREFIX_PATH}:/home/uav_team/ROS2_curso/install/pkg_treinamento:/opt/ros/humble /usr/bin/cmake /home/uav_team/ROS2_curso/src/pkg_launch -DCMAKE_INSTALL_PREFIX=/home/uav_team/ROS2_curso/install/pkg_launch
[0.698s] DEBUG:colcon.colcon_core.event_handler.log_command:Invoking command in '/home/uav_team/ROS2_curso/build/pkg_launch': CMAKE_PREFIX_PATH=${CMAKE_PREFIX_PATH}:/home/uav_team/ROS2_curso/install/pkg_treinamento:/opt/ros/humble /usr/bin/cmake --build /home/uav_team/ROS2_curso/build/pkg_launch -- -j8 -l8
[0.775s] DEBUG:colcon.colcon_core.event_handler.log_command:Invoked command in '/home/uav_team/ROS2_curso/build/pkg_launch' returned '0': CMAKE_PREFIX_PATH=${CMAKE_PREFIX_PATH}:/home/uav_team/ROS2_curso/install/pkg_treinamento:/opt/ros/humble /usr/bin/cmake --build /home/uav_team/ROS2_curso/build/pkg_launch -- -j8 -l8
[0.822s] DEBUG:colcon.colcon_core.event_handler.log_command:Invoking command in '/home/uav_team/ROS2_curso/build/pkg_launch': CMAKE_PREFIX_PATH=${CMAKE_PREFIX_PATH}:/home/uav_team/ROS2_curso/install/pkg_treinamento:/opt/ros/humble /usr/bin/cmake --install /home/uav_team/ROS2_curso/build/pkg_launch
[0.850s] Level 1:colcon.colcon_core.environment:create_environment_scripts_only(pkg_launch)
[0.851s] DEBUG:colcon.colcon_core.event_handler.log_command:Invoked command in '/home/uav_team/ROS2_curso/build/pkg_launch' returned '0': CMAKE_PREFIX_PATH=${CMAKE_PREFIX_PATH}:/home/uav_team/ROS2_curso/install/pkg_treinamento:/opt/ros/humble /usr/bin/cmake --install /home/uav_team/ROS2_curso/build/pkg_launch
[0.852s] Level 1:colcon.colcon_core.environment:checking '/home/uav_team/ROS2_curso/install/pkg_launch' for CMake module files
[0.853s] Level 1:colcon.colcon_core.environment:checking '/home/uav_team/ROS2_curso/install/pkg_launch' for CMake config files
[0.853s] Level 1:colcon.colcon_core.shell:create_environment_hook('pkg_launch', 'cmake_prefix_path')
[0.853s] INFO:colcon.colcon_core.shell:Creating environment hook '/home/uav_team/ROS2_curso/install/pkg_launch/share/pkg_launch/hook/cmake_prefix_path.ps1'
[0.854s] INFO:colcon.colcon_core.shell:Creating environment descriptor '/home/uav_team/ROS2_curso/install/pkg_launch/share/pkg_launch/hook/cmake_prefix_path.dsv'
[0.854s] INFO:colcon.colcon_core.shell:Creating environment hook '/home/uav_team/ROS2_curso/install/pkg_launch/share/pkg_launch/hook/cmake_prefix_path.sh'
[0.855s] Level 1:colcon.colcon_core.environment:checking '/home/uav_team/ROS2_curso/install/pkg_launch/bin'
[0.855s] Level 1:colcon.colcon_core.environment:checking '/home/uav_team/ROS2_curso/install/pkg_launch/lib/pkgconfig/pkg_launch.pc'
[0.855s] Level 1:colcon.colcon_core.environment:checking '/home/uav_team/ROS2_curso/install/pkg_launch/lib/python3.10/site-packages'
[0.855s] Level 1:colcon.colcon_core.environment:checking '/home/uav_team/ROS2_curso/install/pkg_launch/bin'
[0.856s] INFO:colcon.colcon_core.shell:Creating package script '/home/uav_team/ROS2_curso/install/pkg_launch/share/pkg_launch/package.ps1'
[0.856s] INFO:colcon.colcon_core.shell:Creating package descriptor '/home/uav_team/ROS2_curso/install/pkg_launch/share/pkg_launch/package.dsv'
[0.857s] INFO:colcon.colcon_core.shell:Creating package script '/home/uav_team/ROS2_curso/install/pkg_launch/share/pkg_launch/package.sh'
[0.858s] INFO:colcon.colcon_core.shell:Creating package script '/home/uav_team/ROS2_curso/install/pkg_launch/share/pkg_launch/package.bash'
[0.858s] INFO:colcon.colcon_core.shell:Creating package script '/home/uav_team/ROS2_curso/install/pkg_launch/share/pkg_launch/package.zsh'
[0.859s] Level 1:colcon.colcon_core.environment:create_file_with_runtime_dependencies(/home/uav_team/ROS2_curso/install/pkg_launch/share/colcon-core/packages/pkg_launch)
[0.862s] DEBUG:colcon.colcon_core.event_handler.log_command:Invoked command in '/home/uav_team/ROS2_curso/build/pkg_interfaces' returned '0': CMAKE_PREFIX_PATH=${CMAKE_PREFIX_PATH}:/home/uav_team/ROS2_curso/install/pkg_treinamento:/opt/ros/humble /usr/bin/cmake --build /home/uav_team/ROS2_curso/build/pkg_interfaces -- -j8 -l8
[0.886s] Level 1:colcon.colcon_core.environment:create_environment_scripts_only(pkg_launch)
[0.886s] Level 1:colcon.colcon_core.environment:checking '/home/uav_team/ROS2_curso/install/pkg_launch' for CMake module files
[0.886s] Level 1:colcon.colcon_core.environment:checking '/home/uav_team/ROS2_curso/install/pkg_launch' for CMake config files
[0.887s] Level 1:colcon.colcon_core.shell:create_environment_hook('pkg_launch', 'cmake_prefix_path')
[0.887s] INFO:colcon.colcon_core.shell:Creating environment hook '/home/uav_team/ROS2_curso/install/pkg_launch/share/pkg_launch/hook/cmake_prefix_path.ps1'
[0.888s] INFO:colcon.colcon_core.shell:Creating environment descriptor '/home/uav_team/ROS2_curso/install/pkg_launch/share/pkg_launch/hook/cmake_prefix_path.dsv'
[0.888s] INFO:colcon.colcon_core.shell:Creating environment hook '/home/uav_team/ROS2_curso/install/pkg_launch/share/pkg_launch/hook/cmake_prefix_path.sh'
[0.889s] Level 1:colcon.colcon_core.environment:checking '/home/uav_team/ROS2_curso/install/pkg_launch/bin'
[0.889s] Level 1:colcon.colcon_core.environment:checking '/home/uav_team/ROS2_curso/install/pkg_launch/lib/pkgconfig/pkg_launch.pc'
[0.889s] Level 1:colcon.colcon_core.environment:checking '/home/uav_team/ROS2_curso/install/pkg_launch/lib/python3.10/site-packages'
[0.889s] Level 1:colcon.colcon_core.environment:checking '/home/uav_team/ROS2_curso/install/pkg_launch/bin'
[0.889s] INFO:colcon.colcon_core.shell:Creating package script '/home/uav_team/ROS2_curso/install/pkg_launch/share/pkg_launch/package.ps1'
[0.890s] INFO:colcon.colcon_core.shell:Creating package descriptor '/home/uav_team/ROS2_curso/install/pkg_launch/share/pkg_launch/package.dsv'
[0.891s] INFO:colcon.colcon_core.shell:Creating package script '/home/uav_team/ROS2_curso/install/pkg_launch/share/pkg_launch/package.sh'
[0.891s] INFO:colcon.colcon_core.shell:Creating package script '/home/uav_team/ROS2_curso/install/pkg_launch/share/pkg_launch/package.bash'
[0.891s] INFO:colcon.colcon_core.shell:Creating package script '/home/uav_team/ROS2_curso/install/pkg_launch/share/pkg_launch/package.zsh'
[0.892s] Level 1:colcon.colcon_core.environment:create_file_with_runtime_dependencies(/home/uav_team/ROS2_curso/install/pkg_launch/share/colcon-core/packages/pkg_launch)
[0.979s] DEBUG:colcon.colcon_core.event_handler.log_command:Invoking command in '/home/uav_team/ROS2_curso/build/pkg_interfaces': CMAKE_PREFIX_PATH=${CMAKE_PREFIX_PATH}:/home/uav_team/ROS2_curso/install/pkg_treinamento:/opt/ros/humble /usr/bin/cmake --install /home/uav_team/ROS2_curso/build/pkg_interfaces
[1.034s] Level 1:colcon.colcon_core.environment:create_environment_scripts_only(pkg_interfaces)
[1.035s] Level 1:colcon.colcon_core.environment:checking '/home/uav_team/ROS2_curso/install/pkg_interfaces' for CMake module files
[1.035s] DEBUG:colcon.colcon_core.event_handler.log_command:Invoked command in '/home/uav_team/ROS2_curso/build/pkg_interfaces' returned '0': CMAKE_PREFIX_PATH=${CMAKE_PREFIX_PATH}:/home/uav_team/ROS2_curso/install/pkg_treinamento:/opt/ros/humble /usr/bin/cmake --install /home/uav_team/ROS2_curso/build/pkg_interfaces
[1.036s] Level 1:colcon.colcon_core.environment:checking '/home/uav_team/ROS2_curso/install/pkg_interfaces' for CMake config files
[1.036s] Level 1:colcon.colcon_core.shell:create_environment_hook('pkg_interfaces', 'cmake_prefix_path')
[1.037s] INFO:colcon.colcon_core.shell:Creating environment hook '/home/uav_team/ROS2_curso/install/pkg_interfaces/share/pkg_interfaces/hook/cmake_prefix_path.ps1'
[1.037s] INFO:colcon.colcon_core.shell:Creating environment descriptor '/home/uav_team/ROS2_curso/install/pkg_interfaces/share/pkg_interfaces/hook/cmake_prefix_path.dsv'
[1.038s] INFO:colcon.colcon_core.shell:Creating environment hook '/home/uav_team/ROS2_curso/install/pkg_interfaces/share/pkg_interfaces/hook/cmake_prefix_path.sh'
[1.038s] Level 1:colcon.colcon_core.environment:checking '/home/uav_team/ROS2_curso/install/pkg_interfaces/lib'
[1.039s] Level 1:colcon.colcon_core.shell:create_environment_hook('pkg_interfaces', 'ld_library_path_lib')
[1.039s] INFO:colcon.colcon_core.shell:Creating environment hook '/home/uav_team/ROS2_curso/install/pkg_interfaces/share/pkg_interfaces/hook/ld_library_path_lib.ps1'
[1.039s] INFO:colcon.colcon_core.shell:Creating environment descriptor '/home/uav_team/ROS2_curso/install/pkg_interfaces/share/pkg_interfaces/hook/ld_library_path_lib.dsv'
[1.040s] INFO:colcon.colcon_core.shell:Creating environment hook '/home/uav_team/ROS2_curso/install/pkg_interfaces/share/pkg_interfaces/hook/ld_library_path_lib.sh'
[1.040s] Level 1:colcon.colcon_core.environment:checking '/home/uav_team/ROS2_curso/install/pkg_interfaces/bin'
[1.040s] Level 1:colcon.colcon_core.environment:checking '/home/uav_team/ROS2_curso/install/pkg_interfaces/lib/pkgconfig/pkg_interfaces.pc'
[1.041s] Level 1:colcon.colcon_core.environment:checking '/home/uav_team/ROS2_curso/install/pkg_interfaces/lib/python3.10/site-packages'
[1.041s] Level 1:colcon.colcon_core.environment:checking '/home/uav_team/ROS2_curso/install/pkg_interfaces/bin'
[1.041s] INFO:colcon.colcon_core.shell:Creating package script '/home/uav_team/ROS2_curso/install/pkg_interfaces/share/pkg_interfaces/package.ps1'
[1.042s] INFO:colcon.colcon_core.shell:Creating package descriptor '/home/uav_team/ROS2_curso/install/pkg_interfaces/share/pkg_interfaces/package.dsv'
[1.042s] INFO:colcon.colcon_core.shell:Creating package script '/home/uav_team/ROS2_curso/install/pkg_interfaces/share/pkg_interfaces/package.sh'
[1.043s] INFO:colcon.colcon_core.shell:Creating package script '/home/uav_team/ROS2_curso/install/pkg_interfaces/share/pkg_interfaces/package.bash'
[1.043s] INFO:colcon.colcon_core.shell:Creating package script '/home/uav_team/ROS2_curso/install/pkg_interfaces/share/pkg_interfaces/package.zsh'
[1.043s] Level 1:colcon.colcon_core.environment:create_file_with_runtime_dependencies(/home/uav_team/ROS2_curso/install/pkg_interfaces/share/colcon-core/packages/pkg_interfaces)
[1.165s] Level 1:colcon.colcon_core.environment:create_environment_scripts_only(pkg_interfaces)
[1.165s] Level 1:colcon.colcon_core.environment:checking '/home/uav_team/ROS2_curso/install/pkg_interfaces' for CMake module files
[1.166s] Level 1:colcon.colcon_core.environment:checking '/home/uav_team/ROS2_curso/install/pkg_interfaces' for CMake config files
[1.166s] Level 1:colcon.colcon_core.shell:create_environment_hook('pkg_interfaces', 'cmake_prefix_path')
[1.167s] INFO:colcon.colcon_core.shell:Creating environment hook '/home/uav_team/ROS2_curso/install/pkg_interfaces/share/pkg_interfaces/hook/cmake_prefix_path.ps1'
[1.167s] INFO:colcon.colcon_core.shell:Creating environment descriptor '/home/uav_team/ROS2_curso/install/pkg_interfaces/share/pkg_interfaces/hook/cmake_prefix_path.dsv'
[1.168s] INFO:colcon.colcon_core.shell:Creating environment hook '/home/uav_team/ROS2_curso/install/pkg_interfaces/share/pkg_interfaces/hook/cmake_prefix_path.sh'
[1.169s] Level 1:colcon.colcon_core.environment:checking '/home/uav_team/ROS2_curso/install/pkg_interfaces/lib'
[1.169s] Level 1:colcon.colcon_core.shell:create_environment_hook('pkg_interfaces', 'ld_library_path_lib')
[1.170s] INFO:colcon.colcon_core.shell:Creating environment hook '/home/uav_team/ROS2_curso/install/pkg_interfaces/share/pkg_interfaces/hook/ld_library_path_lib.ps1'
[1.170s] INFO:colcon.colcon_core.shell:Creating environment descriptor '/home/uav_team/ROS2_curso/install/pkg_interfaces/share/pkg_interfaces/hook/ld_library_path_lib.dsv'
[1.172s] INFO:colcon.colcon_core.shell:Creating environment hook '/home/uav_team/ROS2_curso/install/pkg_interfaces/share/pkg_interfaces/hook/ld_library_path_lib.sh'
[1.173s] Level 1:colcon.colcon_core.environment:checking '/home/uav_team/ROS2_curso/install/pkg_interfaces/bin'
[1.173s] Level 1:colcon.colcon_core.environment:checking '/home/uav_team/ROS2_curso/install/pkg_interfaces/lib/pkgconfig/pkg_interfaces.pc'
[1.173s] Level 1:colcon.colcon_core.environment:checking '/home/uav_team/ROS2_curso/install/pkg_interfaces/lib/python3.10/site-packages'
[1.173s] Level 1:colcon.colcon_core.environment:checking '/home/uav_team/ROS2_curso/install/pkg_interfaces/bin'
[1.174s] INFO:colcon.colcon_core.shell:Creating package script '/home/uav_team/ROS2_curso/install/pkg_interfaces/share/pkg_interfaces/package.ps1'
[1.179s] INFO:colcon.colcon_core.shell:Creating package descriptor '/home/uav_team/ROS2_curso/install/pkg_interfaces/share/pkg_interfaces/package.dsv'
[1.181s] INFO:colcon.colcon_core.shell:Creating package script '/home/uav_team/ROS2_curso/install/pkg_interfaces/share/pkg_interfaces/package.sh'
[1.182s] INFO:colcon.colcon_core.shell:Creating package script '/home/uav_team/ROS2_curso/install/pkg_interfaces/share/pkg_interfaces/package.bash'
[1.183s] INFO:colcon.colcon_core.shell:Creating package script '/home/uav_team/ROS2_curso/install/pkg_interfaces/share/pkg_interfaces/package.zsh'
[1.184s] Level 1:colcon.colcon_core.environment:create_file_with_runtime_dependencies(/home/uav_team/ROS2_curso/install/pkg_interfaces/share/colcon-core/packages/pkg_interfaces)
[1.185s] INFO:colcon.colcon_ros.task.ament_python.build:Building ROS package in '/home/uav_team/ROS2_curso/src/pkg_treinamento' with build type 'ament_python'
[1.185s] Level 1:colcon.colcon_core.shell:create_environment_hook('pkg_treinamento', 'ament_prefix_path')
[1.185s] INFO:colcon.colcon_core.shell:Creating environment hook '/home/uav_team/ROS2_curso/install/pkg_treinamento/share/pkg_treinamento/hook/ament_prefix_path.ps1'
[1.186s] INFO:colcon.colcon_core.shell:Creating environment descriptor '/home/uav_team/ROS2_curso/install/pkg_treinamento/share/pkg_treinamento/hook/ament_prefix_path.dsv'
[1.187s] INFO:colcon.colcon_core.shell:Creating environment hook '/home/uav_team/ROS2_curso/install/pkg_treinamento/share/pkg_treinamento/hook/ament_prefix_path.sh'
[1.188s] INFO:colcon.colcon_core.shell:Skip shell extension 'powershell' for command environment: Not usable outside of PowerShell
[1.188s] DEBUG:colcon.colcon_core.shell:Skip shell extension 'dsv' for command environment
[1.424s] INFO:colcon.colcon_core.task.python.build:Building Python package in '/home/uav_team/ROS2_curso/src/pkg_treinamento'
[1.424s] INFO:colcon.colcon_core.shell:Skip shell extension 'powershell' for command environment: Not usable outside of PowerShell
[1.424s] DEBUG:colcon.colcon_core.shell:Skip shell extension 'dsv' for command environment
[1.755s] DEBUG:colcon.colcon_core.event_handler.log_command:Invoking command in '/home/uav_team/ROS2_curso/src/pkg_treinamento': PYTHONPATH=/home/uav_team/ROS2_curso/build/pkg_treinamento/prefix_override:/home/uav_team/ROS2_curso/install/pkg_treinamento/lib/python3.10/site-packages:${PYTHONPATH} /usr/bin/python3 -W ignore:setup.py install is deprecated setup.py egg_info --egg-base ../../build/pkg_treinamento build --build-base /home/uav_team/ROS2_curso/build/pkg_treinamento/build install --record /home/uav_team/ROS2_curso/build/pkg_treinamento/install.log --single-version-externally-managed install_data
[2.021s] Level 1:colcon.colcon_core.environment:checking '/home/uav_team/ROS2_curso/install/pkg_treinamento' for CMake module files
[2.021s] DEBUG:colcon.colcon_core.event_handler.log_command:Invoked command in '/home/uav_team/ROS2_curso/src/pkg_treinamento' returned '0': PYTHONPATH=/home/uav_team/ROS2_curso/build/pkg_treinamento/prefix_override:/home/uav_team/ROS2_curso/install/pkg_treinamento/lib/python3.10/site-packages:${PYTHONPATH} /usr/bin/python3 -W ignore:setup.py install is deprecated setup.py egg_info --egg-base ../../build/pkg_treinamento build --build-base /home/uav_team/ROS2_curso/build/pkg_treinamento/build install --record /home/uav_team/ROS2_curso/build/pkg_treinamento/install.log --single-version-externally-managed install_data
[2.022s] Level 1:colcon.colcon_core.environment:checking '/home/uav_team/ROS2_curso/install/pkg_treinamento' for CMake config files
[2.022s] Level 1:colcon.colcon_core.environment:checking '/home/uav_team/ROS2_curso/install/pkg_treinamento/lib'
[2.023s] Level 1:colcon.colcon_core.environment:checking '/home/uav_team/ROS2_curso/install/pkg_treinamento/bin'
[2.023s] Level 1:colcon.colcon_core.environment:checking '/home/uav_team/ROS2_curso/install/pkg_treinamento/lib/pkgconfig/pkg_treinamento.pc'
[2.023s] Level 1:colcon.colcon_core.environment:checking '/home/uav_team/ROS2_curso/install/pkg_treinamento/lib/python3.10/site-packages'
[2.023s] Level 1:colcon.colcon_core.shell:create_environment_hook('pkg_treinamento', 'pythonpath')
[2.023s] INFO:colcon.colcon_core.shell:Creating environment hook '/home/uav_team/ROS2_curso/install/pkg_treinamento/share/pkg_treinamento/hook/pythonpath.ps1'
[2.023s] INFO:colcon.colcon_core.shell:Creating environment descriptor '/home/uav_team/ROS2_curso/install/pkg_treinamento/share/pkg_treinamento/hook/pythonpath.dsv'
[2.024s] INFO:colcon.colcon_core.shell:Creating environment hook '/home/uav_team/ROS2_curso/install/pkg_treinamento/share/pkg_treinamento/hook/pythonpath.sh'
[2.024s] Level 1:colcon.colcon_core.environment:checking '/home/uav_team/ROS2_curso/install/pkg_treinamento/bin'
[2.024s] Level 1:colcon.colcon_core.environment:create_environment_scripts_only(pkg_treinamento)
[2.024s] INFO:colcon.colcon_core.shell:Creating package script '/home/uav_team/ROS2_curso/install/pkg_treinamento/share/pkg_treinamento/package.ps1'
[2.025s] INFO:colcon.colcon_core.shell:Creating package descriptor '/home/uav_team/ROS2_curso/install/pkg_treinamento/share/pkg_treinamento/package.dsv'
[2.025s] INFO:colcon.colcon_core.shell:Creating package script '/home/uav_team/ROS2_curso/install/pkg_treinamento/share/pkg_treinamento/package.sh'
[2.025s] INFO:colcon.colcon_core.shell:Creating package script '/home/uav_team/ROS2_curso/install/pkg_treinamento/share/pkg_treinamento/package.bash'
[2.026s] INFO:colcon.colcon_core.shell:Creating package script '/home/uav_team/ROS2_curso/install/pkg_treinamento/share/pkg_treinamento/package.zsh'
[2.026s] Level 1:colcon.colcon_core.environment:create_file_with_runtime_dependencies(/home/uav_team/ROS2_curso/install/pkg_treinamento/share/colcon-core/packages/pkg_treinamento)
[2.026s] DEBUG:colcon.colcon_parallel_executor.executor.parallel:closing loop
[2.026s] DEBUG:colcon.colcon_parallel_executor.executor.parallel:loop closed
[2.027s] DEBUG:colcon.colcon_parallel_executor.executor.parallel:run_until_complete finished with '0'
[2.027s] DEBUG:colcon.colcon_core.event_reactor:joining thread
[2.031s] INFO:colcon.colcon_core.plugin_system:Skipping extension 'colcon_notification.desktop_notification.terminal_notifier': Not used on non-Darwin systems
[2.031s] INFO:colcon.colcon_core.plugin_system:Skipping extension 'colcon_notification.desktop_notification.win32': Not used on non-Windows systems
[2.031s] INFO:colcon.colcon_notification.desktop_notification:Sending desktop notification using 'notify2'
[2.042s] DEBUG:colcon.colcon_core.event_reactor:joined thread
[2.042s] INFO:colcon.colcon_core.shell:Creating prefix script '/home/uav_team/ROS2_curso/install/local_setup.ps1'
[2.043s] INFO:colcon.colcon_core.shell:Creating prefix util module '/home/uav_team/ROS2_curso/install/_local_setup_util_ps1.py'
[2.045s] INFO:colcon.colcon_core.shell:Creating prefix chain script '/home/uav_team/ROS2_curso/install/setup.ps1'
[2.046s] INFO:colcon.colcon_core.shell:Creating prefix script '/home/uav_team/ROS2_curso/install/local_setup.sh'
[2.046s] INFO:colcon.colcon_core.shell:Creating prefix util module '/home/uav_team/ROS2_curso/install/_local_setup_util_sh.py'
[2.047s] INFO:colcon.colcon_core.shell:Creating prefix chain script '/home/uav_team/ROS2_curso/install/setup.sh'
[2.048s] INFO:colcon.colcon_core.shell:Creating prefix script '/home/uav_team/ROS2_curso/install/local_setup.bash'
[2.048s] INFO:colcon.colcon_core.shell:Creating prefix chain script '/home/uav_team/ROS2_curso/install/setup.bash'
[2.049s] INFO:colcon.colcon_core.shell:Creating prefix script '/home/uav_team/ROS2_curso/install/local_setup.zsh'
[2.049s] INFO:colcon.colcon_core.shell:Creating prefix chain script '/home/uav_team/ROS2_curso/install/setup.zsh'
