[0.364s] Invoking command in '/home/isabel/ROS2_curso/src/pkg_treinamento': PYTHONPATH=/home/isabel/ROS2_curso/build/pkg_treinamento/prefix_override:/home/isabel/ROS2_curso/install/pkg_treinamento/lib/python3.10/site-packages:${PYTHONPATH} /usr/bin/python3 -W ignore:setup.py install is deprecated setup.py egg_info --egg-base ../../build/pkg_treinamento build --build-base /home/isabel/ROS2_curso/build/pkg_treinamento/build install --record /home/isabel/ROS2_curso/build/pkg_treinamento/install.log --single-version-externally-managed install_data
[0.482s] running egg_info
[0.482s] creating ../../build/pkg_treinamento/pkg_treinamento.egg-info
[0.482s] writing ../../build/pkg_treinamento/pkg_treinamento.egg-info/PKG-INFO
[0.483s] writing dependency_links to ../../build/pkg_treinamento/pkg_treinamento.egg-info/dependency_links.txt
[0.483s] writing entry points to ../../build/pkg_treinamento/pkg_treinamento.egg-info/entry_points.txt
[0.483s] writing requirements to ../../build/pkg_treinamento/pkg_treinamento.egg-info/requires.txt
[0.483s] writing top-level names to ../../build/pkg_treinamento/pkg_treinamento.egg-info/top_level.txt
[0.483s] writing manifest file '../../build/pkg_treinamento/pkg_treinamento.egg-info/SOURCES.txt'
[0.484s] reading manifest file '../../build/pkg_treinamento/pkg_treinamento.egg-info/SOURCES.txt'
[0.484s] writing manifest file '../../build/pkg_treinamento/pkg_treinamento.egg-info/SOURCES.txt'
[0.484s] running build
[0.484s] running build_py
[0.484s] creating /home/isabel/ROS2_curso/build/pkg_treinamento/build
[0.485s] creating /home/isabel/ROS2_curso/build/pkg_treinamento/build/lib
[0.485s] creating /home/isabel/ROS2_curso/build/pkg_treinamento/build/lib/pkg_treinamento
[0.485s] copying pkg_treinamento/calculadorabasica.py -> /home/isabel/ROS2_curso/build/pkg_treinamento/build/lib/pkg_treinamento
[0.485s] copying pkg_treinamento/counter10.py -> /home/isabel/ROS2_curso/build/pkg_treinamento/build/lib/pkg_treinamento
[0.485s] copying pkg_treinamento/radiostation.py -> /home/isabel/ROS2_curso/build/pkg_treinamento/build/lib/pkg_treinamento
[0.485s] copying pkg_treinamento/sub1.py -> /home/isabel/ROS2_curso/build/pkg_treinamento/build/lib/pkg_treinamento
[0.485s] copying pkg_treinamento/oeste.py -> /home/isabel/ROS2_curso/build/pkg_treinamento/build/lib/pkg_treinamento
[0.485s] copying pkg_treinamento/calculatorserver.py -> /home/isabel/ROS2_curso/build/pkg_treinamento/build/lib/pkg_treinamento
[0.485s] copying pkg_treinamento/pub.py -> /home/isabel/ROS2_curso/build/pkg_treinamento/build/lib/pkg_treinamento
[0.485s] copying pkg_treinamento/hardwarestatus.py -> /home/isabel/ROS2_curso/build/pkg_treinamento/build/lib/pkg_treinamento
[0.485s] copying pkg_treinamento/geocalcserver.py -> /home/isabel/ROS2_curso/build/pkg_treinamento/build/lib/pkg_treinamento
[0.485s] copying pkg_treinamento/__init__.py -> /home/isabel/ROS2_curso/build/pkg_treinamento/build/lib/pkg_treinamento
[0.485s] copying pkg_treinamento/educadora.py -> /home/isabel/ROS2_curso/build/pkg_treinamento/build/lib/pkg_treinamento
[0.485s] copying pkg_treinamento/velhochico.py -> /home/isabel/ROS2_curso/build/pkg_treinamento/build/lib/pkg_treinamento
[0.485s] copying pkg_treinamento/radioreceiver.py -> /home/isabel/ROS2_curso/build/pkg_treinamento/build/lib/pkg_treinamento
[0.485s] copying pkg_treinamento/calculatorclient.py -> /home/isabel/ROS2_curso/build/pkg_treinamento/build/lib/pkg_treinamento
[0.485s] running install
[0.485s] running install_lib
[0.486s] creating /home/isabel/ROS2_curso/install/pkg_treinamento/lib/python3.10/site-packages/pkg_treinamento
[0.486s] copying /home/isabel/ROS2_curso/build/pkg_treinamento/build/lib/pkg_treinamento/calculadorabasica.py -> /home/isabel/ROS2_curso/install/pkg_treinamento/lib/python3.10/site-packages/pkg_treinamento
[0.486s] copying /home/isabel/ROS2_curso/build/pkg_treinamento/build/lib/pkg_treinamento/counter10.py -> /home/isabel/ROS2_curso/install/pkg_treinamento/lib/python3.10/site-packages/pkg_treinamento
[0.486s] copying /home/isabel/ROS2_curso/build/pkg_treinamento/build/lib/pkg_treinamento/radiostation.py -> /home/isabel/ROS2_curso/install/pkg_treinamento/lib/python3.10/site-packages/pkg_treinamento
[0.486s] copying /home/isabel/ROS2_curso/build/pkg_treinamento/build/lib/pkg_treinamento/sub1.py -> /home/isabel/ROS2_curso/install/pkg_treinamento/lib/python3.10/site-packages/pkg_treinamento
[0.486s] copying /home/isabel/ROS2_curso/build/pkg_treinamento/build/lib/pkg_treinamento/oeste.py -> /home/isabel/ROS2_curso/install/pkg_treinamento/lib/python3.10/site-packages/pkg_treinamento
[0.486s] copying /home/isabel/ROS2_curso/build/pkg_treinamento/build/lib/pkg_treinamento/calculatorserver.py -> /home/isabel/ROS2_curso/install/pkg_treinamento/lib/python3.10/site-packages/pkg_treinamento
[0.486s] copying /home/isabel/ROS2_curso/build/pkg_treinamento/build/lib/pkg_treinamento/pub.py -> /home/isabel/ROS2_curso/install/pkg_treinamento/lib/python3.10/site-packages/pkg_treinamento
[0.486s] copying /home/isabel/ROS2_curso/build/pkg_treinamento/build/lib/pkg_treinamento/hardwarestatus.py -> /home/isabel/ROS2_curso/install/pkg_treinamento/lib/python3.10/site-packages/pkg_treinamento
[0.486s] copying /home/isabel/ROS2_curso/build/pkg_treinamento/build/lib/pkg_treinamento/geocalcserver.py -> /home/isabel/ROS2_curso/install/pkg_treinamento/lib/python3.10/site-packages/pkg_treinamento
[0.486s] copying /home/isabel/ROS2_curso/build/pkg_treinamento/build/lib/pkg_treinamento/__init__.py -> /home/isabel/ROS2_curso/install/pkg_treinamento/lib/python3.10/site-packages/pkg_treinamento
[0.486s] copying /home/isabel/ROS2_curso/build/pkg_treinamento/build/lib/pkg_treinamento/educadora.py -> /home/isabel/ROS2_curso/install/pkg_treinamento/lib/python3.10/site-packages/pkg_treinamento
[0.486s] copying /home/isabel/ROS2_curso/build/pkg_treinamento/build/lib/pkg_treinamento/velhochico.py -> /home/isabel/ROS2_curso/install/pkg_treinamento/lib/python3.10/site-packages/pkg_treinamento
[0.486s] copying /home/isabel/ROS2_curso/build/pkg_treinamento/build/lib/pkg_treinamento/radioreceiver.py -> /home/isabel/ROS2_curso/install/pkg_treinamento/lib/python3.10/site-packages/pkg_treinamento
[0.486s] copying /home/isabel/ROS2_curso/build/pkg_treinamento/build/lib/pkg_treinamento/calculatorclient.py -> /home/isabel/ROS2_curso/install/pkg_treinamento/lib/python3.10/site-packages/pkg_treinamento
[0.486s] byte-compiling /home/isabel/ROS2_curso/install/pkg_treinamento/lib/python3.10/site-packages/pkg_treinamento/calculadorabasica.py to calculadorabasica.cpython-310.pyc
[0.487s] byte-compiling /home/isabel/ROS2_curso/install/pkg_treinamento/lib/python3.10/site-packages/pkg_treinamento/counter10.py to counter10.cpython-310.pyc
[0.487s] byte-compiling /home/isabel/ROS2_curso/install/pkg_treinamento/lib/python3.10/site-packages/pkg_treinamento/radiostation.py to radiostation.cpython-310.pyc
[0.487s] byte-compiling /home/isabel/ROS2_curso/install/pkg_treinamento/lib/python3.10/site-packages/pkg_treinamento/sub1.py to sub1.cpython-310.pyc
[0.487s] byte-compiling /home/isabel/ROS2_curso/install/pkg_treinamento/lib/python3.10/site-packages/pkg_treinamento/oeste.py to oeste.cpython-310.pyc
[0.487s] byte-compiling /home/isabel/ROS2_curso/install/pkg_treinamento/lib/python3.10/site-packages/pkg_treinamento/calculatorserver.py to calculatorserver.cpython-310.pyc
[0.488s] byte-compiling /home/isabel/ROS2_curso/install/pkg_treinamento/lib/python3.10/site-packages/pkg_treinamento/pub.py to pub.cpython-310.pyc
[0.488s] byte-compiling /home/isabel/ROS2_curso/install/pkg_treinamento/lib/python3.10/site-packages/pkg_treinamento/hardwarestatus.py to hardwarestatus.cpython-310.pyc
[0.488s] byte-compiling /home/isabel/ROS2_curso/install/pkg_treinamento/lib/python3.10/site-packages/pkg_treinamento/geocalcserver.py to geocalcserver.cpython-310.pyc
[0.488s] byte-compiling /home/isabel/ROS2_curso/install/pkg_treinamento/lib/python3.10/site-packages/pkg_treinamento/__init__.py to __init__.cpython-310.pyc
[0.488s] byte-compiling /home/isabel/ROS2_curso/install/pkg_treinamento/lib/python3.10/site-packages/pkg_treinamento/educadora.py to educadora.cpython-310.pyc
[0.488s] byte-compiling /home/isabel/ROS2_curso/install/pkg_treinamento/lib/python3.10/site-packages/pkg_treinamento/velhochico.py to velhochico.cpython-310.pyc
[0.489s] byte-compiling /home/isabel/ROS2_curso/install/pkg_treinamento/lib/python3.10/site-packages/pkg_treinamento/radioreceiver.py to radioreceiver.cpython-310.pyc
[0.489s] byte-compiling /home/isabel/ROS2_curso/install/pkg_treinamento/lib/python3.10/site-packages/pkg_treinamento/calculatorclient.py to calculatorclient.cpython-310.pyc
[0.489s] running install_data
[0.489s] creating /home/isabel/ROS2_curso/install/pkg_treinamento/share/ament_index
[0.489s] creating /home/isabel/ROS2_curso/install/pkg_treinamento/share/ament_index/resource_index
[0.489s] creating /home/isabel/ROS2_curso/install/pkg_treinamento/share/ament_index/resource_index/packages
[0.489s] copying resource/pkg_treinamento -> /home/isabel/ROS2_curso/install/pkg_treinamento/share/ament_index/resource_index/packages
[0.489s] copying package.xml -> /home/isabel/ROS2_curso/install/pkg_treinamento/share/pkg_treinamento
[0.489s] running install_egg_info
[0.491s] Copying ../../build/pkg_treinamento/pkg_treinamento.egg-info to /home/isabel/ROS2_curso/install/pkg_treinamento/lib/python3.10/site-packages/pkg_treinamento-0.0.0-py3.10.egg-info
[0.491s] running install_scripts
[0.510s] Installing calculadorabasica script to /home/isabel/ROS2_curso/install/pkg_treinamento/lib/pkg_treinamento
[0.510s] Installing calculatorclient script to /home/isabel/ROS2_curso/install/pkg_treinamento/lib/pkg_treinamento
[0.510s] Installing calculatorserver script to /home/isabel/ROS2_curso/install/pkg_treinamento/lib/pkg_treinamento
[0.510s] Installing educadora script to /home/isabel/ROS2_curso/install/pkg_treinamento/lib/pkg_treinamento
[0.510s] Installing geocalcserver script to /home/isabel/ROS2_curso/install/pkg_treinamento/lib/pkg_treinamento
[0.510s] Installing hardwarestatus script to /home/isabel/ROS2_curso/install/pkg_treinamento/lib/pkg_treinamento
[0.511s] Installing oeste script to /home/isabel/ROS2_curso/install/pkg_treinamento/lib/pkg_treinamento
[0.511s] Installing ouvinte1 script to /home/isabel/ROS2_curso/install/pkg_treinamento/lib/pkg_treinamento
[0.511s] Installing palestrante script to /home/isabel/ROS2_curso/install/pkg_treinamento/lib/pkg_treinamento
[0.511s] Installing radioreceiver script to /home/isabel/ROS2_curso/install/pkg_treinamento/lib/pkg_treinamento
[0.511s] Installing radiostation script to /home/isabel/ROS2_curso/install/pkg_treinamento/lib/pkg_treinamento
[0.511s] Installing velhochico script to /home/isabel/ROS2_curso/install/pkg_treinamento/lib/pkg_treinamento
[0.511s] writing list of installed files to '/home/isabel/ROS2_curso/build/pkg_treinamento/install.log'
[0.527s] Invoked command in '/home/isabel/ROS2_curso/src/pkg_treinamento' returned '0': PYTHONPATH=/home/isabel/ROS2_curso/build/pkg_treinamento/prefix_override:/home/isabel/ROS2_curso/install/pkg_treinamento/lib/python3.10/site-packages:${PYTHONPATH} /usr/bin/python3 -W ignore:setup.py install is deprecated setup.py egg_info --egg-base ../../build/pkg_treinamento build --build-base /home/isabel/ROS2_curso/build/pkg_treinamento/build install --record /home/isabel/ROS2_curso/build/pkg_treinamento/install.log --single-version-externally-managed install_data
