[0.056s] DEBUG:colcon:Command line arguments: ['/usr/bin/colcon', 'build']
[0.056s] DEBUG:colcon:Parsed command line arguments: Namespace(log_base=None, log_level=None, verb_name='build', build_base='build', install_base='install', merge_install=False, symlink_install=False, test_result_base=None, continue_on_error=False, executor='parallel', parallel_workers=16, event_handlers=None, ignore_user_meta=False, metas=['./colcon.meta'], base_paths=['.'], packages_ignore=None, packages_ignore_regex=None, paths=None, packages_up_to=None, packages_up_to_regex=None, packages_above=None, packages_above_and_dependencies=None, packages_above_depth=None, packages_select_by_dep=None, packages_skip_by_dep=None, packages_skip_up_to=None, packages_select_build_failed=False, packages_skip_build_finished=False, packages_select_test_failures=False, packages_skip_test_passed=False, packages_select=None, packages_skip=None, packages_select_regex=None, packages_skip_regex=None, packages_start=None, packages_end=None, allow_overriding=[], cmake_args=None, cmake_target=None, cmake_target_skip_unavailable=False, cmake_clean_cache=False, cmake_clean_first=False, cmake_force_configure=False, ament_cmake_args=None, catkin_cmake_args=None, catkin_skip_building_tests=False, mixin_files=None, mixin=None, verb_parser=<colcon_mixin.mixin.mixin_argument.MixinArgumentDecorator object at 0x7698c6232fb0>, verb_extension=<colcon_core.verb.build.BuildVerb object at 0x7698c6232a70>, main=<bound method BuildVerb.main of <colcon_core.verb.build.BuildVerb object at 0x7698c6232a70>>, mixin_verb=('build',))
[0.138s] Level 1:colcon.colcon_core.package_discovery:discover_packages(colcon_meta) check parameters
[0.138s] Level 1:colcon.colcon_core.package_discovery:discover_packages(recursive) check parameters
[0.138s] Level 1:colcon.colcon_core.package_discovery:discover_packages(ignore) check parameters
[0.138s] Level 1:colcon.colcon_core.package_discovery:discover_packages(path) check parameters
[0.138s] Level 1:colcon.colcon_core.package_discovery:discover_packages(colcon_meta) discover
[0.138s] Level 1:colcon.colcon_core.package_discovery:discover_packages(recursive) discover
[0.138s] INFO:colcon.colcon_core.package_discovery:Crawling recursively for packages in '/home/isabel/Repositorios/ROS2_curso'
[0.138s] Level 1:colcon.colcon_core.package_identification:_identify(.) by extensions ['ignore', 'ignore_ament_install']
[0.138s] Level 1:colcon.colcon_core.package_identification:_identify(.) by extension 'ignore'
[0.138s] Level 1:colcon.colcon_core.package_identification:_identify(.) by extension 'ignore_ament_install'
[0.138s] Level 1:colcon.colcon_core.package_identification:_identify(.) by extensions ['colcon_pkg']
[0.138s] Level 1:colcon.colcon_core.package_identification:_identify(.) by extension 'colcon_pkg'
[0.138s] Level 1:colcon.colcon_core.package_identification:_identify(.) by extensions ['colcon_meta']
[0.138s] Level 1:colcon.colcon_core.package_identification:_identify(.) by extension 'colcon_meta'
[0.138s] Level 1:colcon.colcon_core.package_identification:_identify(.) by extensions ['ros']
[0.138s] Level 1:colcon.colcon_core.package_identification:_identify(.) by extension 'ros'
[0.145s] Level 1:colcon.colcon_core.package_identification:_identify(.) by extensions ['cmake', 'python']
[0.145s] Level 1:colcon.colcon_core.package_identification:_identify(.) by extension 'cmake'
[0.145s] Level 1:colcon.colcon_core.package_identification:_identify(.) by extension 'python'
[0.145s] Level 1:colcon.colcon_core.package_identification:_identify(.) by extensions ['python_setup_py']
[0.145s] Level 1:colcon.colcon_core.package_identification:_identify(.) by extension 'python_setup_py'
[0.145s] Level 1:colcon.colcon_core.package_identification:_identify(build) by extensions ['ignore', 'ignore_ament_install']
[0.145s] Level 1:colcon.colcon_core.package_identification:_identify(build) by extension 'ignore'
[0.145s] Level 1:colcon.colcon_core.package_identification:_identify(build) ignored
[0.145s] Level 1:colcon.colcon_core.package_identification:_identify(install) by extensions ['ignore', 'ignore_ament_install']
[0.145s] Level 1:colcon.colcon_core.package_identification:_identify(install) by extension 'ignore'
[0.145s] Level 1:colcon.colcon_core.package_identification:_identify(install) ignored
[0.145s] Level 1:colcon.colcon_core.package_identification:_identify(log) by extensions ['ignore', 'ignore_ament_install']
[0.145s] Level 1:colcon.colcon_core.package_identification:_identify(log) by extension 'ignore'
[0.145s] Level 1:colcon.colcon_core.package_identification:_identify(log) ignored
[0.145s] Level 1:colcon.colcon_core.package_identification:_identify(src) by extensions ['ignore', 'ignore_ament_install']
[0.145s] Level 1:colcon.colcon_core.package_identification:_identify(src) by extension 'ignore'
[0.145s] Level 1:colcon.colcon_core.package_identification:_identify(src) by extension 'ignore_ament_install'
[0.145s] Level 1:colcon.colcon_core.package_identification:_identify(src) by extensions ['colcon_pkg']
[0.145s] Level 1:colcon.colcon_core.package_identification:_identify(src) by extension 'colcon_pkg'
[0.145s] Level 1:colcon.colcon_core.package_identification:_identify(src) by extensions ['colcon_meta']
[0.145s] Level 1:colcon.colcon_core.package_identification:_identify(src) by extension 'colcon_meta'
[0.145s] Level 1:colcon.colcon_core.package_identification:_identify(src) by extensions ['ros']
[0.145s] Level 1:colcon.colcon_core.package_identification:_identify(src) by extension 'ros'
[0.145s] Level 1:colcon.colcon_core.package_identification:_identify(src) by extensions ['cmake', 'python']
[0.145s] Level 1:colcon.colcon_core.package_identification:_identify(src) by extension 'cmake'
[0.145s] Level 1:colcon.colcon_core.package_identification:_identify(src) by extension 'python'
[0.145s] Level 1:colcon.colcon_core.package_identification:_identify(src) by extensions ['python_setup_py']
[0.145s] Level 1:colcon.colcon_core.package_identification:_identify(src) by extension 'python_setup_py'
[0.145s] Level 1:colcon.colcon_core.package_identification:_identify(src/pkg_interfaces) by extensions ['ignore', 'ignore_ament_install']
[0.145s] Level 1:colcon.colcon_core.package_identification:_identify(src/pkg_interfaces) by extension 'ignore'
[0.145s] Level 1:colcon.colcon_core.package_identification:_identify(src/pkg_interfaces) by extension 'ignore_ament_install'
[0.146s] Level 1:colcon.colcon_core.package_identification:_identify(src/pkg_interfaces) by extensions ['colcon_pkg']
[0.146s] Level 1:colcon.colcon_core.package_identification:_identify(src/pkg_interfaces) by extension 'colcon_pkg'
[0.146s] Level 1:colcon.colcon_core.package_identification:_identify(src/pkg_interfaces) by extensions ['colcon_meta']
[0.146s] Level 1:colcon.colcon_core.package_identification:_identify(src/pkg_interfaces) by extension 'colcon_meta'
[0.146s] Level 1:colcon.colcon_core.package_identification:_identify(src/pkg_interfaces) by extensions ['ros']
[0.146s] Level 1:colcon.colcon_core.package_identification:_identify(src/pkg_interfaces) by extension 'ros'
[0.147s] DEBUG:colcon.colcon_core.package_identification:Package 'src/pkg_interfaces' with type 'ros.ament_cmake' and name 'pkg_interfaces'
[0.147s] Level 1:colcon.colcon_core.package_identification:_identify(src/pkg_treinamento) by extensions ['ignore', 'ignore_ament_install']
[0.147s] Level 1:colcon.colcon_core.package_identification:_identify(src/pkg_treinamento) by extension 'ignore'
[0.147s] Level 1:colcon.colcon_core.package_identification:_identify(src/pkg_treinamento) by extension 'ignore_ament_install'
[0.147s] Level 1:colcon.colcon_core.package_identification:_identify(src/pkg_treinamento) by extensions ['colcon_pkg']
[0.147s] Level 1:colcon.colcon_core.package_identification:_identify(src/pkg_treinamento) by extension 'colcon_pkg'
[0.147s] Level 1:colcon.colcon_core.package_identification:_identify(src/pkg_treinamento) by extensions ['colcon_meta']
[0.147s] Level 1:colcon.colcon_core.package_identification:_identify(src/pkg_treinamento) by extension 'colcon_meta'
[0.147s] Level 1:colcon.colcon_core.package_identification:_identify(src/pkg_treinamento) by extensions ['ros']
[0.147s] Level 1:colcon.colcon_core.package_identification:_identify(src/pkg_treinamento) by extension 'ros'
[0.147s] DEBUG:colcon.colcon_core.package_identification:Package 'src/pkg_treinamento' with type 'ros.ament_python' and name 'pkg_treinamento'
[0.147s] Level 1:colcon.colcon_core.package_discovery:discover_packages(recursive) using defaults
[0.147s] Level 1:colcon.colcon_core.package_discovery:discover_packages(ignore) discover
[0.148s] Level 1:colcon.colcon_core.package_discovery:discover_packages(ignore) using defaults
[0.148s] Level 1:colcon.colcon_core.package_discovery:discover_packages(path) discover
[0.148s] Level 1:colcon.colcon_core.package_discovery:discover_packages(path) using defaults
[0.164s] Level 1:colcon.colcon_core.package_discovery:discover_packages(prefix_path) check parameters
[0.164s] Level 1:colcon.colcon_core.package_discovery:discover_packages(prefix_path) discover
[0.165s] WARNING:colcon.colcon_core.prefix_path.colcon:The path '/home/isabel/Repositórios/ROS2_curso/install' in the environment variable COLCON_PREFIX_PATH doesn't exist
[0.165s] WARNING:colcon.colcon_core.prefix_path.colcon:The path '/home/isabel/ROS2_curso/install' in the environment variable COLCON_PREFIX_PATH doesn't exist
[0.165s] WARNING:colcon.colcon_ros.prefix_path.ament:The path '/home/isabel/ROS2_curso/install/pkg_treinamento' in the environment variable AMENT_PREFIX_PATH doesn't exist
[0.165s] WARNING:colcon.colcon_ros.prefix_path.ament:The path '/home/isabel/ROS2_curso/install/pkg_interfaces' in the environment variable AMENT_PREFIX_PATH doesn't exist
[0.165s] WARNING:colcon.colcon_ros.prefix_path.ament:The path '/home/isabel/Repositórios/ROS2_curso/install/pkg_treinamento' in the environment variable AMENT_PREFIX_PATH doesn't exist
[0.165s] WARNING:colcon.colcon_ros.prefix_path.ament:The path '/home/isabel/Repositórios/ROS2_curso/install/pkg_interfaces' in the environment variable AMENT_PREFIX_PATH doesn't exist
[0.165s] WARNING:colcon.colcon_ros.prefix_path.catkin:The path '/home/isabel/ROS2_curso/install/pkg_interfaces' in the environment variable CMAKE_PREFIX_PATH doesn't exist
[0.165s] WARNING:colcon.colcon_ros.prefix_path.catkin:The path '/home/isabel/Repositórios/ROS2_curso/install/pkg_interfaces' in the environment variable CMAKE_PREFIX_PATH doesn't exist
[0.165s] DEBUG:colcon.colcon_installed_package_information.package_discovery:Found 270 installed packages in /opt/ros/humble
[0.166s] Level 1:colcon.colcon_core.package_discovery:discover_packages(prefix_path) using defaults
[0.184s] Level 5:colcon.colcon_core.verb:set package 'pkg_interfaces' build argument 'cmake_args' from command line to 'None'
[0.184s] Level 5:colcon.colcon_core.verb:set package 'pkg_interfaces' build argument 'cmake_target' from command line to 'None'
[0.184s] Level 5:colcon.colcon_core.verb:set package 'pkg_interfaces' build argument 'cmake_target_skip_unavailable' from command line to 'False'
[0.184s] Level 5:colcon.colcon_core.verb:set package 'pkg_interfaces' build argument 'cmake_clean_cache' from command line to 'False'
[0.184s] Level 5:colcon.colcon_core.verb:set package 'pkg_interfaces' build argument 'cmake_clean_first' from command line to 'False'
[0.184s] Level 5:colcon.colcon_core.verb:set package 'pkg_interfaces' build argument 'cmake_force_configure' from command line to 'False'
[0.184s] Level 5:colcon.colcon_core.verb:set package 'pkg_interfaces' build argument 'ament_cmake_args' from command line to 'None'
[0.184s] Level 5:colcon.colcon_core.verb:set package 'pkg_interfaces' build argument 'catkin_cmake_args' from command line to 'None'
[0.184s] Level 5:colcon.colcon_core.verb:set package 'pkg_interfaces' build argument 'catkin_skip_building_tests' from command line to 'False'
[0.184s] DEBUG:colcon.colcon_core.verb:Building package 'pkg_interfaces' with the following arguments: {'ament_cmake_args': None, 'build_base': '/home/isabel/Repositorios/ROS2_curso/build/pkg_interfaces', 'catkin_cmake_args': None, 'catkin_skip_building_tests': False, 'cmake_args': None, 'cmake_clean_cache': False, 'cmake_clean_first': False, 'cmake_force_configure': False, 'cmake_target': None, 'cmake_target_skip_unavailable': False, 'install_base': '/home/isabel/Repositorios/ROS2_curso/install/pkg_interfaces', 'merge_install': False, 'path': '/home/isabel/Repositorios/ROS2_curso/src/pkg_interfaces', 'symlink_install': False, 'test_result_base': None}
[0.184s] Level 5:colcon.colcon_core.verb:set package 'pkg_treinamento' build argument 'cmake_args' from command line to 'None'
[0.184s] Level 5:colcon.colcon_core.verb:set package 'pkg_treinamento' build argument 'cmake_target' from command line to 'None'
[0.184s] Level 5:colcon.colcon_core.verb:set package 'pkg_treinamento' build argument 'cmake_target_skip_unavailable' from command line to 'False'
[0.184s] Level 5:colcon.colcon_core.verb:set package 'pkg_treinamento' build argument 'cmake_clean_cache' from command line to 'False'
[0.184s] Level 5:colcon.colcon_core.verb:set package 'pkg_treinamento' build argument 'cmake_clean_first' from command line to 'False'
[0.184s] Level 5:colcon.colcon_core.verb:set package 'pkg_treinamento' build argument 'cmake_force_configure' from command line to 'False'
[0.184s] Level 5:colcon.colcon_core.verb:set package 'pkg_treinamento' build argument 'ament_cmake_args' from command line to 'None'
[0.184s] Level 5:colcon.colcon_core.verb:set package 'pkg_treinamento' build argument 'catkin_cmake_args' from command line to 'None'
[0.184s] Level 5:colcon.colcon_core.verb:set package 'pkg_treinamento' build argument 'catkin_skip_building_tests' from command line to 'False'
[0.185s] DEBUG:colcon.colcon_core.verb:Building package 'pkg_treinamento' with the following arguments: {'ament_cmake_args': None, 'build_base': '/home/isabel/Repositorios/ROS2_curso/build/pkg_treinamento', 'catkin_cmake_args': None, 'catkin_skip_building_tests': False, 'cmake_args': None, 'cmake_clean_cache': False, 'cmake_clean_first': False, 'cmake_force_configure': False, 'cmake_target': None, 'cmake_target_skip_unavailable': False, 'install_base': '/home/isabel/Repositorios/ROS2_curso/install/pkg_treinamento', 'merge_install': False, 'path': '/home/isabel/Repositorios/ROS2_curso/src/pkg_treinamento', 'symlink_install': False, 'test_result_base': None}
[0.185s] INFO:colcon.colcon_core.executor:Executing jobs using 'parallel' executor
[0.185s] DEBUG:colcon.colcon_parallel_executor.executor.parallel:run_until_complete
[0.185s] INFO:colcon.colcon_ros.task.ament_cmake.build:Building ROS package in '/home/isabel/Repositorios/ROS2_curso/src/pkg_interfaces' with build type 'ament_cmake'
[0.185s] INFO:colcon.colcon_cmake.task.cmake.build:Building CMake package in '/home/isabel/Repositorios/ROS2_curso/src/pkg_interfaces'
[0.186s] INFO:colcon.colcon_core.plugin_system:Skipping extension 'colcon_core.shell.bat': Not used on non-Windows systems
[0.187s] INFO:colcon.colcon_core.shell:Skip shell extension 'powershell' for command environment: Not usable outside of PowerShell
[0.187s] DEBUG:colcon.colcon_core.shell:Skip shell extension 'dsv' for command environment
[0.191s] DEBUG:colcon.colcon_core.event_handler.log_command:Invoking command in '/home/isabel/Repositorios/ROS2_curso/build/pkg_interfaces': CMAKE_PREFIX_PATH=${CMAKE_PREFIX_PATH}:/home/isabel/ROS2_curso/install/pkg_treinamento:/home/isabel/Repositórios/ROS2_curso/install/pkg_treinamento:/opt/ros/humble /usr/bin/cmake /home/isabel/Repositorios/ROS2_curso/src/pkg_interfaces -DCMAKE_INSTALL_PREFIX=/home/isabel/Repositorios/ROS2_curso/install/pkg_interfaces
[1.056s] DEBUG:colcon.colcon_core.event_handler.log_command:Invoked command in '/home/isabel/Repositorios/ROS2_curso/build/pkg_interfaces' returned '0': CMAKE_PREFIX_PATH=${CMAKE_PREFIX_PATH}:/home/isabel/ROS2_curso/install/pkg_treinamento:/home/isabel/Repositórios/ROS2_curso/install/pkg_treinamento:/opt/ros/humble /usr/bin/cmake /home/isabel/Repositorios/ROS2_curso/src/pkg_interfaces -DCMAKE_INSTALL_PREFIX=/home/isabel/Repositorios/ROS2_curso/install/pkg_interfaces
[1.057s] DEBUG:colcon.colcon_core.event_handler.log_command:Invoking command in '/home/isabel/Repositorios/ROS2_curso/build/pkg_interfaces': CMAKE_PREFIX_PATH=${CMAKE_PREFIX_PATH}:/home/isabel/ROS2_curso/install/pkg_treinamento:/home/isabel/Repositórios/ROS2_curso/install/pkg_treinamento:/opt/ros/humble /usr/bin/cmake --build /home/isabel/Repositorios/ROS2_curso/build/pkg_interfaces -- -j16 -l16
[2.417s] DEBUG:colcon.colcon_core.event_handler.log_command:Invoked command in '/home/isabel/Repositorios/ROS2_curso/build/pkg_interfaces' returned '0': CMAKE_PREFIX_PATH=${CMAKE_PREFIX_PATH}:/home/isabel/ROS2_curso/install/pkg_treinamento:/home/isabel/Repositórios/ROS2_curso/install/pkg_treinamento:/opt/ros/humble /usr/bin/cmake --build /home/isabel/Repositorios/ROS2_curso/build/pkg_interfaces -- -j16 -l16
[2.476s] DEBUG:colcon.colcon_core.event_handler.log_command:Invoking command in '/home/isabel/Repositorios/ROS2_curso/build/pkg_interfaces': CMAKE_PREFIX_PATH=${CMAKE_PREFIX_PATH}:/home/isabel/ROS2_curso/install/pkg_treinamento:/home/isabel/Repositórios/ROS2_curso/install/pkg_treinamento:/opt/ros/humble /usr/bin/cmake --install /home/isabel/Repositorios/ROS2_curso/build/pkg_interfaces
[2.516s] Level 1:colcon.colcon_core.environment:create_environment_scripts_only(pkg_interfaces)
[2.516s] DEBUG:colcon.colcon_core.event_handler.log_command:Invoked command in '/home/isabel/Repositorios/ROS2_curso/build/pkg_interfaces' returned '0': CMAKE_PREFIX_PATH=${CMAKE_PREFIX_PATH}:/home/isabel/ROS2_curso/install/pkg_treinamento:/home/isabel/Repositórios/ROS2_curso/install/pkg_treinamento:/opt/ros/humble /usr/bin/cmake --install /home/isabel/Repositorios/ROS2_curso/build/pkg_interfaces
[2.518s] Level 1:colcon.colcon_core.environment:checking '/home/isabel/Repositorios/ROS2_curso/install/pkg_interfaces' for CMake module files
[2.518s] Level 1:colcon.colcon_core.environment:checking '/home/isabel/Repositorios/ROS2_curso/install/pkg_interfaces' for CMake config files
[2.518s] Level 1:colcon.colcon_core.shell:create_environment_hook('pkg_interfaces', 'cmake_prefix_path')
[2.519s] INFO:colcon.colcon_core.shell:Creating environment hook '/home/isabel/Repositorios/ROS2_curso/install/pkg_interfaces/share/pkg_interfaces/hook/cmake_prefix_path.ps1'
[2.519s] INFO:colcon.colcon_core.shell:Creating environment descriptor '/home/isabel/Repositorios/ROS2_curso/install/pkg_interfaces/share/pkg_interfaces/hook/cmake_prefix_path.dsv'
[2.519s] INFO:colcon.colcon_core.shell:Creating environment hook '/home/isabel/Repositorios/ROS2_curso/install/pkg_interfaces/share/pkg_interfaces/hook/cmake_prefix_path.sh'
[2.520s] Level 1:colcon.colcon_core.environment:checking '/home/isabel/Repositorios/ROS2_curso/install/pkg_interfaces/lib'
[2.520s] Level 1:colcon.colcon_core.shell:create_environment_hook('pkg_interfaces', 'ld_library_path_lib')
[2.520s] INFO:colcon.colcon_core.shell:Creating environment hook '/home/isabel/Repositorios/ROS2_curso/install/pkg_interfaces/share/pkg_interfaces/hook/ld_library_path_lib.ps1'
[2.520s] INFO:colcon.colcon_core.shell:Creating environment descriptor '/home/isabel/Repositorios/ROS2_curso/install/pkg_interfaces/share/pkg_interfaces/hook/ld_library_path_lib.dsv'
[2.520s] INFO:colcon.colcon_core.shell:Creating environment hook '/home/isabel/Repositorios/ROS2_curso/install/pkg_interfaces/share/pkg_interfaces/hook/ld_library_path_lib.sh'
[2.520s] Level 1:colcon.colcon_core.environment:checking '/home/isabel/Repositorios/ROS2_curso/install/pkg_interfaces/bin'
[2.520s] Level 1:colcon.colcon_core.environment:checking '/home/isabel/Repositorios/ROS2_curso/install/pkg_interfaces/lib/pkgconfig/pkg_interfaces.pc'
[2.520s] Level 1:colcon.colcon_core.environment:checking '/home/isabel/Repositorios/ROS2_curso/install/pkg_interfaces/lib/python3.10/site-packages'
[2.520s] Level 1:colcon.colcon_core.environment:checking '/home/isabel/Repositorios/ROS2_curso/install/pkg_interfaces/bin'
[2.521s] INFO:colcon.colcon_core.shell:Creating package script '/home/isabel/Repositorios/ROS2_curso/install/pkg_interfaces/share/pkg_interfaces/package.ps1'
[2.521s] INFO:colcon.colcon_core.shell:Creating package descriptor '/home/isabel/Repositorios/ROS2_curso/install/pkg_interfaces/share/pkg_interfaces/package.dsv'
[2.521s] INFO:colcon.colcon_core.shell:Creating package script '/home/isabel/Repositorios/ROS2_curso/install/pkg_interfaces/share/pkg_interfaces/package.sh'
[2.522s] INFO:colcon.colcon_core.shell:Creating package script '/home/isabel/Repositorios/ROS2_curso/install/pkg_interfaces/share/pkg_interfaces/package.bash'
[2.522s] INFO:colcon.colcon_core.shell:Creating package script '/home/isabel/Repositorios/ROS2_curso/install/pkg_interfaces/share/pkg_interfaces/package.zsh'
[2.522s] Level 1:colcon.colcon_core.environment:create_file_with_runtime_dependencies(/home/isabel/Repositorios/ROS2_curso/install/pkg_interfaces/share/colcon-core/packages/pkg_interfaces)
[2.568s] Level 1:colcon.colcon_core.environment:create_environment_scripts_only(pkg_interfaces)
[2.568s] Level 1:colcon.colcon_core.environment:checking '/home/isabel/Repositorios/ROS2_curso/install/pkg_interfaces' for CMake module files
[2.568s] Level 1:colcon.colcon_core.environment:checking '/home/isabel/Repositorios/ROS2_curso/install/pkg_interfaces' for CMake config files
[2.568s] Level 1:colcon.colcon_core.shell:create_environment_hook('pkg_interfaces', 'cmake_prefix_path')
[2.569s] INFO:colcon.colcon_core.shell:Creating environment hook '/home/isabel/Repositorios/ROS2_curso/install/pkg_interfaces/share/pkg_interfaces/hook/cmake_prefix_path.ps1'
[2.569s] INFO:colcon.colcon_core.shell:Creating environment descriptor '/home/isabel/Repositorios/ROS2_curso/install/pkg_interfaces/share/pkg_interfaces/hook/cmake_prefix_path.dsv'
[2.569s] INFO:colcon.colcon_core.shell:Creating environment hook '/home/isabel/Repositorios/ROS2_curso/install/pkg_interfaces/share/pkg_interfaces/hook/cmake_prefix_path.sh'
[2.569s] Level 1:colcon.colcon_core.environment:checking '/home/isabel/Repositorios/ROS2_curso/install/pkg_interfaces/lib'
[2.569s] Level 1:colcon.colcon_core.shell:create_environment_hook('pkg_interfaces', 'ld_library_path_lib')
[2.569s] INFO:colcon.colcon_core.shell:Creating environment hook '/home/isabel/Repositorios/ROS2_curso/install/pkg_interfaces/share/pkg_interfaces/hook/ld_library_path_lib.ps1'
[2.570s] INFO:colcon.colcon_core.shell:Creating environment descriptor '/home/isabel/Repositorios/ROS2_curso/install/pkg_interfaces/share/pkg_interfaces/hook/ld_library_path_lib.dsv'
[2.570s] INFO:colcon.colcon_core.shell:Creating environment hook '/home/isabel/Repositorios/ROS2_curso/install/pkg_interfaces/share/pkg_interfaces/hook/ld_library_path_lib.sh'
[2.570s] Level 1:colcon.colcon_core.environment:checking '/home/isabel/Repositorios/ROS2_curso/install/pkg_interfaces/bin'
[2.570s] Level 1:colcon.colcon_core.environment:checking '/home/isabel/Repositorios/ROS2_curso/install/pkg_interfaces/lib/pkgconfig/pkg_interfaces.pc'
[2.570s] Level 1:colcon.colcon_core.environment:checking '/home/isabel/Repositorios/ROS2_curso/install/pkg_interfaces/lib/python3.10/site-packages'
[2.570s] Level 1:colcon.colcon_core.environment:checking '/home/isabel/Repositorios/ROS2_curso/install/pkg_interfaces/bin'
[2.570s] INFO:colcon.colcon_core.shell:Creating package script '/home/isabel/Repositorios/ROS2_curso/install/pkg_interfaces/share/pkg_interfaces/package.ps1'
[2.571s] INFO:colcon.colcon_core.shell:Creating package descriptor '/home/isabel/Repositorios/ROS2_curso/install/pkg_interfaces/share/pkg_interfaces/package.dsv'
[2.571s] INFO:colcon.colcon_core.shell:Creating package script '/home/isabel/Repositorios/ROS2_curso/install/pkg_interfaces/share/pkg_interfaces/package.sh'
[2.571s] INFO:colcon.colcon_core.shell:Creating package script '/home/isabel/Repositorios/ROS2_curso/install/pkg_interfaces/share/pkg_interfaces/package.bash'
[2.571s] INFO:colcon.colcon_core.shell:Creating package script '/home/isabel/Repositorios/ROS2_curso/install/pkg_interfaces/share/pkg_interfaces/package.zsh'
[2.571s] Level 1:colcon.colcon_core.environment:create_file_with_runtime_dependencies(/home/isabel/Repositorios/ROS2_curso/install/pkg_interfaces/share/colcon-core/packages/pkg_interfaces)
[2.572s] INFO:colcon.colcon_ros.task.ament_python.build:Building ROS package in '/home/isabel/Repositorios/ROS2_curso/src/pkg_treinamento' with build type 'ament_python'
[2.572s] Level 1:colcon.colcon_core.shell:create_environment_hook('pkg_treinamento', 'ament_prefix_path')
[2.572s] INFO:colcon.colcon_core.shell:Creating environment hook '/home/isabel/Repositorios/ROS2_curso/install/pkg_treinamento/share/pkg_treinamento/hook/ament_prefix_path.ps1'
[2.572s] INFO:colcon.colcon_core.shell:Creating environment descriptor '/home/isabel/Repositorios/ROS2_curso/install/pkg_treinamento/share/pkg_treinamento/hook/ament_prefix_path.dsv'
[2.572s] INFO:colcon.colcon_core.shell:Creating environment hook '/home/isabel/Repositorios/ROS2_curso/install/pkg_treinamento/share/pkg_treinamento/hook/ament_prefix_path.sh'
[2.573s] INFO:colcon.colcon_core.shell:Skip shell extension 'powershell' for command environment: Not usable outside of PowerShell
[2.573s] DEBUG:colcon.colcon_core.shell:Skip shell extension 'dsv' for command environment
[2.707s] INFO:colcon.colcon_core.task.python.build:Building Python package in '/home/isabel/Repositorios/ROS2_curso/src/pkg_treinamento'
[2.707s] INFO:colcon.colcon_core.shell:Skip shell extension 'powershell' for command environment: Not usable outside of PowerShell
[2.707s] DEBUG:colcon.colcon_core.shell:Skip shell extension 'dsv' for command environment
[2.888s] DEBUG:colcon.colcon_core.event_handler.log_command:Invoking command in '/home/isabel/Repositorios/ROS2_curso/src/pkg_treinamento': AMENT_PREFIX_PATH=/home/isabel/Repositorios/ROS2_curso/install/pkg_interfaces:${AMENT_PREFIX_PATH} CMAKE_PREFIX_PATH=/home/isabel/Repositorios/ROS2_curso/install/pkg_interfaces:${CMAKE_PREFIX_PATH} LD_LIBRARY_PATH=/home/isabel/Repositorios/ROS2_curso/install/pkg_interfaces/lib:${LD_LIBRARY_PATH} PYTHONPATH=/home/isabel/Repositorios/ROS2_curso/build/pkg_treinamento/prefix_override:/home/isabel/Repositorios/ROS2_curso/install/pkg_treinamento/lib/python3.10/site-packages:/home/isabel/Repositorios/ROS2_curso/install/pkg_interfaces/local/lib/python3.10/dist-packages:${PYTHONPATH} /usr/bin/python3 -W ignore:setup.py install is deprecated setup.py egg_info --egg-base ../../build/pkg_treinamento build --build-base /home/isabel/Repositorios/ROS2_curso/build/pkg_treinamento/build install --record /home/isabel/Repositorios/ROS2_curso/build/pkg_treinamento/install.log --single-version-externally-managed install_data
[3.041s] Level 1:colcon.colcon_core.environment:checking '/home/isabel/Repositorios/ROS2_curso/install/pkg_treinamento' for CMake module files
[3.042s] DEBUG:colcon.colcon_core.event_handler.log_command:Invoked command in '/home/isabel/Repositorios/ROS2_curso/src/pkg_treinamento' returned '0': AMENT_PREFIX_PATH=/home/isabel/Repositorios/ROS2_curso/install/pkg_interfaces:${AMENT_PREFIX_PATH} CMAKE_PREFIX_PATH=/home/isabel/Repositorios/ROS2_curso/install/pkg_interfaces:${CMAKE_PREFIX_PATH} LD_LIBRARY_PATH=/home/isabel/Repositorios/ROS2_curso/install/pkg_interfaces/lib:${LD_LIBRARY_PATH} PYTHONPATH=/home/isabel/Repositorios/ROS2_curso/build/pkg_treinamento/prefix_override:/home/isabel/Repositorios/ROS2_curso/install/pkg_treinamento/lib/python3.10/site-packages:/home/isabel/Repositorios/ROS2_curso/install/pkg_interfaces/local/lib/python3.10/dist-packages:${PYTHONPATH} /usr/bin/python3 -W ignore:setup.py install is deprecated setup.py egg_info --egg-base ../../build/pkg_treinamento build --build-base /home/isabel/Repositorios/ROS2_curso/build/pkg_treinamento/build install --record /home/isabel/Repositorios/ROS2_curso/build/pkg_treinamento/install.log --single-version-externally-managed install_data
[3.042s] Level 1:colcon.colcon_core.environment:checking '/home/isabel/Repositorios/ROS2_curso/install/pkg_treinamento' for CMake config files
[3.042s] Level 1:colcon.colcon_core.environment:checking '/home/isabel/Repositorios/ROS2_curso/install/pkg_treinamento/lib'
[3.042s] Level 1:colcon.colcon_core.environment:checking '/home/isabel/Repositorios/ROS2_curso/install/pkg_treinamento/bin'
[3.042s] Level 1:colcon.colcon_core.environment:checking '/home/isabel/Repositorios/ROS2_curso/install/pkg_treinamento/lib/pkgconfig/pkg_treinamento.pc'
[3.042s] Level 1:colcon.colcon_core.environment:checking '/home/isabel/Repositorios/ROS2_curso/install/pkg_treinamento/lib/python3.10/site-packages'
[3.042s] Level 1:colcon.colcon_core.shell:create_environment_hook('pkg_treinamento', 'pythonpath')
[3.042s] INFO:colcon.colcon_core.shell:Creating environment hook '/home/isabel/Repositorios/ROS2_curso/install/pkg_treinamento/share/pkg_treinamento/hook/pythonpath.ps1'
[3.043s] INFO:colcon.colcon_core.shell:Creating environment descriptor '/home/isabel/Repositorios/ROS2_curso/install/pkg_treinamento/share/pkg_treinamento/hook/pythonpath.dsv'
[3.043s] INFO:colcon.colcon_core.shell:Creating environment hook '/home/isabel/Repositorios/ROS2_curso/install/pkg_treinamento/share/pkg_treinamento/hook/pythonpath.sh'
[3.043s] Level 1:colcon.colcon_core.environment:checking '/home/isabel/Repositorios/ROS2_curso/install/pkg_treinamento/bin'
[3.043s] Level 1:colcon.colcon_core.environment:create_environment_scripts_only(pkg_treinamento)
[3.043s] INFO:colcon.colcon_core.shell:Creating package script '/home/isabel/Repositorios/ROS2_curso/install/pkg_treinamento/share/pkg_treinamento/package.ps1'
[3.043s] INFO:colcon.colcon_core.shell:Creating package descriptor '/home/isabel/Repositorios/ROS2_curso/install/pkg_treinamento/share/pkg_treinamento/package.dsv'
[3.044s] INFO:colcon.colcon_core.shell:Creating package script '/home/isabel/Repositorios/ROS2_curso/install/pkg_treinamento/share/pkg_treinamento/package.sh'
[3.044s] INFO:colcon.colcon_core.shell:Creating package script '/home/isabel/Repositorios/ROS2_curso/install/pkg_treinamento/share/pkg_treinamento/package.bash'
[3.044s] INFO:colcon.colcon_core.shell:Creating package script '/home/isabel/Repositorios/ROS2_curso/install/pkg_treinamento/share/pkg_treinamento/package.zsh'
[3.044s] Level 1:colcon.colcon_core.environment:create_file_with_runtime_dependencies(/home/isabel/Repositorios/ROS2_curso/install/pkg_treinamento/share/colcon-core/packages/pkg_treinamento)
[3.044s] DEBUG:colcon.colcon_parallel_executor.executor.parallel:closing loop
[3.044s] DEBUG:colcon.colcon_parallel_executor.executor.parallel:loop closed
[3.045s] DEBUG:colcon.colcon_parallel_executor.executor.parallel:run_until_complete finished with '0'
[3.045s] DEBUG:colcon.colcon_core.event_reactor:joining thread
[3.047s] INFO:colcon.colcon_core.plugin_system:Skipping extension 'colcon_notification.desktop_notification.terminal_notifier': Not used on non-Darwin systems
[3.047s] INFO:colcon.colcon_core.plugin_system:Skipping extension 'colcon_notification.desktop_notification.win32': Not used on non-Windows systems
[3.048s] INFO:colcon.colcon_notification.desktop_notification:Sending desktop notification using 'notify2'
[3.056s] DEBUG:colcon.colcon_core.event_reactor:joined thread
[3.056s] INFO:colcon.colcon_core.shell:Creating prefix script '/home/isabel/Repositorios/ROS2_curso/install/local_setup.ps1'
[3.057s] INFO:colcon.colcon_core.shell:Creating prefix util module '/home/isabel/Repositorios/ROS2_curso/install/_local_setup_util_ps1.py'
[3.058s] INFO:colcon.colcon_core.shell:Creating prefix chain script '/home/isabel/Repositorios/ROS2_curso/install/setup.ps1'
[3.059s] INFO:colcon.colcon_core.shell:Creating prefix script '/home/isabel/Repositorios/ROS2_curso/install/local_setup.sh'
[3.059s] INFO:colcon.colcon_core.shell:Creating prefix util module '/home/isabel/Repositorios/ROS2_curso/install/_local_setup_util_sh.py'
[3.060s] INFO:colcon.colcon_core.shell:Creating prefix chain script '/home/isabel/Repositorios/ROS2_curso/install/setup.sh'
[3.061s] INFO:colcon.colcon_core.shell:Creating prefix script '/home/isabel/Repositorios/ROS2_curso/install/local_setup.bash'
[3.061s] INFO:colcon.colcon_core.shell:Creating prefix chain script '/home/isabel/Repositorios/ROS2_curso/install/setup.bash'
[3.062s] INFO:colcon.colcon_core.shell:Creating prefix script '/home/isabel/Repositorios/ROS2_curso/install/local_setup.zsh'
[3.062s] INFO:colcon.colcon_core.shell:Creating prefix chain script '/home/isabel/Repositorios/ROS2_curso/install/setup.zsh'
