-- The C compiler identification is GNU 11.4.0
-- The CXX compiler identification is GNU 11.4.0
-- Detecting C compiler ABI info
-- Detecting C compiler ABI info - done
-- Check for working C compiler: /usr/bin/cc - skipped
-- Detecting C compile features
-- Detecting C compile features - done
-- Detecting CXX compiler ABI info
-- Detecting CXX compiler ABI info - done
-- Check for working CXX compiler: /usr/bin/c++ - skipped
-- Detecting CXX compile features
-- Detecting CXX compile features - done
-- Found ament_cmake: 1.3.8 (/opt/ros/humble/share/ament_cmake/cmake)
-- Found Python3: /usr/bin/python3 (found version "3.10.12") found components: Interpreter 
-- Override CMake install command with custom implementation using symlinks instead of copying resources
-- Found ament_lint_auto: 0.12.10 (/opt/ros/humble/share/ament_lint_auto/cmake)
-- Added test 'flake8' to check Python code syntax and style conventions
-- Added test 'lint_cmake' to check CMake code style
-- Added test 'pep257' to check Python code against some of the docstring style conventions in PEP 257
-- Added test 'xmllint' to check XML markup files
-- Configuring done
-- Generating done
-- Build files have been written to: /home/uav_team/ROS2_curso/build/pkg_launch
-- Install configuration: ""
-- Execute custom install script
-- Symlinking: /home/uav_team/ROS2_curso/install/pkg_launch/share/pkg_launch/launch/calculatorapp.launch.py
-- Symlinking: /home/uav_team/ROS2_curso/install/pkg_launch/share/ament_index/resource_index/package_run_dependencies/pkg_launch
-- Symlinking: /home/uav_team/ROS2_curso/install/pkg_launch/share/ament_index/resource_index/parent_prefix_path/pkg_launch
-- Symlinking: /home/uav_team/ROS2_curso/install/pkg_launch/share/pkg_launch/environment/ament_prefix_path.sh
-- Symlinking: /home/uav_team/ROS2_curso/install/pkg_launch/share/pkg_launch/environment/ament_prefix_path.dsv
-- Symlinking: /home/uav_team/ROS2_curso/install/pkg_launch/share/pkg_launch/environment/path.sh
-- Symlinking: /home/uav_team/ROS2_curso/install/pkg_launch/share/pkg_launch/environment/path.dsv
-- Symlinking: /home/uav_team/ROS2_curso/install/pkg_launch/share/pkg_launch/local_setup.bash
-- Symlinking: /home/uav_team/ROS2_curso/install/pkg_launch/share/pkg_launch/local_setup.sh
-- Symlinking: /home/uav_team/ROS2_curso/install/pkg_launch/share/pkg_launch/local_setup.zsh
-- Symlinking: /home/uav_team/ROS2_curso/install/pkg_launch/share/pkg_launch/local_setup.dsv
-- Symlinking: /home/uav_team/ROS2_curso/install/pkg_launch/share/pkg_launch/package.dsv
-- Symlinking: /home/uav_team/ROS2_curso/install/pkg_launch/share/ament_index/resource_index/packages/pkg_launch
-- Symlinking: /home/uav_team/ROS2_curso/install/pkg_launch/share/pkg_launch/cmake/pkg_launchConfig.cmake
-- Symlinking: /home/uav_team/ROS2_curso/install/pkg_launch/share/pkg_launch/cmake/pkg_launchConfig-version.cmake
-- Symlinking: /home/uav_team/ROS2_curso/install/pkg_launch/share/pkg_launch/package.xml
