[0.010s] Invoking command in '/home/uav_team/ROS2_curso/build/pkg_launch': CMAKE_PREFIX_PATH=${CMAKE_PREFIX_PATH}:/home/uav_team/ROS2_curso/install/pkg_treinamento:/opt/ros/humble /usr/bin/cmake /home/uav_team/ROS2_curso/src/pkg_launch -DAMENT_CMAKE_SYMLINK_INSTALL=1 -DCMAKE_INSTALL_PREFIX=/home/uav_team/ROS2_curso/install/pkg_launch
[0.065s] -- The C compiler identification is GNU 11.4.0
[0.121s] -- The CXX compiler identification is GNU 11.4.0
[0.129s] -- Detecting C compiler ABI info
[0.200s] -- Detecting C compiler ABI info - done
[0.207s] -- Check for working C compiler: /usr/bin/cc - skipped
[0.207s] -- Detecting C compile features
[0.207s] -- Detecting C compile features - done
[0.210s] -- Detecting CXX compiler ABI info
[0.290s] -- Detecting CXX compiler ABI info - done
[0.297s] -- Check for working CXX compiler: /usr/bin/c++ - skipped
[0.297s] -- Detecting CXX compile features
[0.297s] -- Detecting CXX compile features - done
[0.300s] -- Found ament_cmake: 1.3.8 (/opt/ros/humble/share/ament_cmake/cmake)
[0.460s] -- Found Python3: /usr/bin/python3 (found version "3.10.12") found components: Interpreter 
[0.517s] -- Override CMake install command with custom implementation using symlinks instead of copying resources
[0.545s] -- Found ament_lint_auto: 0.12.10 (/opt/ros/humble/share/ament_lint_auto/cmake)
[0.615s] -- Added test 'flake8' to check Python code syntax and style conventions
[0.616s] -- Added test 'lint_cmake' to check CMake code style
[0.616s] -- Added test 'pep257' to check Python code against some of the docstring style conventions in PEP 257
[0.617s] -- Added test 'xmllint' to check XML markup files
[0.618s] -- Configuring done
[0.621s] -- Generating done
[0.622s] -- Build files have been written to: /home/uav_team/ROS2_curso/build/pkg_launch
[0.627s] Invoked command in '/home/uav_team/ROS2_curso/build/pkg_launch' returned '0': CMAKE_PREFIX_PATH=${CMAKE_PREFIX_PATH}:/home/uav_team/ROS2_curso/install/pkg_treinamento:/opt/ros/humble /usr/bin/cmake /home/uav_team/ROS2_curso/src/pkg_launch -DAMENT_CMAKE_SYMLINK_INSTALL=1 -DCMAKE_INSTALL_PREFIX=/home/uav_team/ROS2_curso/install/pkg_launch
[0.629s] Invoking command in '/home/uav_team/ROS2_curso/build/pkg_launch': CMAKE_PREFIX_PATH=${CMAKE_PREFIX_PATH}:/home/uav_team/ROS2_curso/install/pkg_treinamento:/opt/ros/humble /usr/bin/cmake --build /home/uav_team/ROS2_curso/build/pkg_launch -- -j8 -l8
[0.670s] Invoked command in '/home/uav_team/ROS2_curso/build/pkg_launch' returned '0': CMAKE_PREFIX_PATH=${CMAKE_PREFIX_PATH}:/home/uav_team/ROS2_curso/install/pkg_treinamento:/opt/ros/humble /usr/bin/cmake --build /home/uav_team/ROS2_curso/build/pkg_launch -- -j8 -l8
[0.706s] Invoking command in '/home/uav_team/ROS2_curso/build/pkg_launch': CMAKE_PREFIX_PATH=${CMAKE_PREFIX_PATH}:/home/uav_team/ROS2_curso/install/pkg_treinamento:/opt/ros/humble /usr/bin/cmake --install /home/uav_team/ROS2_curso/build/pkg_launch
[0.713s] -- Install configuration: ""
[0.713s] -- Execute custom install script
[0.714s] -- Symlinking: /home/uav_team/ROS2_curso/install/pkg_launch/share/pkg_launch/launch/calculatorapp.launch.py
[0.723s] -- Symlinking: /home/uav_team/ROS2_curso/install/pkg_launch/share/ament_index/resource_index/package_run_dependencies/pkg_launch
[0.733s] -- Symlinking: /home/uav_team/ROS2_curso/install/pkg_launch/share/ament_index/resource_index/parent_prefix_path/pkg_launch
[0.743s] -- Symlinking: /home/uav_team/ROS2_curso/install/pkg_launch/share/pkg_launch/environment/ament_prefix_path.sh
[0.753s] -- Symlinking: /home/uav_team/ROS2_curso/install/pkg_launch/share/pkg_launch/environment/ament_prefix_path.dsv
[0.763s] -- Symlinking: /home/uav_team/ROS2_curso/install/pkg_launch/share/pkg_launch/environment/path.sh
[0.772s] -- Symlinking: /home/uav_team/ROS2_curso/install/pkg_launch/share/pkg_launch/environment/path.dsv
[0.783s] -- Symlinking: /home/uav_team/ROS2_curso/install/pkg_launch/share/pkg_launch/local_setup.bash
[0.792s] -- Symlinking: /home/uav_team/ROS2_curso/install/pkg_launch/share/pkg_launch/local_setup.sh
[0.802s] -- Symlinking: /home/uav_team/ROS2_curso/install/pkg_launch/share/pkg_launch/local_setup.zsh
[0.811s] -- Symlinking: /home/uav_team/ROS2_curso/install/pkg_launch/share/pkg_launch/local_setup.dsv
[0.821s] -- Symlinking: /home/uav_team/ROS2_curso/install/pkg_launch/share/pkg_launch/package.dsv
[0.831s] -- Symlinking: /home/uav_team/ROS2_curso/install/pkg_launch/share/ament_index/resource_index/packages/pkg_launch
[0.841s] -- Symlinking: /home/uav_team/ROS2_curso/install/pkg_launch/share/pkg_launch/cmake/pkg_launchConfig.cmake
[0.851s] -- Symlinking: /home/uav_team/ROS2_curso/install/pkg_launch/share/pkg_launch/cmake/pkg_launchConfig-version.cmake
[0.862s] -- Symlinking: /home/uav_team/ROS2_curso/install/pkg_launch/share/pkg_launch/package.xml
[0.873s] Invoked command in '/home/uav_team/ROS2_curso/build/pkg_launch' returned '0': CMAKE_PREFIX_PATH=${CMAKE_PREFIX_PATH}:/home/uav_team/ROS2_curso/install/pkg_treinamento:/opt/ros/humble /usr/bin/cmake --install /home/uav_team/ROS2_curso/build/pkg_launch
