[0.539s] Invoking command in '/home/uav_team/ROS2_curso/src/pkg_treinamento': PYTHONPATH=/home/uav_team/ROS2_curso/build/pkg_treinamento/prefix_override:/home/uav_team/ROS2_curso/install/pkg_treinamento/lib/python3.10/site-packages:${PYTHONPATH} /usr/bin/python3 -W ignore:setup.py install is deprecated setup.py egg_info --egg-base ../../build/pkg_treinamento build --build-base /home/uav_team/ROS2_curso/build/pkg_treinamento/build install --record /home/uav_team/ROS2_curso/build/pkg_treinamento/install.log --single-version-externally-managed install_data
[0.739s] running egg_info
[0.740s] writing ../../build/pkg_treinamento/pkg_treinamento.egg-info/PKG-INFO
[0.740s] writing dependency_links to ../../build/pkg_treinamento/pkg_treinamento.egg-info/dependency_links.txt
[0.740s] writing entry points to ../../build/pkg_treinamento/pkg_treinamento.egg-info/entry_points.txt
[0.741s] writing requirements to ../../build/pkg_treinamento/pkg_treinamento.egg-info/requires.txt
[0.741s] writing top-level names to ../../build/pkg_treinamento/pkg_treinamento.egg-info/top_level.txt
[0.742s] reading manifest file '../../build/pkg_treinamento/pkg_treinamento.egg-info/SOURCES.txt'
[0.743s] writing manifest file '../../build/pkg_treinamento/pkg_treinamento.egg-info/SOURCES.txt'
[0.743s] running build
[0.743s] running build_py
[0.744s] copying pkg_treinamento/calculadorabasica.py -> /home/uav_team/ROS2_curso/build/pkg_treinamento/build/lib/pkg_treinamento
[0.744s] running install
[0.744s] running install_lib
[0.746s] copying /home/uav_team/ROS2_curso/build/pkg_treinamento/build/lib/pkg_treinamento/calculadorabasica.py -> /home/uav_team/ROS2_curso/install/pkg_treinamento/lib/python3.10/site-packages/pkg_treinamento
[0.746s] byte-compiling /home/uav_team/ROS2_curso/install/pkg_treinamento/lib/python3.10/site-packages/pkg_treinamento/calculadorabasica.py to calculadorabasica.cpython-310.pyc
[0.747s] running install_data
[0.747s] running install_egg_info
[0.748s] removing '/home/uav_team/ROS2_curso/install/pkg_treinamento/lib/python3.10/site-packages/pkg_treinamento-0.0.0-py3.10.egg-info' (and everything under it)
[0.749s] Copying ../../build/pkg_treinamento/pkg_treinamento.egg-info to /home/uav_team/ROS2_curso/install/pkg_treinamento/lib/python3.10/site-packages/pkg_treinamento-0.0.0-py3.10.egg-info
[0.750s] running install_scripts
[0.768s] Installing calculadorabasica script to /home/uav_team/ROS2_curso/install/pkg_treinamento/lib/pkg_treinamento
[0.769s] Installing calculatorclient script to /home/uav_team/ROS2_curso/install/pkg_treinamento/lib/pkg_treinamento
[0.769s] Installing calculatorserver script to /home/uav_team/ROS2_curso/install/pkg_treinamento/lib/pkg_treinamento
[0.769s] Installing educadora script to /home/uav_team/ROS2_curso/install/pkg_treinamento/lib/pkg_treinamento
[0.769s] Installing geocalcserver script to /home/uav_team/ROS2_curso/install/pkg_treinamento/lib/pkg_treinamento
[0.769s] Installing hardwarestatus script to /home/uav_team/ROS2_curso/install/pkg_treinamento/lib/pkg_treinamento
[0.769s] Installing oeste script to /home/uav_team/ROS2_curso/install/pkg_treinamento/lib/pkg_treinamento
[0.769s] Installing ouvinte1 script to /home/uav_team/ROS2_curso/install/pkg_treinamento/lib/pkg_treinamento
[0.769s] Installing palestrante script to /home/uav_team/ROS2_curso/install/pkg_treinamento/lib/pkg_treinamento
[0.769s] Installing radioreceiver script to /home/uav_team/ROS2_curso/install/pkg_treinamento/lib/pkg_treinamento
[0.769s] Installing radiostation script to /home/uav_team/ROS2_curso/install/pkg_treinamento/lib/pkg_treinamento
[0.770s] Installing velhochico script to /home/uav_team/ROS2_curso/install/pkg_treinamento/lib/pkg_treinamento
[0.770s] writing list of installed files to '/home/uav_team/ROS2_curso/build/pkg_treinamento/install.log'
[0.798s] Invoked command in '/home/uav_team/ROS2_curso/src/pkg_treinamento' returned '0': PYTHONPATH=/home/uav_team/ROS2_curso/build/pkg_treinamento/prefix_override:/home/uav_team/ROS2_curso/install/pkg_treinamento/lib/python3.10/site-packages:${PYTHONPATH} /usr/bin/python3 -W ignore:setup.py install is deprecated setup.py egg_info --egg-base ../../build/pkg_treinamento build --build-base /home/uav_team/ROS2_curso/build/pkg_treinamento/build install --record /home/uav_team/ROS2_curso/build/pkg_treinamento/install.log --single-version-externally-managed install_data
