[0.365s] Invoking command in '/home/isabel/Repositorios/ROS2_curso/src/pkg_treinamento': LD_LIBRARY_PATH=/home/isabel/Repositorios/ROS2_curso/install/pkg_interfaces/lib:/path/to/build/directory:/opt/ros/humble/opt/rviz_ogre_vendor/lib:/opt/ros/humble/lib/x86_64-linux-gnu:/opt/ros/humble/lib PYTHONPATH=/home/isabel/Repositorios/ROS2_curso/build/pkg_treinamento/prefix_override:/home/isabel/Repositorios/ROS2_curso/install/pkg_treinamento/lib/python3.10/site-packages:${PYTHONPATH} /usr/bin/python3 -W ignore:setup.py install is deprecated setup.py egg_info --egg-base ../../build/pkg_treinamento build --build-base /home/isabel/Repositorios/ROS2_curso/build/pkg_treinamento/build install --record /home/isabel/Repositorios/ROS2_curso/build/pkg_treinamento/install.log --single-version-externally-managed install_data
[0.501s] running egg_info
[0.502s] writing ../../build/pkg_treinamento/pkg_treinamento.egg-info/PKG-INFO
[0.502s] writing dependency_links to ../../build/pkg_treinamento/pkg_treinamento.egg-info/dependency_links.txt
[0.502s] writing entry points to ../../build/pkg_treinamento/pkg_treinamento.egg-info/entry_points.txt
[0.502s] writing requirements to ../../build/pkg_treinamento/pkg_treinamento.egg-info/requires.txt
[0.502s] writing top-level names to ../../build/pkg_treinamento/pkg_treinamento.egg-info/top_level.txt
[0.503s] reading manifest file '../../build/pkg_treinamento/pkg_treinamento.egg-info/SOURCES.txt'
[0.504s] writing manifest file '../../build/pkg_treinamento/pkg_treinamento.egg-info/SOURCES.txt'
[0.504s] running build
[0.504s] running build_py
[0.504s] running install
[0.504s] running install_lib
[0.505s] running install_data
[0.505s] running install_egg_info
[0.506s] removing '/home/isabel/Repositorios/ROS2_curso/install/pkg_treinamento/lib/python3.10/site-packages/pkg_treinamento-0.0.0-py3.10.egg-info' (and everything under it)
[0.506s] Copying ../../build/pkg_treinamento/pkg_treinamento.egg-info to /home/isabel/Repositorios/ROS2_curso/install/pkg_treinamento/lib/python3.10/site-packages/pkg_treinamento-0.0.0-py3.10.egg-info
[0.507s] running install_scripts
[0.520s] Installing calculadorabasica script to /home/isabel/Repositorios/ROS2_curso/install/pkg_treinamento/lib/pkg_treinamento
[0.520s] Installing calculatorclient script to /home/isabel/Repositorios/ROS2_curso/install/pkg_treinamento/lib/pkg_treinamento
[0.521s] Installing calculatorserver script to /home/isabel/Repositorios/ROS2_curso/install/pkg_treinamento/lib/pkg_treinamento
[0.521s] Installing educadora script to /home/isabel/Repositorios/ROS2_curso/install/pkg_treinamento/lib/pkg_treinamento
[0.521s] Installing geocalcserver script to /home/isabel/Repositorios/ROS2_curso/install/pkg_treinamento/lib/pkg_treinamento
[0.521s] Installing hardwarestatus script to /home/isabel/Repositorios/ROS2_curso/install/pkg_treinamento/lib/pkg_treinamento
[0.521s] Installing oeste script to /home/isabel/Repositorios/ROS2_curso/install/pkg_treinamento/lib/pkg_treinamento
[0.521s] Installing ouvinte1 script to /home/isabel/Repositorios/ROS2_curso/install/pkg_treinamento/lib/pkg_treinamento
[0.521s] Installing palestrante script to /home/isabel/Repositorios/ROS2_curso/install/pkg_treinamento/lib/pkg_treinamento
[0.521s] Installing radioreceiver script to /home/isabel/Repositorios/ROS2_curso/install/pkg_treinamento/lib/pkg_treinamento
[0.521s] Installing radiostation script to /home/isabel/Repositorios/ROS2_curso/install/pkg_treinamento/lib/pkg_treinamento
[0.521s] Installing velhochico script to /home/isabel/Repositorios/ROS2_curso/install/pkg_treinamento/lib/pkg_treinamento
[0.521s] writing list of installed files to '/home/isabel/Repositorios/ROS2_curso/build/pkg_treinamento/install.log'
[0.535s] Invoked command in '/home/isabel/Repositorios/ROS2_curso/src/pkg_treinamento' returned '0': LD_LIBRARY_PATH=/home/isabel/Repositorios/ROS2_curso/install/pkg_interfaces/lib:/path/to/build/directory:/opt/ros/humble/opt/rviz_ogre_vendor/lib:/opt/ros/humble/lib/x86_64-linux-gnu:/opt/ros/humble/lib PYTHONPATH=/home/isabel/Repositorios/ROS2_curso/build/pkg_treinamento/prefix_override:/home/isabel/Repositorios/ROS2_curso/install/pkg_treinamento/lib/python3.10/site-packages:${PYTHONPATH} /usr/bin/python3 -W ignore:setup.py install is deprecated setup.py egg_info --egg-base ../../build/pkg_treinamento build --build-base /home/isabel/Repositorios/ROS2_curso/build/pkg_treinamento/build install --record /home/isabel/Repositorios/ROS2_curso/build/pkg_treinamento/install.log --single-version-externally-managed install_data
